#
# There is insufficient memory for the Java Runtime Environment to continue.
# Native memory allocation (mmap) failed to map 187695104 bytes for Failed to commit area from 0x000000008b300000 to 0x0000000096600000 of length 187695104.
# Possible reasons:
#   The system is out of physical RAM or swap space
#   The process is running with CompressedOops enabled, and the Java Heap may be blocking the growth of the native heap
# Possible solutions:
#   Reduce memory load on the system
#   Increase physical memory or swap space
#   Check if swap backing store is full
#   Decrease Java heap size (-Xmx/-Xms)
#   Decrease number of Java threads
#   Decrease Java thread stack sizes (-Xss)
#   Set larger code cache with -XX:ReservedCodeCacheSize=
#   JVM is running with Unscaled Compressed Oops mode in which the Java heap is
#     placed in the first 4GB address space. The Java Heap base address is the
#     maximum limit for the native heap growth. Please use -XX:HeapBaseMinAddress
#     to set the Java Heap base and to place the Java Heap above 4GB virtual address.
# This output file may be truncated or incomplete.
#
#  Out of Memory Error (./src/hotspot/os/windows/os_windows.cpp:3301), pid=16724, tid=19252
#
# JRE version: OpenJDK Runtime Environment (11.0.10) (build 11.0.10+0-b96-7249189)
# Java VM: OpenJDK 64-Bit Server VM (11.0.10+0-b96-7249189, mixed mode, tiered, compressed oops, g1 gc, windows-amd64)
# No core dump will be written. Minidumps are not enabled by default on client versions of Windows
#

---------------  S U M M A R Y ------------

Command Line: --add-opens=java.base/java.util=ALL-UNNAMED --add-opens=java.base/java.lang=ALL-UNNAMED --add-opens=java.base/java.lang.invoke=ALL-UNNAMED --add-opens=java.prefs/java.util.prefs=ALL-UNNAMED -Xmx2048m -Dfile.encoding=UTF-8 -Duser.country=PE -Duser.language=es -Duser.variant org.gradle.launcher.daemon.bootstrap.GradleDaemon 6.7.1

Host: Intel(R) Core(TM) i5-8250U CPU @ 1.60GHz, 8 cores, 5G,  Windows 10 , 64 bit Build 19041 (10.0.19041.1151)
Time: Sun Aug 29 14:33:41 2021 Hora est. Pacífico, Sudamérica elapsed time: 130.619115 seconds (0d 0h 2m 10s)

---------------  T H R E A D  ---------------

Current thread (0x000001d538f97000):  VMThread "VM Thread" [stack: 0x000000aa0fd00000,0x000000aa0fe00000] [id=19252]

Stack: [0x000000aa0fd00000,0x000000aa0fe00000]
[error occurred during error reporting (printing stack bounds), id 0xc0000005, EXCEPTION_ACCESS_VIOLATION (0xc0000005) at pc=0x000001d522640f2d]

Native frames: (J=compiled Java code, j=interpreted, Vv=VM code, C=native code)
V  [jvm.dll+0x5ecfaa]
V  [jvm.dll+0x722bd5]
V  [jvm.dll+0x72412d]
V  [jvm.dll+0x724745]
V  [jvm.dll+0x7246fb]
V  [jvm.dll+0x5ec348]
V  [jvm.dll+0x5ecad8]
C  [ntdll.dll+0xa217f]
C  [ntdll.dll+0x51454]
C  [ntdll.dll+0xa0cae]
C  0x000001d522640f2d

VM_Operation (0x000000aa121fe590): G1CollectForAllocation, mode: safepoint, requested by thread 0x000001d53b68d800


---------------  P R O C E S S  ---------------

Threads class SMR info:
_java_thread_list=0x000001d53e4b8110, length=50, elements={
0x000001d51eb4e800, 0x000001d538f99000, 0x000001d538f9c000, 0x000001d539962800,
0x000001d538fb2800, 0x000001d538fb4800, 0x000001d538fba800, 0x000001d538fc7000,
0x000001d538fca000, 0x000001d539aab800, 0x000001d53b413000, 0x000001d53b2ee800,
0x000001d53b42f000, 0x000001d53b68b800, 0x000001d53b68c800, 0x000001d53b68d800,
0x000001d53b690800, 0x000001d53d6fd800, 0x000001d53e14b800, 0x000001d541c15000,
0x000001d541c17800, 0x000001d541c19000, 0x000001d541c1a000, 0x000001d541c1b000,
0x000001d53be12800, 0x000001d53be10800, 0x000001d53be0e800, 0x000001d53be0e000,
0x000001d53be14800, 0x000001d53be15000, 0x000001d53be0d000, 0x000001d53be11000,
0x000001d53be0f800, 0x000001d53be19800, 0x000001d53be1a000, 0x000001d53be1b000,
0x000001d53be18800, 0x000001d53be1b800, 0x000001d53be17800, 0x000001d53be16000,
0x000001d53be1c800, 0x000001d53be17000, 0x000001d53be1d800, 0x000001d53be24000,
0x000001d53be21800, 0x000001d53be20000, 0x000001d53be1e000, 0x000001d53be20800,
0x000001d53be23000, 0x000001d53be22800
}

Java Threads: ( => current thread )
  0x000001d51eb4e800 JavaThread "main" [_thread_blocked, id=9092, stack(0x000000aa0f700000,0x000000aa0f800000)]
  0x000001d538f99000 JavaThread "Reference Handler" daemon [_thread_blocked, id=13508, stack(0x000000aa0fe00000,0x000000aa0ff00000)]
  0x000001d538f9c000 JavaThread "Finalizer" daemon [_thread_blocked, id=12516, stack(0x000000aa0ff00000,0x000000aa10000000)]
  0x000001d539962800 JavaThread "Signal Dispatcher" daemon [_thread_blocked, id=11036, stack(0x000000aa10000000,0x000000aa10100000)]
  0x000001d538fb2800 JavaThread "Attach Listener" daemon [_thread_blocked, id=7608, stack(0x000000aa10100000,0x000000aa10200000)]
  0x000001d538fb4800 JavaThread "Service Thread" daemon [_thread_blocked, id=12660, stack(0x000000aa10200000,0x000000aa10300000)]
  0x000001d538fba800 JavaThread "C2 CompilerThread0" daemon [_thread_in_native, id=4180, stack(0x000000aa10300000,0x000000aa10400000)]
  0x000001d538fc7000 JavaThread "C1 CompilerThread0" daemon [_thread_blocked, id=10884, stack(0x000000aa10400000,0x000000aa10500000)]
  0x000001d538fca000 JavaThread "Sweeper thread" daemon [_thread_blocked, id=16600, stack(0x000000aa10500000,0x000000aa10600000)]
  0x000001d539aab800 JavaThread "Common-Cleaner" daemon [_thread_blocked, id=8024, stack(0x000000aa10600000,0x000000aa10700000)]
  0x000001d53b413000 JavaThread "Daemon health stats" [_thread_blocked, id=2448, stack(0x000000aa10900000,0x000000aa10a00000)]
  0x000001d53b2ee800 JavaThread "Incoming local TCP Connector on port 55920" [_thread_in_native, id=3108, stack(0x000000aa10c00000,0x000000aa10d00000)]
  0x000001d53b42f000 JavaThread "Daemon periodic checks" [_thread_blocked, id=15760, stack(0x000000aa10d00000,0x000000aa10e00000)]
  0x000001d53b68b800 JavaThread "Cache worker for file hash cache (C:\Users\EMILIO\.gradle\caches\6.7.1\fileHashes)" [_thread_blocked, id=6660, stack(0x000000aa11e00000,0x000000aa11f00000)]
  0x000001d53b68c800 JavaThread "File lock request listener" [_thread_in_native, id=13436, stack(0x000000aa11f00000,0x000000aa12000000)]
  0x000001d53b68d800 JavaThread "Cache worker for journal cache (C:\Users\EMILIO\.gradle\caches\journal-1)" [_thread_blocked, id=18620, stack(0x000000aa12100000,0x000000aa12200000)]
  0x000001d53b690800 JavaThread "Cache worker for execution history cache (C:\Users\EMILIO\.gradle\caches\6.7.1\executionHistory)" [_thread_blocked, id=19180, stack(0x000000aa12600000,0x000000aa12700000)]
  0x000001d53d6fd800 JavaThread "Cache worker for file content cache (C:\Users\EMILIO\.gradle\caches\6.7.1\fileContent)" [_thread_blocked, id=16636, stack(0x000000aa12800000,0x000000aa12900000)]
  0x000001d53e14b800 JavaThread "Memory manager" [_thread_blocked, id=1984, stack(0x000000aa1a800000,0x000000aa1a900000)]
  0x000001d541c15000 JavaThread "RMI Scheduler(0)" daemon [_thread_blocked, id=15348, stack(0x000000aa1b500000,0x000000aa1b600000)]
  0x000001d541c17800 JavaThread "RMI GC Daemon" daemon [_thread_blocked, id=11584, stack(0x000000aa1ba00000,0x000000aa1bb00000)]
  0x000001d541c19000 JavaThread "RMI TCP Accept-0" daemon [_thread_in_native, id=18140, stack(0x000000aa1bb00000,0x000000aa1bc00000)]
  0x000001d541c1a000 JavaThread "RMI Reaper" [_thread_blocked, id=12344, stack(0x000000aa1bc00000,0x000000aa1bd00000)]
  0x000001d541c1b000 JavaThread "Cache worker for Java compile cache (C:\Users\EMILIO\.gradle\caches\6.7.1\javaCompile)" [_thread_blocked, id=8452, stack(0x000000aa1be00000,0x000000aa1bf00000)]
  0x000001d53be12800 JavaThread "ForkJoinPool.commonPool-worker-5" daemon [_thread_blocked, id=14908, stack(0x000000aa1c600000,0x000000aa1c700000)]
  0x000001d53be10800 JavaThread "ForkJoinPool.commonPool-worker-7" daemon [_thread_blocked, id=9592, stack(0x000000aa1c700000,0x000000aa1c800000)]
  0x000001d53be0e800 JavaThread "ForkJoinPool.commonPool-worker-9" daemon [_thread_blocked, id=9376, stack(0x000000aa1c800000,0x000000aa1c900000)]
  0x000001d53be0e000 JavaThread "ForkJoinPool.commonPool-worker-11" daemon [_thread_blocked, id=10572, stack(0x000000aa1c900000,0x000000aa1ca00000)]
  0x000001d53be14800 JavaThread "ForkJoinPool.commonPool-worker-13" daemon [_thread_blocked, id=17448, stack(0x000000aa1ca00000,0x000000aa1cb00000)]
  0x000001d53be15000 JavaThread "ForkJoinPool.commonPool-worker-15" daemon [_thread_blocked, id=16472, stack(0x000000aa1cb00000,0x000000aa1cc00000)]
  0x000001d53be0d000 JavaThread "Daemon Thread 2" [_thread_blocked, id=8860, stack(0x000000aa0f400000,0x000000aa0f500000)]
  0x000001d53be11000 JavaThread "Handler for socket connection from /127.0.0.1:55920 to /127.0.0.1:49978" [_thread_in_native, id=12416, stack(0x000000aa0f500000,0x000000aa0f600000)]
  0x000001d53be0f800 JavaThread "Cancel handler" [_thread_blocked, id=18364, stack(0x000000aa0f600000,0x000000aa0f700000)]
  0x000001d53be19800 JavaThread "Daemon worker Thread 2" [_thread_blocked, id=852, stack(0x000000aa10e00000,0x000000aa10f00000)]
  0x000001d53be1a000 JavaThread "Asynchronous log dispatcher for DefaultDaemonConnection: socket connection from /127.0.0.1:55920 to /127.0.0.1:49978" [_thread_blocked, id=17840, stack(0x000000aa10f00000,0x000000aa11000000)]
  0x000001d53be1b000 JavaThread "Stdin handler" [_thread_blocked, id=9660, stack(0x000000aa11900000,0x000000aa11a00000)]
  0x000001d53be18800 JavaThread "Thread-174" [_thread_blocked, id=14088, stack(0x000000aa11a00000,0x000000aa11b00000)]
  0x000001d53be1b800 JavaThread "Cache worker for file hash cache (C:\Users\EMILIO\Documents\SeriousScienceVideos\.gradle\6.7.1\fileHashes)" [_thread_blocked, id=12508, stack(0x000000aa11b00000,0x000000aa11c00000)]
  0x000001d53be17800 JavaThread "Cache worker for checksums cache (C:\Users\EMILIO\Documents\SeriousScienceVideos\.gradle\checksums)" [_thread_blocked, id=776, stack(0x000000aa11c00000,0x000000aa11d00000)]
  0x000001d53be16000 JavaThread "Cache worker for cache directory md-supplier (C:\Users\EMILIO\.gradle\caches\6.7.1\md-supplier)" [_thread_blocked, id=2376, stack(0x000000aa11d00000,0x000000aa11e00000)]
  0x000001d53be1c800 JavaThread "Cache worker for cache directory md-rule (C:\Users\EMILIO\.gradle\caches\6.7.1\md-rule)" [_thread_blocked, id=5668, stack(0x000000aa12200000,0x000000aa12300000)]
  0x000001d53be17000 JavaThread "Cache worker for Build Output Cleanup Cache (C:\Users\EMILIO\Documents\SeriousScienceVideos\.gradle\buildOutputCleanup)" [_thread_blocked, id=13372, stack(0x000000aa12300000,0x000000aa12400000)]
  0x000001d53be1d800 JavaThread "Build operations" [_thread_blocked, id=6044, stack(0x000000aa12400000,0x000000aa12500000)]
  0x000001d53be24000 JavaThread "Build operations Thread 2" [_thread_blocked, id=18792, stack(0x000000aa12500000,0x000000aa12600000)]
  0x000001d53be21800 JavaThread "Build operations Thread 3" [_thread_blocked, id=10816, stack(0x000000aa12700000,0x000000aa12800000)]
  0x000001d53be20000 JavaThread "Build operations Thread 4" [_thread_blocked, id=7784, stack(0x000000aa12900000,0x000000aa12a00000)]
  0x000001d53be1e000 JavaThread "Build operations Thread 5" [_thread_blocked, id=12860, stack(0x000000aa12a00000,0x000000aa12b00000)]
  0x000001d53be20800 JavaThread "Build operations Thread 6" [_thread_blocked, id=13888, stack(0x000000aa12b00000,0x000000aa12c00000)]
  0x000001d53be23000 JavaThread "Build operations Thread 7" [_thread_blocked, id=10372, stack(0x000000aa12c00000,0x000000aa12d00000)]
  0x000001d53be22800 JavaThread "Build operations Thread 8" [_thread_blocked, id=11284, stack(0x000000aa12d00000,0x000000aa12e00000)]

Other Threads:
=>0x000001d538f97000 VMThread "VM Thread" [stack: 0x000000aa0fd00000,0x000000aa0fe00000] [id=19252]
  0x000001d539af7800 WatcherThread [stack: 0x000000aa10700000,0x000000aa10800000] [id=10600]
  0x000001d51eb66000 GCTaskThread "GC Thread#0" [stack: 0x000000aa0f800000,0x000000aa0f900000] [id=4140]
  0x000001d53a77b000 GCTaskThread "GC Thread#1" [stack: 0x000000aa10800000,0x000000aa10900000] [id=15160]
  0x000001d539f23000 GCTaskThread "GC Thread#2" [stack: 0x000000aa11000000,0x000000aa11100000] [id=12688]
  0x000001d539f23800 GCTaskThread "GC Thread#3" [stack: 0x000000aa11100000,0x000000aa11200000] [id=1012]
  0x000001d53b3b9000 GCTaskThread "GC Thread#4" [stack: 0x000000aa11200000,0x000000aa11300000] [id=13848]
  0x000001d53b3ba000 GCTaskThread "GC Thread#5" [stack: 0x000000aa11300000,0x000000aa11400000] [id=11288]
  0x000001d53ac19800 GCTaskThread "GC Thread#6" [stack: 0x000000aa11400000,0x000000aa11500000] [id=16372]
  0x000001d53ac1a000 GCTaskThread "GC Thread#7" [stack: 0x000000aa11500000,0x000000aa11600000] [id=9696]
  0x000001d51eb97000 ConcurrentGCThread "G1 Main Marker" [stack: 0x000000aa0f900000,0x000000aa0fa00000] [id=14152]
  0x000001d51eb99800 ConcurrentGCThread "G1 Conc#0" [stack: 0x000000aa0fa00000,0x000000aa0fb00000] [id=7800]
  0x000001d53bd5c000 ConcurrentGCThread "G1 Conc#1" [stack: 0x000000aa12000000,0x000000aa12100000] [id=15340]
  0x000001d51ec24000 ConcurrentGCThread "G1 Refine#0" [stack: 0x000000aa0fb00000,0x000000aa0fc00000] [id=7092]
  0x000001d539da5000 ConcurrentGCThread "G1 Refine#1" [stack: 0x000000aa11600000,0x000000aa11700000] [id=10156]
  0x000001d539da5800 ConcurrentGCThread "G1 Refine#2" [stack: 0x000000aa11700000,0x000000aa11800000] [id=15728]
  0x000001d539da7000 ConcurrentGCThread "G1 Refine#3" [stack: 0x000000aa11800000,0x000000aa11900000] [id=1844]
  0x000001d51ec25000 ConcurrentGCThread "G1 Young RemSet Sampling" [stack: 0x000000aa0fc00000,0x000000aa0fd00000] [id=7824]

Threads with active compile tasks:
C2 CompilerThread0 130644 14173       4       org.gradle.internal.service.DefaultServiceRegistry$OwnServices$ProviderAnalyser::analyseType (114 bytes)
C1 CompilerThread0 130644 14398       2       org.gradle.api.internal.artifacts.ivyservice.modulecache.artifacts.DefaultModuleArtifactCache::lookup (14 bytes)

VM state:at safepoint (normal execution)

VM Mutex/Monitor currently owned by a thread:  ([mutex/lock_event])
[0x000001d51eb49ea0] Threads_lock - owner thread: 0x000001d538f97000
[0x000001d51eb4b370] Heap_lock - owner thread: 0x000001d53b68d800

Heap address: 0x0000000080000000, size: 2048 MB, Compressed Oops mode: 32-bit
Narrow klass base: 0x0000000000000000, Narrow klass shift: 3
Compressed class space size: 1073741824 Address: 0x0000000100000000

Heap:
 garbage-first heap   total 366592K, used 106628K [0x0000000080000000, 0x0000000100000000)
  region size 1024K, 3 young (3072K), 3 survivors (3072K)
 Metaspace       used 109201K, capacity 112038K, committed 113280K, reserved 1146880K
  class space    used 13989K, capacity 14993K, committed 15488K, reserved 1048576K
Heap Regions: E=young(eden), S=young(survivor), O=old, HS=humongous(starts), HC=humongous(continues), CS=collection set, F=free, A=archive, TAMS=top-at-mark-start (previous, next)
|   0|0x0000000080000000, 0x0000000080100000, 0x0000000080100000|100%| O|  |TAMS 0x0000000080100000, 0x0000000080000000| Untracked 
|   1|0x0000000080100000, 0x0000000080200000, 0x0000000080200000|100%| O|  |TAMS 0x0000000080200000, 0x0000000080100000| Untracked 
|   2|0x0000000080200000, 0x0000000080300000, 0x0000000080300000|100%| O|  |TAMS 0x0000000080300000, 0x0000000080200000| Untracked 
|   3|0x0000000080300000, 0x0000000080400000, 0x0000000080400000|100%|HS|  |TAMS 0x0000000080400000, 0x0000000080300000| Complete 
|   4|0x0000000080400000, 0x0000000080500000, 0x0000000080500000|100%|HC|  |TAMS 0x0000000080500000, 0x0000000080400000| Complete 
|   5|0x0000000080500000, 0x0000000080600000, 0x0000000080600000|100%|HC|  |TAMS 0x0000000080600000, 0x0000000080500000| Complete 
|   6|0x0000000080600000, 0x0000000080700000, 0x0000000080700000|100%| O|  |TAMS 0x0000000080700000, 0x0000000080600000| Untracked 
|   7|0x0000000080700000, 0x0000000080800000, 0x0000000080800000|100%| O|  |TAMS 0x0000000080800000, 0x0000000080700000| Untracked 
|   8|0x0000000080800000, 0x0000000080900000, 0x0000000080900000|100%| O|  |TAMS 0x0000000080900000, 0x0000000080800000| Untracked 
|   9|0x0000000080900000, 0x0000000080a00000, 0x0000000080a00000|100%| O|  |TAMS 0x0000000080a00000, 0x0000000080900000| Untracked 
|  10|0x0000000080a00000, 0x0000000080b00000, 0x0000000080b00000|100%| O|  |TAMS 0x0000000080b00000, 0x0000000080a00000| Untracked 
|  11|0x0000000080b00000, 0x0000000080c00000, 0x0000000080c00000|100%| O|  |TAMS 0x0000000080c00000, 0x0000000080b00000| Untracked 
|  12|0x0000000080c00000, 0x0000000080d00000, 0x0000000080d00000|100%| O|  |TAMS 0x0000000080d00000, 0x0000000080c00000| Complete 
|  13|0x0000000080d00000, 0x0000000080e00000, 0x0000000080e00000|100%| O|  |TAMS 0x0000000080e00000, 0x0000000080d00000| Untracked 
|  14|0x0000000080e00000, 0x0000000080f00000, 0x0000000080f00000|100%| O|  |TAMS 0x0000000080f00000, 0x0000000080e00000| Untracked 
|  15|0x0000000080f00000, 0x0000000081000000, 0x0000000081000000|100%| O|  |TAMS 0x0000000081000000, 0x0000000080f00000| Untracked 
|  16|0x0000000081000000, 0x0000000081100000, 0x0000000081100000|100%| O|  |TAMS 0x0000000081100000, 0x0000000081000000| Complete 
|  17|0x0000000081100000, 0x0000000081200000, 0x0000000081200000|100%| O|  |TAMS 0x0000000081200000, 0x0000000081100000| Untracked 
|  18|0x0000000081200000, 0x0000000081300000, 0x0000000081300000|100%| O|  |TAMS 0x0000000081300000, 0x0000000081200000| Untracked 
|  19|0x0000000081300000, 0x0000000081400000, 0x0000000081400000|100%| O|  |TAMS 0x0000000081400000, 0x0000000081300000| Untracked 
|  20|0x0000000081400000, 0x0000000081500000, 0x0000000081500000|100%| O|  |TAMS 0x0000000081500000, 0x0000000081400000| Untracked 
|  21|0x0000000081500000, 0x0000000081600000, 0x0000000081600000|100%| O|  |TAMS 0x0000000081600000, 0x0000000081500000| Untracked 
|  22|0x0000000081600000, 0x0000000081700000, 0x0000000081700000|100%|HS|  |TAMS 0x0000000081700000, 0x0000000081600000| Complete 
|  23|0x0000000081700000, 0x0000000081800000, 0x0000000081800000|100%|HS|  |TAMS 0x0000000081800000, 0x0000000081700000| Complete 
|  24|0x0000000081800000, 0x0000000081900000, 0x0000000081900000|100%|HS|  |TAMS 0x0000000081900000, 0x0000000081800000| Complete 
|  25|0x0000000081900000, 0x0000000081a00000, 0x0000000081a00000|100%|HC|  |TAMS 0x0000000081a00000, 0x0000000081900000| Complete 
|  26|0x0000000081a00000, 0x0000000081b00000, 0x0000000081b00000|100%|HC|  |TAMS 0x0000000081b00000, 0x0000000081a00000| Complete 
|  27|0x0000000081b00000, 0x0000000081c00000, 0x0000000081c00000|100%|HS|  |TAMS 0x0000000081c00000, 0x0000000081b00000| Complete 
|  28|0x0000000081c00000, 0x0000000081d00000, 0x0000000081d00000|100%|HC|  |TAMS 0x0000000081d00000, 0x0000000081c00000| Complete 
|  29|0x0000000081d00000, 0x0000000081e00000, 0x0000000081e00000|100%| O|  |TAMS 0x0000000081e00000, 0x0000000081d00000| Untracked 
|  30|0x0000000081e00000, 0x0000000081f00000, 0x0000000081f00000|100%| O|  |TAMS 0x0000000081f00000, 0x0000000081e00000| Untracked 
|  31|0x0000000081f00000, 0x0000000082000000, 0x0000000082000000|100%| O|  |TAMS 0x0000000082000000, 0x0000000081f00000| Complete 
|  32|0x0000000082000000, 0x0000000082100000, 0x0000000082100000|100%| O|  |TAMS 0x0000000082100000, 0x0000000082000000| Untracked 
|  33|0x0000000082100000, 0x0000000082200000, 0x0000000082200000|100%| O|  |TAMS 0x0000000082200000, 0x0000000082100000| Untracked 
|  34|0x0000000082200000, 0x0000000082300000, 0x0000000082300000|100%| O|  |TAMS 0x0000000082300000, 0x0000000082200000| Untracked 
|  35|0x0000000082300000, 0x0000000082400000, 0x0000000082400000|100%| O|  |TAMS 0x0000000082400000, 0x0000000082300000| Untracked 
|  36|0x0000000082400000, 0x0000000082500000, 0x0000000082500000|100%| O|  |TAMS 0x0000000082500000, 0x0000000082400000| Complete 
|  37|0x0000000082500000, 0x0000000082600000, 0x0000000082600000|100%| O|  |TAMS 0x0000000082600000, 0x0000000082500000| Untracked 
|  38|0x0000000082600000, 0x0000000082700000, 0x0000000082700000|100%| O|  |TAMS 0x0000000082700000, 0x0000000082600000| Untracked 
|  39|0x0000000082700000, 0x0000000082800000, 0x0000000082800000|100%| O|  |TAMS 0x0000000082800000, 0x0000000082700000| Complete 
|  40|0x0000000082800000, 0x0000000082900000, 0x0000000082900000|100%| O|  |TAMS 0x0000000082900000, 0x0000000082800000| Untracked 
|  41|0x0000000082900000, 0x0000000082a00000, 0x0000000082a00000|100%| O|  |TAMS 0x0000000082a00000, 0x0000000082900000| Untracked 
|  42|0x0000000082a00000, 0x0000000082b00000, 0x0000000082b00000|100%| O|  |TAMS 0x0000000082b00000, 0x0000000082a00000| Complete 
|  43|0x0000000082b00000, 0x0000000082c00000, 0x0000000082c00000|100%| O|  |TAMS 0x0000000082c00000, 0x0000000082b00000| Untracked 
|  44|0x0000000082c00000, 0x0000000082d00000, 0x0000000082d00000|100%| O|  |TAMS 0x0000000082d00000, 0x0000000082c00000| Untracked 
|  45|0x0000000082d00000, 0x0000000082e00000, 0x0000000082e00000|100%| O|  |TAMS 0x0000000082e00000, 0x0000000082d00000| Untracked 
|  46|0x0000000082e00000, 0x0000000082f00000, 0x0000000082f00000|100%| O|  |TAMS 0x0000000082f00000, 0x0000000082e00000| Untracked 
|  47|0x0000000082f00000, 0x0000000083000000, 0x0000000083000000|100%| O|  |TAMS 0x0000000083000000, 0x0000000082f00000| Untracked 
|  48|0x0000000083000000, 0x0000000083100000, 0x0000000083100000|100%| O|  |TAMS 0x0000000083100000, 0x0000000083000000| Untracked 
|  49|0x0000000083100000, 0x0000000083200000, 0x0000000083200000|100%| O|  |TAMS 0x0000000083200000, 0x0000000083100000| Untracked 
|  50|0x0000000083200000, 0x0000000083300000, 0x0000000083300000|100%| O|  |TAMS 0x0000000083300000, 0x0000000083200000| Untracked 
|  51|0x0000000083300000, 0x0000000083400000, 0x0000000083400000|100%| O|  |TAMS 0x0000000083400000, 0x0000000083300000| Untracked 
|  52|0x0000000083400000, 0x0000000083500000, 0x0000000083500000|100%| O|  |TAMS 0x0000000083500000, 0x0000000083400000| Untracked 
|  53|0x0000000083500000, 0x0000000083600000, 0x0000000083600000|100%| O|  |TAMS 0x0000000083600000, 0x0000000083500000| Untracked 
|  54|0x0000000083600000, 0x0000000083700000, 0x0000000083700000|100%| O|  |TAMS 0x0000000083700000, 0x0000000083600000| Complete 
|  55|0x0000000083700000, 0x0000000083800000, 0x0000000083800000|100%| O|  |TAMS 0x0000000083800000, 0x0000000083700000| Complete 
|  56|0x0000000083800000, 0x0000000083900000, 0x0000000083900000|100%| O|  |TAMS 0x0000000083900000, 0x0000000083800000| Complete 
|  57|0x0000000083900000, 0x0000000083a00000, 0x0000000083a00000|100%| O|  |TAMS 0x0000000083a00000, 0x0000000083900000| Untracked 
|  58|0x0000000083a00000, 0x0000000083b00000, 0x0000000083b00000|100%| O|  |TAMS 0x0000000083b00000, 0x0000000083a00000| Untracked 
|  59|0x0000000083b00000, 0x0000000083c00000, 0x0000000083c00000|100%| O|  |TAMS 0x0000000083c00000, 0x0000000083b00000| Untracked 
|  60|0x0000000083c00000, 0x0000000083d00000, 0x0000000083d00000|100%| O|  |TAMS 0x0000000083d00000, 0x0000000083c00000| Untracked 
|  61|0x0000000083d00000, 0x0000000083e00000, 0x0000000083e00000|100%| O|  |TAMS 0x0000000083e00000, 0x0000000083d00000| Untracked 
|  62|0x0000000083e00000, 0x0000000083f00000, 0x0000000083f00000|100%| O|  |TAMS 0x0000000083f00000, 0x0000000083e00000| Complete 
|  63|0x0000000083f00000, 0x0000000084000000, 0x0000000084000000|100%| O|  |TAMS 0x0000000084000000, 0x0000000083f00000| Complete 
|  64|0x0000000084000000, 0x0000000084100000, 0x0000000084100000|100%| O|  |TAMS 0x0000000084100000, 0x0000000084000000| Complete 
|  65|0x0000000084100000, 0x0000000084200000, 0x0000000084200000|100%| O|  |TAMS 0x0000000084200000, 0x0000000084100000| Untracked 
|  66|0x0000000084200000, 0x0000000084300000, 0x0000000084300000|100%| O|  |TAMS 0x0000000084300000, 0x0000000084200000| Untracked 
|  67|0x0000000084300000, 0x0000000084400000, 0x0000000084400000|100%| O|  |TAMS 0x0000000084400000, 0x0000000084300000| Untracked 
|  68|0x0000000084400000, 0x0000000084500000, 0x0000000084500000|100%| O|  |TAMS 0x0000000084500000, 0x0000000084400000| Untracked 
|  69|0x0000000084500000, 0x0000000084600000, 0x0000000084600000|100%| O|  |TAMS 0x0000000084600000, 0x0000000084500000| Untracked 
|  70|0x0000000084600000, 0x0000000084700000, 0x0000000084700000|100%| O|  |TAMS 0x0000000084700000, 0x0000000084600000| Untracked 
|  71|0x0000000084700000, 0x0000000084800000, 0x0000000084800000|100%| O|  |TAMS 0x0000000084800000, 0x0000000084700000| Untracked 
|  72|0x0000000084800000, 0x0000000084900000, 0x0000000084900000|100%| O|  |TAMS 0x0000000084900000, 0x0000000084800000| Untracked 
|  73|0x0000000084900000, 0x0000000084a00000, 0x0000000084a00000|100%| O|  |TAMS 0x0000000084a00000, 0x0000000084900000| Complete 
|  74|0x0000000084a00000, 0x0000000084b00000, 0x0000000084b00000|100%| O|  |TAMS 0x0000000084b00000, 0x0000000084a00000| Complete 
|  75|0x0000000084b00000, 0x0000000084c00000, 0x0000000084c00000|100%| O|  |TAMS 0x0000000084c00000, 0x0000000084b00000| Untracked 
|  76|0x0000000084c00000, 0x0000000084d00000, 0x0000000084d00000|100%| O|  |TAMS 0x0000000084d00000, 0x0000000084c00000| Complete 
|  77|0x0000000084d00000, 0x0000000084e00000, 0x0000000084e00000|100%| O|  |TAMS 0x0000000084e00000, 0x0000000084d00000| Untracked 
|  78|0x0000000084e00000, 0x0000000084f00000, 0x0000000084f00000|100%| O|  |TAMS 0x0000000084f00000, 0x0000000084e00000| Complete 
|  79|0x0000000084f00000, 0x0000000085000000, 0x0000000085000000|100%| O|  |TAMS 0x0000000085000000, 0x0000000084f00000| Complete 
|  80|0x0000000085000000, 0x0000000085100000, 0x0000000085100000|100%| O|  |TAMS 0x0000000085100000, 0x0000000085000000| Untracked 
|  81|0x0000000085100000, 0x0000000085200000, 0x0000000085200000|100%| O|  |TAMS 0x0000000085200000, 0x0000000085100000| Untracked 
|  82|0x0000000085200000, 0x0000000085300000, 0x0000000085300000|100%| O|  |TAMS 0x0000000085300000, 0x0000000085200000| Untracked 
|  83|0x0000000085300000, 0x0000000085400000, 0x0000000085400000|100%| O|  |TAMS 0x0000000085400000, 0x0000000085300000| Untracked 
|  84|0x0000000085400000, 0x0000000085500000, 0x0000000085500000|100%| O|  |TAMS 0x0000000085500000, 0x0000000085400000| Untracked 
|  85|0x0000000085500000, 0x0000000085600000, 0x0000000085600000|100%| O|  |TAMS 0x0000000085600000, 0x0000000085500000| Untracked 
|  86|0x0000000085600000, 0x0000000085700000, 0x0000000085700000|100%| O|  |TAMS 0x0000000085700000, 0x0000000085600000| Complete 
|  87|0x0000000085700000, 0x0000000085800000, 0x0000000085800000|100%| O|  |TAMS 0x0000000085800000, 0x0000000085700000| Complete 
|  88|0x0000000085800000, 0x0000000085900000, 0x0000000085900000|100%| O|  |TAMS 0x0000000085900000, 0x0000000085800000| Complete 
|  89|0x0000000085900000, 0x0000000085a00000, 0x0000000085a00000|100%| O|  |TAMS 0x0000000085a00000, 0x0000000085900000| Complete 
|  90|0x0000000085a00000, 0x0000000085b00000, 0x0000000085b00000|100%| O|  |TAMS 0x0000000085b00000, 0x0000000085a00000| Complete 
|  91|0x0000000085b00000, 0x0000000085c00000, 0x0000000085c00000|100%| O|  |TAMS 0x0000000085c00000, 0x0000000085b00000| Complete 
|  92|0x0000000085c00000, 0x0000000085d00000, 0x0000000085d00000|100%| O|  |TAMS 0x0000000085d00000, 0x0000000085c00000| Complete 
|  93|0x0000000085d00000, 0x0000000085e00000, 0x0000000085e00000|100%| O|  |TAMS 0x0000000085e00000, 0x0000000085d00000| Complete 
|  94|0x0000000085e00000, 0x0000000085f00000, 0x0000000085f00000|100%| O|  |TAMS 0x0000000085f00000, 0x0000000085e00000| Complete 
|  95|0x0000000085f00000, 0x0000000086000000, 0x0000000086000000|100%| O|  |TAMS 0x0000000086000000, 0x0000000085f00000| Complete 
|  96|0x0000000086000000, 0x0000000086100000, 0x0000000086100000|100%| O|  |TAMS 0x0000000086100000, 0x0000000086000000| Complete 
|  97|0x0000000086100000, 0x0000000086100000, 0x0000000086200000|  0%| F|  |TAMS 0x0000000086100000, 0x0000000086100000| Untracked 
|  98|0x0000000086200000, 0x0000000086300000, 0x0000000086300000|100%| O|  |TAMS 0x00000000862a2200, 0x0000000086200000| Untracked 
|  99|0x0000000086300000, 0x0000000086300000, 0x0000000086400000|  0%| F|  |TAMS 0x0000000086300000, 0x0000000086300000| Untracked 
| 100|0x0000000086400000, 0x0000000086400000, 0x0000000086500000|  0%| F|  |TAMS 0x0000000086400000, 0x0000000086400000| Untracked 
| 101|0x0000000086500000, 0x0000000086500000, 0x0000000086600000|  0%| F|  |TAMS 0x0000000086500000, 0x0000000086500000| Untracked 
| 102|0x0000000086600000, 0x0000000086600000, 0x0000000086700000|  0%| F|  |TAMS 0x0000000086600000, 0x0000000086600000| Untracked 
| 103|0x0000000086700000, 0x0000000086700000, 0x0000000086800000|  0%| F|  |TAMS 0x0000000086700000, 0x0000000086700000| Untracked 
| 104|0x0000000086800000, 0x0000000086800000, 0x0000000086900000|  0%| F|  |TAMS 0x0000000086800000, 0x0000000086800000| Untracked 
| 105|0x0000000086900000, 0x0000000086900000, 0x0000000086a00000|  0%| F|  |TAMS 0x0000000086900000, 0x0000000086900000| Untracked 
| 106|0x0000000086a00000, 0x0000000086a00000, 0x0000000086b00000|  0%| F|  |TAMS 0x0000000086a00000, 0x0000000086a00000| Untracked 
| 107|0x0000000086b00000, 0x0000000086b00000, 0x0000000086c00000|  0%| F|  |TAMS 0x0000000086b00000, 0x0000000086b00000| Untracked 
| 108|0x0000000086c00000, 0x0000000086c00000, 0x0000000086d00000|  0%| F|  |TAMS 0x0000000086c00000, 0x0000000086c00000| Untracked 
| 109|0x0000000086d00000, 0x0000000086e00000, 0x0000000086e00000|100%| O|  |TAMS 0x0000000086d00000, 0x0000000086d00000| Untracked 
| 110|0x0000000086e00000, 0x0000000086f00000, 0x0000000086f00000|100%| O|  |TAMS 0x0000000086e00000, 0x0000000086e00000| Untracked 
| 111|0x0000000086f00000, 0x0000000087000000, 0x0000000087000000|100%| O|  |TAMS 0x0000000086f00000, 0x0000000086f00000| Untracked 
| 112|0x0000000087000000, 0x00000000870c3200, 0x0000000087100000| 76%| O|  |TAMS 0x0000000087000000, 0x0000000087000000| Untracked 
| 113|0x0000000087100000, 0x0000000087100000, 0x0000000087200000|  0%| F|  |TAMS 0x0000000087100000, 0x0000000087100000| Untracked 
| 114|0x0000000087200000, 0x0000000087200000, 0x0000000087300000|  0%| F|  |TAMS 0x0000000087200000, 0x0000000087200000| Untracked 
| 115|0x0000000087300000, 0x0000000087300000, 0x0000000087400000|  0%| F|  |TAMS 0x0000000087300000, 0x0000000087300000| Untracked 
| 116|0x0000000087400000, 0x0000000087400000, 0x0000000087500000|  0%| F|  |TAMS 0x0000000087400000, 0x0000000087400000| Untracked 
| 117|0x0000000087500000, 0x0000000087500000, 0x0000000087600000|  0%| F|  |TAMS 0x0000000087500000, 0x0000000087500000| Untracked 
| 118|0x0000000087600000, 0x0000000087600000, 0x0000000087700000|  0%| F|  |TAMS 0x0000000087600000, 0x0000000087600000| Untracked 
| 119|0x0000000087700000, 0x0000000087700000, 0x0000000087800000|  0%| F|  |TAMS 0x0000000087700000, 0x0000000087700000| Untracked 
| 120|0x0000000087800000, 0x0000000087800000, 0x0000000087900000|  0%| F|  |TAMS 0x0000000087800000, 0x0000000087800000| Untracked 
| 121|0x0000000087900000, 0x0000000087900000, 0x0000000087a00000|  0%| F|  |TAMS 0x0000000087900000, 0x0000000087900000| Untracked 
| 122|0x0000000087a00000, 0x0000000087a00000, 0x0000000087b00000|  0%| F|  |TAMS 0x0000000087a00000, 0x0000000087a00000| Untracked 
| 123|0x0000000087b00000, 0x0000000087b00000, 0x0000000087c00000|  0%| F|  |TAMS 0x0000000087b00000, 0x0000000087b00000| Untracked 
| 124|0x0000000087c00000, 0x0000000087c00000, 0x0000000087d00000|  0%| F|  |TAMS 0x0000000087c00000, 0x0000000087c00000| Untracked 
| 125|0x0000000087d00000, 0x0000000087d00000, 0x0000000087e00000|  0%| F|  |TAMS 0x0000000087d00000, 0x0000000087d00000| Untracked 
| 126|0x0000000087e00000, 0x0000000087e00000, 0x0000000087f00000|  0%| F|  |TAMS 0x0000000087e00000, 0x0000000087e00000| Untracked 
| 127|0x0000000087f00000, 0x0000000087f00000, 0x0000000088000000|  0%| F|  |TAMS 0x0000000087f00000, 0x0000000087f00000| Untracked 
| 128|0x0000000088000000, 0x0000000088000000, 0x0000000088100000|  0%| F|  |TAMS 0x0000000088000000, 0x0000000088000000| Untracked 
| 129|0x0000000088100000, 0x0000000088100000, 0x0000000088200000|  0%| F|  |TAMS 0x0000000088100000, 0x0000000088100000| Untracked 
| 130|0x0000000088200000, 0x0000000088200000, 0x0000000088300000|  0%| F|  |TAMS 0x0000000088200000, 0x0000000088200000| Untracked 
| 131|0x0000000088300000, 0x000000008835df90, 0x0000000088400000| 36%| S|CS|TAMS 0x0000000088300000, 0x0000000088300000| Complete 
| 132|0x0000000088400000, 0x0000000088500000, 0x0000000088500000|100%| S|CS|TAMS 0x0000000088400000, 0x0000000088400000| Complete 
| 133|0x0000000088500000, 0x0000000088600000, 0x0000000088600000|100%| S|CS|TAMS 0x0000000088500000, 0x0000000088500000| Complete 
| 134|0x0000000088600000, 0x0000000088600000, 0x0000000088700000|  0%| F|  |TAMS 0x0000000088600000, 0x0000000088600000| Untracked 
| 135|0x0000000088700000, 0x0000000088700000, 0x0000000088800000|  0%| F|  |TAMS 0x0000000088700000, 0x0000000088700000| Untracked 
| 136|0x0000000088800000, 0x0000000088800000, 0x0000000088900000|  0%| F|  |TAMS 0x0000000088800000, 0x0000000088800000| Untracked 
| 137|0x0000000088900000, 0x0000000088900000, 0x0000000088a00000|  0%| F|  |TAMS 0x0000000088900000, 0x0000000088900000| Untracked 
| 138|0x0000000088a00000, 0x0000000088a00000, 0x0000000088b00000|  0%| F|  |TAMS 0x0000000088a00000, 0x0000000088a00000| Untracked 
| 139|0x0000000088b00000, 0x0000000088b00000, 0x0000000088c00000|  0%| F|  |TAMS 0x0000000088b00000, 0x0000000088b00000| Untracked 
| 140|0x0000000088c00000, 0x0000000088c00000, 0x0000000088d00000|  0%| F|  |TAMS 0x0000000088c00000, 0x0000000088c00000| Untracked 
| 141|0x0000000088d00000, 0x0000000088d00000, 0x0000000088e00000|  0%| F|  |TAMS 0x0000000088d00000, 0x0000000088d00000| Untracked 
| 142|0x0000000088e00000, 0x0000000088e00000, 0x0000000088f00000|  0%| F|  |TAMS 0x0000000088e00000, 0x0000000088e00000| Untracked 
| 143|0x0000000088f00000, 0x0000000088f00000, 0x0000000089000000|  0%| F|  |TAMS 0x0000000088f00000, 0x0000000088f00000| Untracked 
| 144|0x0000000089000000, 0x0000000089000000, 0x0000000089100000|  0%| F|  |TAMS 0x0000000089000000, 0x0000000089000000| Untracked 
| 145|0x0000000089100000, 0x0000000089100000, 0x0000000089200000|  0%| F|  |TAMS 0x0000000089100000, 0x0000000089100000| Untracked 
| 146|0x0000000089200000, 0x0000000089200000, 0x0000000089300000|  0%| F|  |TAMS 0x0000000089200000, 0x0000000089200000| Untracked 
| 147|0x0000000089300000, 0x0000000089300000, 0x0000000089400000|  0%| F|  |TAMS 0x0000000089300000, 0x0000000089300000| Untracked 
| 148|0x0000000089400000, 0x0000000089400000, 0x0000000089500000|  0%| F|  |TAMS 0x0000000089400000, 0x0000000089400000| Untracked 
| 149|0x0000000089500000, 0x0000000089500000, 0x0000000089600000|  0%| F|  |TAMS 0x0000000089500000, 0x0000000089500000| Untracked 
| 150|0x0000000089600000, 0x0000000089600000, 0x0000000089700000|  0%| F|  |TAMS 0x0000000089600000, 0x0000000089600000| Untracked 
| 151|0x0000000089700000, 0x0000000089700000, 0x0000000089800000|  0%| F|  |TAMS 0x0000000089700000, 0x0000000089700000| Untracked 
| 152|0x0000000089800000, 0x0000000089800000, 0x0000000089900000|  0%| F|  |TAMS 0x0000000089800000, 0x0000000089800000| Untracked 
| 153|0x0000000089900000, 0x0000000089900000, 0x0000000089a00000|  0%| F|  |TAMS 0x0000000089900000, 0x0000000089900000| Untracked 
| 154|0x0000000089a00000, 0x0000000089a00000, 0x0000000089b00000|  0%| F|  |TAMS 0x0000000089a00000, 0x0000000089a00000| Untracked 
| 155|0x0000000089b00000, 0x0000000089b00000, 0x0000000089c00000|  0%| F|  |TAMS 0x0000000089b00000, 0x0000000089b00000| Untracked 
| 156|0x0000000089c00000, 0x0000000089c00000, 0x0000000089d00000|  0%| F|  |TAMS 0x0000000089c00000, 0x0000000089c00000| Untracked 
| 157|0x0000000089d00000, 0x0000000089d00000, 0x0000000089e00000|  0%| F|  |TAMS 0x0000000089d00000, 0x0000000089d00000| Untracked 
| 158|0x0000000089e00000, 0x0000000089e00000, 0x0000000089f00000|  0%| F|  |TAMS 0x0000000089e00000, 0x0000000089e00000| Untracked 
| 159|0x0000000089f00000, 0x0000000089f00000, 0x000000008a000000|  0%| F|  |TAMS 0x0000000089f00000, 0x0000000089f00000| Untracked 
| 160|0x000000008a000000, 0x000000008a000000, 0x000000008a100000|  0%| F|  |TAMS 0x000000008a000000, 0x000000008a000000| Untracked 
| 161|0x000000008a100000, 0x000000008a100000, 0x000000008a200000|  0%| F|  |TAMS 0x000000008a100000, 0x000000008a100000| Untracked 
| 162|0x000000008a200000, 0x000000008a200000, 0x000000008a300000|  0%| F|  |TAMS 0x000000008a200000, 0x000000008a200000| Untracked 
| 163|0x000000008a300000, 0x000000008a300000, 0x000000008a400000|  0%| F|  |TAMS 0x000000008a300000, 0x000000008a300000| Untracked 
| 164|0x000000008a400000, 0x000000008a400000, 0x000000008a500000|  0%| F|  |TAMS 0x000000008a400000, 0x000000008a400000| Untracked 
| 165|0x000000008a500000, 0x000000008a500000, 0x000000008a600000|  0%| F|  |TAMS 0x000000008a500000, 0x000000008a500000| Untracked 
| 166|0x000000008a600000, 0x000000008a600000, 0x000000008a700000|  0%| F|  |TAMS 0x000000008a600000, 0x000000008a600000| Untracked 
| 167|0x000000008a700000, 0x000000008a700000, 0x000000008a800000|  0%| F|  |TAMS 0x000000008a700000, 0x000000008a700000| Untracked 
| 168|0x000000008a800000, 0x000000008a800000, 0x000000008a900000|  0%| F|  |TAMS 0x000000008a800000, 0x000000008a800000| Untracked 
| 169|0x000000008a900000, 0x000000008a900000, 0x000000008aa00000|  0%| F|  |TAMS 0x000000008a900000, 0x000000008a900000| Untracked 
| 170|0x000000008aa00000, 0x000000008aa00000, 0x000000008ab00000|  0%| F|  |TAMS 0x000000008aa00000, 0x000000008aa00000| Untracked 
| 171|0x000000008ab00000, 0x000000008ab00000, 0x000000008ac00000|  0%| F|  |TAMS 0x000000008ab00000, 0x000000008ab00000| Untracked 
| 172|0x000000008ac00000, 0x000000008ac00000, 0x000000008ad00000|  0%| F|  |TAMS 0x000000008ac00000, 0x000000008ac00000| Untracked 
| 173|0x000000008ad00000, 0x000000008ad00000, 0x000000008ae00000|  0%| F|  |TAMS 0x000000008ad00000, 0x000000008ad00000| Untracked 
| 174|0x000000008ae00000, 0x000000008ae00000, 0x000000008af00000|  0%| F|  |TAMS 0x000000008ae00000, 0x000000008ae00000| Untracked 
| 175|0x000000008af00000, 0x000000008af00000, 0x000000008b000000|  0%| F|  |TAMS 0x000000008af00000, 0x000000008af00000| Untracked 
| 176|0x000000008b000000, 0x000000008b000000, 0x000000008b100000|  0%| F|  |TAMS 0x000000008b000000, 0x000000008b000000| Untracked 
| 177|0x000000008b100000, 0x000000008b100000, 0x000000008b200000|  0%| F|  |TAMS 0x000000008b100000, 0x000000008b100000| Untracked 
| 178|0x000000008b200000, 0x000000008b200000, 0x000000008b300000|  0%| F|  |TAMS 0x000000008b200000, 0x000000008b200000| Untracked 

Card table byte_map: [0x000001d531d70000,0x000001d532170000] _byte_map_base: 0x000001d531970000

Marking Bits (Prev, Next): (CMBitMap*) 0x000001d51eb8e250, (CMBitMap*) 0x000001d51eb8e218
 Prev Bits: [0x000001d534570000, 0x000001d536570000)
 Next Bits: [0x000001d532570000, 0x000001d534570000)

Polling page: 0x000001d51e330000

Metaspace:

Usage:
  Non-class:     94.77 MB capacity,    92.98 MB ( 98%) used,     1.48 MB (  2%) free+waste,   316.94 KB ( <1%) overhead. 
      Class:     14.64 MB capacity,    13.66 MB ( 93%) used,   858.80 KB (  6%) free+waste,   144.94 KB ( <1%) overhead. 
       Both:    109.41 MB capacity,   106.64 MB ( 97%) used,     2.32 MB (  2%) free+waste,   461.88 KB ( <1%) overhead. 

Virtual space:
  Non-class space:       96.00 MB reserved,      95.50 MB (>99%) committed 
      Class space:        1.00 GB reserved,      15.13 MB (  1%) committed 
             Both:        1.09 GB reserved,     110.63 MB ( 10%) committed 

Chunk freelists:
   Non-Class:  555.00 KB
       Class:  495.00 KB
        Both:  1.03 MB

MaxMetaspaceSize: 17179869184.00 GB
CompressedClassSpaceSize: 1.00 GB

CodeHeap 'non-profiled nmethods': size=120000Kb used=6684Kb max_used=6684Kb free=113315Kb
 bounds [0x000001d52a110000, 0x000001d52a7a0000, 0x000001d531640000]
CodeHeap 'profiled nmethods': size=120000Kb used=28242Kb max_used=28242Kb free=91757Kb
 bounds [0x000001d522be0000, 0x000001d524780000, 0x000001d52a110000]
CodeHeap 'non-nmethods': size=5760Kb used=2338Kb max_used=2380Kb free=3421Kb
 bounds [0x000001d522640000, 0x000001d5228b0000, 0x000001d522be0000]
 total_blobs=14901 nmethods=13938 adapters=874
 compilation: enabled
              stopped_count=0, restarted_count=0
 full_count=0

Compilation events (20 events):
Event: 130.589 Thread 0x000001d538fc7000 nmethod 14386 0x000001d52a796d90 code [0x000001d52a796f40, 0x000001d52a796ff8]
Event: 130.589 Thread 0x000001d538fc7000 14388       2       org.gradle.api.internal.artifacts.ivyservice.resolveengine.artifact.ArtifactBackedResolvedVariant$DownloadArtifactFile::description (50 bytes)
Event: 130.590 Thread 0x000001d538fc7000 nmethod 14388 0x000001d524770c90 code [0x000001d524770ec0, 0x000001d524771538]
Event: 130.591 Thread 0x000001d538fc7000 14390       2       org.gradle.internal.resolve.result.DefaultBuildableTypedResolveResult::assertHasResult (18 bytes)
Event: 130.591 Thread 0x000001d538fc7000 nmethod 14390 0x000001d524771790 code [0x000001d524771960, 0x000001d524771b48]
Event: 130.591 Thread 0x000001d538fc7000 14391       2       java.nio.file.Path::resolve (21 bytes)
Event: 130.592 Thread 0x000001d538fc7000 nmethod 14391 0x000001d524771c90 code [0x000001d524771e60, 0x000001d524772088]
Event: 130.592 Thread 0x000001d538fc7000 14392       2       org.gradle.api.internal.artifacts.ivyservice.resolveengine.artifact.DefaultArtifactSet$LazyArtifactSource::create (34 bytes)
Event: 130.592 Thread 0x000001d538fc7000 nmethod 14392 0x000001d524772190 code [0x000001d5247723a0, 0x000001d524772868]
Event: 130.592 Thread 0x000001d538fc7000 14393       2       org.gradle.internal.resolve.result.DefaultBuildableArtifactResolveResult::<init> (5 bytes)
Event: 130.593 Thread 0x000001d538fc7000 nmethod 14393 0x000001d524772b10 code [0x000001d524772d00, 0x000001d524772fc8]
Event: 130.593 Thread 0x000001d538fc7000 14394       2       org.gradle.api.internal.artifacts.ivyservice.ivyresolve.ErrorHandlingModuleComponentRepository$ErrorHandlingModuleComponentRepositoryAccess::lambda$resolveArtifact$15 (42 bytes)
Event: 130.593 Thread 0x000001d538fc7000 nmethod 14394 0x000001d524773110 code [0x000001d5247732e0, 0x000001d5247734c8]
Event: 130.593 Thread 0x000001d538fc7000 14395       2       org.gradle.api.internal.artifacts.DefaultModuleVersionIdentifier::newId (26 bytes)
Event: 130.593 Thread 0x000001d538fc7000 nmethod 14395 0x000001d524773610 code [0x000001d5247737e0, 0x000001d524773a48]
Event: 130.593 Thread 0x000001d538fc7000 14396       2       org.gradle.api.internal.artifacts.DefaultModuleVersionIdentifier::<init> (98 bytes)
Event: 130.594 Thread 0x000001d538fc7000 nmethod 14396 0x000001d524773c10 code [0x000001d524773de0, 0x000001d524774078]
Event: 130.594 Thread 0x000001d538fc7000 14397       2       org.gradle.api.internal.artifacts.DefaultArtifactIdentifier::<init> (32 bytes)
Event: 130.594 Thread 0x000001d538fc7000 nmethod 14397 0x000001d524774190 code [0x000001d524774340, 0x000001d5247745f8]
Event: 130.595 Thread 0x000001d538fc7000 14398       2       org.gradle.api.internal.artifacts.ivyservice.modulecache.artifacts.DefaultModuleArtifactCache::lookup (14 bytes)

GC Heap History (20 events):
Event: 26.655 GC heap after
{Heap after GC invocations=45 (full 0):
 garbage-first heap   total 149504K, used 73509K [0x0000000080000000, 0x0000000100000000)
  region size 1024K, 4 young (4096K), 4 survivors (4096K)
 Metaspace       used 85875K, capacity 87754K, committed 87936K, reserved 1126400K
  class space    used 11074K, capacity 11749K, committed 11904K, reserved 1048576K
}
Event: 27.078 GC heap before
{Heap before GC invocations=45 (full 0):
 garbage-first heap   total 149504K, used 110373K [0x0000000080000000, 0x0000000100000000)
  region size 1024K, 41 young (41984K), 4 survivors (4096K)
 Metaspace       used 86105K, capacity 88085K, committed 88448K, reserved 1126400K
  class space    used 11079K, capacity 11785K, committed 11904K, reserved 1048576K
}
Event: 27.094 GC heap after
{Heap after GC invocations=46 (full 0):
 garbage-first heap   total 149504K, used 75601K [0x0000000080000000, 0x0000000100000000)
  region size 1024K, 6 young (6144K), 6 survivors (6144K)
 Metaspace       used 86105K, capacity 88085K, committed 88448K, reserved 1126400K
  class space    used 11079K, capacity 11785K, committed 11904K, reserved 1048576K
}
Event: 28.974 GC heap before
{Heap before GC invocations=47 (full 0):
 garbage-first heap   total 149504K, used 112465K [0x0000000080000000, 0x0000000100000000)
  region size 1024K, 43 young (44032K), 6 survivors (6144K)
 Metaspace       used 87012K, capacity 89010K, committed 89216K, reserved 1126400K
  class space    used 11168K, capacity 11884K, committed 11904K, reserved 1048576K
}
Event: 28.984 GC heap after
{Heap after GC invocations=48 (full 0):
 garbage-first heap   total 149504K, used 77590K [0x0000000080000000, 0x0000000100000000)
  region size 1024K, 5 young (5120K), 5 survivors (5120K)
 Metaspace       used 87012K, capacity 89010K, committed 89216K, reserved 1126400K
  class space    used 11168K, capacity 11884K, committed 11904K, reserved 1048576K
}
Event: 29.354 GC heap before
{Heap before GC invocations=48 (full 0):
 garbage-first heap   total 149504K, used 115478K [0x0000000080000000, 0x0000000100000000)
  region size 1024K, 43 young (44032K), 5 survivors (5120K)
 Metaspace       used 87986K, capacity 90009K, committed 90112K, reserved 1128448K
  class space    used 11254K, capacity 11982K, committed 12032K, reserved 1048576K
}
Event: 29.362 GC heap after
{Heap after GC invocations=49 (full 0):
 garbage-first heap   total 149504K, used 81389K [0x0000000080000000, 0x0000000100000000)
  region size 1024K, 6 young (6144K), 6 survivors (6144K)
 Metaspace       used 87986K, capacity 90009K, committed 90112K, reserved 1128448K
  class space    used 11254K, capacity 11982K, committed 12032K, reserved 1048576K
}
Event: 29.995 GC heap before
{Heap before GC invocations=50 (full 0):
 garbage-first heap   total 149504K, used 118253K [0x0000000080000000, 0x0000000100000000)
  region size 1024K, 43 young (44032K), 6 survivors (6144K)
 Metaspace       used 90129K, capacity 92166K, committed 92416K, reserved 1130496K
  class space    used 11513K, capacity 12250K, committed 12288K, reserved 1048576K
}
Event: 30.043 GC heap after
{Heap after GC invocations=51 (full 0):
 garbage-first heap   total 183296K, used 82837K [0x0000000080000000, 0x0000000100000000)
  region size 1024K, 4 young (4096K), 4 survivors (4096K)
 Metaspace       used 90129K, capacity 92166K, committed 92416K, reserved 1130496K
  class space    used 11513K, capacity 12250K, committed 12288K, reserved 1048576K
}
Event: 35.978 GC heap before
{Heap before GC invocations=51 (full 0):
 garbage-first heap   total 183296K, used 134037K [0x0000000080000000, 0x0000000100000000)
  region size 1024K, 55 young (56320K), 4 survivors (4096K)
 Metaspace       used 93470K, capacity 95685K, committed 95744K, reserved 1132544K
  class space    used 11983K, capacity 12756K, committed 12800K, reserved 1048576K
}
Event: 35.983 GC heap after
{Heap after GC invocations=52 (full 0):
 garbage-first heap   total 183296K, used 85453K [0x0000000080000000, 0x0000000100000000)
  region size 1024K, 7 young (7168K), 7 survivors (7168K)
 Metaspace       used 93470K, capacity 95685K, committed 95744K, reserved 1132544K
  class space    used 11983K, capacity 12756K, committed 12800K, reserved 1048576K
}
Event: 37.947 GC heap before
{Heap before GC invocations=52 (full 0):
 garbage-first heap   total 183296K, used 139725K [0x0000000080000000, 0x0000000100000000)
  region size 1024K, 59 young (60416K), 7 survivors (7168K)
 Metaspace       used 97710K, capacity 100224K, committed 100352K, reserved 1136640K
  class space    used 12605K, capacity 13478K, committed 13568K, reserved 1048576K
}
Event: 38.385 GC heap after
{Heap after GC invocations=53 (full 0):
 garbage-first heap   total 183296K, used 95223K [0x0000000080000000, 0x0000000100000000)
  region size 1024K, 8 young (8192K), 8 survivors (8192K)
 Metaspace       used 97710K, capacity 100224K, committed 100352K, reserved 1136640K
  class space    used 12605K, capacity 13478K, committed 13568K, reserved 1048576K
}
Event: 38.801 GC heap before
{Heap before GC invocations=53 (full 0):
 garbage-first heap   total 183296K, used 135159K [0x0000000080000000, 0x0000000100000000)
  region size 1024K, 47 young (48128K), 8 survivors (8192K)
 Metaspace       used 102616K, capacity 105636K, committed 105856K, reserved 1140736K
  class space    used 13480K, capacity 14648K, committed 14720K, reserved 1048576K
}
Event: 38.824 GC heap after
{Heap after GC invocations=54 (full 0):
 garbage-first heap   total 183296K, used 101937K [0x0000000080000000, 0x0000000100000000)
  region size 1024K, 6 young (6144K), 6 survivors (6144K)
 Metaspace       used 102616K, capacity 105636K, committed 105856K, reserved 1140736K
  class space    used 13480K, capacity 14648K, committed 14720K, reserved 1048576K
}
Event: 39.063 GC heap before
{Heap before GC invocations=55 (full 0):
 garbage-first heap   total 183296K, used 133681K [0x0000000080000000, 0x0000000100000000)
  region size 1024K, 39 young (39936K), 6 survivors (6144K)
 Metaspace       used 104311K, capacity 107485K, committed 107648K, reserved 1142784K
  class space    used 13691K, capacity 14938K, committed 14976K, reserved 1048576K
}
Event: 39.072 GC heap after
{Heap after GC invocations=56 (full 0):
 garbage-first heap   total 183296K, used 102204K [0x0000000080000000, 0x0000000100000000)
  region size 1024K, 4 young (4096K), 4 survivors (4096K)
 Metaspace       used 104311K, capacity 107485K, committed 107648K, reserved 1142784K
  class space    used 13691K, capacity 14938K, committed 14976K, reserved 1048576K
}
Event: 39.898 GC heap before
{Heap before GC invocations=57 (full 0):
 garbage-first heap   total 183296K, used 130876K [0x0000000080000000, 0x0000000100000000)
  region size 1024K, 33 young (33792K), 4 survivors (4096K)
 Metaspace       used 105271K, capacity 108236K, committed 108800K, reserved 1142784K
  class space    used 13801K, capacity 14969K, committed 15104K, reserved 1048576K
}
Event: 39.922 GC heap after
{Heap after GC invocations=58 (full 0):
 garbage-first heap   total 183296K, used 106120K [0x0000000080000000, 0x0000000100000000)
  region size 1024K, 6 young (6144K), 6 survivors (6144K)
 Metaspace       used 105271K, capacity 108236K, committed 108800K, reserved 1142784K
  class space    used 13801K, capacity 14969K, committed 15104K, reserved 1048576K
}
Event: 130.595 GC heap before
{Heap before GC invocations=59 (full 0):
 garbage-first heap   total 183296K, used 156296K [0x0000000080000000, 0x0000000100000000)
  region size 1024K, 45 young (46080K), 6 survivors (6144K)
 Metaspace       used 109201K, capacity 112038K, committed 113280K, reserved 1146880K
  class space    used 13989K, capacity 14993K, committed 15488K, reserved 1048576K
}

Deoptimization events (20 events):
Event: 130.478 Thread 0x000001d53be19800 Uncommon trap: trap_request=0xffffff4d fr.pc=0x000001d52a654f8c relative=0x000000000000070c
Event: 130.478 Thread 0x000001d53be19800 Uncommon trap: reason=unstable_if action=reinterpret pc=0x000001d52a654f8c method=com.google.common.collect.ImmutableSortedSet.emptySet(Ljava/util/Comparator;)Lcom/google/common/collect/RegularImmutableSortedSet; @ 7 c2
Event: 130.478 Thread 0x000001d53be19800 DEOPT PACKING pc=0x000001d52a654f8c sp=0x000000aa10efb730
Event: 130.478 Thread 0x000001d53be19800 DEOPT UNPACKING pc=0x000001d5226678af sp=0x000000aa10efb6b0 mode 2
Event: 130.485 Thread 0x000001d53be19800 Uncommon trap: trap_request=0xffffff4d fr.pc=0x000001d52a6d2348 relative=0x0000000000000b08
Event: 130.485 Thread 0x000001d53be19800 Uncommon trap: reason=unstable_if action=reinterpret pc=0x000001d52a6d2348 method=com.google.common.collect.MapMakerInternalMap$Segment.getEntry(Ljava/lang/Object;I)Lcom/google/common/collect/MapMakerInternalMap$InternalEntry; @ 4 c2
Event: 130.485 Thread 0x000001d53be19800 DEOPT PACKING pc=0x000001d52a6d2348 sp=0x000000aa10efa9e0
Event: 130.485 Thread 0x000001d53be19800 DEOPT UNPACKING pc=0x000001d5226678af sp=0x000000aa10efa7c0 mode 2
Event: 130.488 Thread 0x000001d53be19800 DEOPT PACKING pc=0x000001d523061791 sp=0x000000aa10efa760
Event: 130.488 Thread 0x000001d53be19800 DEOPT UNPACKING pc=0x000001d5226676ce sp=0x000000aa10ef9c38 mode 0
Event: 130.489 Thread 0x000001d53be19800 Uncommon trap: trap_request=0xffffff4d fr.pc=0x000001d52a6d93b8 relative=0x0000000000000518
Event: 130.489 Thread 0x000001d53be19800 Uncommon trap: reason=unstable_if action=reinterpret pc=0x000001d52a6d93b8 method=com.google.common.collect.MapMakerInternalMap$Segment.getEntry(Ljava/lang/Object;I)Lcom/google/common/collect/MapMakerInternalMap$InternalEntry; @ 4 c2
Event: 130.489 Thread 0x000001d53be19800 DEOPT PACKING pc=0x000001d52a6d93b8 sp=0x000000aa10efa960
Event: 130.489 Thread 0x000001d53be19800 DEOPT UNPACKING pc=0x000001d5226678af sp=0x000000aa10efa7b8 mode 2
Event: 130.566 Thread 0x000001d53be19800 DEOPT PACKING pc=0x000001d5245b1998 sp=0x000000aa10ef8960
Event: 130.566 Thread 0x000001d53be19800 DEOPT UNPACKING pc=0x000001d5226676ce sp=0x000000aa10ef7e60 mode 0
Event: 130.588 Thread 0x000001d53be21800 DEOPT PACKING pc=0x000001d52421f644 sp=0x000000aa127fd8b0
Event: 130.588 Thread 0x000001d53be21800 DEOPT UNPACKING pc=0x000001d5226676ce sp=0x000000aa127fce50 mode 0
Event: 130.593 Thread 0x000001d53be23000 DEOPT PACKING pc=0x000001d52421f644 sp=0x000000aa12cfdf10
Event: 130.593 Thread 0x000001d53be23000 DEOPT UNPACKING pc=0x000001d5226676ce sp=0x000000aa12cfd4b0 mode 0

Classes redefined (0 events):
No events

Internal exceptions (20 events):
Event: 38.749 Thread 0x000001d541c12800 Exception <a 'java/lang/NoSuchMethodError'{0x000000008995cee8}: 'java.lang.Object java.lang.invoke.DirectMethodHandle$Holder.newInvokeSpecial(java.lang.Object, int)'> (0x000000008995cee8) thrown at [./src/hotspot/share/interpreter/linkResolver.cpp, line 773]
Event: 38.902 Thread 0x000001d541c12800 Exception <a 'java/lang/NoSuchMethodError'{0x000000008abf3b18}: 'java.lang.Object java.lang.invoke.DirectMethodHandle$Holder.invokeSpecial(java.lang.Object, java.lang.Object, java.lang.Object, java.lang.Object, java.lang.Object, java.lang.Object, java.lang.Object, java.lang.Object, java.lang.Object, java.lang.Object)'> (0x000000008abf3b18) thrown at [./src/hotspot/share/interpreter/linkResolver.cpp, line 773]
Event: 38.902 Thread 0x000001d541c12800 Exception <a 'java/lang/NoSuchMethodError'{0x000000008abf7c08}: 'java.lang.Object java.lang.invoke.Invokers$Holder.linkToTargetMethod(java.lang.Object, java.lang.Object, java.lang.Object, java.lang.Object, java.lang.Object, java.lang.Object, java.lang.Object, java.lang.Object, java.lang.Object)'> (0x000000008abf7c08) thrown at [./src/hotspot/share/interpreter/linkResolver.cpp, line 773]
Event: 39.010 Thread 0x000001d541c12800 Exception <a 'java/lang/NoSuchMethodError'{0x0000000089956d58}: 'void java.lang.invoke.DirectMethodHandle$Holder.invokeVirtual(java.lang.Object, java.lang.Object, int)'> (0x0000000089956d58) thrown at [./src/hotspot/share/interpreter/linkResolver.cpp, line 773]
Event: 39.025 Thread 0x000001d541c12800 Exception <a 'sun/nio/fs/WindowsException'{0x0000000089785848}> (0x0000000089785848) thrown at [./src/hotspot/share/prims/jni.cpp, line 615]
Event: 39.126 Thread 0x000001d53b920800 Exception <a 'java/lang/NoSuchMethodError'{0x000000008b010a20}: <clinit>> (0x000000008b010a20) thrown at [./src/hotspot/share/prims/jni.cpp, line 1362]
Event: 39.622 Thread 0x000001d541c12800 Exception <a 'sun/nio/fs/WindowsException'{0x000000008b04fc10}> (0x000000008b04fc10) thrown at [./src/hotspot/share/prims/jni.cpp, line 615]
Event: 39.622 Thread 0x000001d53be0d000 Exception <a 'sun/nio/fs/WindowsException'{0x000000008adf2598}> (0x000000008adf2598) thrown at [./src/hotspot/share/prims/jni.cpp, line 615]
Event: 39.622 Thread 0x000001d541c1d000 Exception <a 'sun/nio/fs/WindowsException'{0x000000008ac6d500}> (0x000000008ac6d500) thrown at [./src/hotspot/share/prims/jni.cpp, line 615]
Event: 39.622 Thread 0x000001d541c1f000 Exception <a 'sun/nio/fs/WindowsException'{0x000000008ac4efe8}> (0x000000008ac4efe8) thrown at [./src/hotspot/share/prims/jni.cpp, line 615]
Event: 39.766 Thread 0x000001d53be0d000 Exception <a 'java/lang/NoSuchMethodError'{0x000000008a3dc728}: 'long java.lang.invoke.DirectMethodHandle$Holder.invokeStatic(java.lang.Object, java.lang.Object, java.lang.Object)'> (0x000000008a3dc728) thrown at [./src/hotspot/share/interpreter/linkResolver.cpp, line 773]
Event: 39.784 Thread 0x000001d541c1f000 Exception <a 'sun/nio/fs/WindowsException'{0x000000008a065ad8}> (0x000000008a065ad8) thrown at [./src/hotspot/share/prims/jni.cpp, line 615]
Event: 39.787 Thread 0x000001d541c12800 Exception <a 'sun/nio/fs/WindowsException'{0x0000000089f676d8}> (0x0000000089f676d8) thrown at [./src/hotspot/share/prims/jni.cpp, line 615]
Event: 39.787 Thread 0x000001d53be0d000 Exception <a 'sun/nio/fs/WindowsException'{0x0000000089ffda30}> (0x0000000089ffda30) thrown at [./src/hotspot/share/prims/jni.cpp, line 615]
Event: 39.966 Thread 0x000001d541c1d000 Exception <a 'sun/nio/fs/WindowsException'{0x000000008b2c3150}> (0x000000008b2c3150) thrown at [./src/hotspot/share/prims/jni.cpp, line 615]
Event: 41.063 Thread 0x000001d53b920800 Exception <a 'java/lang/NoSuchMethodError'{0x000000008a3a9318}: 'java.lang.Object java.lang.invoke.DirectMethodHandle$Holder.invokeSpecial(java.lang.Object, java.lang.Object, java.lang.Object, int, int, java.lang.Object, java.lang.Object)'> (0x000000008a3a9318) thrown at [./src/hotspot/share/interpreter/linkResolver.cpp, line 773]
Event: 41.064 Thread 0x000001d53b920800 Exception <a 'java/lang/NoSuchMethodError'{0x000000008a3b2b80}: 'java.lang.Object java.lang.invoke.DirectMethodHandle$Holder.invokeStatic(java.lang.Object, java.lang.Object, java.lang.Object, int, int, java.lang.Object)'> (0x000000008a3b2b80) thrown at [./src/hotspot/share/interpreter/linkResolver.cpp, line 773]
Event: 41.064 Thread 0x000001d53b920800 Exception <a 'java/lang/NoSuchMethodError'{0x000000008a3b6d68}: 'java.lang.Object java.lang.invoke.DirectMethodHandle$Holder.invokeSpecial(java.lang.Object, java.lang.Object, java.lang.Object, java.lang.Object, int, int, java.lang.Object)'> (0x000000008a3b6d68) thrown at [./src/hotspot/share/interpreter/linkResolver.cpp, line 773]
Event: 41.064 Thread 0x000001d53b920800 Exception <a 'java/lang/NoSuchMethodError'{0x000000008a3ba4d8}: 'java.lang.Object java.lang.invoke.Invokers$Holder.linkToTargetMethod(java.lang.Object, java.lang.Object, int, int, java.lang.Object, java.lang.Object)'> (0x000000008a3ba4d8) thrown at [./src/hotspot/share/interpreter/linkResolver.cpp, line 773]
Event: 130.456 Thread 0x000001d53be19800 Implicit null exception at 0x000001d52a721256 to 0x000001d52a721538

Events (20 events):
Event: 130.485 Executing VM operation: RevokeBias
Event: 130.485 Executing VM operation: RevokeBias done
Event: 130.485 Executing VM operation: RevokeBias
Event: 130.485 Executing VM operation: RevokeBias done
Event: 130.488 Executing VM operation: RevokeBias
Event: 130.488 Executing VM operation: RevokeBias done
Event: 130.499 Thread 0x000001d53be17000 Thread added: 0x000001d53be17000
Event: 130.582 Thread 0x000001d53be1d800 Thread added: 0x000001d53be1d800
Event: 130.582 Thread 0x000001d53be24000 Thread added: 0x000001d53be24000
Event: 130.582 Thread 0x000001d53be21800 Thread added: 0x000001d53be21800
Event: 130.582 Thread 0x000001d53be20000 Thread added: 0x000001d53be20000
Event: 130.583 Thread 0x000001d53be1e000 Thread added: 0x000001d53be1e000
Event: 130.583 Thread 0x000001d53be20800 Thread added: 0x000001d53be20800
Event: 130.583 Thread 0x000001d53be23000 Thread added: 0x000001d53be23000
Event: 130.583 Thread 0x000001d53be22800 Thread added: 0x000001d53be22800
Event: 130.583 Executing VM operation: RevokeBias
Event: 130.583 Executing VM operation: RevokeBias done
Event: 130.583 Executing VM operation: RevokeBias
Event: 130.584 Executing VM operation: RevokeBias done
Event: 130.595 Executing VM operation: G1CollectForAllocation


Dynamic libraries:
0x00007ff6fdbe0000 - 0x00007ff6fdbea000 	C:\Program Files\Android\Android Studio1\jre\bin\java.exe
0x00007ffb91190000 - 0x00007ffb91385000 	C:\WINDOWS\SYSTEM32\ntdll.dll
0x00007ffb908c0000 - 0x00007ffb9097d000 	C:\WINDOWS\System32\KERNEL32.DLL
0x00007ffb8e8c0000 - 0x00007ffb8eb89000 	C:\WINDOWS\System32\KERNELBASE.dll
0x00007ffb8eec0000 - 0x00007ffb8efc0000 	C:\WINDOWS\System32\ucrtbase.dll
0x00007ffb87860000 - 0x00007ffb87879000 	C:\Program Files\Android\Android Studio1\jre\bin\jli.dll
0x00007ffb87880000 - 0x00007ffb87897000 	C:\Program Files\Android\Android Studio1\jre\bin\VCRUNTIME140.dll
0x00007ffb8f820000 - 0x00007ffb8f9c0000 	C:\WINDOWS\System32\USER32.dll
0x00007ffb8f1c0000 - 0x00007ffb8f1e2000 	C:\WINDOWS\System32\win32u.dll
0x00007ffb690a0000 - 0x00007ffb6933a000 	C:\WINDOWS\WinSxS\amd64_microsoft.windows.common-controls_6595b64144ccf1df_6.0.19041.1110_none_60b5254171f9507e\COMCTL32.dll
0x00007ffb8f6c0000 - 0x00007ffb8f6ea000 	C:\WINDOWS\System32\GDI32.dll
0x00007ffb901b0000 - 0x00007ffb9024e000 	C:\WINDOWS\System32\msvcrt.dll
0x00007ffb8efc0000 - 0x00007ffb8f0cb000 	C:\WINDOWS\System32\gdi32full.dll
0x00007ffb8f0d0000 - 0x00007ffb8f16d000 	C:\WINDOWS\System32\msvcp_win.dll
0x00007ffb90250000 - 0x00007ffb90280000 	C:\WINDOWS\System32\IMM32.DLL
0x00007ffb6ac00000 - 0x00007ffb6ac9d000 	C:\Program Files\Android\Android Studio1\jre\bin\msvcp140.dll
0x00007ffb44100000 - 0x00007ffb44bcf000 	C:\Program Files\Android\Android Studio1\jre\bin\server\jvm.dll
0x00007ffb90100000 - 0x00007ffb901ac000 	C:\WINDOWS\System32\ADVAPI32.dll
0x00007ffb90280000 - 0x00007ffb9031b000 	C:\WINDOWS\System32\sechost.dll
0x00007ffb8f6f0000 - 0x00007ffb8f81a000 	C:\WINDOWS\System32\RPCRT4.dll
0x00007ffb8f4e0000 - 0x00007ffb8f4e8000 	C:\WINDOWS\System32\PSAPI.DLL
0x00007ffb89c50000 - 0x00007ffb89c5a000 	C:\WINDOWS\SYSTEM32\VERSION.dll
0x00007ffb88220000 - 0x00007ffb88247000 	C:\WINDOWS\SYSTEM32\WINMM.dll
0x00007ffb89340000 - 0x00007ffb89349000 	C:\WINDOWS\SYSTEM32\WSOCK32.dll
0x00007ffb8f650000 - 0x00007ffb8f6bb000 	C:\WINDOWS\System32\ws2_32.DLL
0x00007ffb8d310000 - 0x00007ffb8d322000 	C:\WINDOWS\SYSTEM32\kernel.appcore.dll
0x00007ffb83ff0000 - 0x00007ffb84001000 	C:\Program Files\Android\Android Studio1\jre\bin\verify.dll
0x00007ffb8cea0000 - 0x00007ffb8d084000 	C:\WINDOWS\SYSTEM32\DBGHELP.DLL
0x00007ffb89c20000 - 0x00007ffb89c4c000 	C:\WINDOWS\SYSTEM32\dbgcore.DLL
0x00007ffb8eb90000 - 0x00007ffb8ec13000 	C:\WINDOWS\System32\bcryptPrimitives.dll
0x00007ffb791f0000 - 0x00007ffb79219000 	C:\Program Files\Android\Android Studio1\jre\bin\java.dll
0x00007ffb8c560000 - 0x00007ffb8c56b000 	C:\Program Files\Android\Android Studio1\jre\bin\jimage.dll
0x00007ffb7a6e0000 - 0x00007ffb7a6f8000 	C:\Program Files\Android\Android Studio1\jre\bin\zip.dll
0x00007ffb8f9c0000 - 0x00007ffb900ff000 	C:\WINDOWS\System32\SHELL32.dll
0x00007ffb8c600000 - 0x00007ffb8cd90000 	C:\WINDOWS\SYSTEM32\windows.storage.dll
0x00007ffb90380000 - 0x00007ffb906d5000 	C:\WINDOWS\System32\combase.dll
0x00007ffb8e250000 - 0x00007ffb8e27c000 	C:\WINDOWS\SYSTEM32\Wldp.dll
0x00007ffb906e0000 - 0x00007ffb9078e000 	C:\WINDOWS\System32\SHCORE.dll
0x00007ffb90a30000 - 0x00007ffb90a85000 	C:\WINDOWS\System32\shlwapi.dll
0x00007ffb8e800000 - 0x00007ffb8e81f000 	C:\WINDOWS\SYSTEM32\profapi.dll
0x00007ffb79e40000 - 0x00007ffb79e5a000 	C:\Program Files\Android\Android Studio1\jre\bin\net.dll
0x00007ffb87050000 - 0x00007ffb87158000 	C:\WINDOWS\SYSTEM32\WINHTTP.dll
0x00007ffb8dfb0000 - 0x00007ffb8e01a000 	C:\WINDOWS\system32\mswsock.dll
0x00007ffb79c50000 - 0x00007ffb79c64000 	C:\Program Files\Android\Android Studio1\jre\bin\nio.dll
0x00007ffb878d0000 - 0x00007ffb878f7000 	C:\Users\EMILIO\.gradle\native\fdc75f09e3144964f2cf3f50f0aa648679c211496f362492102eb8c894070792\windows-amd64\native-platform.dll
0x00007ffb6aca0000 - 0x00007ffb6ae36000 	C:\Users\EMILIO\.gradle\native\12488b8bf47d2d4c9fbf2f6322a914ad602e24e48041cd04a747c6da556b65c4\windows-amd64\native-platform-file-events.dll
0x00007ffb7cd80000 - 0x00007ffb7cd8a000 	C:\Program Files\Android\Android Studio1\jre\bin\management.dll
0x00007ffb7c590000 - 0x00007ffb7c59c000 	C:\Program Files\Android\Android Studio1\jre\bin\management_ext.dll
0x00007ffb8e1a0000 - 0x00007ffb8e1b8000 	C:\WINDOWS\SYSTEM32\CRYPTSP.dll
0x00007ffb8d930000 - 0x00007ffb8d964000 	C:\WINDOWS\system32\rsaenh.dll
0x00007ffb8ed30000 - 0x00007ffb8ed57000 	C:\WINDOWS\System32\bcrypt.dll
0x00007ffb8e780000 - 0x00007ffb8e7ae000 	C:\WINDOWS\SYSTEM32\USERENV.dll
0x00007ffb8e1c0000 - 0x00007ffb8e1cc000 	C:\WINDOWS\SYSTEM32\CRYPTBASE.dll
0x00007ffb8dca0000 - 0x00007ffb8dcdb000 	C:\WINDOWS\SYSTEM32\IPHLPAPI.DLL
0x00007ffb8f250000 - 0x00007ffb8f258000 	C:\WINDOWS\System32\NSI.dll
0x00007ffb85350000 - 0x00007ffb85367000 	C:\WINDOWS\SYSTEM32\dhcpcsvc6.DLL
0x00007ffb84700000 - 0x00007ffb8471d000 	C:\WINDOWS\SYSTEM32\dhcpcsvc.DLL
0x00007ffb8dd40000 - 0x00007ffb8de0c000 	C:\WINDOWS\SYSTEM32\DNSAPI.dll
0x00007ffb866c0000 - 0x00007ffb866cb000 	C:\WINDOWS\SYSTEM32\WINNSI.DLL
0x00007ffb8c5a0000 - 0x00007ffb8c5a8000 	C:\Program Files\Android\Android Studio1\jre\bin\rmi.dll

dbghelp: loaded successfully - version: 4.0.5 - missing functions: none
symbol engine: initialized successfully - sym options: 0x614 - pdb path: .;C:\Program Files\Android\Android Studio1\jre\bin;C:\WINDOWS\SYSTEM32;C:\WINDOWS\WinSxS\amd64_microsoft.windows.common-controls_6595b64144ccf1df_6.0.19041.1110_none_60b5254171f9507e;C:\Program Files\Android\Android Studio1\jre\bin\server;C:\Users\EMILIO\.gradle\native\fdc75f09e3144964f2cf3f50f0aa648679c211496f362492102eb8c894070792\windows-amd64;C:\Users\EMILIO\.gradle\native\12488b8bf47d2d4c9fbf2f6322a914ad602e24e48041cd04a747c6da556b65c4\windows-amd64

VM Arguments:
jvm_args: --add-opens=java.base/java.util=ALL-UNNAMED --add-opens=java.base/java.lang=ALL-UNNAMED --add-opens=java.base/java.lang.invoke=ALL-UNNAMED --add-opens=java.prefs/java.util.prefs=ALL-UNNAMED -Xmx2048m -Dfile.encoding=UTF-8 -Duser.country=PE -Duser.language=es -Duser.variant 
java_command: org.gradle.launcher.daemon.bootstrap.GradleDaemon 6.7.1
java_class_path (initial): C:\Users\EMILIO\.gradle\wrapper\dists\gradle-6.7.1-bin\bwlcbys1h7rz3272sye1xwiv6\gradle-6.7.1\lib\gradle-launcher-6.7.1.jar
Launcher Type: SUN_STANDARD

[Global flags]
     intx CICompilerCount                          = 4                                         {product} {ergonomic}
     uint ConcGCThreads                            = 2                                         {product} {ergonomic}
     uint G1ConcRefinementThreads                  = 8                                         {product} {ergonomic}
   size_t G1HeapRegionSize                         = 1048576                                   {product} {ergonomic}
    uintx GCDrainStackTargetSize                   = 64                                        {product} {ergonomic}
   size_t InitialHeapSize                          = 100663296                                 {product} {ergonomic}
   size_t MarkStackSize                            = 4194304                                   {product} {ergonomic}
   size_t MaxHeapSize                              = 2147483648                                {product} {command line}
   size_t MaxNewSize                               = 1287651328                                {product} {ergonomic}
   size_t MinHeapDeltaBytes                        = 1048576                                   {product} {ergonomic}
    uintx NonNMethodCodeHeapSize                   = 5836300                                {pd product} {ergonomic}
    uintx NonProfiledCodeHeapSize                  = 122910970                              {pd product} {ergonomic}
    uintx ProfiledCodeHeapSize                     = 122910970                              {pd product} {ergonomic}
    uintx ReservedCodeCacheSize                    = 251658240                              {pd product} {ergonomic}
     bool SegmentedCodeCache                       = true                                      {product} {ergonomic}
     bool UseCompressedClassPointers               = true                                 {lp64_product} {ergonomic}
     bool UseCompressedOops                        = true                                 {lp64_product} {ergonomic}
     bool UseG1GC                                  = true                                      {product} {ergonomic}
     bool UseLargePagesIndividualAllocation        = false                                  {pd product} {ergonomic}

Logging:
Log output configuration:
 #0: stdout all=warning uptime,level,tags
 #1: stderr all=off uptime,level,tags

Environment Variables:
JAVA_HOME=C:\Program Files\Java\jdk1.8.0_181
PATH=C:\app\EMILIO\product\19.0.0\client_1;C:\app\client\EMILIO\product\19.0.0\client_1\bin;C:\oraclexe\app\oracle\product\11.2.0\server\bin;C:\Program Files\Rockwell Software\RSCommon;C:\Program Files (x86)\Common Files\Oracle\Java\javapath;C:\Program Files (x86)\Intel\iCLS Client\;C:\Program Files\Intel\iCLS Client\;C:\Windows\system32;C:\Windows;C:\Windows\System32\Wbem;C:\Windows\System32\WindowsPowerShell\v1.0\;C:\Program Files (x86)\Intel\Intel(R) Management Engine Components\DAL;C:\Program Files\Intel\Intel(R) Management Engine Components\DAL;C:\Program Files (x86)\Intel\Intel(R) Management Engine Components\IPT;C:\Program Files\Intel\Intel(R) Management Engine Components\IPT;C:\Program Files (x86)\NVIDIA Corporation\PhysX\Common;C:\Program Files\Intel\WiFi\bin\;C:\Program Files\Common Files\Intel\WirelessCommon\;C:\WINDOWS\system32;C:\WINDOWS;C:\WINDOWS\System32\Wbem;C:\WINDOWS\System32\WindowsPowerShell\v1.0\;C:\WINDOWS\System32\OpenSSH\;C:\Program Files\Microsoft SQL Server\Client SDK\ODBC\110\Tools\Binn\;C:\Program Files (x86)\Microsoft SQL Server\120\Tools\Binn\;C:\Program Files\Microsoft SQL Server\120\Tools\Binn\;C:\Program Files\Microsoft SQL Server\120\DTS\Binn\;C:\Program Files (x86)\Microsoft SQL Server\120\Tools\Binn\ManagementStudio\;C:\Program Files (x86)\Microsoft SQL Server\120\DTS\Binn\;C:\Program Files\dotnet\;C:\Program Files\Microsoft SQL Server\130\Tools\Binn\;C:\Program Files\Microsoft SQL Server\Client SDK\ODBC\170\Tools\Binn\;C:\Program Files (x86)\Microsoft SQL Server\110\DTS\Binn\;C:\Program Files (x86)\Microsoft SQL Server\130\DTS\Binn\;C:\Program Files (x86)\Microsoft SQL Server\140\DTS\Binn\;C:\Program Files (x86)\Microsoft SQL Server\150\DTS\Binn\;C:\Program Files (x86)\CaseWare IDEA\IDEA\Lib\site-packages\pypiwin32_system32;C:\Go\bin;C:\Program Files\Java\jdk1.8.0_181\bin;C:\Program Files\nodejs\;C:\Program Files\Git\cmd;C:\Users\EMILIO\anaconda3;C:\Users\EMILIO\anaconda3\Library\mingw-w64\bin;C:\Users\EMILIO\anaconda3\Library\usr\
USERNAME=EMILIO
OS=Windows_NT
PROCESSOR_IDENTIFIER=Intel64 Family 6 Model 142 Stepping 10, GenuineIntel



---------------  S Y S T E M  ---------------

OS: Windows 10 , 64 bit Build 19041 (10.0.19041.1151)
OS uptime: 12 days 22:15 hours

CPU:total 8 (initial active 8) (4 cores per cpu, 2 threads per core) family 6 model 142 stepping 10 microcode 0xb4, cmov, cx8, fxsr, mmx, sse, sse2, sse3, ssse3, sse4.1, sse4.2, popcnt, avx, avx2, aes, clmul, erms, 3dnowpref, lzcnt, ht, tsc, tscinvbit, bmi1, bmi2, adx, fma

Memory: 4k page, system-wide physical 6026M (346M free)
TotalPageFile size 24458M (AvailPageFile size 69M)
current process WorkingSet (physical memory assigned to process): 342M, peak: 375M
current process commit charge ("private bytes"): 495M, peak: 670M

vm_info: OpenJDK 64-Bit Server VM (11.0.10+0-b96-7249189) for windows-amd64 JRE (11.0.10+0-b96-7249189), built on Mar 31 2021 21:44:00 by "builder" with MS VC++ 14.0 (VS2015)

END.
