#
# There is insufficient memory for the Java Runtime Environment to continue.
# Native memory allocation (malloc) failed to allocate 1356816 bytes for Chunk::new
# Possible reasons:
#   The system is out of physical RAM or swap space
#   The process is running with CompressedOops enabled, and the Java Heap may be blocking the growth of the native heap
# Possible solutions:
#   Reduce memory load on the system
#   Increase physical memory or swap space
#   Check if swap backing store is full
#   Decrease Java heap size (-Xmx/-Xms)
#   Decrease number of Java threads
#   Decrease Java thread stack sizes (-Xss)
#   Set larger code cache with -XX:ReservedCodeCacheSize=
#   JVM is running with Unscaled Compressed Oops mode in which the Java heap is
#     placed in the first 4GB address space. The Java Heap base address is the
#     maximum limit for the native heap growth. Please use -XX:HeapBaseMinAddress
#     to set the Java Heap base and to place the Java Heap above 4GB virtual address.
# This output file may be truncated or incomplete.
#
#  Out of Memory Error (./src/hotspot/share/memory/arena.cpp:197), pid=16748, tid=6488
#
# JRE version: OpenJDK Runtime Environment (11.0.10) (build 11.0.10+0-b96-7249189)
# Java VM: OpenJDK 64-Bit Server VM (11.0.10+0-b96-7249189, mixed mode, tiered, compressed oops, g1 gc, windows-amd64)
# No core dump will be written. Minidumps are not enabled by default on client versions of Windows
#

---------------  S U M M A R Y ------------

Command Line: --add-opens=java.base/java.util=ALL-UNNAMED --add-opens=java.base/java.lang=ALL-UNNAMED --add-opens=java.base/java.lang.invoke=ALL-UNNAMED --add-opens=java.prefs/java.util.prefs=ALL-UNNAMED -Xmx2048m -Dfile.encoding=UTF-8 -Duser.country=PE -Duser.language=es -Duser.variant org.gradle.launcher.daemon.bootstrap.GradleDaemon 6.7.1

Host: Intel(R) Core(TM) i5-8250U CPU @ 1.60GHz, 8 cores, 5G,  Windows 10 , 64 bit Build 19041 (10.0.19041.1151)
Time: Sun Aug 29 14:36:30 2021 Hora est. Pacífico, Sudamérica elapsed time: 5.600732 seconds (0d 0h 0m 5s)

---------------  T H R E A D  ---------------

Current thread (0x0000025e838fe000):  JavaThread "C2 CompilerThread1" daemon [_thread_in_native, id=6488, stack(0x0000009ee5d00000,0x0000009ee5e00000)]


Current CompileTask:
C2:   5600 5114   !   4       java.util.jar.Attributes::read (390 bytes)

Stack: [0x0000009ee5d00000,0x0000009ee5e00000]
Native frames: (J=compiled Java code, j=interpreted, Vv=VM code, C=native code)
V  [jvm.dll+0x5ecfaa]
V  [jvm.dll+0x722bd5]
V  [jvm.dll+0x72412d]
V  [jvm.dll+0x7247e3]
V  [jvm.dll+0x242928]
V  [jvm.dll+0xbc4fc]
V  [jvm.dll+0xbca0c]
V  [jvm.dll+0x352d7d]
V  [jvm.dll+0x320ad3]
V  [jvm.dll+0x31ffca]
V  [jvm.dll+0x1fb602]
V  [jvm.dll+0x1fa7f4]
V  [jvm.dll+0x18354c]
V  [jvm.dll+0x208ee7]
V  [jvm.dll+0x207731]
V  [jvm.dll+0x6eb1cf]
V  [jvm.dll+0x6e3d45]
V  [jvm.dll+0x5ebe96]
C  [ucrtbase.dll+0x21bb2]
C  [KERNEL32.DLL+0x17034]
C  [ntdll.dll+0x52651]


---------------  P R O C E S S  ---------------

Threads class SMR info:
_java_thread_list=0x0000025e872367e0, length=159, elements={
0x0000025ee6c34800, 0x0000025eff0a3800, 0x0000025eff0ae800, 0x0000025eff9f0800,
0x0000025eff9f2800, 0x0000025eff9f5800, 0x0000025eff9f9800, 0x0000025effa00000,
0x0000025eff0c0000, 0x0000025effba3000, 0x0000025e831f2000, 0x0000025e83e35800,
0x0000025e83cc3800, 0x0000025e83380000, 0x0000025e83bcc000, 0x0000025e83077800,
0x0000025e83497800, 0x0000025e838fe000, 0x0000025e82a8c800, 0x0000025e8378f000,
0x0000025e83792000, 0x0000025e83791800, 0x0000025e83790800, 0x0000025e83793000,
0x0000025e83794000, 0x0000025e83795800, 0x0000025e83790000, 0x0000025e83794800,
0x0000025e86cce000, 0x0000025e86cd0000, 0x0000025e86ccf000, 0x0000025e86cd1800,
0x0000025e86ccd800, 0x0000025e86cd5800, 0x0000025e86cd7000, 0x0000025e86cd8000,
0x0000025e86cd6800, 0x0000025e86cd9000, 0x0000025e86cd9800, 0x0000025e86cd4000,
0x0000025e86cda800, 0x0000025e86cd5000, 0x0000025e86cdb800, 0x0000025e86cdc000,
0x0000025e889fd800, 0x0000025e88a04000, 0x0000025e889ff000, 0x0000025e88a03000,
0x0000025e88a00800, 0x0000025e889ff800, 0x0000025e88a01800, 0x0000025e88a02000,
0x0000025e889fe000, 0x0000025e88a08800, 0x0000025e88a05800, 0x0000025e88a08000,
0x0000025e88a06800, 0x0000025e88a07000, 0x0000025e88a09800, 0x0000025e88a0a800,
0x0000025e88a04800, 0x0000025e88a0b000, 0x0000025e88a0c000, 0x0000025e86048800,
0x0000025e86047800, 0x0000025e86047000, 0x0000025e86043800, 0x0000025e86049000,
0x0000025e86046000, 0x0000025e8604a000, 0x0000025e86044800, 0x0000025e8604b000,
0x0000025e86045000, 0x0000025e8604f000, 0x0000025e86050800, 0x0000025e8604e000,
0x0000025e8604f800, 0x0000025e8604b800, 0x0000025e86051800, 0x0000025e86052000,
0x0000025e8604c800, 0x0000025e8604d800, 0x0000025e887bd000, 0x0000025e887bf800,
0x0000025e887be000, 0x0000025e887c0800, 0x0000025e887bf000, 0x0000025e887c1800,
0x0000025e887bb800, 0x0000025e887c2000, 0x0000025e887bc800, 0x0000025e887c6000,
0x0000025e887c7000, 0x0000025e887c8000, 0x0000025e887c8800, 0x0000025e887c4000,
0x0000025e887c5800, 0x0000025e887c3000, 0x0000025e887c9800, 0x0000025e887ca800,
0x0000025e887c4800, 0x0000025e88552000, 0x0000025e88556000, 0x0000025e88557000,
0x0000025e88558000, 0x0000025e88558800, 0x0000025e88553000, 0x0000025e88554000,
0x0000025e88559800, 0x0000025e8855a800, 0x0000025e88554800, 0x0000025e8855b000,
0x0000025e88555800, 0x0000025e88560000, 0x0000025e8855d800, 0x0000025e8855c000,
0x0000025e8855f000, 0x0000025e8855d000, 0x0000025e88561000, 0x0000025e8855e800,
0x0000025e8871f800, 0x0000025e8871d000, 0x0000025e88721000, 0x0000025e88720000,
0x0000025e8871c000, 0x0000025e8871b800, 0x0000025e8871d800, 0x0000025e88722800,
0x0000025e88722000, 0x0000025e88723800, 0x0000025e88724800, 0x0000025e8871e800,
0x0000025e88727800, 0x0000025e88729000, 0x0000025e88726000, 0x0000025e88726800,
0x0000025e88725000, 0x0000025e88728800, 0x0000025e8872a000, 0x0000025e87060800,
0x0000025e87061000, 0x0000025e87062000, 0x0000025e87063000, 0x0000025e87063800,
0x0000025e87064800, 0x0000025e8705e800, 0x0000025e87065000, 0x0000025e8705f800,
0x0000025e87069800, 0x0000025e87066000, 0x0000025e87068800, 0x0000025e8706c800,
0x0000025e87067000, 0x0000025e8706a000, 0x0000025e8706b800, 0x0000025e8706d800,
0x0000025e87067800, 0x0000025e8706b000, 0x0000025e88c59800
}

Java Threads: ( => current thread )
  0x0000025ee6c34800 JavaThread "main" [_thread_blocked, id=9956, stack(0x0000009ee3b00000,0x0000009ee3c00000)]
  0x0000025eff0a3800 JavaThread "Reference Handler" daemon [_thread_blocked, id=11624, stack(0x0000009ee4200000,0x0000009ee4300000)]
  0x0000025eff0ae800 JavaThread "Finalizer" daemon [_thread_blocked, id=6836, stack(0x0000009ee4300000,0x0000009ee4400000)]
  0x0000025eff9f0800 JavaThread "Signal Dispatcher" daemon [_thread_blocked, id=13492, stack(0x0000009ee4400000,0x0000009ee4500000)]
  0x0000025eff9f2800 JavaThread "Attach Listener" daemon [_thread_blocked, id=5776, stack(0x0000009ee4500000,0x0000009ee4600000)]
  0x0000025eff9f5800 JavaThread "Service Thread" daemon [_thread_blocked, id=13448, stack(0x0000009ee4600000,0x0000009ee4700000)]
  0x0000025eff9f9800 JavaThread "C2 CompilerThread0" daemon [_thread_in_native, id=14616, stack(0x0000009ee4700000,0x0000009ee4800000)]
  0x0000025effa00000 JavaThread "C1 CompilerThread0" daemon [_thread_blocked, id=11808, stack(0x0000009ee4800000,0x0000009ee4900000)]
  0x0000025eff0c0000 JavaThread "Sweeper thread" daemon [_thread_blocked, id=19028, stack(0x0000009ee4900000,0x0000009ee4a00000)]
  0x0000025effba3000 JavaThread "Common-Cleaner" daemon [_thread_blocked, id=12664, stack(0x0000009ee4a00000,0x0000009ee4b00000)]
  0x0000025e831f2000 JavaThread "Daemon health stats" [_thread_blocked, id=18752, stack(0x0000009ee4e00000,0x0000009ee4f00000)]
  0x0000025e83e35800 JavaThread "Incoming local TCP Connector on port 60343" [_thread_in_native, id=11972, stack(0x0000009ee5000000,0x0000009ee5100000)]
  0x0000025e83cc3800 JavaThread "Daemon periodic checks" [_thread_blocked, id=16136, stack(0x0000009ee5100000,0x0000009ee5200000)]
  0x0000025e83380000 JavaThread "Daemon" [_thread_blocked, id=16380, stack(0x0000009ee5200000,0x0000009ee5300000)]
  0x0000025e83bcc000 JavaThread "Handler for socket connection from /127.0.0.1:60343 to /127.0.0.1:60344" [_thread_in_native, id=11116, stack(0x0000009ee5300000,0x0000009ee5400000)]
  0x0000025e83077800 JavaThread "Cancel handler" [_thread_blocked, id=13764, stack(0x0000009ee5b00000,0x0000009ee5c00000)]
  0x0000025e83497800 JavaThread "Daemon worker" [_thread_in_Java, id=17652, stack(0x0000009ee5c00000,0x0000009ee5d00000)]
=>0x0000025e838fe000 JavaThread "C2 CompilerThread1" daemon [_thread_in_native, id=6488, stack(0x0000009ee5d00000,0x0000009ee5e00000)]
  0x0000025e82a8c800 JavaThread "Asynchronous log dispatcher for DefaultDaemonConnection: socket connection from /127.0.0.1:60343 to /127.0.0.1:60344" [_thread_blocked, id=15600, stack(0x0000009ee5e00000,0x0000009ee5f00000)]
  0x0000025e8378f000 JavaThread "Stdin handler" [_thread_blocked, id=11448, stack(0x0000009ee5f00000,0x0000009ee6000000)]
  0x0000025e83792000 JavaThread "Thread-8" [_thread_blocked, id=18736, stack(0x0000009ee6000000,0x0000009ee6100000)]
  0x0000025e83791800 JavaThread "Cache worker for file hash cache (C:\Users\EMILIO\.gradle\caches\6.7.1\fileHashes)" [_thread_blocked, id=17332, stack(0x0000009ee6100000,0x0000009ee6200000)]
  0x0000025e83790800 JavaThread "File lock request listener" [_thread_in_native, id=10304, stack(0x0000009ee6200000,0x0000009ee6300000)]
  0x0000025e83793000 JavaThread "Cache worker for journal cache (C:\Users\EMILIO\.gradle\caches\journal-1)" [_thread_blocked, id=12200, stack(0x0000009ee6400000,0x0000009ee6500000)]
  0x0000025e83794000 JavaThread "Cache worker for file hash cache (C:\Users\EMILIO\Documents\SeriousScienceVideos\.gradle\6.7.1\fileHashes)" [_thread_blocked, id=6700, stack(0x0000009ee6500000,0x0000009ee6600000)]
  0x0000025e83795800 JavaThread "Cache worker for checksums cache (C:\Users\EMILIO\Documents\SeriousScienceVideos\.gradle\checksums)" [_thread_blocked, id=2744, stack(0x0000009ee6600000,0x0000009ee6700000)]
  0x0000025e83790000 JavaThread "Cache worker for cache directory md-supplier (C:\Users\EMILIO\.gradle\caches\6.7.1\md-supplier)" [_thread_blocked, id=5796, stack(0x0000009ee6700000,0x0000009ee6800000)]
  0x0000025e83794800 JavaThread "Cache worker for cache directory md-rule (C:\Users\EMILIO\.gradle\caches\6.7.1\md-rule)" [_thread_blocked, id=18680, stack(0x0000009ee6800000,0x0000009ee6900000)]
  0x0000025e86cce000 JavaThread "Cache worker for execution history cache (C:\Users\EMILIO\.gradle\caches\6.7.1\executionHistory)" [_thread_blocked, id=7532, stack(0x0000009ee6900000,0x0000009ee6a00000)]
  0x0000025e86cd0000 JavaThread "jar transforms" [_thread_blocked, id=6064, stack(0x0000009ee6a00000,0x0000009ee6b00000)]
  0x0000025e86ccf000 JavaThread "Cache worker for file content cache (C:\Users\EMILIO\.gradle\caches\6.7.1\fileContent)" [_thread_blocked, id=11028, stack(0x0000009ee6b00000,0x0000009ee6c00000)]
  0x0000025e86cd1800 JavaThread "Cache worker for Build Output Cleanup Cache (C:\Users\EMILIO\Documents\SeriousScienceVideos\.gradle\buildOutputCleanup)" [_thread_blocked, id=16424, stack(0x0000009ee6c00000,0x0000009ee6d00000)]
  0x0000025e86ccd800 JavaThread "Build operations" [_thread_blocked, id=4696, stack(0x0000009ee6d00000,0x0000009ee6e00000)]
  0x0000025e86cd5800 JavaThread "Build operations Thread 2" [_thread_blocked, id=596, stack(0x0000009ee6e00000,0x0000009ee6f00000)]
  0x0000025e86cd7000 JavaThread "Build operations Thread 3" [_thread_blocked, id=11984, stack(0x0000009ee6f00000,0x0000009ee7000000)]
  0x0000025e86cd8000 JavaThread "Build operations Thread 4" [_thread_blocked, id=18820, stack(0x0000009ee7000000,0x0000009ee7100000)]
  0x0000025e86cd6800 JavaThread "Build operations Thread 5" [_thread_blocked, id=9536, stack(0x0000009ee7100000,0x0000009ee7200000)]
  0x0000025e86cd9000 JavaThread "Build operations Thread 6" [_thread_blocked, id=10220, stack(0x0000009ee7200000,0x0000009ee7300000)]
  0x0000025e86cd9800 JavaThread "Build operations Thread 7" [_thread_blocked, id=12216, stack(0x0000009ee7300000,0x0000009ee7400000)]
  0x0000025e86cd4000 JavaThread "Build operations Thread 8" [_thread_blocked, id=15544, stack(0x0000009ee7400000,0x0000009ee7500000)]
  0x0000025e86cda800 JavaThread "jar transforms Thread 2" [_thread_blocked, id=12720, stack(0x0000009ee7500000,0x0000009ee7600000)]
  0x0000025e86cd5000 JavaThread "jar transforms Thread 3" [_thread_blocked, id=6228, stack(0x0000009ee7600000,0x0000009ee7700000)]
  0x0000025e86cdb800 JavaThread "jar transforms Thread 4" [_thread_blocked, id=10624, stack(0x0000009ee7700000,0x0000009ee7800000)]
  0x0000025e86cdc000 JavaThread "jar transforms Thread 5" [_thread_blocked, id=18540, stack(0x0000009ee7800000,0x0000009ee7900000)]
  0x0000025e889fd800 JavaThread "jar transforms Thread 6" [_thread_blocked, id=7992, stack(0x0000009ee7900000,0x0000009ee7a00000)]
  0x0000025e88a04000 JavaThread "jar transforms Thread 7" [_thread_blocked, id=18180, stack(0x0000009ee7a00000,0x0000009ee7b00000)]
  0x0000025e889ff000 JavaThread "jar transforms Thread 8" [_thread_blocked, id=10936, stack(0x0000009ee7b00000,0x0000009ee7c00000)]
  0x0000025e88a03000 JavaThread "jar transforms Thread 9" [_thread_blocked, id=3316, stack(0x0000009ee7c00000,0x0000009ee7d00000)]
  0x0000025e88a00800 JavaThread "jar transforms Thread 10" [_thread_blocked, id=14308, stack(0x0000009ee7d00000,0x0000009ee7e00000)]
  0x0000025e889ff800 JavaThread "jar transforms Thread 11" [_thread_blocked, id=10264, stack(0x0000009ee7e00000,0x0000009ee7f00000)]
  0x0000025e88a01800 JavaThread "jar transforms Thread 12" [_thread_blocked, id=10160, stack(0x0000009ee7f00000,0x0000009ee8000000)]
  0x0000025e88a02000 JavaThread "jar transforms Thread 13" [_thread_blocked, id=14564, stack(0x0000009ee8000000,0x0000009ee8100000)]
  0x0000025e889fe000 JavaThread "jar transforms Thread 14" [_thread_blocked, id=14560, stack(0x0000009ee8100000,0x0000009ee8200000)]
  0x0000025e88a08800 JavaThread "jar transforms Thread 15" [_thread_blocked, id=15060, stack(0x0000009ee8200000,0x0000009ee8300000)]
  0x0000025e88a05800 JavaThread "jar transforms Thread 16" [_thread_blocked, id=19000, stack(0x0000009ee8300000,0x0000009ee8400000)]
  0x0000025e88a08000 JavaThread "jar transforms Thread 17" [_thread_blocked, id=14448, stack(0x0000009ee8400000,0x0000009ee8500000)]
  0x0000025e88a06800 JavaThread "jar transforms Thread 18" [_thread_blocked, id=15712, stack(0x0000009ee8500000,0x0000009ee8600000)]
  0x0000025e88a07000 JavaThread "jar transforms Thread 19" [_thread_blocked, id=15316, stack(0x0000009ee8600000,0x0000009ee8700000)]
  0x0000025e88a09800 JavaThread "jar transforms Thread 20" [_thread_blocked, id=15840, stack(0x0000009ee8700000,0x0000009ee8800000)]
  0x0000025e88a0a800 JavaThread "jar transforms Thread 21" [_thread_blocked, id=7528, stack(0x0000009ee8800000,0x0000009ee8900000)]
  0x0000025e88a04800 JavaThread "jar transforms Thread 22" [_thread_blocked, id=1168, stack(0x0000009ee8900000,0x0000009ee8a00000)]
  0x0000025e88a0b000 JavaThread "jar transforms Thread 23" [_thread_blocked, id=2216, stack(0x0000009ee8a00000,0x0000009ee8b00000)]
  0x0000025e88a0c000 JavaThread "jar transforms Thread 24" [_thread_blocked, id=17140, stack(0x0000009ee8b00000,0x0000009ee8c00000)]
  0x0000025e86048800 JavaThread "jar transforms Thread 25" [_thread_blocked, id=18788, stack(0x0000009ee8c00000,0x0000009ee8d00000)]
  0x0000025e86047800 JavaThread "jar transforms Thread 26" [_thread_blocked, id=12352, stack(0x0000009ee8d00000,0x0000009ee8e00000)]
  0x0000025e86047000 JavaThread "jar transforms Thread 27" [_thread_blocked, id=10876, stack(0x0000009ee8e00000,0x0000009ee8f00000)]
  0x0000025e86043800 JavaThread "jar transforms Thread 28" [_thread_blocked, id=2000, stack(0x0000009ee8f00000,0x0000009ee9000000)]
  0x0000025e86049000 JavaThread "jar transforms Thread 29" [_thread_blocked, id=18196, stack(0x0000009ee9000000,0x0000009ee9100000)]
  0x0000025e86046000 JavaThread "jar transforms Thread 30" [_thread_blocked, id=13532, stack(0x0000009ee9100000,0x0000009ee9200000)]
  0x0000025e8604a000 JavaThread "jar transforms Thread 31" [_thread_blocked, id=1152, stack(0x0000009ee9200000,0x0000009ee9300000)]
  0x0000025e86044800 JavaThread "jar transforms Thread 32" [_thread_blocked, id=4408, stack(0x0000009ee9300000,0x0000009ee9400000)]
  0x0000025e8604b000 JavaThread "jar transforms Thread 33" [_thread_blocked, id=8496, stack(0x0000009ee9400000,0x0000009ee9500000)]
  0x0000025e86045000 JavaThread "jar transforms Thread 34" [_thread_blocked, id=12076, stack(0x0000009ee9500000,0x0000009ee9600000)]
  0x0000025e8604f000 JavaThread "jar transforms Thread 35" [_thread_blocked, id=12120, stack(0x0000009ee9600000,0x0000009ee9700000)]
  0x0000025e86050800 JavaThread "jar transforms Thread 36" [_thread_blocked, id=2424, stack(0x0000009ee9700000,0x0000009ee9800000)]
  0x0000025e8604e000 JavaThread "jar transforms Thread 37" [_thread_blocked, id=15012, stack(0x0000009ee9800000,0x0000009ee9900000)]
  0x0000025e8604f800 JavaThread "jar transforms Thread 38" [_thread_blocked, id=12740, stack(0x0000009ee9900000,0x0000009ee9a00000)]
  0x0000025e8604b800 JavaThread "jar transforms Thread 39" [_thread_blocked, id=16904, stack(0x0000009ee9a00000,0x0000009ee9b00000)]
  0x0000025e86051800 JavaThread "jar transforms Thread 40" [_thread_blocked, id=13348, stack(0x0000009ee9b00000,0x0000009ee9c00000)]
  0x0000025e86052000 JavaThread "jar transforms Thread 41" [_thread_blocked, id=6860, stack(0x0000009ee9c00000,0x0000009ee9d00000)]
  0x0000025e8604c800 JavaThread "jar transforms Thread 42" [_thread_blocked, id=11292, stack(0x0000009ee9d00000,0x0000009ee9e00000)]
  0x0000025e8604d800 JavaThread "jar transforms Thread 43" [_thread_blocked, id=12264, stack(0x0000009ee9e00000,0x0000009ee9f00000)]
  0x0000025e887bd000 JavaThread "jar transforms Thread 44" [_thread_blocked, id=18240, stack(0x0000009ee9f00000,0x0000009eea000000)]
  0x0000025e887bf800 JavaThread "jar transforms Thread 45" [_thread_blocked, id=18148, stack(0x0000009eea000000,0x0000009eea100000)]
  0x0000025e887be000 JavaThread "jar transforms Thread 46" [_thread_blocked, id=7620, stack(0x0000009eea100000,0x0000009eea200000)]
  0x0000025e887c0800 JavaThread "jar transforms Thread 47" [_thread_blocked, id=8808, stack(0x0000009eea200000,0x0000009eea300000)]
  0x0000025e887bf000 JavaThread "jar transforms Thread 48" [_thread_blocked, id=13700, stack(0x0000009eea300000,0x0000009eea400000)]
  0x0000025e887c1800 JavaThread "jar transforms Thread 49" [_thread_blocked, id=1628, stack(0x0000009eea400000,0x0000009eea500000)]
  0x0000025e887bb800 JavaThread "jar transforms Thread 50" [_thread_blocked, id=9384, stack(0x0000009eea500000,0x0000009eea600000)]
  0x0000025e887c2000 JavaThread "jar transforms Thread 51" [_thread_blocked, id=18416, stack(0x0000009eea600000,0x0000009eea700000)]
  0x0000025e887bc800 JavaThread "jar transforms Thread 52" [_thread_blocked, id=10960, stack(0x0000009eea700000,0x0000009eea800000)]
  0x0000025e887c6000 JavaThread "jar transforms Thread 53" [_thread_blocked, id=17008, stack(0x0000009eea800000,0x0000009eea900000)]
  0x0000025e887c7000 JavaThread "jar transforms Thread 54" [_thread_blocked, id=9780, stack(0x0000009eea900000,0x0000009eeaa00000)]
  0x0000025e887c8000 JavaThread "jar transforms Thread 55" [_thread_blocked, id=14844, stack(0x0000009eeaa00000,0x0000009eeab00000)]
  0x0000025e887c8800 JavaThread "jar transforms Thread 56" [_thread_blocked, id=4256, stack(0x0000009eeab00000,0x0000009eeac00000)]
  0x0000025e887c4000 JavaThread "jar transforms Thread 57" [_thread_blocked, id=5572, stack(0x0000009eeac00000,0x0000009eead00000)]
  0x0000025e887c5800 JavaThread "jar transforms Thread 58" [_thread_blocked, id=15756, stack(0x0000009eead00000,0x0000009eeae00000)]
  0x0000025e887c3000 JavaThread "jar transforms Thread 59" [_thread_blocked, id=16396, stack(0x0000009eeae00000,0x0000009eeaf00000)]
  0x0000025e887c9800 JavaThread "jar transforms Thread 60" [_thread_blocked, id=264, stack(0x0000009eeaf00000,0x0000009eeb000000)]
  0x0000025e887ca800 JavaThread "jar transforms Thread 61" [_thread_blocked, id=9060, stack(0x0000009eeb000000,0x0000009eeb100000)]
  0x0000025e887c4800 JavaThread "jar transforms Thread 62" [_thread_blocked, id=14408, stack(0x0000009eeb100000,0x0000009eeb200000)]
  0x0000025e88552000 JavaThread "jar transforms Thread 63" [_thread_blocked, id=4424, stack(0x0000009eeb200000,0x0000009eeb300000)]
  0x0000025e88556000 JavaThread "jar transforms Thread 64" [_thread_blocked, id=8712, stack(0x0000009eeb300000,0x0000009eeb400000)]
  0x0000025e88557000 JavaThread "jar transforms Thread 65" [_thread_blocked, id=1296, stack(0x0000009eeb400000,0x0000009eeb500000)]
  0x0000025e88558000 JavaThread "jar transforms Thread 66" [_thread_blocked, id=14356, stack(0x0000009eeb500000,0x0000009eeb600000)]
  0x0000025e88558800 JavaThread "jar transforms Thread 67" [_thread_blocked, id=8656, stack(0x0000009eeb600000,0x0000009eeb700000)]
  0x0000025e88553000 JavaThread "jar transforms Thread 68" [_thread_blocked, id=12636, stack(0x0000009eeb700000,0x0000009eeb800000)]
  0x0000025e88554000 JavaThread "jar transforms Thread 69" [_thread_blocked, id=10828, stack(0x0000009eeb800000,0x0000009eeb900000)]
  0x0000025e88559800 JavaThread "jar transforms Thread 70" [_thread_blocked, id=18700, stack(0x0000009eeb900000,0x0000009eeba00000)]
  0x0000025e8855a800 JavaThread "jar transforms Thread 71" [_thread_blocked, id=9564, stack(0x0000009eeba00000,0x0000009eebb00000)]
  0x0000025e88554800 JavaThread "jar transforms Thread 72" [_thread_blocked, id=9144, stack(0x0000009eebb00000,0x0000009eebc00000)]
  0x0000025e8855b000 JavaThread "jar transforms Thread 73" [_thread_blocked, id=12948, stack(0x0000009eebc00000,0x0000009eebd00000)]
  0x0000025e88555800 JavaThread "jar transforms Thread 74" [_thread_blocked, id=4884, stack(0x0000009eebd00000,0x0000009eebe00000)]
  0x0000025e88560000 JavaThread "jar transforms Thread 75" [_thread_blocked, id=18840, stack(0x0000009eebe00000,0x0000009eebf00000)]
  0x0000025e8855d800 JavaThread "jar transforms Thread 76" [_thread_blocked, id=10992, stack(0x0000009eebf00000,0x0000009eec000000)]
  0x0000025e8855c000 JavaThread "jar transforms Thread 77" [_thread_blocked, id=8144, stack(0x0000009eec000000,0x0000009eec100000)]
  0x0000025e8855f000 JavaThread "jar transforms Thread 78" [_thread_blocked, id=15876, stack(0x0000009eec100000,0x0000009eec200000)]
  0x0000025e8855d000 JavaThread "jar transforms Thread 79" [_thread_blocked, id=11632, stack(0x0000009eec200000,0x0000009eec300000)]
  0x0000025e88561000 JavaThread "jar transforms Thread 80" [_thread_blocked, id=10536, stack(0x0000009eec300000,0x0000009eec400000)]
  0x0000025e8855e800 JavaThread "jar transforms Thread 81" [_thread_blocked, id=6284, stack(0x0000009eec400000,0x0000009eec500000)]
  0x0000025e8871f800 JavaThread "jar transforms Thread 82" [_thread_blocked, id=10408, stack(0x0000009eec500000,0x0000009eec600000)]
  0x0000025e8871d000 JavaThread "jar transforms Thread 83" [_thread_blocked, id=16716, stack(0x0000009eec600000,0x0000009eec700000)]
  0x0000025e88721000 JavaThread "jar transforms Thread 84" [_thread_blocked, id=8748, stack(0x0000009eec700000,0x0000009eec800000)]
  0x0000025e88720000 JavaThread "jar transforms Thread 85" [_thread_blocked, id=16304, stack(0x0000009eec800000,0x0000009eec900000)]
  0x0000025e8871c000 JavaThread "jar transforms Thread 86" [_thread_blocked, id=15912, stack(0x0000009eec900000,0x0000009eeca00000)]
  0x0000025e8871b800 JavaThread "jar transforms Thread 87" [_thread_blocked, id=9320, stack(0x0000009eeca00000,0x0000009eecb00000)]
  0x0000025e8871d800 JavaThread "jar transforms Thread 88" [_thread_blocked, id=11676, stack(0x0000009eecb00000,0x0000009eecc00000)]
  0x0000025e88722800 JavaThread "jar transforms Thread 89" [_thread_blocked, id=13248, stack(0x0000009eecc00000,0x0000009eecd00000)]
  0x0000025e88722000 JavaThread "jar transforms Thread 90" [_thread_blocked, id=14876, stack(0x0000009eecd00000,0x0000009eece00000)]
  0x0000025e88723800 JavaThread "jar transforms Thread 91" [_thread_blocked, id=17892, stack(0x0000009eece00000,0x0000009eecf00000)]
  0x0000025e88724800 JavaThread "jar transforms Thread 92" [_thread_blocked, id=1132, stack(0x0000009eecf00000,0x0000009eed000000)]
  0x0000025e8871e800 JavaThread "jar transforms Thread 93" [_thread_blocked, id=14100, stack(0x0000009eed000000,0x0000009eed100000)]
  0x0000025e88727800 JavaThread "jar transforms Thread 94" [_thread_blocked, id=12476, stack(0x0000009eed100000,0x0000009eed200000)]
  0x0000025e88729000 JavaThread "jar transforms Thread 95" [_thread_blocked, id=12776, stack(0x0000009eed200000,0x0000009eed300000)]
  0x0000025e88726000 JavaThread "jar transforms Thread 96" [_thread_blocked, id=17960, stack(0x0000009eed300000,0x0000009eed400000)]
  0x0000025e88726800 JavaThread "jar transforms Thread 97" [_thread_blocked, id=3352, stack(0x0000009eed400000,0x0000009eed500000)]
  0x0000025e88725000 JavaThread "jar transforms Thread 98" [_thread_blocked, id=7772, stack(0x0000009eed500000,0x0000009eed600000)]
  0x0000025e88728800 JavaThread "jar transforms Thread 99" [_thread_blocked, id=13032, stack(0x0000009eed600000,0x0000009eed700000)]
  0x0000025e8872a000 JavaThread "jar transforms Thread 100" [_thread_blocked, id=12972, stack(0x0000009eed700000,0x0000009eed800000)]
  0x0000025e87060800 JavaThread "jar transforms Thread 101" [_thread_blocked, id=11864, stack(0x0000009eed800000,0x0000009eed900000)]
  0x0000025e87061000 JavaThread "jar transforms Thread 102" [_thread_blocked, id=9952, stack(0x0000009eed900000,0x0000009eeda00000)]
  0x0000025e87062000 JavaThread "jar transforms Thread 103" [_thread_blocked, id=18060, stack(0x0000009eeda00000,0x0000009eedb00000)]
  0x0000025e87063000 JavaThread "jar transforms Thread 104" [_thread_blocked, id=11716, stack(0x0000009eedb00000,0x0000009eedc00000)]
  0x0000025e87063800 JavaThread "jar transforms Thread 105" [_thread_blocked, id=18492, stack(0x0000009eedc00000,0x0000009eedd00000)]
  0x0000025e87064800 JavaThread "jar transforms Thread 106" [_thread_blocked, id=11524, stack(0x0000009eedd00000,0x0000009eede00000)]
  0x0000025e8705e800 JavaThread "jar transforms Thread 107" [_thread_blocked, id=12736, stack(0x0000009eede00000,0x0000009eedf00000)]
  0x0000025e87065000 JavaThread "jar transforms Thread 108" [_thread_blocked, id=7188, stack(0x0000009eedf00000,0x0000009eee000000)]
  0x0000025e8705f800 JavaThread "jar transforms Thread 109" [_thread_blocked, id=4748, stack(0x0000009eee000000,0x0000009eee100000)]
  0x0000025e87069800 JavaThread "jar transforms Thread 110" [_thread_blocked, id=7768, stack(0x0000009eee100000,0x0000009eee200000)]
  0x0000025e87066000 JavaThread "jar transforms Thread 111" [_thread_blocked, id=5608, stack(0x0000009eee200000,0x0000009eee300000)]
  0x0000025e87068800 JavaThread "jar transforms Thread 112" [_thread_blocked, id=2824, stack(0x0000009eee300000,0x0000009eee400000)]
  0x0000025e8706c800 JavaThread "jar transforms Thread 113" [_thread_blocked, id=19024, stack(0x0000009eee400000,0x0000009eee500000)]
  0x0000025e87067000 JavaThread "jar transforms Thread 114" [_thread_blocked, id=9744, stack(0x0000009eee500000,0x0000009eee600000)]
  0x0000025e8706a000 JavaThread "jar transforms Thread 115" [_thread_blocked, id=5804, stack(0x0000009eee600000,0x0000009eee700000)]
  0x0000025e8706b800 JavaThread "jar transforms Thread 116" [_thread_blocked, id=16728, stack(0x0000009eee700000,0x0000009eee800000)]
  0x0000025e8706d800 JavaThread "jar transforms Thread 117" [_thread_blocked, id=10064, stack(0x0000009eee800000,0x0000009eee900000)]
  0x0000025e87067800 JavaThread "jar transforms Thread 118" [_thread_blocked, id=10380, stack(0x0000009eee900000,0x0000009eeea00000)]
  0x0000025e8706b000 JavaThread "jar transforms Thread 119" [_thread_blocked, id=18252, stack(0x0000009eeea00000,0x0000009eeeb00000)]
  0x0000025e88c59800 JavaThread "Memory manager" [_thread_blocked, id=4404, stack(0x0000009eeeb00000,0x0000009eeec00000)]

Other Threads:
  0x0000025eff05f800 VMThread "VM Thread" [stack: 0x0000009ee4100000,0x0000009ee4200000] [id=3244]
  0x0000025effbe2800 WatcherThread [stack: 0x0000009ee4b00000,0x0000009ee4c00000] [id=3140]
  0x0000025ee4b0c000 GCTaskThread "GC Thread#0" [stack: 0x0000009ee3c00000,0x0000009ee3d00000] [id=17584]
  0x0000025e828a3800 GCTaskThread "GC Thread#1" [stack: 0x0000009ee4d00000,0x0000009ee4e00000] [id=11924]
  0x0000025e829f7000 GCTaskThread "GC Thread#2" [stack: 0x0000009ee5400000,0x0000009ee5500000] [id=12256]
  0x0000025e83bb5800 GCTaskThread "GC Thread#3" [stack: 0x0000009ee5500000,0x0000009ee5600000] [id=7912]
  0x0000025e8367f800 GCTaskThread "GC Thread#4" [stack: 0x0000009ee5600000,0x0000009ee5700000] [id=1680]
  0x0000025e83920800 GCTaskThread "GC Thread#5" [stack: 0x0000009ee5700000,0x0000009ee5800000] [id=8208]
  0x0000025e83424000 GCTaskThread "GC Thread#6" [stack: 0x0000009ee5800000,0x0000009ee5900000] [id=15668]
  0x0000025e836eb000 GCTaskThread "GC Thread#7" [stack: 0x0000009ee5900000,0x0000009ee5a00000] [id=15856]
  0x0000025ee6c78800 ConcurrentGCThread "G1 Main Marker" [stack: 0x0000009ee3d00000,0x0000009ee3e00000] [id=7476]
  0x0000025ee6c7d000 ConcurrentGCThread "G1 Conc#0" [stack: 0x0000009ee3e00000,0x0000009ee3f00000] [id=17656]
  0x0000025e8391d000 ConcurrentGCThread "G1 Conc#1" [stack: 0x0000009ee6300000,0x0000009ee6400000] [id=3664]
  0x0000025ee6cfe800 ConcurrentGCThread "G1 Refine#0" [stack: 0x0000009ee3f00000,0x0000009ee4000000] [id=12148]
  0x0000025e8367a800 ConcurrentGCThread "G1 Refine#1" [stack: 0x0000009ee5a00000,0x0000009ee5b00000] [id=2812]
  0x0000025ee6cff800 ConcurrentGCThread "G1 Young RemSet Sampling" [stack: 0x0000009ee4000000,0x0000009ee4100000] [id=16212]

Threads with active compile tasks:
C2 CompilerThread0   5687 4947       4       org.objectweb.asm.Frame::execute (2318 bytes)
C2 CompilerThread1   5687 5114   !   4       java.util.jar.Attributes::read (390 bytes)

VM state:not at safepoint (normal execution)

VM Mutex/Monitor currently owned by a thread: None

Heap address: 0x0000000080000000, size: 2048 MB, Compressed Oops mode: 32-bit
Narrow klass base: 0x0000000000000000, Narrow klass shift: 3
Compressed class space size: 1073741824 Address: 0x0000000100000000

Heap:
 garbage-first heap   total 118784K, used 57385K [0x0000000080000000, 0x0000000100000000)
  region size 1024K, 15 young (15360K), 4 survivors (4096K)
 Metaspace       used 57760K, capacity 59265K, committed 59392K, reserved 1101824K
  class space    used 7367K, capacity 7867K, committed 7936K, reserved 1048576K
Heap Regions: E=young(eden), S=young(survivor), O=old, HS=humongous(starts), HC=humongous(continues), CS=collection set, F=free, A=archive, TAMS=top-at-mark-start (previous, next)
|   0|0x0000000080000000, 0x0000000080100000, 0x0000000080100000|100%| O|  |TAMS 0x0000000080100000, 0x0000000080000000| Untracked 
|   1|0x0000000080100000, 0x0000000080200000, 0x0000000080200000|100%| O|  |TAMS 0x0000000080200000, 0x0000000080100000| Untracked 
|   2|0x0000000080200000, 0x0000000080300000, 0x0000000080300000|100%| O|  |TAMS 0x0000000080300000, 0x0000000080200000| Untracked 
|   3|0x0000000080300000, 0x0000000080400000, 0x0000000080400000|100%|HS|  |TAMS 0x0000000080400000, 0x0000000080300000| Complete 
|   4|0x0000000080400000, 0x0000000080500000, 0x0000000080500000|100%|HC|  |TAMS 0x0000000080500000, 0x0000000080400000| Complete 
|   5|0x0000000080500000, 0x0000000080600000, 0x0000000080600000|100%|HC|  |TAMS 0x0000000080600000, 0x0000000080500000| Complete 
|   6|0x0000000080600000, 0x0000000080700000, 0x0000000080700000|100%| O|  |TAMS 0x0000000080700000, 0x0000000080600000| Untracked 
|   7|0x0000000080700000, 0x0000000080800000, 0x0000000080800000|100%| O|  |TAMS 0x0000000080800000, 0x0000000080700000| Untracked 
|   8|0x0000000080800000, 0x0000000080900000, 0x0000000080900000|100%| O|  |TAMS 0x0000000080900000, 0x0000000080800000| Untracked 
|   9|0x0000000080900000, 0x0000000080a00000, 0x0000000080a00000|100%| O|  |TAMS 0x0000000080a00000, 0x0000000080900000| Untracked 
|  10|0x0000000080a00000, 0x0000000080b00000, 0x0000000080b00000|100%| O|  |TAMS 0x0000000080b00000, 0x0000000080a00000| Untracked 
|  11|0x0000000080b00000, 0x0000000080c00000, 0x0000000080c00000|100%| O|  |TAMS 0x0000000080c00000, 0x0000000080b00000| Untracked 
|  12|0x0000000080c00000, 0x0000000080d00000, 0x0000000080d00000|100%| O|  |TAMS 0x0000000080d00000, 0x0000000080c00000| Untracked 
|  13|0x0000000080d00000, 0x0000000080e00000, 0x0000000080e00000|100%| O|  |TAMS 0x0000000080e00000, 0x0000000080d00000| Untracked 
|  14|0x0000000080e00000, 0x0000000080f00000, 0x0000000080f00000|100%| O|  |TAMS 0x0000000080f00000, 0x0000000080e00000| Untracked 
|  15|0x0000000080f00000, 0x0000000081000000, 0x0000000081000000|100%| O|  |TAMS 0x0000000081000000, 0x0000000080f00000| Untracked 
|  16|0x0000000081000000, 0x0000000081100000, 0x0000000081100000|100%| O|  |TAMS 0x00000000810f1c00, 0x0000000081000000| Untracked 
|  17|0x0000000081100000, 0x0000000081200000, 0x0000000081200000|100%| O|  |TAMS 0x0000000081100000, 0x0000000081100000| Untracked 
|  18|0x0000000081200000, 0x0000000081300000, 0x0000000081300000|100%| O|  |TAMS 0x0000000081200000, 0x0000000081200000| Untracked 
|  19|0x0000000081300000, 0x0000000081400000, 0x0000000081400000|100%|HS|  |TAMS 0x0000000081300000, 0x0000000081300000| Complete 
|  20|0x0000000081400000, 0x0000000081500000, 0x0000000081500000|100%|HS|  |TAMS 0x0000000081400000, 0x0000000081400000| Complete 
|  21|0x0000000081500000, 0x0000000081600000, 0x0000000081600000|100%| O|  |TAMS 0x0000000081500000, 0x0000000081500000| Untracked 
|  22|0x0000000081600000, 0x0000000081700000, 0x0000000081700000|100%| O|  |TAMS 0x0000000081600000, 0x0000000081600000| Untracked 
|  23|0x0000000081700000, 0x0000000081800000, 0x0000000081800000|100%|HS|  |TAMS 0x0000000081700000, 0x0000000081700000| Complete 
|  24|0x0000000081800000, 0x0000000081900000, 0x0000000081900000|100%|HC|  |TAMS 0x0000000081800000, 0x0000000081800000| Complete 
|  25|0x0000000081900000, 0x0000000081a00000, 0x0000000081a00000|100%|HC|  |TAMS 0x0000000081900000, 0x0000000081900000| Complete 
|  26|0x0000000081a00000, 0x0000000081b00000, 0x0000000081b00000|100%| O|  |TAMS 0x0000000081a00000, 0x0000000081a00000| Untracked 
|  27|0x0000000081b00000, 0x0000000081c00000, 0x0000000081c00000|100%| O|  |TAMS 0x0000000081b00000, 0x0000000081b00000| Untracked 
|  28|0x0000000081c00000, 0x0000000081d00000, 0x0000000081d00000|100%| O|  |TAMS 0x0000000081c00000, 0x0000000081c00000| Untracked 
|  29|0x0000000081d00000, 0x0000000081e00000, 0x0000000081e00000|100%|HS|  |TAMS 0x0000000081d00000, 0x0000000081d00000| Complete 
|  30|0x0000000081e00000, 0x0000000081f00000, 0x0000000081f00000|100%|HC|  |TAMS 0x0000000081e00000, 0x0000000081e00000| Complete 
|  31|0x0000000081f00000, 0x0000000082000000, 0x0000000082000000|100%| O|  |TAMS 0x0000000081f00000, 0x0000000081f00000| Untracked 
|  32|0x0000000082000000, 0x0000000082100000, 0x0000000082100000|100%| O|  |TAMS 0x0000000082000000, 0x0000000082000000| Untracked 
|  33|0x0000000082100000, 0x0000000082200000, 0x0000000082200000|100%| O|  |TAMS 0x0000000082100000, 0x0000000082100000| Untracked 
|  34|0x0000000082200000, 0x0000000082300000, 0x0000000082300000|100%| O|  |TAMS 0x0000000082200000, 0x0000000082200000| Untracked 
|  35|0x0000000082300000, 0x0000000082400000, 0x0000000082400000|100%| O|  |TAMS 0x0000000082300000, 0x0000000082300000| Untracked 
|  36|0x0000000082400000, 0x0000000082500000, 0x0000000082500000|100%| O|  |TAMS 0x0000000082400000, 0x0000000082400000| Untracked 
|  37|0x0000000082500000, 0x0000000082600000, 0x0000000082600000|100%| O|  |TAMS 0x0000000082500000, 0x0000000082500000| Untracked 
|  38|0x0000000082600000, 0x0000000082700000, 0x0000000082700000|100%| O|  |TAMS 0x0000000082600000, 0x0000000082600000| Untracked 
|  39|0x0000000082700000, 0x0000000082800000, 0x0000000082800000|100%| O|  |TAMS 0x0000000082700000, 0x0000000082700000| Untracked 
|  40|0x0000000082800000, 0x0000000082900000, 0x0000000082900000|100%| O|  |TAMS 0x0000000082800000, 0x0000000082800000| Untracked 
|  41|0x0000000082900000, 0x0000000082a00000, 0x0000000082a00000|100%| O|  |TAMS 0x0000000082900000, 0x0000000082900000| Untracked 
|  42|0x0000000082a00000, 0x0000000082a90400, 0x0000000082b00000| 56%| O|  |TAMS 0x0000000082a00000, 0x0000000082a00000| Untracked 
|  43|0x0000000082b00000, 0x0000000082b00000, 0x0000000082c00000|  0%| F|  |TAMS 0x0000000082b00000, 0x0000000082b00000| Untracked 
|  44|0x0000000082c00000, 0x0000000082c00000, 0x0000000082d00000|  0%| F|  |TAMS 0x0000000082c00000, 0x0000000082c00000| Untracked 
|  45|0x0000000082d00000, 0x0000000082d00000, 0x0000000082e00000|  0%| F|  |TAMS 0x0000000082d00000, 0x0000000082d00000| Untracked 
|  46|0x0000000082e00000, 0x0000000082e00000, 0x0000000082f00000|  0%| F|  |TAMS 0x0000000082e00000, 0x0000000082e00000| Untracked 
|  47|0x0000000082f00000, 0x0000000082f00000, 0x0000000083000000|  0%| F|  |TAMS 0x0000000082f00000, 0x0000000082f00000| Untracked 
|  48|0x0000000083000000, 0x0000000083000000, 0x0000000083100000|  0%| F|  |TAMS 0x0000000083000000, 0x0000000083000000| Untracked 
|  49|0x0000000083100000, 0x0000000083100000, 0x0000000083200000|  0%| F|  |TAMS 0x0000000083100000, 0x0000000083100000| Untracked 
|  50|0x0000000083200000, 0x0000000083200000, 0x0000000083300000|  0%| F|  |TAMS 0x0000000083200000, 0x0000000083200000| Untracked 
|  51|0x0000000083300000, 0x0000000083300000, 0x0000000083400000|  0%| F|  |TAMS 0x0000000083300000, 0x0000000083300000| Untracked 
|  52|0x0000000083400000, 0x0000000083400000, 0x0000000083500000|  0%| F|  |TAMS 0x0000000083400000, 0x0000000083400000| Untracked 
|  53|0x0000000083500000, 0x0000000083500000, 0x0000000083600000|  0%| F|  |TAMS 0x0000000083500000, 0x0000000083500000| Untracked 
|  54|0x0000000083600000, 0x0000000083600000, 0x0000000083700000|  0%| F|  |TAMS 0x0000000083600000, 0x0000000083600000| Untracked 
|  55|0x0000000083700000, 0x0000000083700000, 0x0000000083800000|  0%| F|  |TAMS 0x0000000083700000, 0x0000000083700000| Untracked 
|  56|0x0000000083800000, 0x0000000083800000, 0x0000000083900000|  0%| F|  |TAMS 0x0000000083800000, 0x0000000083800000| Untracked 
|  57|0x0000000083900000, 0x0000000083900000, 0x0000000083a00000|  0%| F|  |TAMS 0x0000000083900000, 0x0000000083900000| Untracked 
|  58|0x0000000083a00000, 0x0000000083a00000, 0x0000000083b00000|  0%| F|  |TAMS 0x0000000083a00000, 0x0000000083a00000| Untracked 
|  59|0x0000000083b00000, 0x0000000083b00000, 0x0000000083c00000|  0%| F|  |TAMS 0x0000000083b00000, 0x0000000083b00000| Untracked 
|  60|0x0000000083c00000, 0x0000000083c00000, 0x0000000083d00000|  0%| F|  |TAMS 0x0000000083c00000, 0x0000000083c00000| Untracked 
|  61|0x0000000083d00000, 0x0000000083d00000, 0x0000000083e00000|  0%| F|  |TAMS 0x0000000083d00000, 0x0000000083d00000| Untracked 
|  62|0x0000000083e00000, 0x0000000083e00000, 0x0000000083f00000|  0%| F|  |TAMS 0x0000000083e00000, 0x0000000083e00000| Untracked 
|  63|0x0000000083f00000, 0x0000000083f00000, 0x0000000084000000|  0%| F|  |TAMS 0x0000000083f00000, 0x0000000083f00000| Untracked 
|  64|0x0000000084000000, 0x000000008407a2f8, 0x0000000084100000| 47%| S|CS|TAMS 0x0000000084000000, 0x0000000084000000| Complete 
|  65|0x0000000084100000, 0x0000000084100000, 0x0000000084200000|  0%| F|  |TAMS 0x0000000084100000, 0x0000000084100000| Untracked 
|  66|0x0000000084200000, 0x0000000084200000, 0x0000000084300000|  0%| F|  |TAMS 0x0000000084200000, 0x0000000084200000| Untracked 
|  67|0x0000000084300000, 0x0000000084300000, 0x0000000084400000|  0%| F|  |TAMS 0x0000000084300000, 0x0000000084300000| Untracked 
|  68|0x0000000084400000, 0x0000000084400000, 0x0000000084500000|  0%| F|  |TAMS 0x0000000084400000, 0x0000000084400000| Untracked 
|  69|0x0000000084500000, 0x0000000084600000, 0x0000000084600000|100%| S|CS|TAMS 0x0000000084500000, 0x0000000084500000| Complete 
|  70|0x0000000084600000, 0x0000000084700000, 0x0000000084700000|100%| S|CS|TAMS 0x0000000084600000, 0x0000000084600000| Complete 
|  71|0x0000000084700000, 0x0000000084800000, 0x0000000084800000|100%| S|CS|TAMS 0x0000000084700000, 0x0000000084700000| Complete 
|  72|0x0000000084800000, 0x0000000084800000, 0x0000000084900000|  0%| F|  |TAMS 0x0000000084800000, 0x0000000084800000| Untracked 
|  73|0x0000000084900000, 0x0000000084900000, 0x0000000084a00000|  0%| F|  |TAMS 0x0000000084900000, 0x0000000084900000| Untracked 
|  74|0x0000000084a00000, 0x0000000084a00000, 0x0000000084b00000|  0%| F|  |TAMS 0x0000000084a00000, 0x0000000084a00000| Untracked 
|  75|0x0000000084b00000, 0x0000000084b00000, 0x0000000084c00000|  0%| F|  |TAMS 0x0000000084b00000, 0x0000000084b00000| Untracked 
|  76|0x0000000084c00000, 0x0000000084c00000, 0x0000000084d00000|  0%| F|  |TAMS 0x0000000084c00000, 0x0000000084c00000| Untracked 
|  77|0x0000000084d00000, 0x0000000084d00000, 0x0000000084e00000|  0%| F|  |TAMS 0x0000000084d00000, 0x0000000084d00000| Untracked 
|  78|0x0000000084e00000, 0x0000000084e00000, 0x0000000084f00000|  0%| F|  |TAMS 0x0000000084e00000, 0x0000000084e00000| Untracked 
|  79|0x0000000084f00000, 0x0000000084f00000, 0x0000000085000000|  0%| F|  |TAMS 0x0000000084f00000, 0x0000000084f00000| Untracked 
|  80|0x0000000085000000, 0x0000000085000000, 0x0000000085100000|  0%| F|  |TAMS 0x0000000085000000, 0x0000000085000000| Untracked 
|  81|0x0000000085100000, 0x0000000085100000, 0x0000000085200000|  0%| F|  |TAMS 0x0000000085100000, 0x0000000085100000| Untracked 
|  82|0x0000000085200000, 0x0000000085200000, 0x0000000085300000|  0%| F|  |TAMS 0x0000000085200000, 0x0000000085200000| Untracked 
|  83|0x0000000085300000, 0x0000000085300000, 0x0000000085400000|  0%| F|  |TAMS 0x0000000085300000, 0x0000000085300000| Untracked 
|  84|0x0000000085400000, 0x0000000085400000, 0x0000000085500000|  0%| F|  |TAMS 0x0000000085400000, 0x0000000085400000| Untracked 
|  85|0x0000000085500000, 0x0000000085500000, 0x0000000085600000|  0%| F|  |TAMS 0x0000000085500000, 0x0000000085500000| Untracked 
|  86|0x0000000085600000, 0x0000000085600000, 0x0000000085700000|  0%| F|  |TAMS 0x0000000085600000, 0x0000000085600000| Untracked 
|  87|0x0000000085700000, 0x0000000085700000, 0x0000000085800000|  0%| F|  |TAMS 0x0000000085700000, 0x0000000085700000| Untracked 
|  88|0x0000000085800000, 0x0000000085800000, 0x0000000085900000|  0%| F|  |TAMS 0x0000000085800000, 0x0000000085800000| Untracked 
|  89|0x0000000085900000, 0x0000000085900000, 0x0000000085a00000|  0%| F|  |TAMS 0x0000000085900000, 0x0000000085900000| Untracked 
|  90|0x0000000085a00000, 0x0000000085a00000, 0x0000000085b00000|  0%| F|  |TAMS 0x0000000085a00000, 0x0000000085a00000| Untracked 
|  91|0x0000000085b00000, 0x0000000085b00000, 0x0000000085c00000|  0%| F|  |TAMS 0x0000000085b00000, 0x0000000085b00000| Untracked 
|  92|0x0000000085c00000, 0x0000000085c00000, 0x0000000085d00000|  0%| F|  |TAMS 0x0000000085c00000, 0x0000000085c00000| Untracked 
|  93|0x0000000085d00000, 0x0000000085d00000, 0x0000000085e00000|  0%| F|  |TAMS 0x0000000085d00000, 0x0000000085d00000| Untracked 
|  94|0x0000000085e00000, 0x0000000085e00000, 0x0000000085f00000|  0%| F|  |TAMS 0x0000000085e00000, 0x0000000085e00000| Untracked 
|  95|0x0000000085f00000, 0x0000000085f00000, 0x0000000086000000|  0%| F|  |TAMS 0x0000000085f00000, 0x0000000085f00000| Untracked 
|  96|0x0000000086000000, 0x0000000086000000, 0x0000000086100000|  0%| F|  |TAMS 0x0000000086000000, 0x0000000086000000| Untracked 
|  97|0x0000000086100000, 0x0000000086100000, 0x0000000086200000|  0%| F|  |TAMS 0x0000000086100000, 0x0000000086100000| Untracked 
|  98|0x0000000086200000, 0x0000000086200000, 0x0000000086300000|  0%| F|  |TAMS 0x0000000086200000, 0x0000000086200000| Untracked 
|  99|0x0000000086300000, 0x0000000086300000, 0x0000000086400000|  0%| F|  |TAMS 0x0000000086300000, 0x0000000086300000| Untracked 
| 100|0x0000000086400000, 0x0000000086400000, 0x0000000086500000|  0%| F|  |TAMS 0x0000000086400000, 0x0000000086400000| Untracked 
| 101|0x0000000086500000, 0x0000000086500000, 0x0000000086600000|  0%| F|  |TAMS 0x0000000086500000, 0x0000000086500000| Untracked 
| 102|0x0000000086600000, 0x0000000086600000, 0x0000000086700000|  0%| F|  |TAMS 0x0000000086600000, 0x0000000086600000| Untracked 
| 103|0x0000000086700000, 0x0000000086700000, 0x0000000086800000|  0%| F|  |TAMS 0x0000000086700000, 0x0000000086700000| Untracked 
| 104|0x0000000086800000, 0x0000000086800000, 0x0000000086900000|  0%| F|  |TAMS 0x0000000086800000, 0x0000000086800000| Untracked 
| 105|0x0000000086900000, 0x0000000086980800, 0x0000000086a00000| 50%| E|  |TAMS 0x0000000086900000, 0x0000000086900000| Complete 
| 106|0x0000000086a00000, 0x0000000086b00000, 0x0000000086b00000|100%| E|CS|TAMS 0x0000000086a00000, 0x0000000086a00000| Complete 
| 107|0x0000000086b00000, 0x0000000086c00000, 0x0000000086c00000|100%| E|CS|TAMS 0x0000000086b00000, 0x0000000086b00000| Complete 
| 108|0x0000000086c00000, 0x0000000086d00000, 0x0000000086d00000|100%| E|CS|TAMS 0x0000000086c00000, 0x0000000086c00000| Complete 
| 109|0x0000000086d00000, 0x0000000086e00000, 0x0000000086e00000|100%| E|CS|TAMS 0x0000000086d00000, 0x0000000086d00000| Complete 
| 110|0x0000000086e00000, 0x0000000086f00000, 0x0000000086f00000|100%| E|CS|TAMS 0x0000000086e00000, 0x0000000086e00000| Complete 
| 111|0x0000000086f00000, 0x0000000087000000, 0x0000000087000000|100%| E|CS|TAMS 0x0000000086f00000, 0x0000000086f00000| Complete 
| 112|0x0000000087000000, 0x0000000087100000, 0x0000000087100000|100%| E|CS|TAMS 0x0000000087000000, 0x0000000087000000| Complete 
| 113|0x0000000087100000, 0x0000000087200000, 0x0000000087200000|100%| E|CS|TAMS 0x0000000087100000, 0x0000000087100000| Complete 
| 114|0x0000000087200000, 0x0000000087300000, 0x0000000087300000|100%| E|CS|TAMS 0x0000000087200000, 0x0000000087200000| Complete 
| 115|0x0000000087300000, 0x0000000087400000, 0x0000000087400000|100%| E|CS|TAMS 0x0000000087300000, 0x0000000087300000| Complete 

Card table byte_map: [0x0000025ef9e50000,0x0000025efa250000] _byte_map_base: 0x0000025ef9a50000

Marking Bits (Prev, Next): (CMBitMap*) 0x0000025ee6c6ebf8, (CMBitMap*) 0x0000025ee6c6ec30
 Prev Bits: [0x0000025efa650000, 0x0000025efc650000)
 Next Bits: [0x0000025efc650000, 0x0000025efe650000)

Polling page: 0x0000025ee4c10000

Metaspace:

Usage:
  Non-class:     50.20 MB capacity,    49.25 MB ( 98%) used,   842.76 KB (  2%) free+waste,   135.06 KB ( <1%) overhead. 
      Class:      7.72 MB capacity,     7.20 MB ( 93%) used,   461.97 KB (  6%) free+waste,    64.38 KB ( <1%) overhead. 
       Both:     57.92 MB capacity,    56.45 MB ( 97%) used,     1.27 MB (  2%) free+waste,   199.44 KB ( <1%) overhead. 

Virtual space:
  Non-class space:       52.00 MB reserved,      50.25 MB ( 97%) committed 
      Class space:        1.00 GB reserved,       7.75 MB ( <1%) committed 
             Both:        1.05 GB reserved,      58.00 MB (  5%) committed 

Chunk freelists:
   Non-Class:  50.00 KB
       Class:  1.00 KB
        Both:  51.00 KB

MaxMetaspaceSize: 17179869184.00 GB
CompressedClassSpaceSize: 1.00 GB

CodeHeap 'non-profiled nmethods': size=120000Kb used=2649Kb max_used=2649Kb free=117351Kb
 bounds [0x0000025ef21f0000, 0x0000025ef2490000, 0x0000025ef9720000]
CodeHeap 'profiled nmethods': size=120000Kb used=11174Kb max_used=11174Kb free=108825Kb
 bounds [0x0000025eeacc0000, 0x0000025eeb7b0000, 0x0000025ef21f0000]
CodeHeap 'non-nmethods': size=5760Kb used=2229Kb max_used=2266Kb free=3530Kb
 bounds [0x0000025eea720000, 0x0000025eea990000, 0x0000025eeacc0000]
 total_blobs=6016 nmethods=5211 adapters=716
 compilation: enabled
              stopped_count=0, restarted_count=0
 full_count=0

Compilation events (20 events):
Event: 5.576 Thread 0x0000025effa00000 5189       3       java.util.regex.Pattern$$Lambda$17/0x0000000100095440::get$Lambda (9 bytes)
Event: 5.577 Thread 0x0000025effa00000 nmethod 5189 0x0000025eeb77a890 code [0x0000025eeb77aa40, 0x0000025eeb77ac38]
Event: 5.577 Thread 0x0000025effa00000 5190       3       org.objectweb.asm.ClassWriter::toByteArray (1513 bytes)
Event: 5.582 Thread 0x0000025effa00000 nmethod 5190 0x0000025eeb77ad10 code [0x0000025eeb77b660, 0x0000025eeb77f6b8]
Event: 5.582 Thread 0x0000025effa00000 5191   !   3       org.objectweb.asm.ClassWriter::getCommonSuperClass (141 bytes)
Event: 5.582 Thread 0x0000025effa00000 nmethod 5191 0x0000025eeb781790 code [0x0000025eeb781a80, 0x0000025eeb7825b8]
Event: 5.582 Thread 0x0000025effa00000 5192       3       org.objectweb.asm.ClassWriter::getClassLoader (8 bytes)
Event: 5.583 Thread 0x0000025effa00000 nmethod 5192 0x0000025eeb782c10 code [0x0000025eeb782e40, 0x0000025eeb783718]
Event: 5.585 Thread 0x0000025effa00000 5193       3       jdk.internal.org.objectweb.asm.ClassReader::<init> (257 bytes)
Event: 5.586 Thread 0x0000025effa00000 nmethod 5193 0x0000025eeb783a10 code [0x0000025eeb783c40, 0x0000025eeb7846e8]
Event: 5.587 Thread 0x0000025effa00000 5194       1       org.gradle.internal.instantiation.generator.AbstractClassGenerator$PropertyMetadata::access$1200 (5 bytes)
Event: 5.587 Thread 0x0000025effa00000 nmethod 5194 0x0000025ef2485510 code [0x0000025ef24856c0, 0x0000025ef2485758]
Event: 5.592 Thread 0x0000025effa00000 5196       3       java.lang.reflect.Constructor::hasGenericInformation (13 bytes)
Event: 5.592 Thread 0x0000025effa00000 nmethod 5196 0x0000025eeb784a90 code [0x0000025eeb784c40, 0x0000025eeb784db8]
Event: 5.592 Thread 0x0000025effa00000 5197       1       org.gradle.internal.instantiation.generator.AbstractClassGenerator::getRoleHandler (5 bytes)
Event: 5.593 Thread 0x0000025effa00000 nmethod 5197 0x0000025ef2485810 code [0x0000025ef24859c0, 0x0000025ef2485a78]
Event: 5.593 Thread 0x0000025effa00000 5198       3       org.objectweb.asm.SymbolTable::addMergedType (164 bytes)
Event: 5.594 Thread 0x0000025effa00000 nmethod 5198 0x0000025eeb784e90 code [0x0000025eeb7850c0, 0x0000025eeb785758]
Event: 5.594 Thread 0x0000025effa00000 5199       3       java.lang.reflect.Executable::getDeclaredAnnotations (8 bytes)
Event: 5.594 Thread 0x0000025effa00000 nmethod 5199 0x0000025eeb785b90 code [0x0000025eeb785d80, 0x0000025eeb786188]

GC Heap History (20 events):
Event: 1.886 GC heap before
{Heap before GC invocations=1 (full 0):
 garbage-first heap   total 98304K, used 64491K [0x0000000080000000, 0x0000000100000000)
  region size 1024K, 57 young (58368K), 3 survivors (3072K)
 Metaspace       used 16238K, capacity 16612K, committed 16896K, reserved 1064960K
  class space    used 1860K, capacity 1991K, committed 2048K, reserved 1048576K
}
Event: 1.891 GC heap after
{Heap after GC invocations=2 (full 0):
 garbage-first heap   total 98304K, used 14889K [0x0000000080000000, 0x0000000100000000)
  region size 1024K, 8 young (8192K), 8 survivors (8192K)
 Metaspace       used 16238K, capacity 16612K, committed 16896K, reserved 1064960K
  class space    used 1860K, capacity 1991K, committed 2048K, reserved 1048576K
}
Event: 2.203 GC heap before
{Heap before GC invocations=2 (full 0):
 garbage-first heap   total 98304K, used 45609K [0x0000000080000000, 0x0000000100000000)
  region size 1024K, 39 young (39936K), 8 survivors (8192K)
 Metaspace       used 20587K, capacity 21095K, committed 21248K, reserved 1067008K
  class space    used 2526K, capacity 2712K, committed 2816K, reserved 1048576K
}
Event: 2.209 GC heap after
{Heap after GC invocations=3 (full 0):
 garbage-first heap   total 98304K, used 16028K [0x0000000080000000, 0x0000000100000000)
  region size 1024K, 2 young (2048K), 2 survivors (2048K)
 Metaspace       used 20587K, capacity 21095K, committed 21248K, reserved 1067008K
  class space    used 2526K, capacity 2712K, committed 2816K, reserved 1048576K
}
Event: 2.554 GC heap before
{Heap before GC invocations=4 (full 0):
 garbage-first heap   total 98304K, used 54940K [0x0000000080000000, 0x0000000100000000)
  region size 1024K, 40 young (40960K), 2 survivors (2048K)
 Metaspace       used 25107K, capacity 25772K, committed 26112K, reserved 1071104K
  class space    used 3242K, capacity 3464K, committed 3584K, reserved 1048576K
}
Event: 2.557 GC heap after
{Heap after GC invocations=5 (full 0):
 garbage-first heap   total 98304K, used 17499K [0x0000000080000000, 0x0000000100000000)
  region size 1024K, 3 young (3072K), 3 survivors (3072K)
 Metaspace       used 25107K, capacity 25772K, committed 26112K, reserved 1071104K
  class space    used 3242K, capacity 3464K, committed 3584K, reserved 1048576K
}
Event: 3.003 GC heap before
{Heap before GC invocations=5 (full 0):
 garbage-first heap   total 98304K, used 60507K [0x0000000080000000, 0x0000000100000000)
  region size 1024K, 45 young (46080K), 3 survivors (3072K)
 Metaspace       used 30228K, capacity 30902K, committed 31232K, reserved 1077248K
  class space    used 4036K, capacity 4260K, committed 4352K, reserved 1048576K
}
Event: 3.007 GC heap after
{Heap after GC invocations=6 (full 0):
 garbage-first heap   total 98304K, used 19074K [0x0000000080000000, 0x0000000100000000)
  region size 1024K, 5 young (5120K), 5 survivors (5120K)
 Metaspace       used 30228K, capacity 30902K, committed 31232K, reserved 1077248K
  class space    used 4036K, capacity 4260K, committed 4352K, reserved 1048576K
}
Event: 3.222 GC heap before
{Heap before GC invocations=6 (full 0):
 garbage-first heap   total 98304K, used 33410K [0x0000000080000000, 0x0000000100000000)
  region size 1024K, 21 young (21504K), 5 survivors (5120K)
 Metaspace       used 35049K, capacity 35809K, committed 35840K, reserved 1081344K
  class space    used 4561K, capacity 4856K, committed 4864K, reserved 1048576K
}
Event: 3.229 GC heap after
{Heap after GC invocations=7 (full 0):
 garbage-first heap   total 98304K, used 21281K [0x0000000080000000, 0x0000000100000000)
  region size 1024K, 4 young (4096K), 4 survivors (4096K)
 Metaspace       used 35049K, capacity 35809K, committed 35840K, reserved 1081344K
  class space    used 4561K, capacity 4856K, committed 4864K, reserved 1048576K
}
Event: 3.677 GC heap before
{Heap before GC invocations=8 (full 0):
 garbage-first heap   total 98304K, used 66337K [0x0000000080000000, 0x0000000100000000)
  region size 1024K, 45 young (46080K), 4 survivors (4096K)
 Metaspace       used 39818K, capacity 40620K, committed 40704K, reserved 1085440K
  class space    used 5056K, capacity 5362K, committed 5376K, reserved 1048576K
}
Event: 3.682 GC heap after
{Heap after GC invocations=9 (full 0):
 garbage-first heap   total 98304K, used 24194K [0x0000000080000000, 0x0000000100000000)
  region size 1024K, 6 young (6144K), 6 survivors (6144K)
 Metaspace       used 39818K, capacity 40620K, committed 40704K, reserved 1085440K
  class space    used 5056K, capacity 5362K, committed 5376K, reserved 1048576K
}
Event: 3.997 GC heap before
{Heap before GC invocations=9 (full 0):
 garbage-first heap   total 98304K, used 66178K [0x0000000080000000, 0x0000000100000000)
  region size 1024K, 47 young (48128K), 6 survivors (6144K)
 Metaspace       used 43065K, capacity 43984K, committed 44160K, reserved 1087488K
  class space    used 5540K, capacity 5895K, committed 6016K, reserved 1048576K
}
Event: 4.002 GC heap after
{Heap after GC invocations=10 (full 0):
 garbage-first heap   total 118784K, used 26041K [0x0000000080000000, 0x0000000100000000)
  region size 1024K, 5 young (5120K), 5 survivors (5120K)
 Metaspace       used 43065K, capacity 43984K, committed 44160K, reserved 1087488K
  class space    used 5540K, capacity 5895K, committed 6016K, reserved 1048576K
}
Event: 4.441 GC heap before
{Heap before GC invocations=10 (full 0):
 garbage-first heap   total 118784K, used 82361K [0x0000000080000000, 0x0000000100000000)
  region size 1024K, 56 young (57344K), 5 survivors (5120K)
 Metaspace       used 44964K, capacity 46134K, committed 46464K, reserved 1089536K
  class space    used 5770K, capacity 6159K, committed 6272K, reserved 1048576K
}
Event: 4.447 GC heap after
{Heap after GC invocations=11 (full 0):
 garbage-first heap   total 118784K, used 36803K [0x0000000080000000, 0x0000000100000000)
  region size 1024K, 7 young (7168K), 7 survivors (7168K)
 Metaspace       used 44964K, capacity 46134K, committed 46464K, reserved 1089536K
  class space    used 5770K, capacity 6159K, committed 6272K, reserved 1048576K
}
Event: 4.954 GC heap before
{Heap before GC invocations=11 (full 0):
 garbage-first heap   total 118784K, used 86979K [0x0000000080000000, 0x0000000100000000)
  region size 1024K, 54 young (55296K), 7 survivors (7168K)
 Metaspace       used 50771K, capacity 52044K, committed 52224K, reserved 1095680K
  class space    used 6465K, capacity 6861K, committed 6912K, reserved 1048576K
}
Event: 4.959 GC heap after
{Heap after GC invocations=12 (full 0):
 garbage-first heap   total 118784K, used 43690K [0x0000000080000000, 0x0000000100000000)
  region size 1024K, 5 young (5120K), 5 survivors (5120K)
 Metaspace       used 50771K, capacity 52044K, committed 52224K, reserved 1095680K
  class space    used 6465K, capacity 6861K, committed 6912K, reserved 1048576K
}
Event: 5.557 GC heap before
{Heap before GC invocations=12 (full 0):
 garbage-first heap   total 118784K, used 87722K [0x0000000080000000, 0x0000000100000000)
  region size 1024K, 49 young (50176K), 5 survivors (5120K)
 Metaspace       used 56763K, capacity 58222K, committed 58496K, reserved 1099776K
  class space    used 7235K, capacity 7736K, committed 7808K, reserved 1048576K
}
Event: 5.562 GC heap after
{Heap after GC invocations=13 (full 0):
 garbage-first heap   total 118784K, used 47145K [0x0000000080000000, 0x0000000100000000)
  region size 1024K, 4 young (4096K), 4 survivors (4096K)
 Metaspace       used 56763K, capacity 58222K, committed 58496K, reserved 1099776K
  class space    used 7235K, capacity 7736K, committed 7808K, reserved 1048576K
}

Deoptimization events (20 events):
Event: 5.457 Thread 0x0000025e83497800 DEOPT PACKING pc=0x0000025eeb5dace2 sp=0x0000009ee5cf3e70
Event: 5.457 Thread 0x0000025e83497800 DEOPT UNPACKING pc=0x0000025eea7476ce sp=0x0000009ee5cf3300 mode 0
Event: 5.457 Thread 0x0000025e83497800 DEOPT PACKING pc=0x0000025eeb5dace2 sp=0x0000009ee5cf3e70
Event: 5.457 Thread 0x0000025e83497800 DEOPT UNPACKING pc=0x0000025eea7476ce sp=0x0000009ee5cf3300 mode 0
Event: 5.457 Thread 0x0000025e83497800 DEOPT PACKING pc=0x0000025eeb5dace2 sp=0x0000009ee5cf3e70
Event: 5.457 Thread 0x0000025e83497800 DEOPT UNPACKING pc=0x0000025eea7476ce sp=0x0000009ee5cf3300 mode 0
Event: 5.458 Thread 0x0000025e83497800 DEOPT PACKING pc=0x0000025eeb5dace2 sp=0x0000009ee5cf3e70
Event: 5.458 Thread 0x0000025e83497800 DEOPT UNPACKING pc=0x0000025eea7476ce sp=0x0000009ee5cf3300 mode 0
Event: 5.458 Thread 0x0000025e83497800 DEOPT PACKING pc=0x0000025eeb5dace2 sp=0x0000009ee5cf3e70
Event: 5.458 Thread 0x0000025e83497800 DEOPT UNPACKING pc=0x0000025eea7476ce sp=0x0000009ee5cf3300 mode 0
Event: 5.458 Thread 0x0000025e83497800 DEOPT PACKING pc=0x0000025eeb5dace2 sp=0x0000009ee5cf3ff0
Event: 5.458 Thread 0x0000025e83497800 DEOPT UNPACKING pc=0x0000025eea7476ce sp=0x0000009ee5cf3480 mode 0
Event: 5.458 Thread 0x0000025e83497800 DEOPT PACKING pc=0x0000025eeb5dace2 sp=0x0000009ee5cf3e70
Event: 5.458 Thread 0x0000025e83497800 DEOPT UNPACKING pc=0x0000025eea7476ce sp=0x0000009ee5cf3300 mode 0
Event: 5.459 Thread 0x0000025e83497800 DEOPT PACKING pc=0x0000025eeb5dace2 sp=0x0000009ee5cf3e70
Event: 5.459 Thread 0x0000025e83497800 DEOPT UNPACKING pc=0x0000025eea7476ce sp=0x0000009ee5cf3300 mode 0
Event: 5.468 Thread 0x0000025e83497800 Uncommon trap: trap_request=0xffffff4d fr.pc=0x0000025ef23f05a8 relative=0x0000000000000268
Event: 5.468 Thread 0x0000025e83497800 Uncommon trap: reason=unstable_if action=reinterpret pc=0x0000025ef23f05a8 method=java.util.LinkedHashMap.get(Ljava/lang/Object;)Ljava/lang/Object; @ 20 c2
Event: 5.468 Thread 0x0000025e83497800 DEOPT PACKING pc=0x0000025ef23f05a8 sp=0x0000009ee5cf3bc0
Event: 5.468 Thread 0x0000025e83497800 DEOPT UNPACKING pc=0x0000025eea7478af sp=0x0000009ee5cf3b78 mode 2

Classes redefined (0 events):
No events

Internal exceptions (20 events):
Event: 4.497 Thread 0x0000025e83792000 Exception <a 'java/lang/NoSuchMethodError'{0x0000000086c2a170}: <clinit>> (0x0000000086c2a170) thrown at [./src/hotspot/share/prims/jni.cpp, line 1362]
Event: 4.501 Thread 0x0000025e83497800 Exception <a 'java/lang/ClassNotFoundException'{0x0000000086c884c8}: build_7il11d6pmhwjt4806qkbb5tf6BeanInfo> (0x0000000086c884c8) thrown at [./src/hotspot/share/classfile/systemDictionary.cpp, line 231]
Event: 4.501 Thread 0x0000025e83497800 Exception <a 'java/lang/ClassNotFoundException'{0x0000000086c912d0}: build_7il11d6pmhwjt4806qkbb5tf6Customizer> (0x0000000086c912d0) thrown at [./src/hotspot/share/classfile/systemDictionary.cpp, line 231]
Event: 4.506 Thread 0x0000025e83497800 Exception <a 'java/lang/ClassNotFoundException'{0x0000000086b009d0}: org/gradle/plugin/use/internal/PluginRequestCollector$PluginDependenciesSpecImplBeanInfo> (0x0000000086b009d0) thrown at [./src/hotspot/share/classfile/systemDictionary.cpp, line 231]
Event: 4.507 Thread 0x0000025e83497800 Exception <a 'java/lang/ClassNotFoundException'{0x0000000086b26740}: org/gradle/plugin/use/internal/PluginRequestCollector$PluginDependenciesSpecImplCustomizer> (0x0000000086b26740) thrown at [./src/hotspot/share/classfile/systemDictionary.cpp, line 231]
Event: 4.511 Thread 0x0000025e83497800 Exception <a 'java/lang/NoSuchMethodError'{0x0000000086b9dcf0}: 'void java.lang.invoke.DirectMethodHandle$Holder.invokeInterface(java.lang.Object, java.lang.Object)'> (0x0000000086b9dcf0) thrown at [./src/hotspot/share/interpreter/linkResolver.cpp, line 773]
Event: 4.531 Thread 0x0000025e83497800 Exception <a 'java/lang/ClassNotFoundException'{0x00000000869ba570}: org/gradle/api/internal/plugins/DefaultObjectConfigurationActionBeanInfo> (0x00000000869ba570) thrown at [./src/hotspot/share/classfile/systemDictionary.cpp, line 231]
Event: 4.531 Thread 0x0000025e83497800 Exception <a 'java/lang/ClassNotFoundException'{0x00000000869e7620}: org/gradle/api/internal/plugins/DefaultObjectConfigurationActionCustomizer> (0x00000000869e7620) thrown at [./src/hotspot/share/classfile/systemDictionary.cpp, line 231]
Event: 4.624 Thread 0x0000025e83497800 Exception <a 'java/lang/NoSuchMethodError'{0x00000000860c8dc8}: 'java.lang.Object java.lang.invoke.DirectMethodHandle$Holder.invokeStatic(java.lang.Object, java.lang.Object, java.lang.Object, java.lang.Object, int)'> (0x00000000860c8dc8) thrown at [./src/hotspot/share/interpreter/linkResolver.cpp, line 773]
Event: 4.625 Thread 0x0000025e83497800 Exception <a 'java/lang/NoSuchMethodError'{0x00000000860cd7c0}: 'java.lang.Object java.lang.invoke.DirectMethodHandle$Holder.invokeSpecial(java.lang.Object, java.lang.Object, java.lang.Object, java.lang.Object, java.lang.Object, int)'> (0x00000000860cd7c0) thrown at [./src/hotspot/share/interpreter/linkResolver.cpp, line 773]
Event: 4.625 Thread 0x0000025e83497800 Exception <a 'java/lang/NoSuchMethodError'{0x00000000860d1e00}: 'java.lang.Object java.lang.invoke.Invokers$Holder.linkToTargetMethod(java.lang.Object, java.lang.Object, java.lang.Object, int, java.lang.Object)'> (0x00000000860d1e00) thrown at [./src/hotspot/share/interpreter/linkResolver.cpp, line 773]
Event: 4.848 Thread 0x0000025e83497800 Exception <a 'java/lang/NoSuchMethodError'{0x0000000084c13d48}: 'java.lang.Object java.lang.invoke.DirectMethodHandle$Holder.invokeSpecial(java.lang.Object, java.lang.Object, int, int, java.lang.Object, java.lang.Object, java.lang.Object)'> (0x0000000084c13d48) thrown at [./src/hotspot/share/interpreter/linkResolver.cpp, line 773]
Event: 4.848 Thread 0x0000025e83497800 Exception <a 'java/lang/NoSuchMethodError'{0x0000000084c182c8}: 'java.lang.Object java.lang.invoke.DelegatingMethodHandle$Holder.reinvoke_L(java.lang.Object, int, int, java.lang.Object, java.lang.Object, java.lang.Object)'> (0x0000000084c182c8) thrown at [./src/hotspot/share/interpreter/linkResolver.cpp, line 773]
Event: 5.052 Thread 0x0000025e83497800 Exception <a 'java/lang/NoSuchMethodError'{0x0000000086e596a8}: 'int java.lang.invoke.DirectMethodHandle$Holder.invokeInterface(java.lang.Object, java.lang.Object, java.lang.Object, java.lang.Object)'> (0x0000000086e596a8) thrown at [./src/hotspot/share/interpreter/linkResolver.cpp, line 773]
Event: 5.188 Thread 0x0000025e83497800 Exception <a 'java/lang/NoSuchMethodError'{0x000000008642b930}: 'void java.lang.invoke.DirectMethodHandle$Holder.invokeInterface(java.lang.Object, java.lang.Object, java.lang.Object, java.lang.Object)'> (0x000000008642b930) thrown at [./src/hotspot/share/interpreter/linkResolver.cpp, line 773]
Event: 5.293 Thread 0x0000025e83497800 Exception <a 'java/lang/IncompatibleClassChangeError'{0x0000000085db1ec8}: Found class java.lang.Object, but interface was expected> (0x0000000085db1ec8) thrown at [./src/hotspot/share/interpreter/linkResolver.cpp, line 839]
Event: 5.314 Thread 0x0000025e83497800 Exception <a 'java/lang/NoSuchMethodError'{0x0000000085c4e2a8}: 'void java.lang.invoke.DirectMethodHandle$Holder.invokeStatic(java.lang.Object, java.lang.Object, java.lang.Object, java.lang.Object, java.lang.Object)'> (0x0000000085c4e2a8) thrown at [./src/hotspot/share/interpreter/linkResolver.cpp, line 773]
Event: 5.335 Thread 0x0000025e83497800 Implicit null exception at 0x0000025ef2420d54 to 0x0000025ef2420f38
Event: 5.335 Thread 0x0000025e83497800 Implicit null exception at 0x0000025ef2441101 to 0x0000025ef2442668
Event: 5.391 Thread 0x0000025e83497800 Implicit null exception at 0x0000025ef23e972d to 0x0000025ef23e99c0

Events (20 events):
Event: 5.589 loading class com/android/build/gradle/internal/model/CoreCmakeOptions
Event: 5.589 loading class com/android/build/gradle/internal/model/CoreCmakeOptions done
Event: 5.589 loading class com/android/build/api/dsl/Cmake
Event: 5.589 loading class com/android/build/api/dsl/Cmake done
Event: 5.590 loading class com/android/build/gradle/internal/dsl/NdkBuildOptions
Event: 5.590 loading class com/android/build/gradle/internal/dsl/NdkBuildOptions done
Event: 5.590 loading class com/android/build/gradle/internal/model/CoreNdkBuildOptions
Event: 5.590 loading class com/android/build/gradle/internal/model/CoreNdkBuildOptions done
Event: 5.591 loading class com/android/build/api/dsl/NdkBuild
Event: 5.591 loading class com/android/build/api/dsl/NdkBuild done
Event: 5.596 loading class com/android/build/gradle/internal/coverage/JacocoOptions
Event: 5.596 loading class com/android/build/gradle/internal/coverage/JacocoOptions done
Event: 5.596 loading class com/android/build/api/dsl/JacocoOptions
Event: 5.596 loading class com/android/build/api/dsl/JacocoOptions done
Event: 5.598 loading class com/android/build/gradle/internal/dsl/LintOptions
Event: 5.598 loading class com/android/build/gradle/internal/dsl/LintOptions done
Event: 5.598 loading class com/android/builder/model/LintOptions
Event: 5.598 loading class com/android/builder/model/LintOptions done
Event: 5.599 loading class com/android/build/api/dsl/LintOptions
Event: 5.599 loading class com/android/build/api/dsl/LintOptions done


Dynamic libraries:
0x00007ff6fdbe0000 - 0x00007ff6fdbea000 	C:\Program Files\Android\Android Studio1\jre\bin\java.exe
0x00007ffb91190000 - 0x00007ffb91385000 	C:\WINDOWS\SYSTEM32\ntdll.dll
0x00007ffb908c0000 - 0x00007ffb9097d000 	C:\WINDOWS\System32\KERNEL32.DLL
0x00007ffb8e8c0000 - 0x00007ffb8eb89000 	C:\WINDOWS\System32\KERNELBASE.dll
0x00007ffb8eec0000 - 0x00007ffb8efc0000 	C:\WINDOWS\System32\ucrtbase.dll
0x00007ffb87860000 - 0x00007ffb87879000 	C:\Program Files\Android\Android Studio1\jre\bin\jli.dll
0x00007ffb87880000 - 0x00007ffb87897000 	C:\Program Files\Android\Android Studio1\jre\bin\VCRUNTIME140.dll
0x00007ffb8f820000 - 0x00007ffb8f9c0000 	C:\WINDOWS\System32\USER32.dll
0x00007ffb8f1c0000 - 0x00007ffb8f1e2000 	C:\WINDOWS\System32\win32u.dll
0x00007ffb690a0000 - 0x00007ffb6933a000 	C:\WINDOWS\WinSxS\amd64_microsoft.windows.common-controls_6595b64144ccf1df_6.0.19041.1110_none_60b5254171f9507e\COMCTL32.dll
0x00007ffb8f6c0000 - 0x00007ffb8f6ea000 	C:\WINDOWS\System32\GDI32.dll
0x00007ffb8efc0000 - 0x00007ffb8f0cb000 	C:\WINDOWS\System32\gdi32full.dll
0x00007ffb901b0000 - 0x00007ffb9024e000 	C:\WINDOWS\System32\msvcrt.dll
0x00007ffb8f0d0000 - 0x00007ffb8f16d000 	C:\WINDOWS\System32\msvcp_win.dll
0x00007ffb90250000 - 0x00007ffb90280000 	C:\WINDOWS\System32\IMM32.DLL
0x00007ffb6ac00000 - 0x00007ffb6ac9d000 	C:\Program Files\Android\Android Studio1\jre\bin\msvcp140.dll
0x00007ffb44100000 - 0x00007ffb44bcf000 	C:\Program Files\Android\Android Studio1\jre\bin\server\jvm.dll
0x00007ffb90100000 - 0x00007ffb901ac000 	C:\WINDOWS\System32\ADVAPI32.dll
0x00007ffb90280000 - 0x00007ffb9031b000 	C:\WINDOWS\System32\sechost.dll
0x00007ffb8f6f0000 - 0x00007ffb8f81a000 	C:\WINDOWS\System32\RPCRT4.dll
0x00007ffb8f4e0000 - 0x00007ffb8f4e8000 	C:\WINDOWS\System32\PSAPI.DLL
0x00007ffb89340000 - 0x00007ffb89349000 	C:\WINDOWS\SYSTEM32\WSOCK32.dll
0x00007ffb88220000 - 0x00007ffb88247000 	C:\WINDOWS\SYSTEM32\WINMM.dll
0x00007ffb89c50000 - 0x00007ffb89c5a000 	C:\WINDOWS\SYSTEM32\VERSION.dll
0x00007ffb8f650000 - 0x00007ffb8f6bb000 	C:\WINDOWS\System32\WS2_32.dll
0x00007ffb8d310000 - 0x00007ffb8d322000 	C:\WINDOWS\SYSTEM32\kernel.appcore.dll
0x00007ffb83ff0000 - 0x00007ffb84001000 	C:\Program Files\Android\Android Studio1\jre\bin\verify.dll
0x00007ffb8cea0000 - 0x00007ffb8d084000 	C:\WINDOWS\SYSTEM32\DBGHELP.DLL
0x00007ffb89c20000 - 0x00007ffb89c4c000 	C:\WINDOWS\SYSTEM32\dbgcore.DLL
0x00007ffb8eb90000 - 0x00007ffb8ec13000 	C:\WINDOWS\System32\bcryptPrimitives.dll
0x00007ffb791f0000 - 0x00007ffb79219000 	C:\Program Files\Android\Android Studio1\jre\bin\java.dll
0x00007ffb8c560000 - 0x00007ffb8c56b000 	C:\Program Files\Android\Android Studio1\jre\bin\jimage.dll
0x00007ffb7a6e0000 - 0x00007ffb7a6f8000 	C:\Program Files\Android\Android Studio1\jre\bin\zip.dll
0x00007ffb8f9c0000 - 0x00007ffb900ff000 	C:\WINDOWS\System32\SHELL32.dll
0x00007ffb8c600000 - 0x00007ffb8cd90000 	C:\WINDOWS\SYSTEM32\windows.storage.dll
0x00007ffb90380000 - 0x00007ffb906d5000 	C:\WINDOWS\System32\combase.dll
0x00007ffb8e250000 - 0x00007ffb8e27c000 	C:\WINDOWS\SYSTEM32\Wldp.dll
0x00007ffb906e0000 - 0x00007ffb9078e000 	C:\WINDOWS\System32\SHCORE.dll
0x00007ffb90a30000 - 0x00007ffb90a85000 	C:\WINDOWS\System32\shlwapi.dll
0x00007ffb8e800000 - 0x00007ffb8e81f000 	C:\WINDOWS\SYSTEM32\profapi.dll
0x00007ffb79e40000 - 0x00007ffb79e5a000 	C:\Program Files\Android\Android Studio1\jre\bin\net.dll
0x00007ffb87050000 - 0x00007ffb87158000 	C:\WINDOWS\SYSTEM32\WINHTTP.dll
0x00007ffb8dfb0000 - 0x00007ffb8e01a000 	C:\WINDOWS\system32\mswsock.dll
0x00007ffb79c50000 - 0x00007ffb79c64000 	C:\Program Files\Android\Android Studio1\jre\bin\nio.dll
0x00007ffb878d0000 - 0x00007ffb878f7000 	C:\Users\EMILIO\.gradle\native\fdc75f09e3144964f2cf3f50f0aa648679c211496f362492102eb8c894070792\windows-amd64\native-platform.dll
0x00007ffb6aca0000 - 0x00007ffb6ae36000 	C:\Users\EMILIO\.gradle\native\12488b8bf47d2d4c9fbf2f6322a914ad602e24e48041cd04a747c6da556b65c4\windows-amd64\native-platform-file-events.dll
0x00007ffb7cd80000 - 0x00007ffb7cd8a000 	C:\Program Files\Android\Android Studio1\jre\bin\management.dll
0x00007ffb7c590000 - 0x00007ffb7c59c000 	C:\Program Files\Android\Android Studio1\jre\bin\management_ext.dll
0x00007ffb8e1a0000 - 0x00007ffb8e1b8000 	C:\WINDOWS\SYSTEM32\CRYPTSP.dll
0x00007ffb8d930000 - 0x00007ffb8d964000 	C:\WINDOWS\system32\rsaenh.dll
0x00007ffb8ed30000 - 0x00007ffb8ed57000 	C:\WINDOWS\System32\bcrypt.dll
0x00007ffb8e780000 - 0x00007ffb8e7ae000 	C:\WINDOWS\SYSTEM32\USERENV.dll
0x00007ffb8e1c0000 - 0x00007ffb8e1cc000 	C:\WINDOWS\SYSTEM32\CRYPTBASE.dll
0x00007ffb8dca0000 - 0x00007ffb8dcdb000 	C:\WINDOWS\SYSTEM32\IPHLPAPI.DLL
0x00007ffb8f250000 - 0x00007ffb8f258000 	C:\WINDOWS\System32\NSI.dll
0x00007ffb85350000 - 0x00007ffb85367000 	C:\WINDOWS\SYSTEM32\dhcpcsvc6.DLL
0x00007ffb84700000 - 0x00007ffb8471d000 	C:\WINDOWS\SYSTEM32\dhcpcsvc.DLL
0x00007ffb8dd40000 - 0x00007ffb8de0c000 	C:\WINDOWS\SYSTEM32\DNSAPI.dll
0x00007ffb866c0000 - 0x00007ffb866cb000 	C:\WINDOWS\SYSTEM32\WINNSI.DLL

dbghelp: loaded successfully - version: 4.0.5 - missing functions: none
symbol engine: initialized successfully - sym options: 0x614 - pdb path: .;C:\Program Files\Android\Android Studio1\jre\bin;C:\WINDOWS\SYSTEM32;C:\WINDOWS\WinSxS\amd64_microsoft.windows.common-controls_6595b64144ccf1df_6.0.19041.1110_none_60b5254171f9507e;C:\Program Files\Android\Android Studio1\jre\bin\server;C:\Users\EMILIO\.gradle\native\fdc75f09e3144964f2cf3f50f0aa648679c211496f362492102eb8c894070792\windows-amd64;C:\Users\EMILIO\.gradle\native\12488b8bf47d2d4c9fbf2f6322a914ad602e24e48041cd04a747c6da556b65c4\windows-amd64

VM Arguments:
jvm_args: --add-opens=java.base/java.util=ALL-UNNAMED --add-opens=java.base/java.lang=ALL-UNNAMED --add-opens=java.base/java.lang.invoke=ALL-UNNAMED --add-opens=java.prefs/java.util.prefs=ALL-UNNAMED -Xmx2048m -Dfile.encoding=UTF-8 -Duser.country=PE -Duser.language=es -Duser.variant 
java_command: org.gradle.launcher.daemon.bootstrap.GradleDaemon 6.7.1
java_class_path (initial): C:\Users\EMILIO\.gradle\wrapper\dists\gradle-6.7.1-bin\bwlcbys1h7rz3272sye1xwiv6\gradle-6.7.1\lib\gradle-launcher-6.7.1.jar
Launcher Type: SUN_STANDARD

[Global flags]
     intx CICompilerCount                          = 4                                         {product} {ergonomic}
     uint ConcGCThreads                            = 2                                         {product} {ergonomic}
     uint G1ConcRefinementThreads                  = 8                                         {product} {ergonomic}
   size_t G1HeapRegionSize                         = 1048576                                   {product} {ergonomic}
    uintx GCDrainStackTargetSize                   = 64                                        {product} {ergonomic}
   size_t InitialHeapSize                          = 100663296                                 {product} {ergonomic}
   size_t MarkStackSize                            = 4194304                                   {product} {ergonomic}
   size_t MaxHeapSize                              = 2147483648                                {product} {command line}
   size_t MaxNewSize                               = 1287651328                                {product} {ergonomic}
   size_t MinHeapDeltaBytes                        = 1048576                                   {product} {ergonomic}
    uintx NonNMethodCodeHeapSize                   = 5836300                                {pd product} {ergonomic}
    uintx NonProfiledCodeHeapSize                  = 122910970                              {pd product} {ergonomic}
    uintx ProfiledCodeHeapSize                     = 122910970                              {pd product} {ergonomic}
    uintx ReservedCodeCacheSize                    = 251658240                              {pd product} {ergonomic}
     bool SegmentedCodeCache                       = true                                      {product} {ergonomic}
     bool UseCompressedClassPointers               = true                                 {lp64_product} {ergonomic}
     bool UseCompressedOops                        = true                                 {lp64_product} {ergonomic}
     bool UseG1GC                                  = true                                      {product} {ergonomic}
     bool UseLargePagesIndividualAllocation        = false                                  {pd product} {ergonomic}

Logging:
Log output configuration:
 #0: stdout all=warning uptime,level,tags
 #1: stderr all=off uptime,level,tags

Environment Variables:
JAVA_HOME=C:\Program Files\Java\jdk1.8.0_181
PATH=C:\app\EMILIO\product\19.0.0\client_1;C:\app\client\EMILIO\product\19.0.0\client_1\bin;C:\oraclexe\app\oracle\product\11.2.0\server\bin;C:\Program Files\Rockwell Software\RSCommon;C:\Program Files (x86)\Common Files\Oracle\Java\javapath;C:\Program Files (x86)\Intel\iCLS Client\;C:\Program Files\Intel\iCLS Client\;C:\Windows\system32;C:\Windows;C:\Windows\System32\Wbem;C:\Windows\System32\WindowsPowerShell\v1.0\;C:\Program Files (x86)\Intel\Intel(R) Management Engine Components\DAL;C:\Program Files\Intel\Intel(R) Management Engine Components\DAL;C:\Program Files (x86)\Intel\Intel(R) Management Engine Components\IPT;C:\Program Files\Intel\Intel(R) Management Engine Components\IPT;C:\Program Files (x86)\NVIDIA Corporation\PhysX\Common;C:\Program Files\Intel\WiFi\bin\;C:\Program Files\Common Files\Intel\WirelessCommon\;C:\WINDOWS\system32;C:\WINDOWS;C:\WINDOWS\System32\Wbem;C:\WINDOWS\System32\WindowsPowerShell\v1.0\;C:\WINDOWS\System32\OpenSSH\;C:\Program Files\Microsoft SQL Server\Client SDK\ODBC\110\Tools\Binn\;C:\Program Files (x86)\Microsoft SQL Server\120\Tools\Binn\;C:\Program Files\Microsoft SQL Server\120\Tools\Binn\;C:\Program Files\Microsoft SQL Server\120\DTS\Binn\;C:\Program Files (x86)\Microsoft SQL Server\120\Tools\Binn\ManagementStudio\;C:\Program Files (x86)\Microsoft SQL Server\120\DTS\Binn\;C:\Program Files\dotnet\;C:\Program Files\Microsoft SQL Server\130\Tools\Binn\;C:\Program Files\Microsoft SQL Server\Client SDK\ODBC\170\Tools\Binn\;C:\Program Files (x86)\Microsoft SQL Server\110\DTS\Binn\;C:\Program Files (x86)\Microsoft SQL Server\130\DTS\Binn\;C:\Program Files (x86)\Microsoft SQL Server\140\DTS\Binn\;C:\Program Files (x86)\Microsoft SQL Server\150\DTS\Binn\;C:\Program Files (x86)\CaseWare IDEA\IDEA\Lib\site-packages\pypiwin32_system32;C:\Go\bin;C:\Program Files\Java\jdk1.8.0_181\bin;C:\Program Files\nodejs\;C:\Program Files\Git\cmd;C:\Users\EMILIO\anaconda3;C:\Users\EMILIO\anaconda3\Library\mingw-w64\bin;C:\Users\EMILIO\anaconda3\Library\usr\
USERNAME=EMILIO
OS=Windows_NT
PROCESSOR_IDENTIFIER=Intel64 Family 6 Model 142 Stepping 10, GenuineIntel



---------------  S Y S T E M  ---------------

OS: Windows 10 , 64 bit Build 19041 (10.0.19041.1151)
OS uptime: 12 days 22:18 hours

CPU:total 8 (initial active 8) (4 cores per cpu, 2 threads per core) family 6 model 142 stepping 10 microcode 0xb4, cmov, cx8, fxsr, mmx, sse, sse2, sse3, ssse3, sse4.1, sse4.2, popcnt, avx, avx2, aes, clmul, erms, 3dnowpref, lzcnt, ht, tsc, tscinvbit, bmi1, bmi2, adx, fma

Memory: 4k page, system-wide physical 6026M (418M free)
TotalPageFile size 24458M (AvailPageFile size 6M)
current process WorkingSet (physical memory assigned to process): 306M, peak: 307M
current process commit charge ("private bytes"): 348M, peak: 350M

vm_info: OpenJDK 64-Bit Server VM (11.0.10+0-b96-7249189) for windows-amd64 JRE (11.0.10+0-b96-7249189), built on Mar 31 2021 21:44:00 by "builder" with MS VC++ 14.0 (VS2015)

END.
