#
# There is insufficient memory for the Java Runtime Environment to continue.
# Native memory allocation (malloc) failed to allocate 1086096 bytes for Chunk::new
# Possible reasons:
#   The system is out of physical RAM or swap space
#   The process is running with CompressedOops enabled, and the Java Heap may be blocking the growth of the native heap
# Possible solutions:
#   Reduce memory load on the system
#   Increase physical memory or swap space
#   Check if swap backing store is full
#   Decrease Java heap size (-Xmx/-Xms)
#   Decrease number of Java threads
#   Decrease Java thread stack sizes (-Xss)
#   Set larger code cache with -XX:ReservedCodeCacheSize=
#   JVM is running with Unscaled Compressed Oops mode in which the Java heap is
#     placed in the first 4GB address space. The Java Heap base address is the
#     maximum limit for the native heap growth. Please use -XX:HeapBaseMinAddress
#     to set the Java Heap base and to place the Java Heap above 4GB virtual address.
# This output file may be truncated or incomplete.
#
#  Out of Memory Error (./src/hotspot/share/memory/arena.cpp:197), pid=9192, tid=12352
#
# JRE version: OpenJDK Runtime Environment (11.0.10) (build 11.0.10+0-b96-7249189)
# Java VM: OpenJDK 64-Bit Server VM (11.0.10+0-b96-7249189, mixed mode, tiered, compressed oops, g1 gc, windows-amd64)
# No core dump will be written. Minidumps are not enabled by default on client versions of Windows
#

---------------  S U M M A R Y ------------

Command Line: --add-opens=java.base/java.util=ALL-UNNAMED --add-opens=java.base/java.lang=ALL-UNNAMED --add-opens=java.base/java.lang.invoke=ALL-UNNAMED --add-opens=java.prefs/java.util.prefs=ALL-UNNAMED -Xmx2048m -Dfile.encoding=UTF-8 -Duser.country=PE -Duser.language=es -Duser.variant org.gradle.launcher.daemon.bootstrap.GradleDaemon 6.7.1

Host: Intel(R) Core(TM) i5-8250U CPU @ 1.60GHz, 8 cores, 5G,  Windows 10 , 64 bit Build 19041 (10.0.19041.1151)
Time: Sun Aug 29 14:20:05 2021 Hora est. Pacífico, Sudamérica elapsed time: 9696.893358 seconds (0d 2h 41m 36s)

---------------  T H R E A D  ---------------

Current thread (0x000002807f80b000):  JavaThread "C2 CompilerThread0" daemon [_thread_in_native, id=12352, stack(0x000000a4d1000000,0x000000a4d1100000)]


Current CompileTask:
C2:9696893 25280       4       com.android.tools.r8.ir.conversion.S::a (1010 bytes)

Stack: [0x000000a4d1000000,0x000000a4d1100000]
Native frames: (J=compiled Java code, j=interpreted, Vv=VM code, C=native code)
V  [jvm.dll+0x5ecfaa]
V  [jvm.dll+0x722bd5]
V  [jvm.dll+0x72412d]
V  [jvm.dll+0x7247e3]
V  [jvm.dll+0x242928]
V  [jvm.dll+0xbc4fc]
V  [jvm.dll+0xbca0c]
V  [jvm.dll+0x2b4fd4]
V  [jvm.dll+0x506028]
V  [jvm.dll+0x203253]
V  [jvm.dll+0x1fd07c]
V  [jvm.dll+0x1fa77f]
V  [jvm.dll+0x18354c]
V  [jvm.dll+0x208ee7]
V  [jvm.dll+0x207731]
V  [jvm.dll+0x6eb1cf]
V  [jvm.dll+0x6e3d45]
V  [jvm.dll+0x5ebe96]
C  [ucrtbase.dll+0x21bb2]
C  [KERNEL32.DLL+0x17034]
C  [ntdll.dll+0x52651]


---------------  P R O C E S S  ---------------

Threads class SMR info:
_java_thread_list=0x000002800cb04c30, length=193, elements={
0x0000028069393800, 0x000002807f7eb800, 0x000002807f7f5000, 0x000002807f9a2800,
0x000002807f803800, 0x000002807f808000, 0x000002807f80b000, 0x000002807f80f800,
0x000002807f81b000, 0x000002807fae9800, 0x0000028005d49800, 0x0000028005f5e000,
0x000002800563d800, 0x0000028006194800, 0x0000028006195000, 0x0000028006198800,
0x0000028006199800, 0x0000028006a25800, 0x00000280090e4000, 0x000002800c9de000,
0x000002800c9df800, 0x000002800c9e2000, 0x000002800c9e0000, 0x000002800c9dc000,
0x000002800d0e5800, 0x000002800d0d7000, 0x000002800d0d7800, 0x000002800d0e3000,
0x000002800d0e0800, 0x000002800d0e4000, 0x000002800d0e6800, 0x000002800d0e7000,
0x000002800d0e1800, 0x000002800d0ed000, 0x000002800d0e9000, 0x000002800d0ea800,
0x000002800d0eb000, 0x000002800d0e8000, 0x000002800d0ed800, 0x000002800d0ec000,
0x000002800d0ee800, 0x000002800d0ef800, 0x000002800d0e9800, 0x000002800d0f0000,
0x000002800d0f1000, 0x00000280090da000, 0x00000280090de000, 0x00000280090df000,
0x00000280090db000, 0x00000280090e0000, 0x00000280090e0800, 0x00000280090dd800,
0x00000280090db800, 0x00000280090dc800, 0x00000280090e2000, 0x00000280090e4800,
0x00000280090e5800, 0x00000280090e6800, 0x00000280090e7000, 0x00000280090e1800,
0x00000280090e8000, 0x00000280090e9000, 0x0000028006a24800, 0x0000028006a24000,
0x0000028006a28800, 0x0000028006a28000, 0x0000028006a26800, 0x0000028006a27000,
0x0000028006197800, 0x0000028006196000, 0x0000028006193000, 0x0000028006197000,
0x0000028006193800, 0x000002800c9de800, 0x000002800c9e1000, 0x000002800c9e2800,
0x000002800c9dd000, 0x000002800eb1f800, 0x000002800eb22000, 0x000002800eb20800,
0x000002800eb1e000, 0x000002800eb1f000, 0x000002800eb21000, 0x000002800eb1c800,
0x000002800eb23000, 0x000002800eb1d000, 0x000002800eb26000, 0x000002800eb29800,
0x000002800eb28800, 0x000002800eb27000, 0x000002800eb23800, 0x000002800eb25800,
0x000002800eb24800, 0x000002800eb2a000, 0x000002800eb27800, 0x000002800eb2b000,
0x000002800ed66000, 0x000002800ed6a000, 0x000002800ed68000, 0x000002800ed69800,
0x000002800ed67000, 0x000002800ed6b000, 0x000002800ed6d800, 0x000002800ed6c000,
0x000002800ed6c800, 0x000002800ed6e800, 0x000002800ed68800, 0x000002800ed72800,
0x000002800ed6f000, 0x000002800ed73000, 0x000002800ed74000, 0x000002800ed70000,
0x000002800ed71000, 0x000002800ed71800, 0x000002800ed75000, 0x000002800f34d800,
0x000002800f34e800, 0x000002800f351000, 0x000002800f34c800, 0x000002800f34f000,
0x000002800f350000, 0x000002800f34b000, 0x000002800f351800, 0x000002800f34c000,
0x000002800f352800, 0x000002800f359000, 0x000002800f355800, 0x000002800f355000,
0x000002800f356800, 0x000002800f357800, 0x000002800f358000, 0x000002800f353000,
0x000002800f359800, 0x000002800f354000, 0x000002800d08c000, 0x000002800d08d800,
0x000002800d08e800, 0x000002800d08c800, 0x000002800d093800, 0x000002800d094000,
0x000002800d091000, 0x000002800d095000, 0x000002800d092800, 0x000002800d090000,
0x000002800d08f000, 0x000002800d095800, 0x000002800d0d2800, 0x000002800d0d3800,
0x000002800d0d2000, 0x000002800d0d5000, 0x000002800d0d8800, 0x000002800d0d9800,
0x000002800d0d6000, 0x000002800d0d4800, 0x000002800d0db000, 0x000002800d0de000,
0x000002800d0df000, 0x000002800d0db800, 0x000002800d0dc800, 0x000002800d0dd800,
0x000002800d0e0000, 0x000002800d0da000, 0x000002800d0e4800, 0x000002800d0e2800,
0x000002800d091800, 0x000002800d096800, 0x000002800d097800, 0x000002800d098000,
0x000002800d09a800, 0x000002800d09a000, 0x000002800d099000, 0x000002800f4f4000,
0x000002800f4f7800, 0x000002800f4f1800, 0x000002800f4f5000, 0x000002800f4f5800,
0x000002800f4f6800, 0x000002800f4f2800, 0x000002800f4f9000, 0x000002800f4f3000,
0x000002800f4fd000, 0x000002800f4fe000, 0x000002800f4fa800, 0x000002800f4f8000,
0x000002800f4fb800, 0x000002800f4ff800, 0x000002800f4f9800, 0x000002800f501000,
0x000002800f502000, 0x000002800f4fc000, 0x000002800f502800, 0x000002800f500800,
0x000002800f503800
}

Java Threads: ( => current thread )
  0x0000028069393800 JavaThread "main" [_thread_blocked, id=17068, stack(0x000000a4d0400000,0x000000a4d0500000)]
  0x000002807f7eb800 JavaThread "Reference Handler" daemon [_thread_blocked, id=16996, stack(0x000000a4d0b00000,0x000000a4d0c00000)]
  0x000002807f7f5000 JavaThread "Finalizer" daemon [_thread_blocked, id=7900, stack(0x000000a4d0c00000,0x000000a4d0d00000)]
  0x000002807f9a2800 JavaThread "Signal Dispatcher" daemon [_thread_blocked, id=15264, stack(0x000000a4d0d00000,0x000000a4d0e00000)]
  0x000002807f803800 JavaThread "Attach Listener" daemon [_thread_blocked, id=13476, stack(0x000000a4d0e00000,0x000000a4d0f00000)]
  0x000002807f808000 JavaThread "Service Thread" daemon [_thread_blocked, id=12660, stack(0x000000a4d0f00000,0x000000a4d1000000)]
=>0x000002807f80b000 JavaThread "C2 CompilerThread0" daemon [_thread_in_native, id=12352, stack(0x000000a4d1000000,0x000000a4d1100000)]
  0x000002807f80f800 JavaThread "C1 CompilerThread0" daemon [_thread_blocked, id=13756, stack(0x000000a4d1100000,0x000000a4d1200000)]
  0x000002807f81b000 JavaThread "Sweeper thread" daemon [_thread_blocked, id=12536, stack(0x000000a4d1200000,0x000000a4d1300000)]
  0x000002807fae9800 JavaThread "Common-Cleaner" daemon [_thread_blocked, id=18068, stack(0x000000a4d1300000,0x000000a4d1400000)]
  0x0000028005d49800 JavaThread "Daemon health stats" [_thread_blocked, id=9060, stack(0x000000a4d1700000,0x000000a4d1800000)]
  0x0000028005f5e000 JavaThread "Incoming local TCP Connector on port 56938" [_thread_in_native, id=11028, stack(0x000000a4d1900000,0x000000a4d1a00000)]
  0x000002800563d800 JavaThread "Daemon periodic checks" [_thread_blocked, id=13860, stack(0x000000a4d1a00000,0x000000a4d1b00000)]
  0x0000028006194800 JavaThread "Cache worker for file hash cache (C:\Users\EMILIO\.gradle\caches\6.7.1\fileHashes)" [_thread_blocked, id=6284, stack(0x000000a4d2900000,0x000000a4d2a00000)]
  0x0000028006195000 JavaThread "File lock request listener" [_thread_in_native, id=10828, stack(0x000000a4d2a00000,0x000000a4d2b00000)]
  0x0000028006198800 JavaThread "Cache worker for journal cache (C:\Users\EMILIO\.gradle\caches\journal-1)" [_thread_blocked, id=7528, stack(0x000000a4d2c00000,0x000000a4d2d00000)]
  0x0000028006199800 JavaThread "Cache worker for execution history cache (C:\Users\EMILIO\.gradle\caches\6.7.1\executionHistory)" [_thread_blocked, id=12776, stack(0x000000a4d3100000,0x000000a4d3200000)]
  0x0000028006a25800 JavaThread "Cache worker for file content cache (C:\Users\EMILIO\.gradle\caches\6.7.1\fileContent)" [_thread_blocked, id=10980, stack(0x000000a4d3300000,0x000000a4d3400000)]
  0x00000280090e4000 JavaThread "Memory manager" [_thread_blocked, id=8584, stack(0x000000a4db300000,0x000000a4db400000)]
  0x000002800c9de000 JavaThread "RMI Scheduler(0)" daemon [_thread_blocked, id=3356, stack(0x000000a4dbe00000,0x000000a4dbf00000)]
  0x000002800c9df800 JavaThread "RMI GC Daemon" daemon [_thread_blocked, id=15324, stack(0x000000a4dc000000,0x000000a4dc100000)]
  0x000002800c9e2000 JavaThread "RMI TCP Accept-0" daemon [_thread_in_native, id=3260, stack(0x000000a4dc100000,0x000000a4dc200000)]
  0x000002800c9e0000 JavaThread "RMI Reaper" [_thread_blocked, id=13688, stack(0x000000a4dc200000,0x000000a4dc300000)]
  0x000002800c9dc000 JavaThread "Cache worker for Java compile cache (C:\Users\EMILIO\.gradle\caches\6.7.1\javaCompile)" [_thread_blocked, id=12412, stack(0x000000a4d0100000,0x000000a4d0200000)]
  0x000002800d0e5800 JavaThread "ForkJoinPool.commonPool-worker-11" daemon [_thread_blocked, id=10264, stack(0x000000a4dcc00000,0x000000a4dcd00000)]
  0x000002800d0d7000 JavaThread "Daemon Thread 13" [_thread_blocked, id=19116, stack(0x000000a4d0200000,0x000000a4d0300000)]
  0x000002800d0d7800 JavaThread "Daemon worker Thread 13" [_thread_blocked, id=6156, stack(0x000000a4d1800000,0x000000a4d1900000)]
  0x000002800d0e3000 JavaThread "jar transforms Thread 1548" [_thread_blocked, id=13548, stack(0x000000a4d3800000,0x000000a4d3900000)]
  0x000002800d0e0800 JavaThread "jar transforms Thread 1549" [_thread_blocked, id=7476, stack(0x000000a4d3900000,0x000000a4d3a00000)]
  0x000002800d0e4000 JavaThread "jar transforms Thread 1550" [_thread_blocked, id=19028, stack(0x000000a4d3a00000,0x000000a4d3b00000)]
  0x000002800d0e6800 JavaThread "jar transforms Thread 1551" [_thread_blocked, id=4524, stack(0x000000a4d3b00000,0x000000a4d3c00000)]
  0x000002800d0e7000 JavaThread "jar transforms Thread 1552" [_thread_blocked, id=15152, stack(0x000000a4d3c00000,0x000000a4d3d00000)]
  0x000002800d0e1800 JavaThread "jar transforms Thread 1553" [_thread_blocked, id=17652, stack(0x000000a4d3d00000,0x000000a4d3e00000)]
  0x000002800d0ed000 JavaThread "jar transforms Thread 1554" [_thread_blocked, id=11832, stack(0x000000a4d3e00000,0x000000a4d3f00000)]
  0x000002800d0e9000 JavaThread "jar transforms Thread 1555" [_thread_blocked, id=6944, stack(0x000000a4d3f00000,0x000000a4d4000000)]
  0x000002800d0ea800 JavaThread "jar transforms Thread 1556" [_thread_blocked, id=11984, stack(0x000000a4d4000000,0x000000a4d4100000)]
  0x000002800d0eb000 JavaThread "jar transforms Thread 1557" [_thread_blocked, id=14300, stack(0x000000a4d4100000,0x000000a4d4200000)]
  0x000002800d0e8000 JavaThread "jar transforms Thread 1558" [_thread_blocked, id=568, stack(0x000000a4d4200000,0x000000a4d4300000)]
  0x000002800d0ed800 JavaThread "jar transforms Thread 1559" [_thread_blocked, id=8212, stack(0x000000a4d4300000,0x000000a4d4400000)]
  0x000002800d0ec000 JavaThread "jar transforms Thread 1560" [_thread_blocked, id=14108, stack(0x000000a4d4400000,0x000000a4d4500000)]
  0x000002800d0ee800 JavaThread "jar transforms Thread 1561" [_thread_blocked, id=1132, stack(0x000000a4d4500000,0x000000a4d4600000)]
  0x000002800d0ef800 JavaThread "jar transforms Thread 1562" [_thread_blocked, id=12476, stack(0x000000a4d4600000,0x000000a4d4700000)]
  0x000002800d0e9800 JavaThread "jar transforms Thread 1563" [_thread_blocked, id=6896, stack(0x000000a4d4700000,0x000000a4d4800000)]
  0x000002800d0f0000 JavaThread "jar transforms Thread 1564" [_thread_blocked, id=11864, stack(0x000000a4d4800000,0x000000a4d4900000)]
  0x000002800d0f1000 JavaThread "jar transforms Thread 1565" [_thread_blocked, id=696, stack(0x000000a4d4900000,0x000000a4d4a00000)]
  0x00000280090da000 JavaThread "jar transforms Thread 1566" [_thread_blocked, id=15764, stack(0x000000a4d4a00000,0x000000a4d4b00000)]
  0x00000280090de000 JavaThread "jar transforms Thread 1567" [_thread_blocked, id=18252, stack(0x000000a4d4b00000,0x000000a4d4c00000)]
  0x00000280090df000 JavaThread "jar transforms Thread 1568" [_thread_blocked, id=9320, stack(0x000000a4d4c00000,0x000000a4d4d00000)]
  0x00000280090db000 JavaThread "jar transforms Thread 1569" [_thread_blocked, id=1480, stack(0x000000a4d4d00000,0x000000a4d4e00000)]
  0x00000280090e0000 JavaThread "jar transforms Thread 1570" [_thread_blocked, id=7140, stack(0x000000a4d4e00000,0x000000a4d4f00000)]
  0x00000280090e0800 JavaThread "jar transforms Thread 1571" [_thread_blocked, id=19352, stack(0x000000a4d4f00000,0x000000a4d5000000)]
  0x00000280090dd800 JavaThread "jar transforms Thread 1572" [_thread_blocked, id=11140, stack(0x000000a4d5000000,0x000000a4d5100000)]
  0x00000280090db800 JavaThread "jar transforms Thread 1573" [_thread_blocked, id=10944, stack(0x000000a4d5100000,0x000000a4d5200000)]
  0x00000280090dc800 JavaThread "jar transforms Thread 1574" [_thread_blocked, id=10928, stack(0x000000a4d5200000,0x000000a4d5300000)]
  0x00000280090e2000 JavaThread "jar transforms Thread 1575" [_thread_blocked, id=13804, stack(0x000000a4d5300000,0x000000a4d5400000)]
  0x00000280090e4800 JavaThread "jar transforms Thread 1576" [_thread_blocked, id=17764, stack(0x000000a4d5400000,0x000000a4d5500000)]
  0x00000280090e5800 JavaThread "jar transforms Thread 1577" [_thread_blocked, id=17856, stack(0x000000a4d5500000,0x000000a4d5600000)]
  0x00000280090e6800 JavaThread "jar transforms Thread 1578" [_thread_blocked, id=14156, stack(0x000000a4d5600000,0x000000a4d5700000)]
  0x00000280090e7000 JavaThread "jar transforms Thread 1579" [_thread_blocked, id=14672, stack(0x000000a4d5700000,0x000000a4d5800000)]
  0x00000280090e1800 JavaThread "jar transforms Thread 1580" [_thread_blocked, id=16136, stack(0x000000a4d5800000,0x000000a4d5900000)]
  0x00000280090e8000 JavaThread "jar transforms Thread 1581" [_thread_blocked, id=13196, stack(0x000000a4d5900000,0x000000a4d5a00000)]
  0x00000280090e9000 JavaThread "jar transforms Thread 1582" [_thread_blocked, id=9952, stack(0x000000a4d5a00000,0x000000a4d5b00000)]
  0x0000028006a24800 JavaThread "jar transforms Thread 1583" [_thread_blocked, id=5776, stack(0x000000a4d5b00000,0x000000a4d5c00000)]
  0x0000028006a24000 JavaThread "jar transforms Thread 1584" [_thread_blocked, id=17924, stack(0x000000a4d5c00000,0x000000a4d5d00000)]
  0x0000028006a28800 JavaThread "jar transforms Thread 1585" [_thread_blocked, id=8076, stack(0x000000a4d5d00000,0x000000a4d5e00000)]
  0x0000028006a28000 JavaThread "jar transforms Thread 1586" [_thread_blocked, id=7804, stack(0x000000a4d5e00000,0x000000a4d5f00000)]
  0x0000028006a26800 JavaThread "jar transforms Thread 1587" [_thread_blocked, id=4780, stack(0x000000a4d5f00000,0x000000a4d6000000)]
  0x0000028006a27000 JavaThread "jar transforms Thread 1588" [_thread_blocked, id=2796, stack(0x000000a4d6000000,0x000000a4d6100000)]
  0x0000028006197800 JavaThread "jar transforms Thread 1589" [_thread_blocked, id=11488, stack(0x000000a4d6100000,0x000000a4d6200000)]
  0x0000028006196000 JavaThread "jar transforms Thread 1590" [_thread_blocked, id=13328, stack(0x000000a4d6200000,0x000000a4d6300000)]
  0x0000028006193000 JavaThread "jar transforms Thread 1591" [_thread_blocked, id=10712, stack(0x000000a4d6300000,0x000000a4d6400000)]
  0x0000028006197000 JavaThread "jar transforms Thread 1592" [_thread_blocked, id=18916, stack(0x000000a4d6400000,0x000000a4d6500000)]
  0x0000028006193800 JavaThread "jar transforms Thread 1593" [_thread_blocked, id=11892, stack(0x000000a4d6500000,0x000000a4d6600000)]
  0x000002800c9de800 JavaThread "jar transforms Thread 1594" [_thread_blocked, id=16924, stack(0x000000a4d6600000,0x000000a4d6700000)]
  0x000002800c9e1000 JavaThread "jar transforms Thread 1595" [_thread_blocked, id=4644, stack(0x000000a4d6700000,0x000000a4d6800000)]
  0x000002800c9e2800 JavaThread "jar transforms Thread 1596" [_thread_blocked, id=18552, stack(0x000000a4d6800000,0x000000a4d6900000)]
  0x000002800c9dd000 JavaThread "jar transforms Thread 1597" [_thread_blocked, id=18188, stack(0x000000a4d6900000,0x000000a4d6a00000)]
  0x000002800eb1f800 JavaThread "jar transforms Thread 1598" [_thread_blocked, id=10608, stack(0x000000a4d6a00000,0x000000a4d6b00000)]
  0x000002800eb22000 JavaThread "jar transforms Thread 1599" [_thread_blocked, id=15680, stack(0x000000a4d6b00000,0x000000a4d6c00000)]
  0x000002800eb20800 JavaThread "jar transforms Thread 1600" [_thread_blocked, id=12032, stack(0x000000a4d6c00000,0x000000a4d6d00000)]
  0x000002800eb1e000 JavaThread "jar transforms Thread 1601" [_thread_blocked, id=18196, stack(0x000000a4d6d00000,0x000000a4d6e00000)]
  0x000002800eb1f000 JavaThread "jar transforms Thread 1602" [_thread_blocked, id=10960, stack(0x000000a4d6e00000,0x000000a4d6f00000)]
  0x000002800eb21000 JavaThread "jar transforms Thread 1603" [_thread_blocked, id=6860, stack(0x000000a4d6f00000,0x000000a4d7000000)]
  0x000002800eb1c800 JavaThread "jar transforms Thread 1604" [_thread_blocked, id=15856, stack(0x000000a4d7000000,0x000000a4d7100000)]
  0x000002800eb23000 JavaThread "jar transforms Thread 1605" [_thread_blocked, id=6536, stack(0x000000a4d7100000,0x000000a4d7200000)]
  0x000002800eb1d000 JavaThread "jar transforms Thread 1606" [_thread_blocked, id=11624, stack(0x000000a4d7200000,0x000000a4d7300000)]
  0x000002800eb26000 JavaThread "jar transforms Thread 1607" [_thread_blocked, id=11132, stack(0x000000a4d7300000,0x000000a4d7400000)]
  0x000002800eb29800 JavaThread "jar transforms Thread 1608" [_thread_blocked, id=1368, stack(0x000000a4d7400000,0x000000a4d7500000)]
  0x000002800eb28800 JavaThread "jar transforms Thread 1609" [_thread_blocked, id=12972, stack(0x000000a4d7500000,0x000000a4d7600000)]
  0x000002800eb27000 JavaThread "jar transforms Thread 1610" [_thread_blocked, id=12464, stack(0x000000a4d7600000,0x000000a4d7700000)]
  0x000002800eb23800 JavaThread "jar transforms Thread 1611" [_thread_blocked, id=12736, stack(0x000000a4d7700000,0x000000a4d7800000)]
  0x000002800eb25800 JavaThread "jar transforms Thread 1612" [_thread_blocked, id=16904, stack(0x000000a4d7800000,0x000000a4d7900000)]
  0x000002800eb24800 JavaThread "jar transforms Thread 1613" [_thread_blocked, id=18060, stack(0x000000a4d7900000,0x000000a4d7a00000)]
  0x000002800eb2a000 JavaThread "jar transforms Thread 1614" [_thread_blocked, id=11216, stack(0x000000a4d7a00000,0x000000a4d7b00000)]
  0x000002800eb27800 JavaThread "jar transforms Thread 1615" [_thread_blocked, id=9356, stack(0x000000a4d7b00000,0x000000a4d7c00000)]
  0x000002800eb2b000 JavaThread "jar transforms Thread 1616" [_thread_blocked, id=15564, stack(0x000000a4d7c00000,0x000000a4d7d00000)]
  0x000002800ed66000 JavaThread "jar transforms Thread 1617" [_thread_blocked, id=11360, stack(0x000000a4d7d00000,0x000000a4d7e00000)]
  0x000002800ed6a000 JavaThread "jar transforms Thread 1618" [_thread_blocked, id=9588, stack(0x000000a4d7e00000,0x000000a4d7f00000)]
  0x000002800ed68000 JavaThread "jar transforms Thread 1619" [_thread_blocked, id=15912, stack(0x000000a4d7f00000,0x000000a4d8000000)]
  0x000002800ed69800 JavaThread "jar transforms Thread 1620" [_thread_blocked, id=16728, stack(0x000000a4d8000000,0x000000a4d8100000)]
  0x000002800ed67000 JavaThread "jar transforms Thread 1621" [_thread_blocked, id=15900, stack(0x000000a4d8100000,0x000000a4d8200000)]
  0x000002800ed6b000 JavaThread "jar transforms Thread 1622" [_thread_blocked, id=10336, stack(0x000000a4d8200000,0x000000a4d8300000)]
  0x000002800ed6d800 JavaThread "jar transforms Thread 1623" [_thread_blocked, id=19136, stack(0x000000a4d8300000,0x000000a4d8400000)]
  0x000002800ed6c000 JavaThread "jar transforms Thread 1624" [_thread_blocked, id=13508, stack(0x000000a4d8400000,0x000000a4d8500000)]
  0x000002800ed6c800 JavaThread "jar transforms Thread 1625" [_thread_blocked, id=8872, stack(0x000000a4d8500000,0x000000a4d8600000)]
  0x000002800ed6e800 JavaThread "jar transforms Thread 1626" [_thread_blocked, id=18996, stack(0x000000a4d8600000,0x000000a4d8700000)]
  0x000002800ed68800 JavaThread "jar transforms Thread 1627" [_thread_blocked, id=1648, stack(0x000000a4d8700000,0x000000a4d8800000)]
  0x000002800ed72800 JavaThread "jar transforms Thread 1628" [_thread_blocked, id=12704, stack(0x000000a4d8800000,0x000000a4d8900000)]
  0x000002800ed6f000 JavaThread "jar transforms Thread 1629" [_thread_blocked, id=18792, stack(0x000000a4d8900000,0x000000a4d8a00000)]
  0x000002800ed73000 JavaThread "jar transforms Thread 1630" [_thread_blocked, id=13096, stack(0x000000a4d8a00000,0x000000a4d8b00000)]
  0x000002800ed74000 JavaThread "jar transforms Thread 1631" [_thread_blocked, id=17540, stack(0x000000a4d8b00000,0x000000a4d8c00000)]
  0x000002800ed70000 JavaThread "jar transforms Thread 1632" [_thread_blocked, id=14028, stack(0x000000a4d8c00000,0x000000a4d8d00000)]
  0x000002800ed71000 JavaThread "jar transforms Thread 1633" [_thread_blocked, id=8288, stack(0x000000a4d8d00000,0x000000a4d8e00000)]
  0x000002800ed71800 JavaThread "jar transforms Thread 1634" [_thread_blocked, id=14876, stack(0x000000a4d8e00000,0x000000a4d8f00000)]
  0x000002800ed75000 JavaThread "jar transforms Thread 1635" [_thread_blocked, id=10836, stack(0x000000a4d8f00000,0x000000a4d9000000)]
  0x000002800f34d800 JavaThread "jar transforms Thread 1636" [_thread_blocked, id=12060, stack(0x000000a4d9000000,0x000000a4d9100000)]
  0x000002800f34e800 JavaThread "jar transforms Thread 1637" [_thread_blocked, id=13404, stack(0x000000a4d9100000,0x000000a4d9200000)]
  0x000002800f351000 JavaThread "jar transforms Thread 1638" [_thread_blocked, id=13136, stack(0x000000a4d9200000,0x000000a4d9300000)]
  0x000002800f34c800 JavaThread "jar transforms Thread 1639" [_thread_blocked, id=15060, stack(0x000000a4d9300000,0x000000a4d9400000)]
  0x000002800f34f000 JavaThread "jar transforms Thread 1640" [_thread_blocked, id=15580, stack(0x000000a4d9400000,0x000000a4d9500000)]
  0x000002800f350000 JavaThread "jar transforms Thread 1641" [_thread_blocked, id=1404, stack(0x000000a4d9500000,0x000000a4d9600000)]
  0x000002800f34b000 JavaThread "jar transforms Thread 1642" [_thread_blocked, id=16212, stack(0x000000a4d9600000,0x000000a4d9700000)]
  0x000002800f351800 JavaThread "jar transforms Thread 1643" [_thread_blocked, id=11660, stack(0x000000a4d9700000,0x000000a4d9800000)]
  0x000002800f34c000 JavaThread "jar transforms Thread 1644" [_thread_blocked, id=17928, stack(0x000000a4d9800000,0x000000a4d9900000)]
  0x000002800f352800 JavaThread "jar transforms Thread 1645" [_thread_blocked, id=18520, stack(0x000000a4d9900000,0x000000a4d9a00000)]
  0x000002800f359000 JavaThread "jar transforms Thread 1646" [_thread_blocked, id=10160, stack(0x000000a4d9a00000,0x000000a4d9b00000)]
  0x000002800f355800 JavaThread "jar transforms Thread 1647" [_thread_blocked, id=4020, stack(0x000000a4d9b00000,0x000000a4d9c00000)]
  0x000002800f355000 JavaThread "jar transforms Thread 1648" [_thread_blocked, id=12716, stack(0x000000a4d9c00000,0x000000a4d9d00000)]
  0x000002800f356800 JavaThread "jar transforms Thread 1649" [_thread_blocked, id=15920, stack(0x000000a4d9d00000,0x000000a4d9e00000)]
  0x000002800f357800 JavaThread "jar transforms Thread 1650" [_thread_blocked, id=16292, stack(0x000000a4d9e00000,0x000000a4d9f00000)]
  0x000002800f358000 JavaThread "jar transforms Thread 1651" [_thread_blocked, id=18788, stack(0x000000a4d9f00000,0x000000a4da000000)]
  0x000002800f353000 JavaThread "jar transforms Thread 1652" [_thread_blocked, id=14688, stack(0x000000a4da000000,0x000000a4da100000)]
  0x000002800f359800 JavaThread "jar transforms Thread 1653" [_thread_blocked, id=11868, stack(0x000000a4da100000,0x000000a4da200000)]
  0x000002800f354000 JavaThread "jar transforms Thread 1654" [_thread_blocked, id=9384, stack(0x000000a4da200000,0x000000a4da300000)]
  0x000002800d08c000 JavaThread "jar transforms Thread 1655" [_thread_blocked, id=6632, stack(0x000000a4da300000,0x000000a4da400000)]
  0x000002800d08d800 JavaThread "jar transforms Thread 1656" [_thread_blocked, id=16380, stack(0x000000a4da400000,0x000000a4da500000)]
  0x000002800d08e800 JavaThread "jar transforms Thread 1657" [_thread_blocked, id=8512, stack(0x000000a4da500000,0x000000a4da600000)]
  0x000002800d08c800 JavaThread "jar transforms Thread 1658" [_thread_blocked, id=10816, stack(0x000000a4da600000,0x000000a4da700000)]
  0x000002800d093800 JavaThread "jar transforms Thread 1659" [_thread_blocked, id=11536, stack(0x000000a4da700000,0x000000a4da800000)]
  0x000002800d094000 JavaThread "jar transforms Thread 1660" [_thread_blocked, id=18272, stack(0x000000a4da800000,0x000000a4da900000)]
  0x000002800d091000 JavaThread "jar transforms Thread 1661" [_thread_blocked, id=10676, stack(0x000000a4da900000,0x000000a4daa00000)]
  0x000002800d095000 JavaThread "jar transforms Thread 1662" [_thread_blocked, id=15668, stack(0x000000a4daa00000,0x000000a4dab00000)]
  0x000002800d092800 JavaThread "jar transforms Thread 1663" [_thread_blocked, id=17584, stack(0x000000a4dab00000,0x000000a4dac00000)]
  0x000002800d090000 JavaThread "jar transforms Thread 1664" [_thread_blocked, id=7444, stack(0x000000a4dac00000,0x000000a4dad00000)]
  0x000002800d08f000 JavaThread "jar transforms Thread 1665" [_thread_blocked, id=18312, stack(0x000000a4dad00000,0x000000a4dae00000)]
  0x000002800d095800 JavaThread "jar transforms Thread 1666" [_thread_blocked, id=2716, stack(0x000000a4dae00000,0x000000a4daf00000)]
  0x000002800d0d2800 JavaThread "Handler for socket connection from /127.0.0.1:56938 to /127.0.0.1:64036" [_thread_in_native, id=7620, stack(0x000000a4d0300000,0x000000a4d0400000)]
  0x000002800d0d3800 JavaThread "Cancel handler" [_thread_blocked, id=6136, stack(0x000000a4d1500000,0x000000a4d1600000)]
  0x000002800d0d2000 JavaThread "Asynchronous log dispatcher for DefaultDaemonConnection: socket connection from /127.0.0.1:56938 to /127.0.0.1:64036" [_thread_blocked, id=11432, stack(0x000000a4d1b00000,0x000000a4d1c00000)]
  0x000002800d0d5000 JavaThread "Stdin handler" [_thread_blocked, id=12724, stack(0x000000a4d1c00000,0x000000a4d1d00000)]
  0x000002800d0d8800 JavaThread "Thread-2245" [_thread_blocked, id=9984, stack(0x000000a4d2400000,0x000000a4d2500000)]
  0x000002800d0d9800 JavaThread "Cache worker for file hash cache (C:\Users\EMILIO\Documents\SeriousScienceVideos\.gradle\6.7.1\fileHashes)" [_thread_blocked, id=17144, stack(0x000000a4d2500000,0x000000a4d2600000)]
  0x000002800d0d6000 JavaThread "Cache worker for checksums cache (C:\Users\EMILIO\Documents\SeriousScienceVideos\.gradle\checksums)" [_thread_blocked, id=10532, stack(0x000000a4d2600000,0x000000a4d2700000)]
  0x000002800d0d4800 JavaThread "Cache worker for cache directory md-supplier (C:\Users\EMILIO\.gradle\caches\6.7.1\md-supplier)" [_thread_blocked, id=19324, stack(0x000000a4d2700000,0x000000a4d2800000)]
  0x000002800d0db000 JavaThread "Cache worker for cache directory md-rule (C:\Users\EMILIO\.gradle\caches\6.7.1\md-rule)" [_thread_blocked, id=17876, stack(0x000000a4d2800000,0x000000a4d2900000)]
  0x000002800d0de000 JavaThread "Cache worker for Build Output Cleanup Cache (C:\Users\EMILIO\Documents\SeriousScienceVideos\.gradle\buildOutputCleanup)" [_thread_blocked, id=9872, stack(0x000000a4d2d00000,0x000000a4d2e00000)]
  0x000002800d0df000 JavaThread "Build operations" [_thread_blocked, id=9948, stack(0x000000a4d2e00000,0x000000a4d2f00000)]
  0x000002800d0db800 JavaThread "Build operations Thread 2" [_thread_blocked, id=13024, stack(0x000000a4d2f00000,0x000000a4d3000000)]
  0x000002800d0dc800 JavaThread "Build operations Thread 3" [_thread_blocked, id=2368, stack(0x000000a4d3000000,0x000000a4d3100000)]
  0x000002800d0dd800 JavaThread "Build operations Thread 4" [_thread_blocked, id=16256, stack(0x000000a4d3200000,0x000000a4d3300000)]
  0x000002800d0e0000 JavaThread "Build operations Thread 5" [_thread_blocked, id=7536, stack(0x000000a4d3400000,0x000000a4d3500000)]
  0x000002800d0da000 JavaThread "Build operations Thread 6" [_thread_blocked, id=15800, stack(0x000000a4d3500000,0x000000a4d3600000)]
  0x000002800d0e4800 JavaThread "Build operations Thread 7" [_thread_blocked, id=14248, stack(0x000000a4d3600000,0x000000a4d3700000)]
  0x000002800d0e2800 JavaThread "Build operations Thread 8" [_thread_blocked, id=2344, stack(0x000000a4d3700000,0x000000a4d3800000)]
  0x000002800d091800 JavaThread "build event listener" [_thread_blocked, id=17796, stack(0x000000a4db000000,0x000000a4db100000)]
  0x000002800d096800 JavaThread "build event listener" [_thread_blocked, id=17700, stack(0x000000a4db100000,0x000000a4db200000)]
  0x000002800d097800 JavaThread "Execution worker for ':'" [_thread_blocked, id=11372, stack(0x000000a4db200000,0x000000a4db300000)]
  0x000002800d098000 JavaThread "Execution worker for ':' Thread 2" [_thread_blocked, id=12884, stack(0x000000a4db400000,0x000000a4db500000)]
  0x000002800d09a800 JavaThread "Execution worker for ':' Thread 3" [_thread_blocked, id=14160, stack(0x000000a4db500000,0x000000a4db600000)]
  0x000002800d09a000 JavaThread "Execution worker for ':' Thread 4" [_thread_blocked, id=11224, stack(0x000000a4db600000,0x000000a4db700000)]
  0x000002800d099000 JavaThread "Execution worker for ':' Thread 5" [_thread_blocked, id=19144, stack(0x000000a4db700000,0x000000a4db800000)]
  0x000002800f4f4000 JavaThread "Execution worker for ':' Thread 6" [_thread_blocked, id=12584, stack(0x000000a4db800000,0x000000a4db900000)]
  0x000002800f4f7800 JavaThread "Execution worker for ':' Thread 7" [_thread_blocked, id=18032, stack(0x000000a4db900000,0x000000a4dba00000)]
  0x000002800f4f1800 JavaThread "Cache worker for execution history cache (C:\Users\EMILIO\Documents\SeriousScienceVideos\.gradle\6.7.1\executionHistory)" [_thread_blocked, id=1628, stack(0x000000a4dba00000,0x000000a4dbb00000)]
  0x000002800f4f5000 JavaThread "WorkerExecutor Queue" [_thread_blocked, id=13844, stack(0x000000a4dbb00000,0x000000a4dbc00000)]
  0x000002800f4f5800 JavaThread "pool-69-thread-1" [_thread_blocked, id=16164, stack(0x000000a4dbc00000,0x000000a4dbd00000)]
  0x000002800f4f6800 JavaThread "stderr" [_thread_in_native, id=18876, stack(0x000000a4dbd00000,0x000000a4dbe00000)]
  0x000002800f4f2800 JavaThread "stdout" [_thread_in_native, id=12360, stack(0x000000a4dbf00000,0x000000a4dc000000)]
  0x000002800f4f9000 JavaThread "RMI TCP Connection(63)-127.0.0.1" daemon [_thread_in_native, id=6336, stack(0x000000a4dc300000,0x000000a4dc400000)]
  0x000002800f4f3000 JavaThread "RMI TCP Connection(idle)" daemon [_thread_blocked, id=2820, stack(0x000000a4dc400000,0x000000a4dc500000)]
  0x000002800f4fd000 JavaThread "Cache worker for Java compile cache (C:\Users\EMILIO\Documents\SeriousScienceVideos\.gradle\6.7.1\javaCompile)" [_thread_blocked, id=9744, stack(0x000000a4dc500000,0x000000a4dc600000)]
  0x000002800f4fe000 JavaThread "WorkerExecutor Queue Thread 2" [_thread_blocked, id=13620, stack(0x000000a4daf00000,0x000000a4db000000)]
  0x000002800f4fa800 JavaThread "WorkerExecutor Queue Thread 3" [_thread_blocked, id=17168, stack(0x000000a4dc600000,0x000000a4dc700000)]
  0x000002800f4f8000 JavaThread "WorkerExecutor Queue Thread 4" [_thread_in_native, id=12064, stack(0x000000a4dc700000,0x000000a4dc800000)]
  0x000002800f4fb800 JavaThread "WorkerExecutor Queue Thread 5" [_thread_blocked, id=19320, stack(0x000000a4dc800000,0x000000a4dc900000)]
  0x000002800f4ff800 JavaThread "WorkerExecutor Queue Thread 6" [_thread_blocked, id=11504, stack(0x000000a4dc900000,0x000000a4dca00000)]
  0x000002800f4f9800 JavaThread "WorkerExecutor Queue Thread 7" [_thread_blocked, id=2956, stack(0x000000a4dca00000,0x000000a4dcb00000)]
  0x000002800f501000 JavaThread "WorkerExecutor Queue Thread 8" [_thread_blocked, id=2308, stack(0x000000a4dcb00000,0x000000a4dcc00000)]
  0x000002800f502000 JavaThread "WorkerExecutor Queue Thread 9" [_thread_blocked, id=18172, stack(0x000000a4dcd00000,0x000000a4dce00000)]
  0x000002800f4fc000 JavaThread "ForkJoinPool.commonPool-worker-13" daemon [_thread_blocked, id=16372, stack(0x000000a4dce00000,0x000000a4dcf00000)]
  0x000002800f502800 JavaThread "ForkJoinPool.commonPool-worker-15" daemon [_thread_blocked, id=7468, stack(0x000000a4dcf00000,0x000000a4dd000000)]
  0x000002800f500800 JavaThread "ForkJoinPool.commonPool-worker-1" daemon [_thread_blocked, id=12516, stack(0x000000a4dd000000,0x000000a4dd100000)]
  0x000002800f503800 JavaThread "ForkJoinPool.commonPool-worker-3" daemon [_thread_blocked, id=14344, stack(0x000000a4dd100000,0x000000a4dd200000)]

Other Threads:
  0x000002807f7e7800 VMThread "VM Thread" [stack: 0x000000a4d0a00000,0x000000a4d0b00000] [id=8632]
  0x000002807fb09000 WatcherThread [stack: 0x000000a4d1400000,0x000000a4d1500000] [id=10496]
  0x00000280693a7000 GCTaskThread "GC Thread#0" [stack: 0x000000a4d0500000,0x000000a4d0600000] [id=11592]
  0x0000028005260800 GCTaskThread "GC Thread#1" [stack: 0x000000a4d1600000,0x000000a4d1700000] [id=356]
  0x00000280056f4800 GCTaskThread "GC Thread#2" [stack: 0x000000a4d1d00000,0x000000a4d1e00000] [id=11524]
  0x000002800598c000 GCTaskThread "GC Thread#3" [stack: 0x000000a4d1e00000,0x000000a4d1f00000] [id=13480]
  0x000002800598c800 GCTaskThread "GC Thread#4" [stack: 0x000000a4d1f00000,0x000000a4d2000000] [id=14100]
  0x000002800598d800 GCTaskThread "GC Thread#5" [stack: 0x000000a4d2000000,0x000000a4d2100000] [id=2280]
  0x0000028006002800 GCTaskThread "GC Thread#6" [stack: 0x000000a4d2100000,0x000000a4d2200000] [id=16444]
  0x0000028006004800 GCTaskThread "GC Thread#7" [stack: 0x000000a4d2200000,0x000000a4d2300000] [id=17008]
  0x00000280693d8800 ConcurrentGCThread "G1 Main Marker" [stack: 0x000000a4d0600000,0x000000a4d0700000] [id=11076]
  0x00000280693dd000 ConcurrentGCThread "G1 Conc#0" [stack: 0x000000a4d0700000,0x000000a4d0800000] [id=12900]
  0x0000028006002000 ConcurrentGCThread "G1 Conc#1" [stack: 0x000000a4d2b00000,0x000000a4d2c00000] [id=1296]
  0x0000028069460000 ConcurrentGCThread "G1 Refine#0" [stack: 0x000000a4d0800000,0x000000a4d0900000] [id=17260]
  0x0000028005338000 ConcurrentGCThread "G1 Refine#1" [stack: 0x000000a4d2300000,0x000000a4d2400000] [id=18464]
  0x0000028069461000 ConcurrentGCThread "G1 Young RemSet Sampling" [stack: 0x000000a4d0900000,0x000000a4d0a00000] [id=7988]

Threads with active compile tasks:
C2 CompilerThread09697908 25280       4       com.android.tools.r8.ir.conversion.S::a (1010 bytes)

VM state:not at safepoint (normal execution)

VM Mutex/Monitor currently owned by a thread: None

Heap address: 0x0000000080000000, size: 2048 MB, Compressed Oops mode: 32-bit
Narrow klass base: 0x0000000000000000, Narrow klass shift: 3
Compressed class space size: 1073741824 Address: 0x0000000100000000

Heap:
 garbage-first heap   total 162816K, used 101156K [0x0000000080000000, 0x0000000100000000)
  region size 1024K, 3 young (3072K), 2 survivors (2048K)
 Metaspace       used 125212K, capacity 129557K, committed 129788K, reserved 1163264K
  class space    used 15515K, capacity 17014K, committed 17024K, reserved 1048576K
Heap Regions: E=young(eden), S=young(survivor), O=old, HS=humongous(starts), HC=humongous(continues), CS=collection set, F=free, A=archive, TAMS=top-at-mark-start (previous, next)
|   0|0x0000000080000000, 0x0000000080100000, 0x0000000080100000|100%| O|  |TAMS 0x0000000080100000, 0x0000000080000000| Untracked 
|   1|0x0000000080100000, 0x0000000080200000, 0x0000000080200000|100%| O|  |TAMS 0x0000000080200000, 0x0000000080100000| Untracked 
|   2|0x0000000080200000, 0x0000000080300000, 0x0000000080300000|100%| O|  |TAMS 0x0000000080300000, 0x0000000080200000| Untracked 
|   3|0x0000000080300000, 0x0000000080400000, 0x0000000080400000|100%|HS|  |TAMS 0x0000000080400000, 0x0000000080300000| Complete 
|   4|0x0000000080400000, 0x0000000080500000, 0x0000000080500000|100%|HC|  |TAMS 0x0000000080500000, 0x0000000080400000| Complete 
|   5|0x0000000080500000, 0x0000000080600000, 0x0000000080600000|100%|HC|  |TAMS 0x0000000080600000, 0x0000000080500000| Complete 
|   6|0x0000000080600000, 0x0000000080700000, 0x0000000080700000|100%| O|  |TAMS 0x0000000080700000, 0x0000000080600000| Untracked 
|   7|0x0000000080700000, 0x0000000080800000, 0x0000000080800000|100%| O|  |TAMS 0x0000000080800000, 0x0000000080700000| Untracked 
|   8|0x0000000080800000, 0x0000000080900000, 0x0000000080900000|100%| O|  |TAMS 0x0000000080900000, 0x0000000080800000| Untracked 
|   9|0x0000000080900000, 0x0000000080a00000, 0x0000000080a00000|100%| O|  |TAMS 0x0000000080a00000, 0x0000000080900000| Untracked 
|  10|0x0000000080a00000, 0x0000000080b00000, 0x0000000080b00000|100%| O|  |TAMS 0x0000000080b00000, 0x0000000080a00000| Untracked 
|  11|0x0000000080b00000, 0x0000000080c00000, 0x0000000080c00000|100%| O|  |TAMS 0x0000000080c00000, 0x0000000080b00000| Complete 
|  12|0x0000000080c00000, 0x0000000080c00000, 0x0000000080d00000|  0%| F|  |TAMS 0x0000000080c00000, 0x0000000080c00000| Untracked 
|  13|0x0000000080d00000, 0x0000000080e00000, 0x0000000080e00000|100%| O|  |TAMS 0x0000000080e00000, 0x0000000080d00000| Untracked 
|  14|0x0000000080e00000, 0x0000000080f00000, 0x0000000080f00000|100%| O|  |TAMS 0x0000000080f00000, 0x0000000080e00000| Complete 
|  15|0x0000000080f00000, 0x0000000081000000, 0x0000000081000000|100%| O|  |TAMS 0x0000000081000000, 0x0000000080f00000| Complete 
|  16|0x0000000081000000, 0x0000000081100000, 0x0000000081100000|100%| O|  |TAMS 0x0000000081100000, 0x0000000081000000| Complete 
|  17|0x0000000081100000, 0x0000000081200000, 0x0000000081200000|100%| O|  |TAMS 0x0000000081200000, 0x0000000081100000| Untracked 
|  18|0x0000000081200000, 0x0000000081300000, 0x0000000081300000|100%| O|  |TAMS 0x0000000081300000, 0x0000000081200000| Complete 
|  19|0x0000000081300000, 0x0000000081300000, 0x0000000081400000|  0%| F|  |TAMS 0x0000000081300000, 0x0000000081300000| Untracked 
|  20|0x0000000081400000, 0x0000000081500000, 0x0000000081500000|100%| O|  |TAMS 0x0000000081500000, 0x0000000081400000| Untracked 
|  21|0x0000000081500000, 0x0000000081600000, 0x0000000081600000|100%| O|  |TAMS 0x0000000081600000, 0x0000000081500000| Untracked 
|  22|0x0000000081600000, 0x0000000081700000, 0x0000000081700000|100%| O|  |TAMS 0x0000000081700000, 0x0000000081600000| Complete 
|  23|0x0000000081700000, 0x0000000081800000, 0x0000000081800000|100%| O|  |TAMS 0x0000000081800000, 0x0000000081700000| Complete 
|  24|0x0000000081800000, 0x0000000081900000, 0x0000000081900000|100%|HS|  |TAMS 0x0000000081900000, 0x0000000081800000| Complete 
|  25|0x0000000081900000, 0x0000000081a00000, 0x0000000081a00000|100%|HS|  |TAMS 0x0000000081a00000, 0x0000000081900000| Complete 
|  26|0x0000000081a00000, 0x0000000081b00000, 0x0000000081b00000|100%|HS|  |TAMS 0x0000000081b00000, 0x0000000081a00000| Complete 
|  27|0x0000000081b00000, 0x0000000081c00000, 0x0000000081c00000|100%|HC|  |TAMS 0x0000000081c00000, 0x0000000081b00000| Complete 
|  28|0x0000000081c00000, 0x0000000081d00000, 0x0000000081d00000|100%|HC|  |TAMS 0x0000000081d00000, 0x0000000081c00000| Complete 
|  29|0x0000000081d00000, 0x0000000081e00000, 0x0000000081e00000|100%|HS|  |TAMS 0x0000000081e00000, 0x0000000081d00000| Complete 
|  30|0x0000000081e00000, 0x0000000081f00000, 0x0000000081f00000|100%|HC|  |TAMS 0x0000000081f00000, 0x0000000081e00000| Complete 
|  31|0x0000000081f00000, 0x0000000082000000, 0x0000000082000000|100%| O|  |TAMS 0x0000000082000000, 0x0000000081f00000| Complete 
|  32|0x0000000082000000, 0x0000000082100000, 0x0000000082100000|100%| O|  |TAMS 0x0000000082100000, 0x0000000082000000| Untracked 
|  33|0x0000000082100000, 0x0000000082200000, 0x0000000082200000|100%| O|  |TAMS 0x0000000082200000, 0x0000000082100000| Untracked 
|  34|0x0000000082200000, 0x0000000082300000, 0x0000000082300000|100%| O|  |TAMS 0x0000000082300000, 0x0000000082200000| Untracked 
|  35|0x0000000082300000, 0x0000000082400000, 0x0000000082400000|100%| O|  |TAMS 0x0000000082400000, 0x0000000082300000| Complete 
|  36|0x0000000082400000, 0x0000000082500000, 0x0000000082500000|100%| O|  |TAMS 0x0000000082500000, 0x0000000082400000| Complete 
|  37|0x0000000082500000, 0x0000000082600000, 0x0000000082600000|100%| O|  |TAMS 0x0000000082600000, 0x0000000082500000| Untracked 
|  38|0x0000000082600000, 0x0000000082700000, 0x0000000082700000|100%| O|  |TAMS 0x0000000082700000, 0x0000000082600000| Untracked 
|  39|0x0000000082700000, 0x0000000082800000, 0x0000000082800000|100%| O|  |TAMS 0x0000000082800000, 0x0000000082700000| Untracked 
|  40|0x0000000082800000, 0x0000000082900000, 0x0000000082900000|100%| O|  |TAMS 0x0000000082900000, 0x0000000082800000| Untracked 
|  41|0x0000000082900000, 0x0000000082a00000, 0x0000000082a00000|100%| O|  |TAMS 0x0000000082a00000, 0x0000000082900000| Complete 
|  42|0x0000000082a00000, 0x0000000082b00000, 0x0000000082b00000|100%| O|  |TAMS 0x0000000082b00000, 0x0000000082a00000| Complete 
|  43|0x0000000082b00000, 0x0000000082c00000, 0x0000000082c00000|100%| O|  |TAMS 0x0000000082c00000, 0x0000000082b00000| Complete 
|  44|0x0000000082c00000, 0x0000000082d00000, 0x0000000082d00000|100%| O|  |TAMS 0x0000000082d00000, 0x0000000082c00000| Untracked 
|  45|0x0000000082d00000, 0x0000000082e00000, 0x0000000082e00000|100%| O|  |TAMS 0x0000000082e00000, 0x0000000082d00000| Complete 
|  46|0x0000000082e00000, 0x0000000082f00000, 0x0000000082f00000|100%| O|  |TAMS 0x0000000082f00000, 0x0000000082e00000| Complete 
|  47|0x0000000082f00000, 0x0000000082f00000, 0x0000000083000000|  0%| F|  |TAMS 0x0000000082f00000, 0x0000000082f00000| Untracked 
|  48|0x0000000083000000, 0x0000000083100000, 0x0000000083100000|100%| O|  |TAMS 0x0000000083100000, 0x0000000083000000| Untracked 
|  49|0x0000000083100000, 0x0000000083100000, 0x0000000083200000|  0%| F|  |TAMS 0x0000000083100000, 0x0000000083100000| Untracked 
|  50|0x0000000083200000, 0x0000000083300000, 0x0000000083300000|100%| O|  |TAMS 0x0000000083300000, 0x0000000083200000| Untracked 
|  51|0x0000000083300000, 0x0000000083300000, 0x0000000083400000|  0%| F|  |TAMS 0x0000000083300000, 0x0000000083300000| Untracked 
|  52|0x0000000083400000, 0x0000000083500000, 0x0000000083500000|100%| O|  |TAMS 0x0000000083500000, 0x0000000083400000| Complete 
|  53|0x0000000083500000, 0x0000000083600000, 0x0000000083600000|100%| O|  |TAMS 0x0000000083600000, 0x0000000083500000| Complete 
|  54|0x0000000083600000, 0x0000000083600000, 0x0000000083700000|  0%| F|  |TAMS 0x0000000083600000, 0x0000000083600000| Untracked 
|  55|0x0000000083700000, 0x0000000083800000, 0x0000000083800000|100%| O|  |TAMS 0x0000000083800000, 0x0000000083700000| Untracked 
|  56|0x0000000083800000, 0x0000000083900000, 0x0000000083900000|100%| O|  |TAMS 0x0000000083900000, 0x0000000083800000| Complete 
|  57|0x0000000083900000, 0x0000000083a00000, 0x0000000083a00000|100%| O|  |TAMS 0x0000000083a00000, 0x0000000083900000| Untracked 
|  58|0x0000000083a00000, 0x0000000083b00000, 0x0000000083b00000|100%| O|  |TAMS 0x0000000083b00000, 0x0000000083a00000| Complete 
|  59|0x0000000083b00000, 0x0000000083c00000, 0x0000000083c00000|100%| O|  |TAMS 0x0000000083c00000, 0x0000000083b00000| Complete 
|  60|0x0000000083c00000, 0x0000000083d00000, 0x0000000083d00000|100%| O|  |TAMS 0x0000000083d00000, 0x0000000083c00000| Complete 
|  61|0x0000000083d00000, 0x0000000083e00000, 0x0000000083e00000|100%| O|  |TAMS 0x0000000083e00000, 0x0000000083d00000| Complete 
|  62|0x0000000083e00000, 0x0000000083f00000, 0x0000000083f00000|100%| O|  |TAMS 0x0000000083f00000, 0x0000000083e00000| Complete 
|  63|0x0000000083f00000, 0x0000000084000000, 0x0000000084000000|100%|HS|  |TAMS 0x0000000084000000, 0x0000000083f00000| Complete 
|  64|0x0000000084000000, 0x0000000084100000, 0x0000000084100000|100%|HC|  |TAMS 0x0000000084100000, 0x0000000084000000| Complete 
|  65|0x0000000084100000, 0x0000000084200000, 0x0000000084200000|100%| O|  |TAMS 0x0000000084200000, 0x0000000084100000| Untracked 
|  66|0x0000000084200000, 0x0000000084300000, 0x0000000084300000|100%| O|  |TAMS 0x0000000084300000, 0x0000000084200000| Untracked 
|  67|0x0000000084300000, 0x0000000084400000, 0x0000000084400000|100%| O|  |TAMS 0x0000000084400000, 0x0000000084300000| Complete 
|  68|0x0000000084400000, 0x0000000084500000, 0x0000000084500000|100%| O|  |TAMS 0x0000000084500000, 0x0000000084400000| Complete 
|  69|0x0000000084500000, 0x0000000084600000, 0x0000000084600000|100%| O|  |TAMS 0x0000000084600000, 0x0000000084500000| Complete 
|  70|0x0000000084600000, 0x0000000084700000, 0x0000000084700000|100%| O|  |TAMS 0x0000000084700000, 0x0000000084600000| Untracked 
|  71|0x0000000084700000, 0x0000000084800000, 0x0000000084800000|100%| O|  |TAMS 0x0000000084800000, 0x0000000084700000| Untracked 
|  72|0x0000000084800000, 0x0000000084900000, 0x0000000084900000|100%| O|  |TAMS 0x0000000084900000, 0x0000000084800000| Untracked 
|  73|0x0000000084900000, 0x0000000084a00000, 0x0000000084a00000|100%| O|  |TAMS 0x0000000084a00000, 0x0000000084900000| Untracked 
|  74|0x0000000084a00000, 0x0000000084b00000, 0x0000000084b00000|100%| O|  |TAMS 0x0000000084b00000, 0x0000000084a00000| Untracked 
|  75|0x0000000084b00000, 0x0000000084c00000, 0x0000000084c00000|100%| O|  |TAMS 0x0000000084c00000, 0x0000000084b00000| Complete 
|  76|0x0000000084c00000, 0x0000000084d00000, 0x0000000084d00000|100%| O|  |TAMS 0x0000000084d00000, 0x0000000084c00000| Untracked 
|  77|0x0000000084d00000, 0x0000000084e00000, 0x0000000084e00000|100%| O|  |TAMS 0x0000000084e00000, 0x0000000084d00000| Complete 
|  78|0x0000000084e00000, 0x0000000084f00000, 0x0000000084f00000|100%| O|  |TAMS 0x0000000084f00000, 0x0000000084e00000| Untracked 
|  79|0x0000000084f00000, 0x0000000085000000, 0x0000000085000000|100%| O|  |TAMS 0x0000000085000000, 0x0000000084f00000| Complete 
|  80|0x0000000085000000, 0x0000000085100000, 0x0000000085100000|100%| O|  |TAMS 0x0000000085100000, 0x0000000085000000| Complete 
|  81|0x0000000085100000, 0x0000000085200000, 0x0000000085200000|100%| O|  |TAMS 0x0000000085200000, 0x0000000085100000| Untracked 
|  82|0x0000000085200000, 0x0000000085200000, 0x0000000085300000|  0%| F|  |TAMS 0x0000000085200000, 0x0000000085200000| Untracked 
|  83|0x0000000085300000, 0x0000000085400000, 0x0000000085400000|100%| O|  |TAMS 0x0000000085400000, 0x0000000085300000| Complete 
|  84|0x0000000085400000, 0x0000000085500000, 0x0000000085500000|100%| O|  |TAMS 0x0000000085500000, 0x0000000085400000| Untracked 
|  85|0x0000000085500000, 0x0000000085600000, 0x0000000085600000|100%| O|  |TAMS 0x0000000085600000, 0x0000000085500000| Complete 
|  86|0x0000000085600000, 0x0000000085700000, 0x0000000085700000|100%| O|  |TAMS 0x0000000085700000, 0x0000000085600000| Untracked 
|  87|0x0000000085700000, 0x0000000085800000, 0x0000000085800000|100%| O|  |TAMS 0x0000000085800000, 0x0000000085700000| Complete 
|  88|0x0000000085800000, 0x0000000085900000, 0x0000000085900000|100%| O|  |TAMS 0x0000000085900000, 0x0000000085800000| Untracked 
|  89|0x0000000085900000, 0x0000000085a00000, 0x0000000085a00000|100%| O|  |TAMS 0x0000000085a00000, 0x0000000085900000| Untracked 
|  90|0x0000000085a00000, 0x0000000085b00000, 0x0000000085b00000|100%| O|  |TAMS 0x0000000085b00000, 0x0000000085a00000| Complete 
|  91|0x0000000085b00000, 0x0000000085b00000, 0x0000000085c00000|  0%| F|  |TAMS 0x0000000085b00000, 0x0000000085b00000| Untracked 
|  92|0x0000000085c00000, 0x0000000085d00000, 0x0000000085d00000|100%| O|  |TAMS 0x0000000085d00000, 0x0000000085c00000| Untracked 
|  93|0x0000000085d00000, 0x0000000085e00000, 0x0000000085e00000|100%| O|  |TAMS 0x0000000085e00000, 0x0000000085d00000| Untracked 
|  94|0x0000000085e00000, 0x0000000085f00000, 0x0000000085f00000|100%| O|  |TAMS 0x0000000085f00000, 0x0000000085e00000| Untracked 
|  95|0x0000000085f00000, 0x0000000086000000, 0x0000000086000000|100%| O|  |TAMS 0x0000000086000000, 0x0000000085f00000| Complete 
|  96|0x0000000086000000, 0x0000000086100000, 0x0000000086100000|100%| O|  |TAMS 0x0000000086100000, 0x0000000086000000| Untracked 
|  97|0x0000000086100000, 0x0000000086200000, 0x0000000086200000|100%| O|  |TAMS 0x0000000086200000, 0x0000000086100000| Untracked 
|  98|0x0000000086200000, 0x0000000086300000, 0x0000000086300000|100%| O|  |TAMS 0x0000000086300000, 0x0000000086200000| Complete 
|  99|0x0000000086300000, 0x0000000086400000, 0x0000000086400000|100%| O|  |TAMS 0x0000000086400000, 0x0000000086300000| Untracked 
| 100|0x0000000086400000, 0x0000000086500000, 0x0000000086500000|100%| O|  |TAMS 0x0000000086500000, 0x0000000086400000| Untracked 
| 101|0x0000000086500000, 0x0000000086600000, 0x0000000086600000|100%| O|  |TAMS 0x0000000086600000, 0x0000000086500000| Complete 
| 102|0x0000000086600000, 0x0000000086700000, 0x0000000086700000|100%| O|  |TAMS 0x0000000086700000, 0x0000000086600000| Complete 
| 103|0x0000000086700000, 0x0000000086800000, 0x0000000086800000|100%| O|  |TAMS 0x0000000086800000, 0x0000000086700000| Complete 
| 104|0x0000000086800000, 0x0000000086900000, 0x0000000086900000|100%| O|  |TAMS 0x0000000086900000, 0x0000000086800000| Complete 
| 105|0x0000000086900000, 0x0000000086900000, 0x0000000086a00000|  0%| F|  |TAMS 0x0000000086900000, 0x0000000086900000| Untracked 
| 106|0x0000000086a00000, 0x0000000086a00000, 0x0000000086b00000|  0%| F|  |TAMS 0x0000000086a00000, 0x0000000086a00000| Untracked 
| 107|0x0000000086b00000, 0x0000000086b00000, 0x0000000086c00000|  0%| F|  |TAMS 0x0000000086b00000, 0x0000000086b00000| Untracked 
| 108|0x0000000086c00000, 0x0000000086c00000, 0x0000000086d00000|  0%| F|  |TAMS 0x0000000086c00000, 0x0000000086c00000| Untracked 
| 109|0x0000000086d00000, 0x0000000086d00000, 0x0000000086e00000|  0%| F|  |TAMS 0x0000000086d00000, 0x0000000086d00000| Untracked 
| 110|0x0000000086e00000, 0x0000000086e00000, 0x0000000086f00000|  0%| F|  |TAMS 0x0000000086e00000, 0x0000000086e00000| Untracked 
| 111|0x0000000086f00000, 0x0000000086f00000, 0x0000000087000000|  0%| F|  |TAMS 0x0000000086f00000, 0x0000000086f00000| Untracked 
| 112|0x0000000087000000, 0x0000000087000000, 0x0000000087100000|  0%| F|  |TAMS 0x0000000087000000, 0x0000000087000000| Untracked 
| 113|0x0000000087100000, 0x0000000087100000, 0x0000000087200000|  0%| F|  |TAMS 0x0000000087100000, 0x0000000087100000| Untracked 
| 114|0x0000000087200000, 0x0000000087200000, 0x0000000087300000|  0%| F|  |TAMS 0x0000000087200000, 0x0000000087200000| Untracked 
| 115|0x0000000087300000, 0x0000000087300000, 0x0000000087400000|  0%| F|  |TAMS 0x0000000087300000, 0x0000000087300000| Untracked 
| 116|0x0000000087400000, 0x0000000087400000, 0x0000000087500000|  0%| F|  |TAMS 0x0000000087400000, 0x0000000087400000| Untracked 
| 117|0x0000000087500000, 0x0000000087500000, 0x0000000087600000|  0%| F|  |TAMS 0x0000000087500000, 0x0000000087500000| Untracked 
| 118|0x0000000087600000, 0x0000000087600000, 0x0000000087700000|  0%| F|  |TAMS 0x0000000087600000, 0x0000000087600000| Untracked 
| 119|0x0000000087700000, 0x0000000087700000, 0x0000000087800000|  0%| F|  |TAMS 0x0000000087700000, 0x0000000087700000| Untracked 
| 120|0x0000000087800000, 0x0000000087800000, 0x0000000087900000|  0%| F|  |TAMS 0x0000000087800000, 0x0000000087800000| Untracked 
| 121|0x0000000087900000, 0x0000000087900000, 0x0000000087a00000|  0%| F|  |TAMS 0x0000000087900000, 0x0000000087900000| Untracked 
| 122|0x0000000087a00000, 0x0000000087a00000, 0x0000000087b00000|  0%| F|  |TAMS 0x0000000087a00000, 0x0000000087a00000| Untracked 
| 123|0x0000000087b00000, 0x0000000087b00000, 0x0000000087c00000|  0%| F|  |TAMS 0x0000000087b00000, 0x0000000087b00000| Untracked 
| 124|0x0000000087c00000, 0x0000000087cc90d8, 0x0000000087d00000| 78%| S|CS|TAMS 0x0000000087c00000, 0x0000000087c00000| Complete 
| 125|0x0000000087d00000, 0x0000000087d00000, 0x0000000087e00000|  0%| F|  |TAMS 0x0000000087d00000, 0x0000000087d00000| Untracked 
| 126|0x0000000087e00000, 0x0000000087e00000, 0x0000000087f00000|  0%| F|  |TAMS 0x0000000087e00000, 0x0000000087e00000| Untracked 
| 127|0x0000000087f00000, 0x0000000087f00000, 0x0000000088000000|  0%| F|  |TAMS 0x0000000087f00000, 0x0000000087f00000| Untracked 
| 128|0x0000000088000000, 0x0000000088100000, 0x0000000088100000|100%| S|CS|TAMS 0x0000000088000000, 0x0000000088000000| Complete 
| 129|0x0000000088100000, 0x0000000088100000, 0x0000000088200000|  0%| F|  |TAMS 0x0000000088100000, 0x0000000088100000| Untracked 
| 130|0x0000000088200000, 0x0000000088200000, 0x0000000088300000|  0%| F|  |TAMS 0x0000000088200000, 0x0000000088200000| Untracked 
| 131|0x0000000088300000, 0x0000000088300000, 0x0000000088400000|  0%| F|  |TAMS 0x0000000088300000, 0x0000000088300000| Untracked 
| 132|0x0000000088400000, 0x0000000088400000, 0x0000000088500000|  0%| F|  |TAMS 0x0000000088400000, 0x0000000088400000| Untracked 
| 133|0x0000000088500000, 0x0000000088500000, 0x0000000088600000|  0%| F|  |TAMS 0x0000000088500000, 0x0000000088500000| Untracked 
| 134|0x0000000088600000, 0x0000000088600000, 0x0000000088700000|  0%| F|  |TAMS 0x0000000088600000, 0x0000000088600000| Untracked 
| 135|0x0000000088700000, 0x0000000088700000, 0x0000000088800000|  0%| F|  |TAMS 0x0000000088700000, 0x0000000088700000| Untracked 
| 136|0x0000000088800000, 0x0000000088800000, 0x0000000088900000|  0%| F|  |TAMS 0x0000000088800000, 0x0000000088800000| Untracked 
| 137|0x0000000088900000, 0x0000000088900000, 0x0000000088a00000|  0%| F|  |TAMS 0x0000000088900000, 0x0000000088900000| Untracked 
| 138|0x0000000088a00000, 0x0000000088a00000, 0x0000000088b00000|  0%| F|  |TAMS 0x0000000088a00000, 0x0000000088a00000| Untracked 
| 139|0x0000000088b00000, 0x0000000088b00000, 0x0000000088c00000|  0%| F|  |TAMS 0x0000000088b00000, 0x0000000088b00000| Untracked 
| 140|0x0000000088c00000, 0x0000000088c00000, 0x0000000088d00000|  0%| F|  |TAMS 0x0000000088c00000, 0x0000000088c00000| Untracked 
| 141|0x0000000088d00000, 0x0000000088d00000, 0x0000000088e00000|  0%| F|  |TAMS 0x0000000088d00000, 0x0000000088d00000| Untracked 
| 142|0x0000000088e00000, 0x0000000088e00000, 0x0000000088f00000|  0%| F|  |TAMS 0x0000000088e00000, 0x0000000088e00000| Untracked 
| 143|0x0000000088f00000, 0x0000000088f00000, 0x0000000089000000|  0%| F|  |TAMS 0x0000000088f00000, 0x0000000088f00000| Untracked 
| 144|0x0000000089000000, 0x0000000089000000, 0x0000000089100000|  0%| F|  |TAMS 0x0000000089000000, 0x0000000089000000| Untracked 
| 145|0x0000000089100000, 0x0000000089100000, 0x0000000089200000|  0%| F|  |TAMS 0x0000000089100000, 0x0000000089100000| Untracked 
| 146|0x0000000089200000, 0x0000000089200000, 0x0000000089300000|  0%| F|  |TAMS 0x0000000089200000, 0x0000000089200000| Untracked 
| 147|0x0000000089300000, 0x0000000089300000, 0x0000000089400000|  0%| F|  |TAMS 0x0000000089300000, 0x0000000089300000| Untracked 
| 148|0x0000000089400000, 0x0000000089400000, 0x0000000089500000|  0%| F|  |TAMS 0x0000000089400000, 0x0000000089400000| Untracked 
| 149|0x0000000089500000, 0x0000000089500000, 0x0000000089600000|  0%| F|  |TAMS 0x0000000089500000, 0x0000000089500000| Untracked 
| 150|0x0000000089600000, 0x0000000089600000, 0x0000000089700000|  0%| F|  |TAMS 0x0000000089600000, 0x0000000089600000| Untracked 
| 151|0x0000000089700000, 0x0000000089700000, 0x0000000089800000|  0%| F|  |TAMS 0x0000000089700000, 0x0000000089700000| Untracked 
| 152|0x0000000089800000, 0x0000000089800000, 0x0000000089900000|  0%| F|  |TAMS 0x0000000089800000, 0x0000000089800000| Untracked 
| 153|0x0000000089900000, 0x0000000089900000, 0x0000000089a00000|  0%| F|  |TAMS 0x0000000089900000, 0x0000000089900000| Untracked 
| 154|0x0000000089a00000, 0x0000000089a00000, 0x0000000089b00000|  0%| F|  |TAMS 0x0000000089a00000, 0x0000000089a00000| Untracked 
| 155|0x0000000089b00000, 0x0000000089b00000, 0x0000000089c00000|  0%| F|  |TAMS 0x0000000089b00000, 0x0000000089b00000| Untracked 
| 156|0x0000000089c00000, 0x0000000089c00000, 0x0000000089d00000|  0%| F|  |TAMS 0x0000000089c00000, 0x0000000089c00000| Untracked 
| 157|0x0000000089d00000, 0x0000000089d07588, 0x0000000089e00000|  2%| E|  |TAMS 0x0000000089d00000, 0x0000000089d00000| Complete 
| 158|0x0000000089e00000, 0x0000000089effa38, 0x0000000089f00000| 99%| E|  |TAMS 0x0000000089e00000, 0x0000000089e00000| Complete 

Card table byte_map: [0x000002807c5b0000,0x000002807c9b0000] _byte_map_base: 0x000002807c1b0000

Marking Bits (Prev, Next): (CMBitMap*) 0x00000280693cfca0, (CMBitMap*) 0x00000280693cfc68
 Prev Bits: [0x0000028000000000, 0x0000028002000000)
 Next Bits: [0x000002807cdb0000, 0x000002807edb0000)

Polling page: 0x0000028067360000

Metaspace:

Usage:
  Non-class:    109.91 MB capacity,   107.13 MB ( 97%) used,     2.31 MB (  2%) free+waste,   478.94 KB ( <1%) overhead. 
      Class:     16.62 MB capacity,    15.15 MB ( 91%) used,     1.26 MB (  8%) free+waste,   213.06 KB (  1%) overhead. 
       Both:    126.52 MB capacity,   122.28 MB ( 97%) used,     3.57 MB (  3%) free+waste,   692.00 KB ( <1%) overhead. 

Virtual space:
  Non-class space:      112.00 MB reserved,     110.12 MB ( 98%) committed 
      Class space:        1.00 GB reserved,      16.63 MB (  2%) committed 
             Both:        1.11 GB reserved,     126.75 MB ( 11%) committed 

Chunk freelists:
   Non-Class:  1.00 KB
       Class:  0 bytes
        Both:  1.00 KB

MaxMetaspaceSize: 17179869184.00 GB
CompressedClassSpaceSize: 1.00 GB

CodeHeap 'non-profiled nmethods': size=120000Kb used=19028Kb max_used=19028Kb free=100971Kb
 bounds [0x0000028074950000, 0x0000028075bf0000, 0x000002807be80000]
CodeHeap 'profiled nmethods': size=120000Kb used=48824Kb max_used=48824Kb free=71175Kb
 bounds [0x000002806d420000, 0x0000028070420000, 0x0000028074950000]
CodeHeap 'non-nmethods': size=5760Kb used=2364Kb max_used=2416Kb free=3395Kb
 bounds [0x000002806ce80000, 0x000002806d0f0000, 0x000002806d420000]
 total_blobs=23342 nmethods=22347 adapters=905
 compilation: enabled
              stopped_count=0, restarted_count=0
 full_count=0

Compilation events (20 events):
Event: 9696.540 Thread 0x000002807f80f800 25425       2       com.android.tools.r8.graph.C1::a (8 bytes)
Event: 9696.541 Thread 0x000002807f80f800 nmethod 25425 0x000002806e674210 code [0x000002806e6743c0, 0x000002806e674618]
Event: 9696.541 Thread 0x000002807f80f800 25426       1       com.android.tools.r8.dex.s::k (5 bytes)
Event: 9696.541 Thread 0x000002807f80f800 nmethod 25426 0x0000028075153e90 code [0x0000028075154040, 0x00000280751540f8]
Event: 9696.548 Thread 0x000002807f80b000 nmethod 25302 0x0000028075be3390 code [0x0000028075be3600, 0x0000028075be5208]
Event: 9696.549 Thread 0x000002807f80b000 25335       4       java.util.TimSort::mergeLo (659 bytes)
Event: 9696.581 Thread 0x000002807f80b000 nmethod 25335 0x0000028075be5c10 code [0x0000028075be5e20, 0x0000028075be7998]
Event: 9696.581 Thread 0x000002807f80b000 25280       4       com.android.tools.r8.ir.conversion.S::a (1010 bytes)
Event: 9696.655 Thread 0x000002807f80f800 25427       2       com.android.tools.r8.w.a.a.a.h.V0$c::iterator (12 bytes)
Event: 9696.655 Thread 0x000002807f80f800 nmethod 25427 0x000002806e681b90 code [0x000002806e681d40, 0x000002806e681f28]
Event: 9696.655 Thread 0x000002807f80f800 25428       2       com.android.tools.r8.w.a.a.a.h.V0$b::<init> (12 bytes)
Event: 9696.656 Thread 0x000002807f80f800 nmethod 25428 0x000002806e68db10 code [0x000002806e68dcc0, 0x000002806e68de28]
Event: 9696.656 Thread 0x000002807f80f800 25430       2       com.android.tools.r8.w.a.a.a.h.V0$f::<init> (41 bytes)
Event: 9696.656 Thread 0x000002807f80f800 nmethod 25430 0x000002806e68d710 code [0x000002806e68d8c0, 0x000002806e68da38]
Event: 9696.656 Thread 0x000002807f80f800 25429       2       com.android.tools.r8.w.a.a.a.h.V0$f::<init> (6 bytes)
Event: 9696.656 Thread 0x000002807f80f800 nmethod 25429 0x000002806e2c0910 code [0x000002806e2c0ac0, 0x000002806e2c0bc8]
Event: 9696.656 Thread 0x000002807f80f800 25431       2       com.android.tools.r8.code.M::a (34 bytes)
Event: 9696.656 Thread 0x000002807f80f800 nmethod 25431 0x000002806e68d110 code [0x000002806e68d2e0, 0x000002806e68d4c8]
Event: 9696.656 Thread 0x000002807f80f800 25432       1       com.android.tools.r8.code.a1::q (3 bytes)
Event: 9696.656 Thread 0x000002807f80f800 nmethod 25432 0x0000028075153b90 code [0x0000028075153d40, 0x0000028075153df8]

GC Heap History (20 events):
Event: 9669.873 GC heap before
{Heap before GC invocations=235 (full 0):
 garbage-first heap   total 162816K, used 132357K [0x0000000080000000, 0x0000000100000000)
  region size 1024K, 47 young (48128K), 1 survivors (1024K)
 Metaspace       used 117494K, capacity 121522K, committed 121596K, reserved 1155072K
  class space    used 14572K, capacity 15993K, committed 16000K, reserved 1048576K
}
Event: 9669.879 GC heap after
{Heap after GC invocations=236 (full 0):
 garbage-first heap   total 162816K, used 87106K [0x0000000080000000, 0x0000000100000000)
  region size 1024K, 2 young (2048K), 2 survivors (2048K)
 Metaspace       used 117494K, capacity 121522K, committed 121596K, reserved 1155072K
  class space    used 14572K, capacity 15993K, committed 16000K, reserved 1048576K
}
Event: 9671.273 GC heap before
{Heap before GC invocations=237 (full 0):
 garbage-first heap   total 162816K, used 133186K [0x0000000080000000, 0x0000000100000000)
  region size 1024K, 48 young (49152K), 2 survivors (2048K)
 Metaspace       used 117499K, capacity 121523K, committed 121596K, reserved 1155072K
  class space    used 14572K, capacity 15993K, committed 16000K, reserved 1048576K
}
Event: 9671.279 GC heap after
{Heap after GC invocations=238 (full 0):
 garbage-first heap   total 162816K, used 90711K [0x0000000080000000, 0x0000000100000000)
  region size 1024K, 6 young (6144K), 6 survivors (6144K)
 Metaspace       used 117499K, capacity 121523K, committed 121596K, reserved 1155072K
  class space    used 14572K, capacity 15993K, committed 16000K, reserved 1048576K
}
Event: 9671.280 GC heap before
{Heap before GC invocations=238 (full 0):
 garbage-first heap   total 162816K, used 91735K [0x0000000080000000, 0x0000000100000000)
  region size 1024K, 7 young (7168K), 6 survivors (6144K)
 Metaspace       used 117499K, capacity 121523K, committed 121596K, reserved 1155072K
  class space    used 14572K, capacity 15993K, committed 16000K, reserved 1048576K
}
Event: 9671.300 GC heap after
{Heap after GC invocations=239 (full 0):
 garbage-first heap   total 162816K, used 85118K [0x0000000080000000, 0x0000000100000000)
  region size 1024K, 1 young (1024K), 1 survivors (1024K)
 Metaspace       used 117499K, capacity 121523K, committed 121596K, reserved 1155072K
  class space    used 14572K, capacity 15993K, committed 16000K, reserved 1048576K
}
Event: 9681.682 GC heap before
{Heap before GC invocations=239 (full 0):
 garbage-first heap   total 162816K, used 132222K [0x0000000080000000, 0x0000000100000000)
  region size 1024K, 48 young (49152K), 1 survivors (1024K)
 Metaspace       used 117861K, capacity 122010K, committed 122236K, reserved 1155072K
  class space    used 14599K, capacity 16040K, committed 16128K, reserved 1048576K
}
Event: 9681.689 GC heap after
{Heap after GC invocations=240 (full 0):
 garbage-first heap   total 162816K, used 87800K [0x0000000080000000, 0x0000000100000000)
  region size 1024K, 3 young (3072K), 3 survivors (3072K)
 Metaspace       used 117861K, capacity 122010K, committed 122236K, reserved 1155072K
  class space    used 14599K, capacity 16040K, committed 16128K, reserved 1048576K
}
Event: 9685.728 GC heap before
{Heap before GC invocations=241 (full 0):
 garbage-first heap   total 162816K, used 135928K [0x0000000080000000, 0x0000000100000000)
  region size 1024K, 49 young (50176K), 3 survivors (3072K)
 Metaspace       used 124124K, capacity 128337K, committed 128636K, reserved 1161216K
  class space    used 15391K, capacity 16828K, committed 16896K, reserved 1048576K
}
Event: 9685.736 GC heap after
{Heap after GC invocations=242 (full 0):
 garbage-first heap   total 162816K, used 94677K [0x0000000080000000, 0x0000000100000000)
  region size 1024K, 7 young (7168K), 7 survivors (7168K)
 Metaspace       used 124124K, capacity 128337K, committed 128636K, reserved 1161216K
  class space    used 15391K, capacity 16828K, committed 16896K, reserved 1048576K
}
Event: 9689.922 GC heap before
{Heap before GC invocations=242 (full 0):
 garbage-first heap   total 162816K, used 95701K [0x0000000080000000, 0x0000000100000000)
  region size 1024K, 8 young (8192K), 7 survivors (7168K)
 Metaspace       used 124125K, capacity 128401K, committed 128636K, reserved 1161216K
  class space    used 15391K, capacity 16828K, committed 16896K, reserved 1048576K
}
Event: 9689.932 GC heap after
{Heap after GC invocations=243 (full 0):
 garbage-first heap   total 162816K, used 95317K [0x0000000080000000, 0x0000000100000000)
  region size 1024K, 1 young (1024K), 1 survivors (1024K)
 Metaspace       used 124125K, capacity 128401K, committed 128636K, reserved 1161216K
  class space    used 15391K, capacity 16828K, committed 16896K, reserved 1048576K
}
Event: 9695.655 GC heap before
{Heap before GC invocations=243 (full 0):
 garbage-first heap   total 162816K, used 105557K [0x0000000080000000, 0x0000000100000000)
  region size 1024K, 12 young (12288K), 1 survivors (1024K)
 Metaspace       used 124952K, capacity 129273K, committed 129532K, reserved 1161216K
  class space    used 15501K, capacity 16989K, committed 17024K, reserved 1048576K
}
Event: 9695.674 GC heap after
{Heap after GC invocations=244 (full 0):
 garbage-first heap   total 162816K, used 95431K [0x0000000080000000, 0x0000000100000000)
  region size 1024K, 2 young (2048K), 2 survivors (2048K)
 Metaspace       used 124952K, capacity 129273K, committed 129532K, reserved 1161216K
  class space    used 15501K, capacity 16989K, committed 17024K, reserved 1048576K
}
Event: 9696.302 GC heap before
{Heap before GC invocations=245 (full 0):
 garbage-first heap   total 162816K, used 134343K [0x0000000080000000, 0x0000000100000000)
  region size 1024K, 39 young (39936K), 2 survivors (2048K)
 Metaspace       used 125032K, capacity 129392K, committed 129532K, reserved 1161216K
  class space    used 15506K, capacity 16998K, committed 17024K, reserved 1048576K
}
Event: 9696.319 GC heap after
{Heap after GC invocations=246 (full 0):
 garbage-first heap   total 162816K, used 103424K [0x0000000080000000, 0x0000000100000000)
  region size 1024K, 5 young (5120K), 5 survivors (5120K)
 Metaspace       used 125032K, capacity 129392K, committed 129532K, reserved 1161216K
  class space    used 15506K, capacity 16998K, committed 17024K, reserved 1048576K
}
Event: 9696.322 GC heap before
{Heap before GC invocations=246 (full 0):
 garbage-first heap   total 162816K, used 105472K [0x0000000080000000, 0x0000000100000000)
  region size 1024K, 7 young (7168K), 5 survivors (5120K)
 Metaspace       used 125032K, capacity 129392K, committed 129532K, reserved 1161216K
  class space    used 15506K, capacity 16998K, committed 17024K, reserved 1048576K
}
Event: 9696.345 GC heap after
{Heap after GC invocations=247 (full 0):
 garbage-first heap   total 162816K, used 100352K [0x0000000080000000, 0x0000000100000000)
  region size 1024K, 1 young (1024K), 1 survivors (1024K)
 Metaspace       used 125032K, capacity 129392K, committed 129532K, reserved 1161216K
  class space    used 15506K, capacity 16998K, committed 17024K, reserved 1048576K
}
Event: 9696.456 GC heap before
{Heap before GC invocations=247 (full 0):
 garbage-first heap   total 162816K, used 131072K [0x0000000080000000, 0x0000000100000000)
  region size 1024K, 31 young (31744K), 1 survivors (1024K)
 Metaspace       used 125084K, capacity 129392K, committed 129532K, reserved 1161216K
  class space    used 15506K, capacity 16998K, committed 17024K, reserved 1048576K
}
Event: 9696.466 GC heap after
{Heap after GC invocations=248 (full 0):
 garbage-first heap   total 162816K, used 102270K [0x0000000080000000, 0x0000000100000000)
  region size 1024K, 3 young (3072K), 3 survivors (3072K)
 Metaspace       used 125084K, capacity 129392K, committed 129532K, reserved 1161216K
  class space    used 15506K, capacity 16998K, committed 17024K, reserved 1048576K
}

Deoptimization events (20 events):
Event: 9696.449 Thread 0x000002800f4fa800 DEOPT PACKING pc=0x000002806fce45c8 sp=0x000000a4dc6fd510
Event: 9696.449 Thread 0x000002800f4fa800 DEOPT UNPACKING pc=0x000002806cea76ce sp=0x000000a4dc6fc9f8 mode 0
Event: 9696.476 Thread 0x000002800f501000 DEOPT PACKING pc=0x000002806fce45c8 sp=0x000000a4dcbfd7b0
Event: 9696.477 Thread 0x000002800f501000 DEOPT UNPACKING pc=0x000002806cea76ce sp=0x000000a4dcbfcc98 mode 0
Event: 9696.486 Thread 0x000002800f501000 DEOPT PACKING pc=0x000002806fce45c8 sp=0x000000a4dcbfd800
Event: 9696.486 Thread 0x000002800f501000 DEOPT UNPACKING pc=0x000002806cea76ce sp=0x000000a4dcbfcce8 mode 0
Event: 9696.492 Thread 0x000002800f501000 DEOPT PACKING pc=0x000002806fce45c8 sp=0x000000a4dcbfd820
Event: 9696.492 Thread 0x000002800f501000 DEOPT UNPACKING pc=0x000002806cea76ce sp=0x000000a4dcbfcd08 mode 0
Event: 9696.493 Thread 0x000002800f501000 DEOPT PACKING pc=0x000002806fce45c8 sp=0x000000a4dcbfd820
Event: 9696.493 Thread 0x000002800f501000 DEOPT UNPACKING pc=0x000002806cea76ce sp=0x000000a4dcbfcd08 mode 0
Event: 9696.495 Thread 0x000002800f501000 DEOPT PACKING pc=0x000002806fce45c8 sp=0x000000a4dcbfd820
Event: 9696.495 Thread 0x000002800f501000 DEOPT UNPACKING pc=0x000002806cea76ce sp=0x000000a4dcbfcd08 mode 0
Event: 9696.497 Thread 0x000002800f501000 Uncommon trap: trap_request=0xffffffd6 fr.pc=0x000002807529019c relative=0x000000000000165c
Event: 9696.497 Thread 0x000002800f501000 Uncommon trap: reason=array_check action=maybe_recompile pc=0x000002807529019c method=java.util.TimSort.mergeHi(IIII)V @ 250 c2
Event: 9696.497 Thread 0x000002800f501000 DEOPT PACKING pc=0x000002807529019c sp=0x000000a4dcbfd810
Event: 9696.497 Thread 0x000002800f501000 DEOPT UNPACKING pc=0x000002806cea78af sp=0x000000a4dcbfd7d8 mode 2
Event: 9696.497 Thread 0x000002800f501000 Uncommon trap: trap_request=0xffffffd6 fr.pc=0x000002807529019c relative=0x000000000000165c
Event: 9696.497 Thread 0x000002800f501000 Uncommon trap: reason=array_check action=maybe_recompile pc=0x000002807529019c method=java.util.TimSort.mergeHi(IIII)V @ 250 c2
Event: 9696.497 Thread 0x000002800f501000 DEOPT PACKING pc=0x000002807529019c sp=0x000000a4dcbfd810
Event: 9696.497 Thread 0x000002800f501000 DEOPT UNPACKING pc=0x000002806cea78af sp=0x000000a4dcbfd7d8 mode 2

Classes redefined (0 events):
No events

Internal exceptions (20 events):
Event: 9695.089 Thread 0x000002800d097800 Exception <a 'sun/nio/fs/WindowsException'{0x00000000896efb70}> (0x00000000896efb70) thrown at [./src/hotspot/share/prims/jni.cpp, line 615]
Event: 9695.090 Thread 0x000002800d097800 Exception <a 'sun/nio/fs/WindowsException'{0x00000000896f0a88}> (0x00000000896f0a88) thrown at [./src/hotspot/share/prims/jni.cpp, line 615]
Event: 9695.091 Thread 0x000002800d097800 Exception <a 'sun/nio/fs/WindowsException'{0x00000000896f1a20}> (0x00000000896f1a20) thrown at [./src/hotspot/share/prims/jni.cpp, line 615]
Event: 9695.091 Thread 0x000002800d097800 Exception <a 'sun/nio/fs/WindowsException'{0x00000000896f1b98}> (0x00000000896f1b98) thrown at [./src/hotspot/share/prims/jni.cpp, line 615]
Event: 9695.091 Thread 0x000002800d097800 Exception <a 'sun/nio/fs/WindowsException'{0x00000000896f3878}> (0x00000000896f3878) thrown at [./src/hotspot/share/prims/jni.cpp, line 615]
Event: 9695.091 Thread 0x000002800d097800 Exception <a 'sun/nio/fs/WindowsException'{0x00000000896f39d0}> (0x00000000896f39d0) thrown at [./src/hotspot/share/prims/jni.cpp, line 615]
Event: 9695.091 Thread 0x000002800d097800 Exception <a 'sun/nio/fs/WindowsException'{0x00000000896f56a0}> (0x00000000896f56a0) thrown at [./src/hotspot/share/prims/jni.cpp, line 615]
Event: 9695.091 Thread 0x000002800d097800 Exception <a 'sun/nio/fs/WindowsException'{0x00000000896f57f0}> (0x00000000896f57f0) thrown at [./src/hotspot/share/prims/jni.cpp, line 615]
Event: 9695.091 Thread 0x000002800d097800 Exception <a 'sun/nio/fs/WindowsException'{0x00000000896f74b8}> (0x00000000896f74b8) thrown at [./src/hotspot/share/prims/jni.cpp, line 615]
Event: 9695.362 Thread 0x000002800d0d8800 Exception <a 'java/lang/NoSuchMethodError'{0x0000000089462150}: <clinit>> (0x0000000089462150) thrown at [./src/hotspot/share/prims/jni.cpp, line 1362]
Event: 9695.405 Thread 0x000002800d097800 Exception <a 'sun/nio/fs/WindowsException'{0x00000000894b7468}> (0x00000000894b7468) thrown at [./src/hotspot/share/prims/jni.cpp, line 615]
Event: 9695.405 Thread 0x000002800d097800 Exception <a 'sun/nio/fs/WindowsException'{0x00000000894b80e0}> (0x00000000894b80e0) thrown at [./src/hotspot/share/prims/jni.cpp, line 615]
Event: 9695.889 Thread 0x000002800d097800 Exception <a 'sun/nio/fs/WindowsException'{0x0000000089e39ae0}> (0x0000000089e39ae0) thrown at [./src/hotspot/share/prims/jni.cpp, line 615]
Event: 9695.896 Thread 0x000002800d097800 Exception <a 'java/lang/NoSuchMethodError'{0x0000000089e64d88}: <clinit>> (0x0000000089e64d88) thrown at [./src/hotspot/share/prims/jni.cpp, line 1362]
Event: 9696.111 Thread 0x000002800f4fb800 Exception <a 'sun/nio/fs/WindowsException'{0x0000000089a0d660}> (0x0000000089a0d660) thrown at [./src/hotspot/share/prims/jni.cpp, line 615]
Event: 9696.113 Thread 0x000002800f4f8000 Exception <a 'sun/nio/fs/WindowsException'{0x00000000899b9ff0}> (0x00000000899b9ff0) thrown at [./src/hotspot/share/prims/jni.cpp, line 615]
Event: 9696.390 Thread 0x000002800f4fb800 Exception <a 'sun/nio/fs/WindowsException'{0x0000000088e74908}> (0x0000000088e74908) thrown at [./src/hotspot/share/prims/jni.cpp, line 615]
Event: 9696.396 Thread 0x000002800f4f8000 Exception <a 'sun/nio/fs/WindowsException'{0x0000000088c89bb8}> (0x0000000088c89bb8) thrown at [./src/hotspot/share/prims/jni.cpp, line 615]
Event: 9696.540 Thread 0x000002800f4f8000 Exception <a 'sun/nio/fs/WindowsException'{0x0000000089b81870}> (0x0000000089b81870) thrown at [./src/hotspot/share/prims/jni.cpp, line 615]
Event: 9696.656 Thread 0x000002800f4fb800 Exception <a 'sun/nio/fs/WindowsException'{0x0000000089bd3f50}> (0x0000000089bd3f50) thrown at [./src/hotspot/share/prims/jni.cpp, line 615]

Events (20 events):
Event: 9696.106 Executing coalesced safepoint VM operation: RevokeBias done
Event: 9696.106 Executing coalesced safepoint VM operation: RevokeBias
Event: 9696.106 Executing coalesced safepoint VM operation: RevokeBias done
Event: 9696.106 Executing VM operation: RevokeBias done
Event: 9696.167 Executing VM operation: CGC_Operation
Event: 9696.186 Executing coalesced safepoint VM operation: ICBufferFull
Event: 9696.186 Executing coalesced safepoint VM operation: ICBufferFull done
Event: 9696.186 Executing VM operation: CGC_Operation done
Event: 9696.297 Executing VM operation: G1CollectForAllocation
Event: 9696.319 Executing VM operation: G1CollectForAllocation done
Event: 9696.322 Executing VM operation: G1CollectForAllocation
Event: 9696.346 Executing VM operation: G1CollectForAllocation done
Event: 9696.456 Executing VM operation: G1CollectForAllocation
Event: 9696.466 Executing VM operation: G1CollectForAllocation done
Event: 9696.538 Executing VM operation: RevokeBias
Event: 9696.538 Executing VM operation: RevokeBias done
Event: 9696.605 Executing VM operation: CGC_Operation
Event: 9696.654 Executing VM operation: CGC_Operation done
Event: 9696.720 Executing VM operation: CGC_Operation
Event: 9696.720 Executing VM operation: CGC_Operation done


Dynamic libraries:
0x00007ff6fdbe0000 - 0x00007ff6fdbea000 	C:\Program Files\Android\Android Studio1\jre\bin\java.exe
0x00007ffb91190000 - 0x00007ffb91385000 	C:\WINDOWS\SYSTEM32\ntdll.dll
0x00007ffb908c0000 - 0x00007ffb9097d000 	C:\WINDOWS\System32\KERNEL32.DLL
0x00007ffb8e8c0000 - 0x00007ffb8eb89000 	C:\WINDOWS\System32\KERNELBASE.dll
0x00007ffb8eec0000 - 0x00007ffb8efc0000 	C:\WINDOWS\System32\ucrtbase.dll
0x00007ffb87880000 - 0x00007ffb87897000 	C:\Program Files\Android\Android Studio1\jre\bin\VCRUNTIME140.dll
0x00007ffb87860000 - 0x00007ffb87879000 	C:\Program Files\Android\Android Studio1\jre\bin\jli.dll
0x00007ffb8f820000 - 0x00007ffb8f9c0000 	C:\WINDOWS\System32\USER32.dll
0x00007ffb8f1c0000 - 0x00007ffb8f1e2000 	C:\WINDOWS\System32\win32u.dll
0x00007ffb690a0000 - 0x00007ffb6933a000 	C:\WINDOWS\WinSxS\amd64_microsoft.windows.common-controls_6595b64144ccf1df_6.0.19041.1110_none_60b5254171f9507e\COMCTL32.dll
0x00007ffb8f6c0000 - 0x00007ffb8f6ea000 	C:\WINDOWS\System32\GDI32.dll
0x00007ffb8efc0000 - 0x00007ffb8f0cb000 	C:\WINDOWS\System32\gdi32full.dll
0x00007ffb901b0000 - 0x00007ffb9024e000 	C:\WINDOWS\System32\msvcrt.dll
0x00007ffb8f0d0000 - 0x00007ffb8f16d000 	C:\WINDOWS\System32\msvcp_win.dll
0x00007ffb90250000 - 0x00007ffb90280000 	C:\WINDOWS\System32\IMM32.DLL
0x00007ffb6ac00000 - 0x00007ffb6ac9d000 	C:\Program Files\Android\Android Studio1\jre\bin\msvcp140.dll
0x00007ffb44100000 - 0x00007ffb44bcf000 	C:\Program Files\Android\Android Studio1\jre\bin\server\jvm.dll
0x00007ffb90100000 - 0x00007ffb901ac000 	C:\WINDOWS\System32\ADVAPI32.dll
0x00007ffb90280000 - 0x00007ffb9031b000 	C:\WINDOWS\System32\sechost.dll
0x00007ffb8f6f0000 - 0x00007ffb8f81a000 	C:\WINDOWS\System32\RPCRT4.dll
0x00007ffb8f4e0000 - 0x00007ffb8f4e8000 	C:\WINDOWS\System32\PSAPI.DLL
0x00007ffb89c50000 - 0x00007ffb89c5a000 	C:\WINDOWS\SYSTEM32\VERSION.dll
0x00007ffb88220000 - 0x00007ffb88247000 	C:\WINDOWS\SYSTEM32\WINMM.dll
0x00007ffb89340000 - 0x00007ffb89349000 	C:\WINDOWS\SYSTEM32\WSOCK32.dll
0x00007ffb8f650000 - 0x00007ffb8f6bb000 	C:\WINDOWS\System32\WS2_32.dll
0x00007ffb8d310000 - 0x00007ffb8d322000 	C:\WINDOWS\SYSTEM32\kernel.appcore.dll
0x00007ffb83ff0000 - 0x00007ffb84001000 	C:\Program Files\Android\Android Studio1\jre\bin\verify.dll
0x00007ffb8cea0000 - 0x00007ffb8d084000 	C:\WINDOWS\SYSTEM32\DBGHELP.DLL
0x00007ffb89c20000 - 0x00007ffb89c4c000 	C:\WINDOWS\SYSTEM32\dbgcore.DLL
0x00007ffb8eb90000 - 0x00007ffb8ec13000 	C:\WINDOWS\System32\bcryptPrimitives.dll
0x00007ffb791f0000 - 0x00007ffb79219000 	C:\Program Files\Android\Android Studio1\jre\bin\java.dll
0x00007ffb8c560000 - 0x00007ffb8c56b000 	C:\Program Files\Android\Android Studio1\jre\bin\jimage.dll
0x00007ffb7a6e0000 - 0x00007ffb7a6f8000 	C:\Program Files\Android\Android Studio1\jre\bin\zip.dll
0x00007ffb8f9c0000 - 0x00007ffb900ff000 	C:\WINDOWS\System32\SHELL32.dll
0x00007ffb8c600000 - 0x00007ffb8cd90000 	C:\WINDOWS\SYSTEM32\windows.storage.dll
0x00007ffb90380000 - 0x00007ffb906d5000 	C:\WINDOWS\System32\combase.dll
0x00007ffb8e250000 - 0x00007ffb8e27c000 	C:\WINDOWS\SYSTEM32\Wldp.dll
0x00007ffb906e0000 - 0x00007ffb9078e000 	C:\WINDOWS\System32\SHCORE.dll
0x00007ffb90a30000 - 0x00007ffb90a85000 	C:\WINDOWS\System32\shlwapi.dll
0x00007ffb8e800000 - 0x00007ffb8e81f000 	C:\WINDOWS\SYSTEM32\profapi.dll
0x00007ffb79e40000 - 0x00007ffb79e5a000 	C:\Program Files\Android\Android Studio1\jre\bin\net.dll
0x00007ffb87050000 - 0x00007ffb87158000 	C:\WINDOWS\SYSTEM32\WINHTTP.dll
0x00007ffb8dfb0000 - 0x00007ffb8e01a000 	C:\WINDOWS\system32\mswsock.dll
0x00007ffb79c50000 - 0x00007ffb79c64000 	C:\Program Files\Android\Android Studio1\jre\bin\nio.dll
0x00007ffb878d0000 - 0x00007ffb878f7000 	C:\Users\EMILIO\.gradle\native\fdc75f09e3144964f2cf3f50f0aa648679c211496f362492102eb8c894070792\windows-amd64\native-platform.dll
0x00007ffb6aca0000 - 0x00007ffb6ae36000 	C:\Users\EMILIO\.gradle\native\12488b8bf47d2d4c9fbf2f6322a914ad602e24e48041cd04a747c6da556b65c4\windows-amd64\native-platform-file-events.dll
0x00007ffb7cd80000 - 0x00007ffb7cd8a000 	C:\Program Files\Android\Android Studio1\jre\bin\management.dll
0x00007ffb7c590000 - 0x00007ffb7c59c000 	C:\Program Files\Android\Android Studio1\jre\bin\management_ext.dll
0x00007ffb8e1a0000 - 0x00007ffb8e1b8000 	C:\WINDOWS\SYSTEM32\CRYPTSP.dll
0x00007ffb8d930000 - 0x00007ffb8d964000 	C:\WINDOWS\system32\rsaenh.dll
0x00007ffb8ed30000 - 0x00007ffb8ed57000 	C:\WINDOWS\System32\bcrypt.dll
0x00007ffb8e780000 - 0x00007ffb8e7ae000 	C:\WINDOWS\SYSTEM32\USERENV.dll
0x00007ffb8e1c0000 - 0x00007ffb8e1cc000 	C:\WINDOWS\SYSTEM32\CRYPTBASE.dll
0x00007ffb8dca0000 - 0x00007ffb8dcdb000 	C:\WINDOWS\SYSTEM32\IPHLPAPI.DLL
0x00007ffb8f250000 - 0x00007ffb8f258000 	C:\WINDOWS\System32\NSI.dll
0x00007ffb85350000 - 0x00007ffb85367000 	C:\WINDOWS\SYSTEM32\dhcpcsvc6.DLL
0x00007ffb84700000 - 0x00007ffb8471d000 	C:\WINDOWS\SYSTEM32\dhcpcsvc.DLL
0x00007ffb8dd40000 - 0x00007ffb8de0c000 	C:\WINDOWS\SYSTEM32\DNSAPI.dll
0x00007ffb866c0000 - 0x00007ffb866cb000 	C:\WINDOWS\SYSTEM32\WINNSI.DLL
0x00007ffb87680000 - 0x00007ffb8769e000 	C:\Users\EMILIO\AppData\Local\Temp\native-platform10150264851273651932dir\native-platform.dll
0x00007ffb8c5a0000 - 0x00007ffb8c5a8000 	C:\Program Files\Android\Android Studio1\jre\bin\rmi.dll

dbghelp: loaded successfully - version: 4.0.5 - missing functions: none
symbol engine: initialized successfully - sym options: 0x614 - pdb path: .;C:\Program Files\Android\Android Studio1\jre\bin;C:\WINDOWS\SYSTEM32;C:\WINDOWS\WinSxS\amd64_microsoft.windows.common-controls_6595b64144ccf1df_6.0.19041.1110_none_60b5254171f9507e;C:\Program Files\Android\Android Studio1\jre\bin\server;C:\Users\EMILIO\.gradle\native\fdc75f09e3144964f2cf3f50f0aa648679c211496f362492102eb8c894070792\windows-amd64;C:\Users\EMILIO\.gradle\native\12488b8bf47d2d4c9fbf2f6322a914ad602e24e48041cd04a747c6da556b65c4\windows-amd64;C:\Users\EMILIO\AppData\Local\Temp\native-platform10150264851273651932dir

VM Arguments:
jvm_args: --add-opens=java.base/java.util=ALL-UNNAMED --add-opens=java.base/java.lang=ALL-UNNAMED --add-opens=java.base/java.lang.invoke=ALL-UNNAMED --add-opens=java.prefs/java.util.prefs=ALL-UNNAMED -Xmx2048m -Dfile.encoding=UTF-8 -Duser.country=PE -Duser.language=es -Duser.variant 
java_command: org.gradle.launcher.daemon.bootstrap.GradleDaemon 6.7.1
java_class_path (initial): C:\Users\EMILIO\.gradle\wrapper\dists\gradle-6.7.1-bin\bwlcbys1h7rz3272sye1xwiv6\gradle-6.7.1\lib\gradle-launcher-6.7.1.jar
Launcher Type: SUN_STANDARD

[Global flags]
     intx CICompilerCount                          = 4                                         {product} {ergonomic}
     uint ConcGCThreads                            = 2                                         {product} {ergonomic}
     uint G1ConcRefinementThreads                  = 8                                         {product} {ergonomic}
   size_t G1HeapRegionSize                         = 1048576                                   {product} {ergonomic}
    uintx GCDrainStackTargetSize                   = 64                                        {product} {ergonomic}
   size_t InitialHeapSize                          = 100663296                                 {product} {ergonomic}
   size_t MarkStackSize                            = 4194304                                   {product} {ergonomic}
   size_t MaxHeapSize                              = 2147483648                                {product} {command line}
   size_t MaxNewSize                               = 1287651328                                {product} {ergonomic}
   size_t MinHeapDeltaBytes                        = 1048576                                   {product} {ergonomic}
    uintx NonNMethodCodeHeapSize                   = 5836300                                {pd product} {ergonomic}
    uintx NonProfiledCodeHeapSize                  = 122910970                              {pd product} {ergonomic}
    uintx ProfiledCodeHeapSize                     = 122910970                              {pd product} {ergonomic}
    uintx ReservedCodeCacheSize                    = 251658240                              {pd product} {ergonomic}
     bool SegmentedCodeCache                       = true                                      {product} {ergonomic}
     bool UseCompressedClassPointers               = true                                 {lp64_product} {ergonomic}
     bool UseCompressedOops                        = true                                 {lp64_product} {ergonomic}
     bool UseG1GC                                  = true                                      {product} {ergonomic}
     bool UseLargePagesIndividualAllocation        = false                                  {pd product} {ergonomic}

Logging:
Log output configuration:
 #0: stdout all=warning uptime,level,tags
 #1: stderr all=off uptime,level,tags

Environment Variables:
JAVA_HOME=C:\Program Files\Java\jdk1.8.0_181
PATH=C:\app\EMILIO\product\19.0.0\client_1;C:\app\client\EMILIO\product\19.0.0\client_1\bin;C:\oraclexe\app\oracle\product\11.2.0\server\bin;C:\Program Files\Rockwell Software\RSCommon;C:\Program Files (x86)\Common Files\Oracle\Java\javapath;C:\Program Files (x86)\Intel\iCLS Client\;C:\Program Files\Intel\iCLS Client\;C:\Windows\system32;C:\Windows;C:\Windows\System32\Wbem;C:\Windows\System32\WindowsPowerShell\v1.0\;C:\Program Files (x86)\Intel\Intel(R) Management Engine Components\DAL;C:\Program Files\Intel\Intel(R) Management Engine Components\DAL;C:\Program Files (x86)\Intel\Intel(R) Management Engine Components\IPT;C:\Program Files\Intel\Intel(R) Management Engine Components\IPT;C:\Program Files (x86)\NVIDIA Corporation\PhysX\Common;C:\Program Files\Intel\WiFi\bin\;C:\Program Files\Common Files\Intel\WirelessCommon\;C:\WINDOWS\system32;C:\WINDOWS;C:\WINDOWS\System32\Wbem;C:\WINDOWS\System32\WindowsPowerShell\v1.0\;C:\WINDOWS\System32\OpenSSH\;C:\Program Files\Microsoft SQL Server\Client SDK\ODBC\110\Tools\Binn\;C:\Program Files (x86)\Microsoft SQL Server\120\Tools\Binn\;C:\Program Files\Microsoft SQL Server\120\Tools\Binn\;C:\Program Files\Microsoft SQL Server\120\DTS\Binn\;C:\Program Files (x86)\Microsoft SQL Server\120\Tools\Binn\ManagementStudio\;C:\Program Files (x86)\Microsoft SQL Server\120\DTS\Binn\;C:\Program Files\dotnet\;C:\Program Files\Microsoft SQL Server\130\Tools\Binn\;C:\Program Files\Microsoft SQL Server\Client SDK\ODBC\170\Tools\Binn\;C:\Program Files (x86)\Microsoft SQL Server\110\DTS\Binn\;C:\Program Files (x86)\Microsoft SQL Server\130\DTS\Binn\;C:\Program Files (x86)\Microsoft SQL Server\140\DTS\Binn\;C:\Program Files (x86)\Microsoft SQL Server\150\DTS\Binn\;C:\Program Files (x86)\CaseWare IDEA\IDEA\Lib\site-packages\pypiwin32_system32;C:\Go\bin;C:\Program Files\Java\jdk1.8.0_181\bin;C:\Program Files\nodejs\;C:\Program Files\Git\cmd;C:\Users\EMILIO\anaconda3;C:\Users\EMILIO\anaconda3\Library\mingw-w64\bin;C:\Users\EMILIO\anaconda3\Library\usr\
USERNAME=EMILIO
OS=Windows_NT
PROCESSOR_IDENTIFIER=Intel64 Family 6 Model 142 Stepping 10, GenuineIntel



---------------  S Y S T E M  ---------------

OS: Windows 10 , 64 bit Build 19041 (10.0.19041.1151)
OS uptime: 12 days 22:02 hours

CPU:total 8 (initial active 8) (4 cores per cpu, 2 threads per core) family 6 model 142 stepping 10 microcode 0xb4, cmov, cx8, fxsr, mmx, sse, sse2, sse3, ssse3, sse4.1, sse4.2, popcnt, avx, avx2, aes, clmul, erms, 3dnowpref, lzcnt, ht, tsc, tscinvbit, bmi1, bmi2, adx, fma

Memory: 4k page, system-wide physical 6026M (269M free)
TotalPageFile size 24458M (AvailPageFile size 37M)
current process WorkingSet (physical memory assigned to process): 319M, peak: 423M
current process commit charge ("private bytes"): 548M, peak: 551M

vm_info: OpenJDK 64-Bit Server VM (11.0.10+0-b96-7249189) for windows-amd64 JRE (11.0.10+0-b96-7249189), built on Mar 31 2021 21:44:00 by "builder" with MS VC++ 14.0 (VS2015)

END.
