#
# There is insufficient memory for the Java Runtime Environment to continue.
# Native memory allocation (malloc) failed to allocate 1121616 bytes for Chunk::new
# Possible reasons:
#   The system is out of physical RAM or swap space
#   The process is running with CompressedOops enabled, and the Java Heap may be blocking the growth of the native heap
# Possible solutions:
#   Reduce memory load on the system
#   Increase physical memory or swap space
#   Check if swap backing store is full
#   Decrease Java heap size (-Xmx/-Xms)
#   Decrease number of Java threads
#   Decrease Java thread stack sizes (-Xss)
#   Set larger code cache with -XX:ReservedCodeCacheSize=
#   JVM is running with Unscaled Compressed Oops mode in which the Java heap is
#     placed in the first 4GB address space. The Java Heap base address is the
#     maximum limit for the native heap growth. Please use -XX:HeapBaseMinAddress
#     to set the Java Heap base and to place the Java Heap above 4GB virtual address.
# This output file may be truncated or incomplete.
#
#  Out of Memory Error (./src/hotspot/share/memory/arena.cpp:197), pid=8584, tid=13968
#
# JRE version: OpenJDK Runtime Environment (11.0.10) (build 11.0.10+0-b96-7249189)
# Java VM: OpenJDK 64-Bit Server VM (11.0.10+0-b96-7249189, mixed mode, tiered, compressed oops, g1 gc, windows-amd64)
# No core dump will be written. Minidumps are not enabled by default on client versions of Windows
#

---------------  S U M M A R Y ------------

Command Line: --add-opens=java.base/java.util=ALL-UNNAMED --add-opens=java.base/java.lang=ALL-UNNAMED --add-opens=java.base/java.lang.invoke=ALL-UNNAMED --add-opens=java.prefs/java.util.prefs=ALL-UNNAMED -Xmx2048m -Dfile.encoding=UTF-8 -Duser.country=PE -Duser.language=es -Duser.variant org.gradle.launcher.daemon.bootstrap.GradleDaemon 6.7.1

Host: Intel(R) Core(TM) i5-8250U CPU @ 1.60GHz, 8 cores, 5G,  Windows 10 , 64 bit Build 19041 (10.0.19041.1151)
Time: Sun Aug 29 14:35:06 2021 Hora est. Pacífico, Sudamérica elapsed time: 10.585888 seconds (0d 0h 0m 10s)

---------------  T H R E A D  ---------------

Current thread (0x0000022d9cc79800):  JavaThread "C2 CompilerThread0" daemon [_thread_in_native, id=13968, stack(0x0000004d9c000000,0x0000004d9c100000)]


Current CompileTask:
C2:  10585 9050  s!   4       jdk.internal.loader.URLClassPath::getLoader (194 bytes)

Stack: [0x0000004d9c000000,0x0000004d9c100000]
Native frames: (J=compiled Java code, j=interpreted, Vv=VM code, C=native code)
V  [jvm.dll+0x5ecfaa]
V  [jvm.dll+0x722bd5]
V  [jvm.dll+0x72412d]
V  [jvm.dll+0x7247e3]
V  [jvm.dll+0x242928]
V  [jvm.dll+0xbc4fc]
V  [jvm.dll+0xbca0c]
V  [jvm.dll+0x352d7d]
V  [jvm.dll+0x19800c]
V  [jvm.dll+0x1fb70e]
V  [jvm.dll+0x1fa7f4]
V  [jvm.dll+0x18354c]
V  [jvm.dll+0x208ee7]
V  [jvm.dll+0x207731]
V  [jvm.dll+0x6eb1cf]
V  [jvm.dll+0x6e3d45]
V  [jvm.dll+0x5ebe96]
C  [ucrtbase.dll+0x21bb2]
C  [KERNEL32.DLL+0x17034]
C  [ntdll.dll+0x52651]


---------------  P R O C E S S  ---------------

Threads class SMR info:
_java_thread_list=0x0000022da599b7c0, length=169, elements={
0x0000022d80853000, 0x0000022d9cc57800, 0x0000022d9cc61800, 0x0000022d9cc6e800,
0x0000022d9cc6f800, 0x0000022d9cc71800, 0x0000022d9cc79800, 0x0000022d9cc7b000,
0x0000022d9cc7c000, 0x0000022d9d769800, 0x0000022d9ec95800, 0x0000022d9f18c800,
0x0000022d9f107000, 0x0000022d9e428800, 0x0000022d9e982000, 0x0000022d9ef54000,
0x0000022d9f15a800, 0x0000022d9e8c7000, 0x0000022d9e8c8000, 0x0000022d9ef2d000,
0x0000022d9ef2d800, 0x0000022d9ef2e800, 0x0000022d9ef32000, 0x0000022d9ef2f800,
0x0000022d9ef30000, 0x0000022d9ef2c000, 0x0000022d9ef31000, 0x0000022d9ef32800,
0x0000022da1c3a000, 0x0000022da1c37800, 0x0000022da1c38800, 0x0000022da1c36000,
0x0000022da1c3b000, 0x0000022da1c35800, 0x0000022da1c3d800, 0x0000022da1c3c000,
0x0000022da1c40800, 0x0000022da1c3c800, 0x0000022da1c42800, 0x0000022da1c40000,
0x0000022da1c3e800, 0x0000022da1c41800, 0x0000022da1c43000, 0x0000022da1c44000,
0x0000022da1c3f000, 0x0000022da21b4000, 0x0000022da21b5800, 0x0000022da21b3800,
0x0000022da21b2800, 0x0000022da21b6800, 0x0000022da21b5000, 0x0000022da21b7800,
0x0000022da21b1800, 0x0000022da21be000, 0x0000022da21b8000, 0x0000022da21ba000,
0x0000022da21b9000, 0x0000022da21c0800, 0x0000022da21ba800, 0x0000022da21bf800,
0x0000022da21bb800, 0x0000022da21bd000, 0x0000022da21bc800, 0x0000022da21be800,
0x0000022da21df800, 0x0000022da21e2000, 0x0000022da21e0800, 0x0000022da21e3800,
0x0000022da21de000, 0x0000022da21e2800, 0x0000022da21e4800, 0x0000022da21e1000,
0x0000022da21de800, 0x0000022da21e9800, 0x0000022da21e7000, 0x0000022da21e7800,
0x0000022da21eb000, 0x0000022da21ea000, 0x0000022da21e5000, 0x0000022da21eb800,
0x0000022da21e6000, 0x0000022da21ec800, 0x0000022da21e8800, 0x0000022da226f000,
0x0000022da226e000, 0x0000022da2273000, 0x0000022da2270000, 0x0000022da2275800,
0x0000022da2272800, 0x0000022da2274000, 0x0000022da2276800, 0x0000022da2270800,
0x0000022da2277000, 0x0000022da2275000, 0x0000022da2271800, 0x0000022da227b800,
0x0000022da2278000, 0x0000022da2279000, 0x0000022da2279800, 0x0000022da227c000,
0x0000022da227d000, 0x0000022da227a800, 0x0000022da24c1000, 0x0000022da24c3000,
0x0000022da24c0800, 0x0000022da24c3800, 0x0000022da24bf800, 0x0000022da24c4800,
0x0000022da24c5000, 0x0000022da24c6000, 0x0000022da24c7000, 0x0000022da24c2000,
0x0000022da24cc800, 0x0000022da24c9800, 0x0000022da24cb000, 0x0000022da24cb800,
0x0000022da24c7800, 0x0000022da24ca000, 0x0000022da24cd800, 0x0000022da24ce000,
0x0000022da24c8800, 0x0000022da24d3800, 0x0000022da24d5000, 0x0000022da24d3000,
0x0000022da24d4800, 0x0000022da24cf800, 0x0000022da24d6000, 0x0000022da24d2000,
0x0000022da24d0800, 0x0000022da24d7000, 0x0000022da24d1000, 0x0000022da24dc800,
0x0000022da24dd800, 0x0000022da24d7800, 0x0000022da24d9800, 0x0000022da24db000,
0x0000022da24de000, 0x0000022da24d8800, 0x0000022da24da000, 0x0000022da24db800,
0x0000022da2437000, 0x0000022da2438800, 0x0000022da2439800, 0x0000022da2434000,
0x0000022da2434800, 0x0000022da243a800, 0x0000022da243b000, 0x0000022da2435800,
0x0000022da243c000, 0x0000022da2436800, 0x0000022da243d800, 0x0000022da243d000,
0x0000022da2438000, 0x0000022da2441000, 0x0000022da2440000, 0x0000022da243e800,
0x0000022da243f800, 0x0000022da2441800, 0x0000022da2442800, 0x0000022da56aa000,
0x0000022da56ae000, 0x0000022da56ad000, 0x0000022da56ac800, 0x0000022da56a8000,
0x0000022da56ae800, 0x0000022da56ab800, 0x0000022da56a9000, 0x0000022da56aa800,
0x0000022da56b0000
}

Java Threads: ( => current thread )
  0x0000022d80853000 JavaThread "main" [_thread_blocked, id=1052, stack(0x0000004d9b400000,0x0000004d9b500000)]
  0x0000022d9cc57800 JavaThread "Reference Handler" daemon [_thread_blocked, id=14924, stack(0x0000004d9bb00000,0x0000004d9bc00000)]
  0x0000022d9cc61800 JavaThread "Finalizer" daemon [_thread_blocked, id=13480, stack(0x0000004d9bc00000,0x0000004d9bd00000)]
  0x0000022d9cc6e800 JavaThread "Signal Dispatcher" daemon [_thread_blocked, id=14404, stack(0x0000004d9bd00000,0x0000004d9be00000)]
  0x0000022d9cc6f800 JavaThread "Attach Listener" daemon [_thread_blocked, id=15720, stack(0x0000004d9be00000,0x0000004d9bf00000)]
  0x0000022d9cc71800 JavaThread "Service Thread" daemon [_thread_blocked, id=14156, stack(0x0000004d9bf00000,0x0000004d9c000000)]
=>0x0000022d9cc79800 JavaThread "C2 CompilerThread0" daemon [_thread_in_native, id=13968, stack(0x0000004d9c000000,0x0000004d9c100000)]
  0x0000022d9cc7b000 JavaThread "C1 CompilerThread0" daemon [_thread_blocked, id=11884, stack(0x0000004d9c100000,0x0000004d9c200000)]
  0x0000022d9cc7c000 JavaThread "Sweeper thread" daemon [_thread_blocked, id=18236, stack(0x0000004d9c200000,0x0000004d9c300000)]
  0x0000022d9d769800 JavaThread "Common-Cleaner" daemon [_thread_blocked, id=11072, stack(0x0000004d9c300000,0x0000004d9c400000)]
  0x0000022d9ec95800 JavaThread "Daemon health stats" [_thread_blocked, id=3432, stack(0x0000004d9c600000,0x0000004d9c700000)]
  0x0000022d9f18c800 JavaThread "Incoming local TCP Connector on port 50929" [_thread_in_native, id=14656, stack(0x0000004d9c900000,0x0000004d9ca00000)]
  0x0000022d9f107000 JavaThread "Daemon periodic checks" [_thread_blocked, id=15632, stack(0x0000004d9ca00000,0x0000004d9cb00000)]
  0x0000022d9e428800 JavaThread "Daemon" [_thread_blocked, id=13340, stack(0x0000004d9cb00000,0x0000004d9cc00000)]
  0x0000022d9e982000 JavaThread "Handler for socket connection from /127.0.0.1:50929 to /127.0.0.1:50930" [_thread_in_native, id=14628, stack(0x0000004d9cc00000,0x0000004d9cd00000)]
  0x0000022d9ef54000 JavaThread "Cancel handler" [_thread_blocked, id=19324, stack(0x0000004d9d400000,0x0000004d9d500000)]
  0x0000022d9f15a800 JavaThread "Daemon worker" [_thread_blocked, id=9872, stack(0x0000004d9d500000,0x0000004d9d600000)]
  0x0000022d9e8c7000 JavaThread "Asynchronous log dispatcher for DefaultDaemonConnection: socket connection from /127.0.0.1:50929 to /127.0.0.1:50930" [_thread_blocked, id=6116, stack(0x0000004d9d600000,0x0000004d9d700000)]
  0x0000022d9e8c8000 JavaThread "Stdin handler" [_thread_blocked, id=15580, stack(0x0000004d9d700000,0x0000004d9d800000)]
  0x0000022d9ef2d000 JavaThread "Thread-8" [_thread_blocked, id=15508, stack(0x0000004d9d800000,0x0000004d9d900000)]
  0x0000022d9ef2d800 JavaThread "Cache worker for file hash cache (C:\Users\EMILIO\.gradle\caches\6.7.1\fileHashes)" [_thread_blocked, id=1348, stack(0x0000004d9d900000,0x0000004d9da00000)]
  0x0000022d9ef2e800 JavaThread "File lock request listener" [_thread_in_native, id=16188, stack(0x0000004d9da00000,0x0000004d9db00000)]
  0x0000022d9ef32000 JavaThread "Cache worker for journal cache (C:\Users\EMILIO\.gradle\caches\journal-1)" [_thread_blocked, id=13328, stack(0x0000004d9dc00000,0x0000004d9dd00000)]
  0x0000022d9ef2f800 JavaThread "Cache worker for file hash cache (C:\Users\EMILIO\Documents\SeriousScienceVideos\.gradle\6.7.1\fileHashes)" [_thread_blocked, id=19284, stack(0x0000004d9dd00000,0x0000004d9de00000)]
  0x0000022d9ef30000 JavaThread "Cache worker for checksums cache (C:\Users\EMILIO\Documents\SeriousScienceVideos\.gradle\checksums)" [_thread_blocked, id=10136, stack(0x0000004d9de00000,0x0000004d9df00000)]
  0x0000022d9ef2c000 JavaThread "Cache worker for cache directory md-supplier (C:\Users\EMILIO\.gradle\caches\6.7.1\md-supplier)" [_thread_blocked, id=6188, stack(0x0000004d9df00000,0x0000004d9e000000)]
  0x0000022d9ef31000 JavaThread "Cache worker for cache directory md-rule (C:\Users\EMILIO\.gradle\caches\6.7.1\md-rule)" [_thread_blocked, id=13960, stack(0x0000004d9e000000,0x0000004d9e100000)]
  0x0000022d9ef32800 JavaThread "Cache worker for execution history cache (C:\Users\EMILIO\.gradle\caches\6.7.1\executionHistory)" [_thread_blocked, id=9152, stack(0x0000004d9e100000,0x0000004d9e200000)]
  0x0000022da1c3a000 JavaThread "jar transforms" [_thread_blocked, id=3960, stack(0x0000004d9e200000,0x0000004d9e300000)]
  0x0000022da1c37800 JavaThread "Cache worker for file content cache (C:\Users\EMILIO\.gradle\caches\6.7.1\fileContent)" [_thread_blocked, id=5832, stack(0x0000004d9e300000,0x0000004d9e400000)]
  0x0000022da1c38800 JavaThread "Cache worker for Build Output Cleanup Cache (C:\Users\EMILIO\Documents\SeriousScienceVideos\.gradle\buildOutputCleanup)" [_thread_blocked, id=18688, stack(0x0000004d9e400000,0x0000004d9e500000)]
  0x0000022da1c36000 JavaThread "Build operations" [_thread_blocked, id=11796, stack(0x0000004d9e500000,0x0000004d9e600000)]
  0x0000022da1c3b000 JavaThread "Build operations Thread 2" [_thread_blocked, id=4184, stack(0x0000004d9e600000,0x0000004d9e700000)]
  0x0000022da1c35800 JavaThread "Build operations Thread 3" [_thread_blocked, id=5552, stack(0x0000004d9e700000,0x0000004d9e800000)]
  0x0000022da1c3d800 JavaThread "Build operations Thread 4" [_thread_blocked, id=18440, stack(0x0000004d9e800000,0x0000004d9e900000)]
  0x0000022da1c3c000 JavaThread "Build operations Thread 5" [_thread_blocked, id=10900, stack(0x0000004d9e900000,0x0000004d9ea00000)]
  0x0000022da1c40800 JavaThread "Build operations Thread 6" [_thread_blocked, id=4568, stack(0x0000004d9ea00000,0x0000004d9eb00000)]
  0x0000022da1c3c800 JavaThread "Build operations Thread 7" [_thread_blocked, id=6268, stack(0x0000004d9eb00000,0x0000004d9ec00000)]
  0x0000022da1c42800 JavaThread "Build operations Thread 8" [_thread_blocked, id=15148, stack(0x0000004d9ec00000,0x0000004d9ed00000)]
  0x0000022da1c40000 JavaThread "jar transforms Thread 2" [_thread_blocked, id=15392, stack(0x0000004d9ed00000,0x0000004d9ee00000)]
  0x0000022da1c3e800 JavaThread "jar transforms Thread 3" [_thread_blocked, id=5540, stack(0x0000004d9ee00000,0x0000004d9ef00000)]
  0x0000022da1c41800 JavaThread "jar transforms Thread 4" [_thread_blocked, id=8300, stack(0x0000004d9ef00000,0x0000004d9f000000)]
  0x0000022da1c43000 JavaThread "jar transforms Thread 5" [_thread_blocked, id=12316, stack(0x0000004d9f000000,0x0000004d9f100000)]
  0x0000022da1c44000 JavaThread "jar transforms Thread 6" [_thread_blocked, id=4224, stack(0x0000004d9f100000,0x0000004d9f200000)]
  0x0000022da1c3f000 JavaThread "jar transforms Thread 7" [_thread_blocked, id=18228, stack(0x0000004d9f200000,0x0000004d9f300000)]
  0x0000022da21b4000 JavaThread "jar transforms Thread 8" [_thread_blocked, id=8476, stack(0x0000004d9f300000,0x0000004d9f400000)]
  0x0000022da21b5800 JavaThread "jar transforms Thread 9" [_thread_blocked, id=8292, stack(0x0000004d9f400000,0x0000004d9f500000)]
  0x0000022da21b3800 JavaThread "jar transforms Thread 10" [_thread_blocked, id=18796, stack(0x0000004d9f500000,0x0000004d9f600000)]
  0x0000022da21b2800 JavaThread "jar transforms Thread 11" [_thread_blocked, id=2628, stack(0x0000004d9f600000,0x0000004d9f700000)]
  0x0000022da21b6800 JavaThread "jar transforms Thread 12" [_thread_blocked, id=16456, stack(0x0000004d9f700000,0x0000004d9f800000)]
  0x0000022da21b5000 JavaThread "jar transforms Thread 13" [_thread_blocked, id=8868, stack(0x0000004d9f800000,0x0000004d9f900000)]
  0x0000022da21b7800 JavaThread "jar transforms Thread 14" [_thread_blocked, id=11468, stack(0x0000004d9f900000,0x0000004d9fa00000)]
  0x0000022da21b1800 JavaThread "jar transforms Thread 15" [_thread_blocked, id=5744, stack(0x0000004d9fa00000,0x0000004d9fb00000)]
  0x0000022da21be000 JavaThread "jar transforms Thread 16" [_thread_blocked, id=16432, stack(0x0000004d9fb00000,0x0000004d9fc00000)]
  0x0000022da21b8000 JavaThread "jar transforms Thread 17" [_thread_blocked, id=15816, stack(0x0000004d9fc00000,0x0000004d9fd00000)]
  0x0000022da21ba000 JavaThread "jar transforms Thread 18" [_thread_blocked, id=9588, stack(0x0000004d9fd00000,0x0000004d9fe00000)]
  0x0000022da21b9000 JavaThread "jar transforms Thread 19" [_thread_blocked, id=14672, stack(0x0000004d9fe00000,0x0000004d9ff00000)]
  0x0000022da21c0800 JavaThread "jar transforms Thread 20" [_thread_blocked, id=8288, stack(0x0000004d9ff00000,0x0000004da0000000)]
  0x0000022da21ba800 JavaThread "jar transforms Thread 21" [_thread_blocked, id=18052, stack(0x0000004da0000000,0x0000004da0100000)]
  0x0000022da21bf800 JavaThread "jar transforms Thread 22" [_thread_blocked, id=16940, stack(0x0000004da0100000,0x0000004da0200000)]
  0x0000022da21bb800 JavaThread "jar transforms Thread 23" [_thread_blocked, id=10768, stack(0x0000004da0200000,0x0000004da0300000)]
  0x0000022da21bd000 JavaThread "jar transforms Thread 24" [_thread_blocked, id=17220, stack(0x0000004da0300000,0x0000004da0400000)]
  0x0000022da21bc800 JavaThread "jar transforms Thread 25" [_thread_blocked, id=6296, stack(0x0000004da0400000,0x0000004da0500000)]
  0x0000022da21be800 JavaThread "jar transforms Thread 26" [_thread_blocked, id=19176, stack(0x0000004da0500000,0x0000004da0600000)]
  0x0000022da21df800 JavaThread "jar transforms Thread 27" [_thread_blocked, id=15564, stack(0x0000004da0600000,0x0000004da0700000)]
  0x0000022da21e2000 JavaThread "jar transforms Thread 28" [_thread_blocked, id=16260, stack(0x0000004da0700000,0x0000004da0800000)]
  0x0000022da21e0800 JavaThread "jar transforms Thread 29" [_thread_blocked, id=12944, stack(0x0000004da0800000,0x0000004da0900000)]
  0x0000022da21e3800 JavaThread "jar transforms Thread 30" [_thread_blocked, id=11184, stack(0x0000004da0900000,0x0000004da0a00000)]
  0x0000022da21de000 JavaThread "jar transforms Thread 31" [_thread_blocked, id=10012, stack(0x0000004da0a00000,0x0000004da0b00000)]
  0x0000022da21e2800 JavaThread "jar transforms Thread 32" [_thread_blocked, id=16620, stack(0x0000004da0b00000,0x0000004da0c00000)]
  0x0000022da21e4800 JavaThread "jar transforms Thread 33" [_thread_blocked, id=10016, stack(0x0000004da0c00000,0x0000004da0d00000)]
  0x0000022da21e1000 JavaThread "jar transforms Thread 34" [_thread_blocked, id=17924, stack(0x0000004da0d00000,0x0000004da0e00000)]
  0x0000022da21de800 JavaThread "jar transforms Thread 35" [_thread_blocked, id=14300, stack(0x0000004da0e00000,0x0000004da0f00000)]
  0x0000022da21e9800 JavaThread "jar transforms Thread 36" [_thread_blocked, id=8928, stack(0x0000004da0f00000,0x0000004da1000000)]
  0x0000022da21e7000 JavaThread "jar transforms Thread 37" [_thread_blocked, id=14660, stack(0x0000004da1000000,0x0000004da1100000)]
  0x0000022da21e7800 JavaThread "jar transforms Thread 38" [_thread_blocked, id=12800, stack(0x0000004da1100000,0x0000004da1200000)]
  0x0000022da21eb000 JavaThread "jar transforms Thread 39" [_thread_blocked, id=18988, stack(0x0000004da1200000,0x0000004da1300000)]
  0x0000022da21ea000 JavaThread "jar transforms Thread 40" [_thread_blocked, id=13412, stack(0x0000004da1300000,0x0000004da1400000)]
  0x0000022da21e5000 JavaThread "jar transforms Thread 41" [_thread_blocked, id=3156, stack(0x0000004da1400000,0x0000004da1500000)]
  0x0000022da21eb800 JavaThread "jar transforms Thread 42" [_thread_blocked, id=16956, stack(0x0000004da1500000,0x0000004da1600000)]
  0x0000022da21e6000 JavaThread "jar transforms Thread 43" [_thread_blocked, id=14092, stack(0x0000004da1600000,0x0000004da1700000)]
  0x0000022da21ec800 JavaThread "jar transforms Thread 44" [_thread_blocked, id=14160, stack(0x0000004da1700000,0x0000004da1800000)]
  0x0000022da21e8800 JavaThread "jar transforms Thread 45" [_thread_blocked, id=1040, stack(0x0000004da1800000,0x0000004da1900000)]
  0x0000022da226f000 JavaThread "jar transforms Thread 46" [_thread_blocked, id=3684, stack(0x0000004da1900000,0x0000004da1a00000)]
  0x0000022da226e000 JavaThread "jar transforms Thread 47" [_thread_blocked, id=14928, stack(0x0000004da1a00000,0x0000004da1b00000)]
  0x0000022da2273000 JavaThread "jar transforms Thread 48" [_thread_blocked, id=2016, stack(0x0000004da1b00000,0x0000004da1c00000)]
  0x0000022da2270000 JavaThread "jar transforms Thread 49" [_thread_blocked, id=6968, stack(0x0000004da1c00000,0x0000004da1d00000)]
  0x0000022da2275800 JavaThread "jar transforms Thread 50" [_thread_blocked, id=19304, stack(0x0000004da1d00000,0x0000004da1e00000)]
  0x0000022da2272800 JavaThread "jar transforms Thread 51" [_thread_blocked, id=16964, stack(0x0000004da1e00000,0x0000004da1f00000)]
  0x0000022da2274000 JavaThread "jar transforms Thread 52" [_thread_blocked, id=8244, stack(0x0000004da1f00000,0x0000004da2000000)]
  0x0000022da2276800 JavaThread "jar transforms Thread 53" [_thread_blocked, id=10664, stack(0x0000004da2000000,0x0000004da2100000)]
  0x0000022da2270800 JavaThread "jar transforms Thread 54" [_thread_blocked, id=2560, stack(0x0000004da2100000,0x0000004da2200000)]
  0x0000022da2277000 JavaThread "jar transforms Thread 55" [_thread_blocked, id=7316, stack(0x0000004da2200000,0x0000004da2300000)]
  0x0000022da2275000 JavaThread "jar transforms Thread 56" [_thread_blocked, id=4644, stack(0x0000004da2300000,0x0000004da2400000)]
  0x0000022da2271800 JavaThread "jar transforms Thread 57" [_thread_blocked, id=14184, stack(0x0000004da2400000,0x0000004da2500000)]
  0x0000022da227b800 JavaThread "jar transforms Thread 58" [_thread_blocked, id=11132, stack(0x0000004da2500000,0x0000004da2600000)]
  0x0000022da2278000 JavaThread "jar transforms Thread 59" [_thread_blocked, id=19084, stack(0x0000004da2600000,0x0000004da2700000)]
  0x0000022da2279000 JavaThread "jar transforms Thread 60" [_thread_blocked, id=15680, stack(0x0000004da2700000,0x0000004da2800000)]
  0x0000022da2279800 JavaThread "jar transforms Thread 61" [_thread_blocked, id=14464, stack(0x0000004da2800000,0x0000004da2900000)]
  0x0000022da227c000 JavaThread "jar transforms Thread 62" [_thread_blocked, id=14572, stack(0x0000004da2900000,0x0000004da2a00000)]
  0x0000022da227d000 JavaThread "jar transforms Thread 63" [_thread_blocked, id=13772, stack(0x0000004da2a00000,0x0000004da2b00000)]
  0x0000022da227a800 JavaThread "jar transforms Thread 64" [_thread_blocked, id=18828, stack(0x0000004da2b00000,0x0000004da2c00000)]
  0x0000022da24c1000 JavaThread "jar transforms Thread 65" [_thread_blocked, id=6396, stack(0x0000004da2c00000,0x0000004da2d00000)]
  0x0000022da24c3000 JavaThread "jar transforms Thread 66" [_thread_blocked, id=14340, stack(0x0000004da2d00000,0x0000004da2e00000)]
  0x0000022da24c0800 JavaThread "jar transforms Thread 67" [_thread_blocked, id=4036, stack(0x0000004da2e00000,0x0000004da2f00000)]
  0x0000022da24c3800 JavaThread "jar transforms Thread 68" [_thread_blocked, id=11280, stack(0x0000004da2f00000,0x0000004da3000000)]
  0x0000022da24bf800 JavaThread "jar transforms Thread 69" [_thread_blocked, id=8320, stack(0x0000004da3000000,0x0000004da3100000)]
  0x0000022da24c4800 JavaThread "jar transforms Thread 70" [_thread_blocked, id=4400, stack(0x0000004da3100000,0x0000004da3200000)]
  0x0000022da24c5000 JavaThread "jar transforms Thread 71" [_thread_blocked, id=1656, stack(0x0000004da3200000,0x0000004da3300000)]
  0x0000022da24c6000 JavaThread "jar transforms Thread 72" [_thread_blocked, id=15920, stack(0x0000004da3300000,0x0000004da3400000)]
  0x0000022da24c7000 JavaThread "jar transforms Thread 73" [_thread_blocked, id=14824, stack(0x0000004da3400000,0x0000004da3500000)]
  0x0000022da24c2000 JavaThread "jar transforms Thread 74" [_thread_blocked, id=4776, stack(0x0000004da3500000,0x0000004da3600000)]
  0x0000022da24cc800 JavaThread "jar transforms Thread 75" [_thread_blocked, id=8080, stack(0x0000004da3600000,0x0000004da3700000)]
  0x0000022da24c9800 JavaThread "jar transforms Thread 76" [_thread_blocked, id=8888, stack(0x0000004da3700000,0x0000004da3800000)]
  0x0000022da24cb000 JavaThread "jar transforms Thread 77" [_thread_blocked, id=10340, stack(0x0000004da3800000,0x0000004da3900000)]
  0x0000022da24cb800 JavaThread "jar transforms Thread 78" [_thread_blocked, id=12532, stack(0x0000004da3900000,0x0000004da3a00000)]
  0x0000022da24c7800 JavaThread "jar transforms Thread 79" [_thread_blocked, id=4564, stack(0x0000004da3a00000,0x0000004da3b00000)]
  0x0000022da24ca000 JavaThread "jar transforms Thread 80" [_thread_blocked, id=11768, stack(0x0000004da3b00000,0x0000004da3c00000)]
  0x0000022da24cd800 JavaThread "jar transforms Thread 81" [_thread_blocked, id=8940, stack(0x0000004da3c00000,0x0000004da3d00000)]
  0x0000022da24ce000 JavaThread "jar transforms Thread 82" [_thread_blocked, id=10292, stack(0x0000004da3d00000,0x0000004da3e00000)]
  0x0000022da24c8800 JavaThread "jar transforms Thread 83" [_thread_blocked, id=15748, stack(0x0000004da3e00000,0x0000004da3f00000)]
  0x0000022da24d3800 JavaThread "jar transforms Thread 84" [_thread_blocked, id=14492, stack(0x0000004da3f00000,0x0000004da4000000)]
  0x0000022da24d5000 JavaThread "jar transforms Thread 85" [_thread_blocked, id=9276, stack(0x0000004da4000000,0x0000004da4100000)]
  0x0000022da24d3000 JavaThread "jar transforms Thread 86" [_thread_blocked, id=16660, stack(0x0000004da4100000,0x0000004da4200000)]
  0x0000022da24d4800 JavaThread "jar transforms Thread 87" [_thread_blocked, id=12996, stack(0x0000004da4200000,0x0000004da4300000)]
  0x0000022da24cf800 JavaThread "jar transforms Thread 88" [_thread_blocked, id=12928, stack(0x0000004da4300000,0x0000004da4400000)]
  0x0000022da24d6000 JavaThread "jar transforms Thread 89" [_thread_blocked, id=2080, stack(0x0000004da4400000,0x0000004da4500000)]
  0x0000022da24d2000 JavaThread "jar transforms Thread 90" [_thread_blocked, id=696, stack(0x0000004da4500000,0x0000004da4600000)]
  0x0000022da24d0800 JavaThread "jar transforms Thread 91" [_thread_blocked, id=18444, stack(0x0000004da4600000,0x0000004da4700000)]
  0x0000022da24d7000 JavaThread "jar transforms Thread 92" [_thread_blocked, id=13076, stack(0x0000004da4700000,0x0000004da4800000)]
  0x0000022da24d1000 JavaThread "jar transforms Thread 93" [_thread_blocked, id=5700, stack(0x0000004da4800000,0x0000004da4900000)]
  0x0000022da24dc800 JavaThread "jar transforms Thread 94" [_thread_blocked, id=8440, stack(0x0000004da4900000,0x0000004da4a00000)]
  0x0000022da24dd800 JavaThread "jar transforms Thread 95" [_thread_blocked, id=11604, stack(0x0000004da4a00000,0x0000004da4b00000)]
  0x0000022da24d7800 JavaThread "jar transforms Thread 96" [_thread_blocked, id=5740, stack(0x0000004da4b00000,0x0000004da4c00000)]
  0x0000022da24d9800 JavaThread "jar transforms Thread 97" [_thread_blocked, id=13812, stack(0x0000004da4c00000,0x0000004da4d00000)]
  0x0000022da24db000 JavaThread "jar transforms Thread 98" [_thread_blocked, id=13860, stack(0x0000004da4d00000,0x0000004da4e00000)]
  0x0000022da24de000 JavaThread "jar transforms Thread 99" [_thread_blocked, id=14576, stack(0x0000004da4e00000,0x0000004da4f00000)]
  0x0000022da24d8800 JavaThread "jar transforms Thread 100" [_thread_blocked, id=10608, stack(0x0000004da4f00000,0x0000004da5000000)]
  0x0000022da24da000 JavaThread "jar transforms Thread 101" [_thread_blocked, id=13024, stack(0x0000004da5000000,0x0000004da5100000)]
  0x0000022da24db800 JavaThread "jar transforms Thread 102" [_thread_blocked, id=6580, stack(0x0000004da5100000,0x0000004da5200000)]
  0x0000022da2437000 JavaThread "jar transforms Thread 103" [_thread_blocked, id=6176, stack(0x0000004da5200000,0x0000004da5300000)]
  0x0000022da2438800 JavaThread "jar transforms Thread 104" [_thread_blocked, id=15120, stack(0x0000004da5300000,0x0000004da5400000)]
  0x0000022da2439800 JavaThread "jar transforms Thread 105" [_thread_blocked, id=15640, stack(0x0000004da5400000,0x0000004da5500000)]
  0x0000022da2434000 JavaThread "jar transforms Thread 106" [_thread_blocked, id=11204, stack(0x0000004da5500000,0x0000004da5600000)]
  0x0000022da2434800 JavaThread "jar transforms Thread 107" [_thread_blocked, id=13320, stack(0x0000004da5600000,0x0000004da5700000)]
  0x0000022da243a800 JavaThread "jar transforms Thread 108" [_thread_blocked, id=16388, stack(0x0000004da5700000,0x0000004da5800000)]
  0x0000022da243b000 JavaThread "jar transforms Thread 109" [_thread_blocked, id=840, stack(0x0000004da5800000,0x0000004da5900000)]
  0x0000022da2435800 JavaThread "jar transforms Thread 110" [_thread_blocked, id=9628, stack(0x0000004da5900000,0x0000004da5a00000)]
  0x0000022da243c000 JavaThread "jar transforms Thread 111" [_thread_blocked, id=16116, stack(0x0000004da5a00000,0x0000004da5b00000)]
  0x0000022da2436800 JavaThread "jar transforms Thread 112" [_thread_blocked, id=14420, stack(0x0000004da5b00000,0x0000004da5c00000)]
  0x0000022da243d800 JavaThread "jar transforms Thread 113" [_thread_blocked, id=18552, stack(0x0000004da5c00000,0x0000004da5d00000)]
  0x0000022da243d000 JavaThread "jar transforms Thread 114" [_thread_blocked, id=17540, stack(0x0000004da5d00000,0x0000004da5e00000)]
  0x0000022da2438000 JavaThread "jar transforms Thread 115" [_thread_blocked, id=7804, stack(0x0000004da5e00000,0x0000004da5f00000)]
  0x0000022da2441000 JavaThread "jar transforms Thread 116" [_thread_blocked, id=10336, stack(0x0000004da5f00000,0x0000004da6000000)]
  0x0000022da2440000 JavaThread "jar transforms Thread 117" [_thread_blocked, id=10860, stack(0x0000004da6000000,0x0000004da6100000)]
  0x0000022da243e800 JavaThread "jar transforms Thread 118" [_thread_blocked, id=2520, stack(0x0000004da6100000,0x0000004da6200000)]
  0x0000022da243f800 JavaThread "jar transforms Thread 119" [_thread_blocked, id=9856, stack(0x0000004da6200000,0x0000004da6300000)]
  0x0000022da2441800 JavaThread "Memory manager" [_thread_blocked, id=13276, stack(0x0000004da6300000,0x0000004da6400000)]
  0x0000022da2442800 JavaThread "build event listener" [_thread_blocked, id=7780, stack(0x0000004da6400000,0x0000004da6500000)]
  0x0000022da56aa000 JavaThread "build event listener" [_thread_blocked, id=13580, stack(0x0000004da6500000,0x0000004da6600000)]
  0x0000022da56ae000 JavaThread "Execution worker for ':'" [_thread_blocked, id=372, stack(0x0000004da6600000,0x0000004da6700000)]
  0x0000022da56ad000 JavaThread "Execution worker for ':' Thread 2" [_thread_in_vm, id=16344, stack(0x0000004da6700000,0x0000004da6800000)]
  0x0000022da56ac800 JavaThread "Execution worker for ':' Thread 3" [_thread_blocked, id=9440, stack(0x0000004da6800000,0x0000004da6900000)]
  0x0000022da56a8000 JavaThread "Execution worker for ':' Thread 4" [_thread_blocked, id=16016, stack(0x0000004da6900000,0x0000004da6a00000)]
  0x0000022da56ae800 JavaThread "Execution worker for ':' Thread 5" [_thread_blocked, id=8640, stack(0x0000004da6a00000,0x0000004da6b00000)]
  0x0000022da56ab800 JavaThread "Execution worker for ':' Thread 6" [_thread_blocked, id=3248, stack(0x0000004da6b00000,0x0000004da6c00000)]
  0x0000022da56a9000 JavaThread "Execution worker for ':' Thread 7" [_thread_blocked, id=4996, stack(0x0000004da6c00000,0x0000004da6d00000)]
  0x0000022da56aa800 JavaThread "Cache worker for execution history cache (C:\Users\EMILIO\Documents\SeriousScienceVideos\.gradle\6.7.1\executionHistory)" [_thread_blocked, id=15128, stack(0x0000004da6d00000,0x0000004da6e00000)]
  0x0000022da56b0000 JavaThread "WorkerExecutor Queue" [_thread_blocked, id=5612, stack(0x0000004da6e00000,0x0000004da6f00000)]

Other Threads:
  0x0000022d9cc55000 VMThread "VM Thread" [stack: 0x0000004d9ba00000,0x0000004d9bb00000] [id=17208]
  0x0000022d9d7a2000 WatcherThread [stack: 0x0000004d9c400000,0x0000004d9c500000] [id=17216]
  0x0000022d806bb800 GCTaskThread "GC Thread#0" [stack: 0x0000004d9b500000,0x0000004d9b600000] [id=11656]
  0x0000022d9dfd7800 GCTaskThread "GC Thread#1" [stack: 0x0000004d9c500000,0x0000004d9c600000] [id=13872]
  0x0000022d9e982800 GCTaskThread "GC Thread#2" [stack: 0x0000004d9cd00000,0x0000004d9ce00000] [id=568]
  0x0000022d9e83d800 GCTaskThread "GC Thread#3" [stack: 0x0000004d9ce00000,0x0000004d9cf00000] [id=11216]
  0x0000022d9e83e000 GCTaskThread "GC Thread#4" [stack: 0x0000004d9cf00000,0x0000004d9d000000] [id=18532]
  0x0000022d9f827800 GCTaskThread "GC Thread#5" [stack: 0x0000004d9d000000,0x0000004d9d100000] [id=18564]
  0x0000022d9f828800 GCTaskThread "GC Thread#6" [stack: 0x0000004d9d100000,0x0000004d9d200000] [id=9356]
  0x0000022d9f12d000 GCTaskThread "GC Thread#7" [stack: 0x0000004d9d200000,0x0000004d9d300000] [id=10104]
  0x0000022d80897000 ConcurrentGCThread "G1 Main Marker" [stack: 0x0000004d9b600000,0x0000004d9b700000] [id=4080]
  0x0000022d80899000 ConcurrentGCThread "G1 Conc#0" [stack: 0x0000004d9b700000,0x0000004d9b800000] [id=1480]
  0x0000022d9e85d000 ConcurrentGCThread "G1 Conc#1" [stack: 0x0000004d9db00000,0x0000004d9dc00000] [id=14592]
  0x0000022d8091f800 ConcurrentGCThread "G1 Refine#0" [stack: 0x0000004d9b800000,0x0000004d9b900000] [id=18312]
  0x0000022d9e4c6800 ConcurrentGCThread "G1 Refine#1" [stack: 0x0000004d9d300000,0x0000004d9d400000] [id=6944]
  0x0000022d80920800 ConcurrentGCThread "G1 Young RemSet Sampling" [stack: 0x0000004d9b900000,0x0000004d9ba00000] [id=6528]

Threads with active compile tasks:
C2 CompilerThread0  10732 9050  s!   4       jdk.internal.loader.URLClassPath::getLoader (194 bytes)

VM state:not at safepoint (normal execution)

VM Mutex/Monitor currently owned by a thread: None

Heap address: 0x0000000080000000, size: 2048 MB, Compressed Oops mode: 32-bit
Narrow klass base: 0x0000000000000000, Narrow klass shift: 3
Compressed class space size: 1073741824 Address: 0x0000000100000000

Heap:
 garbage-first heap   total 176128K, used 99972K [0x0000000080000000, 0x0000000100000000)
  region size 1024K, 18 young (18432K), 6 survivors (6144K)
 Metaspace       used 87573K, capacity 89528K, committed 89852K, reserved 1128448K
  class space    used 11138K, capacity 11833K, committed 11904K, reserved 1048576K
Heap Regions: E=young(eden), S=young(survivor), O=old, HS=humongous(starts), HC=humongous(continues), CS=collection set, F=free, A=archive, TAMS=top-at-mark-start (previous, next)
|   0|0x0000000080000000, 0x0000000080100000, 0x0000000080100000|100%| O|  |TAMS 0x0000000080100000, 0x0000000080000000| Updating 
|   1|0x0000000080100000, 0x0000000080200000, 0x0000000080200000|100%| O|  |TAMS 0x0000000080200000, 0x0000000080100000| Updating 
|   2|0x0000000080200000, 0x0000000080300000, 0x0000000080300000|100%| O|  |TAMS 0x0000000080300000, 0x0000000080200000| Updating 
|   3|0x0000000080300000, 0x0000000080400000, 0x0000000080400000|100%|HS|  |TAMS 0x0000000080400000, 0x0000000080300000| Complete 
|   4|0x0000000080400000, 0x0000000080500000, 0x0000000080500000|100%|HC|  |TAMS 0x0000000080500000, 0x0000000080400000| Complete 
|   5|0x0000000080500000, 0x0000000080600000, 0x0000000080600000|100%|HC|  |TAMS 0x0000000080600000, 0x0000000080500000| Complete 
|   6|0x0000000080600000, 0x0000000080700000, 0x0000000080700000|100%| O|  |TAMS 0x0000000080700000, 0x0000000080600000| Updating 
|   7|0x0000000080700000, 0x0000000080800000, 0x0000000080800000|100%| O|  |TAMS 0x0000000080800000, 0x0000000080700000| Updating 
|   8|0x0000000080800000, 0x0000000080900000, 0x0000000080900000|100%| O|  |TAMS 0x0000000080900000, 0x0000000080800000| Updating 
|   9|0x0000000080900000, 0x0000000080a00000, 0x0000000080a00000|100%| O|  |TAMS 0x0000000080a00000, 0x0000000080900000| Updating 
|  10|0x0000000080a00000, 0x0000000080b00000, 0x0000000080b00000|100%| O|  |TAMS 0x0000000080b00000, 0x0000000080a00000| Updating 
|  11|0x0000000080b00000, 0x0000000080c00000, 0x0000000080c00000|100%| O|  |TAMS 0x0000000080c00000, 0x0000000080b00000| Updating 
|  12|0x0000000080c00000, 0x0000000080d00000, 0x0000000080d00000|100%| O|  |TAMS 0x0000000080d00000, 0x0000000080c00000| Updating 
|  13|0x0000000080d00000, 0x0000000080e00000, 0x0000000080e00000|100%| O|  |TAMS 0x0000000080e00000, 0x0000000080d00000| Updating 
|  14|0x0000000080e00000, 0x0000000080f00000, 0x0000000080f00000|100%| O|  |TAMS 0x0000000080f00000, 0x0000000080e00000| Updating 
|  15|0x0000000080f00000, 0x0000000081000000, 0x0000000081000000|100%| O|  |TAMS 0x0000000081000000, 0x0000000080f00000| Updating 
|  16|0x0000000081000000, 0x0000000081100000, 0x0000000081100000|100%| O|  |TAMS 0x0000000081100000, 0x0000000081000000| Updating 
|  17|0x0000000081100000, 0x0000000081200000, 0x0000000081200000|100%| O|  |TAMS 0x0000000081200000, 0x0000000081100000| Updating 
|  18|0x0000000081200000, 0x0000000081300000, 0x0000000081300000|100%| O|  |TAMS 0x0000000081300000, 0x0000000081200000| Updating 
|  19|0x0000000081300000, 0x0000000081400000, 0x0000000081400000|100%| O|  |TAMS 0x0000000081400000, 0x0000000081300000| Updating 
|  20|0x0000000081400000, 0x0000000081500000, 0x0000000081500000|100%| O|  |TAMS 0x0000000081500000, 0x0000000081400000| Updating 
|  21|0x0000000081500000, 0x0000000081600000, 0x0000000081600000|100%| O|  |TAMS 0x0000000081600000, 0x0000000081500000| Updating 
|  22|0x0000000081600000, 0x0000000081700000, 0x0000000081700000|100%| O|  |TAMS 0x0000000081700000, 0x0000000081600000| Updating 
|  23|0x0000000081700000, 0x0000000081800000, 0x0000000081800000|100%| O|  |TAMS 0x0000000081800000, 0x0000000081700000| Updating 
|  24|0x0000000081800000, 0x0000000081900000, 0x0000000081900000|100%|HS|  |TAMS 0x0000000081900000, 0x0000000081800000| Complete 
|  25|0x0000000081900000, 0x0000000081a00000, 0x0000000081a00000|100%|HS|  |TAMS 0x0000000081a00000, 0x0000000081900000| Complete 
|  26|0x0000000081a00000, 0x0000000081b00000, 0x0000000081b00000|100%|HS|  |TAMS 0x0000000081b00000, 0x0000000081a00000| Complete 
|  27|0x0000000081b00000, 0x0000000081c00000, 0x0000000081c00000|100%|HC|  |TAMS 0x0000000081c00000, 0x0000000081b00000| Complete 
|  28|0x0000000081c00000, 0x0000000081d00000, 0x0000000081d00000|100%|HC|  |TAMS 0x0000000081d00000, 0x0000000081c00000| Complete 
|  29|0x0000000081d00000, 0x0000000081e00000, 0x0000000081e00000|100%|HS|  |TAMS 0x0000000081e00000, 0x0000000081d00000| Complete 
|  30|0x0000000081e00000, 0x0000000081f00000, 0x0000000081f00000|100%|HC|  |TAMS 0x0000000081f00000, 0x0000000081e00000| Complete 
|  31|0x0000000081f00000, 0x0000000082000000, 0x0000000082000000|100%| O|  |TAMS 0x0000000082000000, 0x0000000081f00000| Updating 
|  32|0x0000000082000000, 0x0000000082100000, 0x0000000082100000|100%| O|  |TAMS 0x0000000082100000, 0x0000000082000000| Updating 
|  33|0x0000000082100000, 0x0000000082200000, 0x0000000082200000|100%| O|  |TAMS 0x0000000082200000, 0x0000000082100000| Updating 
|  34|0x0000000082200000, 0x0000000082300000, 0x0000000082300000|100%| O|  |TAMS 0x0000000082300000, 0x0000000082200000| Updating 
|  35|0x0000000082300000, 0x0000000082400000, 0x0000000082400000|100%| O|  |TAMS 0x0000000082400000, 0x0000000082300000| Updating 
|  36|0x0000000082400000, 0x0000000082500000, 0x0000000082500000|100%| O|  |TAMS 0x0000000082500000, 0x0000000082400000| Updating 
|  37|0x0000000082500000, 0x0000000082600000, 0x0000000082600000|100%| O|  |TAMS 0x0000000082600000, 0x0000000082500000| Updating 
|  38|0x0000000082600000, 0x0000000082700000, 0x0000000082700000|100%| O|  |TAMS 0x0000000082700000, 0x0000000082600000| Updating 
|  39|0x0000000082700000, 0x0000000082800000, 0x0000000082800000|100%| O|  |TAMS 0x0000000082800000, 0x0000000082700000| Updating 
|  40|0x0000000082800000, 0x0000000082900000, 0x0000000082900000|100%| O|  |TAMS 0x0000000082900000, 0x0000000082800000| Updating 
|  41|0x0000000082900000, 0x0000000082a00000, 0x0000000082a00000|100%| O|  |TAMS 0x0000000082a00000, 0x0000000082900000| Updating 
|  42|0x0000000082a00000, 0x0000000082b00000, 0x0000000082b00000|100%| O|  |TAMS 0x0000000082b00000, 0x0000000082a00000| Updating 
|  43|0x0000000082b00000, 0x0000000082c00000, 0x0000000082c00000|100%| O|  |TAMS 0x0000000082c00000, 0x0000000082b00000| Updating 
|  44|0x0000000082c00000, 0x0000000082d00000, 0x0000000082d00000|100%| O|  |TAMS 0x0000000082d00000, 0x0000000082c00000| Updating 
|  45|0x0000000082d00000, 0x0000000082e00000, 0x0000000082e00000|100%| O|  |TAMS 0x0000000082e00000, 0x0000000082d00000| Updating 
|  46|0x0000000082e00000, 0x0000000082f00000, 0x0000000082f00000|100%| O|  |TAMS 0x0000000082f00000, 0x0000000082e00000| Updating 
|  47|0x0000000082f00000, 0x0000000083000000, 0x0000000083000000|100%| O|  |TAMS 0x0000000083000000, 0x0000000082f00000| Updating 
|  48|0x0000000083000000, 0x0000000083100000, 0x0000000083100000|100%| O|  |TAMS 0x0000000083100000, 0x0000000083000000| Updating 
|  49|0x0000000083100000, 0x0000000083200000, 0x0000000083200000|100%| O|  |TAMS 0x0000000083200000, 0x0000000083100000| Updating 
|  50|0x0000000083200000, 0x0000000083300000, 0x0000000083300000|100%| O|  |TAMS 0x0000000083300000, 0x0000000083200000| Updating 
|  51|0x0000000083300000, 0x0000000083400000, 0x0000000083400000|100%| O|  |TAMS 0x0000000083400000, 0x0000000083300000| Updating 
|  52|0x0000000083400000, 0x0000000083500000, 0x0000000083500000|100%| O|  |TAMS 0x0000000083500000, 0x0000000083400000| Updating 
|  53|0x0000000083500000, 0x0000000083600000, 0x0000000083600000|100%| O|  |TAMS 0x0000000083600000, 0x0000000083500000| Updating 
|  54|0x0000000083600000, 0x0000000083700000, 0x0000000083700000|100%| O|  |TAMS 0x0000000083700000, 0x0000000083600000| Updating 
|  55|0x0000000083700000, 0x0000000083800000, 0x0000000083800000|100%| O|  |TAMS 0x0000000083800000, 0x0000000083700000| Updating 
|  56|0x0000000083800000, 0x0000000083900000, 0x0000000083900000|100%| O|  |TAMS 0x0000000083900000, 0x0000000083800000| Updating 
|  57|0x0000000083900000, 0x0000000083a00000, 0x0000000083a00000|100%| O|  |TAMS 0x0000000083a00000, 0x0000000083900000| Updating 
|  58|0x0000000083a00000, 0x0000000083b00000, 0x0000000083b00000|100%| O|  |TAMS 0x0000000083b00000, 0x0000000083a00000| Updating 
|  59|0x0000000083b00000, 0x0000000083c00000, 0x0000000083c00000|100%| O|  |TAMS 0x0000000083c00000, 0x0000000083b00000| Updating 
|  60|0x0000000083c00000, 0x0000000083d00000, 0x0000000083d00000|100%| O|  |TAMS 0x0000000083d00000, 0x0000000083c00000| Updating 
|  61|0x0000000083d00000, 0x0000000083e00000, 0x0000000083e00000|100%| O|  |TAMS 0x0000000083e00000, 0x0000000083d00000| Updating 
|  62|0x0000000083e00000, 0x0000000083f00000, 0x0000000083f00000|100%| O|  |TAMS 0x0000000083f00000, 0x0000000083e00000| Updating 
|  63|0x0000000083f00000, 0x0000000084000000, 0x0000000084000000|100%| O|  |TAMS 0x0000000084000000, 0x0000000083f00000| Updating 
|  64|0x0000000084000000, 0x0000000084000000, 0x0000000084100000|  0%| F|  |TAMS 0x0000000084000000, 0x0000000084000000| Untracked 
|  65|0x0000000084100000, 0x0000000084100000, 0x0000000084200000|  0%| F|  |TAMS 0x0000000084100000, 0x0000000084100000| Untracked 
|  66|0x0000000084200000, 0x0000000084200000, 0x0000000084300000|  0%| F|  |TAMS 0x0000000084200000, 0x0000000084200000| Untracked 
|  67|0x0000000084300000, 0x0000000084400000, 0x0000000084400000|100%| O|  |TAMS 0x0000000084400000, 0x0000000084300000| Updating 
|  68|0x0000000084400000, 0x0000000084500000, 0x0000000084500000|100%| O|  |TAMS 0x0000000084500000, 0x0000000084400000| Updating 
|  69|0x0000000084500000, 0x0000000084600000, 0x0000000084600000|100%| O|  |TAMS 0x0000000084600000, 0x0000000084500000| Updating 
|  70|0x0000000084600000, 0x0000000084700000, 0x0000000084700000|100%| O|  |TAMS 0x0000000084700000, 0x0000000084600000| Updating 
|  71|0x0000000084700000, 0x0000000084800000, 0x0000000084800000|100%| O|  |TAMS 0x0000000084800000, 0x0000000084700000| Updating 
|  72|0x0000000084800000, 0x0000000084900000, 0x0000000084900000|100%| O|  |TAMS 0x0000000084900000, 0x0000000084800000| Updating 
|  73|0x0000000084900000, 0x0000000084a00000, 0x0000000084a00000|100%| O|  |TAMS 0x0000000084a00000, 0x0000000084900000| Updating 
|  74|0x0000000084a00000, 0x0000000084b00000, 0x0000000084b00000|100%| O|  |TAMS 0x0000000084b00000, 0x0000000084a00000| Updating 
|  75|0x0000000084b00000, 0x0000000084c00000, 0x0000000084c00000|100%| O|  |TAMS 0x0000000084c00000, 0x0000000084b00000| Updating 
|  76|0x0000000084c00000, 0x0000000084d00000, 0x0000000084d00000|100%| O|  |TAMS 0x0000000084d00000, 0x0000000084c00000| Updating 
|  77|0x0000000084d00000, 0x0000000084d00000, 0x0000000084e00000|  0%| F|  |TAMS 0x0000000084d00000, 0x0000000084d00000| Untracked 
|  78|0x0000000084e00000, 0x0000000084f00000, 0x0000000084f00000|100%| O|  |TAMS 0x0000000084f00000, 0x0000000084e00000| Updating 
|  79|0x0000000084f00000, 0x0000000085000000, 0x0000000085000000|100%| O|  |TAMS 0x0000000085000000, 0x0000000084f00000| Updating 
|  80|0x0000000085000000, 0x0000000085100000, 0x0000000085100000|100%| O|  |TAMS 0x0000000085100000, 0x0000000085000000| Updating 
|  81|0x0000000085100000, 0x0000000085200000, 0x0000000085200000|100%| O|  |TAMS 0x0000000085200000, 0x0000000085100000| Updating 
|  82|0x0000000085200000, 0x0000000085300000, 0x0000000085300000|100%| O|  |TAMS 0x0000000085300000, 0x0000000085200000| Updating 
|  83|0x0000000085300000, 0x000000008535f000, 0x0000000085400000| 37%| O|  |TAMS 0x000000008535f000, 0x0000000085300000| Updating 
|  84|0x0000000085400000, 0x0000000085400000, 0x0000000085500000|  0%| F|  |TAMS 0x0000000085400000, 0x0000000085400000| Untracked 
|  85|0x0000000085500000, 0x0000000085500000, 0x0000000085600000|  0%| F|  |TAMS 0x0000000085500000, 0x0000000085500000| Untracked 
|  86|0x0000000085600000, 0x0000000085600000, 0x0000000085700000|  0%| F|  |TAMS 0x0000000085600000, 0x0000000085600000| Untracked 
|  87|0x0000000085700000, 0x0000000085700000, 0x0000000085800000|  0%| F|  |TAMS 0x0000000085700000, 0x0000000085700000| Untracked 
|  88|0x0000000085800000, 0x0000000085800000, 0x0000000085900000|  0%| F|  |TAMS 0x0000000085800000, 0x0000000085800000| Untracked 
|  89|0x0000000085900000, 0x0000000085900000, 0x0000000085a00000|  0%| F|  |TAMS 0x0000000085900000, 0x0000000085900000| Untracked 
|  90|0x0000000085a00000, 0x0000000085a00000, 0x0000000085b00000|  0%| F|  |TAMS 0x0000000085a00000, 0x0000000085a00000| Untracked 
|  91|0x0000000085b00000, 0x0000000085b00000, 0x0000000085c00000|  0%| F|  |TAMS 0x0000000085b00000, 0x0000000085b00000| Untracked 
|  92|0x0000000085c00000, 0x0000000085c00000, 0x0000000085d00000|  0%| F|  |TAMS 0x0000000085c00000, 0x0000000085c00000| Untracked 
|  93|0x0000000085d00000, 0x0000000085d00000, 0x0000000085e00000|  0%| F|  |TAMS 0x0000000085d00000, 0x0000000085d00000| Untracked 
|  94|0x0000000085e00000, 0x0000000085e00000, 0x0000000085f00000|  0%| F|  |TAMS 0x0000000085e00000, 0x0000000085e00000| Untracked 
|  95|0x0000000085f00000, 0x0000000086000000, 0x0000000086000000|100%| O|  |TAMS 0x0000000086000000, 0x0000000085f00000| Updating 
|  96|0x0000000086000000, 0x0000000086000000, 0x0000000086100000|  0%| F|  |TAMS 0x0000000086000000, 0x0000000086000000| Untracked 
|  97|0x0000000086100000, 0x0000000086200000, 0x0000000086200000|100%| O|  |TAMS 0x0000000086200000, 0x0000000086100000| Updating 
|  98|0x0000000086200000, 0x0000000086200000, 0x0000000086300000|  0%| F|  |TAMS 0x0000000086200000, 0x0000000086200000| Untracked 
|  99|0x0000000086300000, 0x0000000086300000, 0x0000000086400000|  0%| F|  |TAMS 0x0000000086300000, 0x0000000086300000| Untracked 
| 100|0x0000000086400000, 0x0000000086400000, 0x0000000086500000|  0%| F|  |TAMS 0x0000000086400000, 0x0000000086400000| Untracked 
| 101|0x0000000086500000, 0x0000000086500000, 0x0000000086600000|  0%| F|  |TAMS 0x0000000086500000, 0x0000000086500000| Untracked 
| 102|0x0000000086600000, 0x0000000086600000, 0x0000000086700000|  0%| F|  |TAMS 0x0000000086600000, 0x0000000086600000| Untracked 
| 103|0x0000000086700000, 0x0000000086700000, 0x0000000086800000|  0%| F|  |TAMS 0x0000000086700000, 0x0000000086700000| Untracked 
| 104|0x0000000086800000, 0x0000000086800000, 0x0000000086900000|  0%| F|  |TAMS 0x0000000086800000, 0x0000000086800000| Untracked 
| 105|0x0000000086900000, 0x0000000086900000, 0x0000000086a00000|  0%| F|  |TAMS 0x0000000086900000, 0x0000000086900000| Untracked 
| 106|0x0000000086a00000, 0x0000000086a00000, 0x0000000086b00000|  0%| F|  |TAMS 0x0000000086a00000, 0x0000000086a00000| Untracked 
| 107|0x0000000086b00000, 0x0000000086b00000, 0x0000000086c00000|  0%| F|  |TAMS 0x0000000086b00000, 0x0000000086b00000| Untracked 
| 108|0x0000000086c00000, 0x0000000086c00000, 0x0000000086d00000|  0%| F|  |TAMS 0x0000000086c00000, 0x0000000086c00000| Untracked 
| 109|0x0000000086d00000, 0x0000000086d00000, 0x0000000086e00000|  0%| F|  |TAMS 0x0000000086d00000, 0x0000000086d00000| Untracked 
| 110|0x0000000086e00000, 0x0000000086e00000, 0x0000000086f00000|  0%| F|  |TAMS 0x0000000086e00000, 0x0000000086e00000| Untracked 
| 111|0x0000000086f00000, 0x0000000086f00000, 0x0000000087000000|  0%| F|  |TAMS 0x0000000086f00000, 0x0000000086f00000| Untracked 
| 112|0x0000000087000000, 0x0000000087000000, 0x0000000087100000|  0%| F|  |TAMS 0x0000000087000000, 0x0000000087000000| Untracked 
| 113|0x0000000087100000, 0x0000000087100000, 0x0000000087200000|  0%| F|  |TAMS 0x0000000087100000, 0x0000000087100000| Untracked 
| 114|0x0000000087200000, 0x0000000087200000, 0x0000000087300000|  0%| F|  |TAMS 0x0000000087200000, 0x0000000087200000| Untracked 
| 115|0x0000000087300000, 0x0000000087300000, 0x0000000087400000|  0%| F|  |TAMS 0x0000000087300000, 0x0000000087300000| Untracked 
| 116|0x0000000087400000, 0x0000000087400000, 0x0000000087500000|  0%| F|  |TAMS 0x0000000087400000, 0x0000000087400000| Untracked 
| 117|0x0000000087500000, 0x0000000087500000, 0x0000000087600000|  0%| F|  |TAMS 0x0000000087500000, 0x0000000087500000| Untracked 
| 118|0x0000000087600000, 0x0000000087600000, 0x0000000087700000|  0%| F|  |TAMS 0x0000000087600000, 0x0000000087600000| Untracked 
| 119|0x0000000087700000, 0x0000000087700000, 0x0000000087800000|  0%| F|  |TAMS 0x0000000087700000, 0x0000000087700000| Untracked 
| 120|0x0000000087800000, 0x0000000087800000, 0x0000000087900000|  0%| F|  |TAMS 0x0000000087800000, 0x0000000087800000| Untracked 
| 121|0x0000000087900000, 0x0000000087900000, 0x0000000087a00000|  0%| F|  |TAMS 0x0000000087900000, 0x0000000087900000| Untracked 
| 122|0x0000000087a00000, 0x0000000087a42300, 0x0000000087b00000| 25%| S|CS|TAMS 0x0000000087a00000, 0x0000000087a00000| Complete 
| 123|0x0000000087b00000, 0x0000000087c00000, 0x0000000087c00000|100%| S|CS|TAMS 0x0000000087b00000, 0x0000000087b00000| Complete 
| 124|0x0000000087c00000, 0x0000000087d00000, 0x0000000087d00000|100%| S|CS|TAMS 0x0000000087c00000, 0x0000000087c00000| Complete 
| 125|0x0000000087d00000, 0x0000000087e00000, 0x0000000087e00000|100%| S|CS|TAMS 0x0000000087d00000, 0x0000000087d00000| Complete 
| 126|0x0000000087e00000, 0x0000000087f00000, 0x0000000087f00000|100%| S|CS|TAMS 0x0000000087e00000, 0x0000000087e00000| Complete 
| 127|0x0000000087f00000, 0x0000000088000000, 0x0000000088000000|100%| S|CS|TAMS 0x0000000087f00000, 0x0000000087f00000| Complete 
| 128|0x0000000088000000, 0x0000000088000000, 0x0000000088100000|  0%| F|  |TAMS 0x0000000088000000, 0x0000000088000000| Untracked 
| 129|0x0000000088100000, 0x0000000088100000, 0x0000000088200000|  0%| F|  |TAMS 0x0000000088100000, 0x0000000088100000| Untracked 
| 130|0x0000000088200000, 0x0000000088200000, 0x0000000088300000|  0%| F|  |TAMS 0x0000000088200000, 0x0000000088200000| Untracked 
| 131|0x0000000088300000, 0x0000000088300000, 0x0000000088400000|  0%| F|  |TAMS 0x0000000088300000, 0x0000000088300000| Untracked 
| 132|0x0000000088400000, 0x0000000088400000, 0x0000000088500000|  0%| F|  |TAMS 0x0000000088400000, 0x0000000088400000| Untracked 
| 133|0x0000000088500000, 0x0000000088500000, 0x0000000088600000|  0%| F|  |TAMS 0x0000000088500000, 0x0000000088500000| Untracked 
| 134|0x0000000088600000, 0x0000000088600000, 0x0000000088700000|  0%| F|  |TAMS 0x0000000088600000, 0x0000000088600000| Untracked 
| 135|0x0000000088700000, 0x0000000088700000, 0x0000000088800000|  0%| F|  |TAMS 0x0000000088700000, 0x0000000088700000| Untracked 
| 136|0x0000000088800000, 0x0000000088800000, 0x0000000088900000|  0%| F|  |TAMS 0x0000000088800000, 0x0000000088800000| Untracked 
| 137|0x0000000088900000, 0x0000000088900000, 0x0000000088a00000|  0%| F|  |TAMS 0x0000000088900000, 0x0000000088900000| Untracked 
| 138|0x0000000088a00000, 0x0000000088a00000, 0x0000000088b00000|  0%| F|  |TAMS 0x0000000088a00000, 0x0000000088a00000| Untracked 
| 139|0x0000000088b00000, 0x0000000088b00000, 0x0000000088c00000|  0%| F|  |TAMS 0x0000000088b00000, 0x0000000088b00000| Untracked 
| 140|0x0000000088c00000, 0x0000000088c00000, 0x0000000088d00000|  0%| F|  |TAMS 0x0000000088c00000, 0x0000000088c00000| Untracked 
| 141|0x0000000088d00000, 0x0000000088d00000, 0x0000000088e00000|  0%| F|  |TAMS 0x0000000088d00000, 0x0000000088d00000| Untracked 
| 142|0x0000000088e00000, 0x0000000088e00000, 0x0000000088f00000|  0%| F|  |TAMS 0x0000000088e00000, 0x0000000088e00000| Untracked 
| 143|0x0000000088f00000, 0x0000000088f00000, 0x0000000089000000|  0%| F|  |TAMS 0x0000000088f00000, 0x0000000088f00000| Untracked 
| 144|0x0000000089000000, 0x0000000089000000, 0x0000000089100000|  0%| F|  |TAMS 0x0000000089000000, 0x0000000089000000| Untracked 
| 145|0x0000000089100000, 0x0000000089100000, 0x0000000089200000|  0%| F|  |TAMS 0x0000000089100000, 0x0000000089100000| Untracked 
| 146|0x0000000089200000, 0x0000000089200000, 0x0000000089300000|  0%| F|  |TAMS 0x0000000089200000, 0x0000000089200000| Untracked 
| 147|0x0000000089300000, 0x0000000089300000, 0x0000000089400000|  0%| F|  |TAMS 0x0000000089300000, 0x0000000089300000| Untracked 
| 148|0x0000000089400000, 0x0000000089400000, 0x0000000089500000|  0%| F|  |TAMS 0x0000000089400000, 0x0000000089400000| Untracked 
| 149|0x0000000089500000, 0x0000000089500000, 0x0000000089600000|  0%| F|  |TAMS 0x0000000089500000, 0x0000000089500000| Untracked 
| 150|0x0000000089600000, 0x0000000089600000, 0x0000000089700000|  0%| F|  |TAMS 0x0000000089600000, 0x0000000089600000| Untracked 
| 151|0x0000000089700000, 0x0000000089700000, 0x0000000089800000|  0%| F|  |TAMS 0x0000000089700000, 0x0000000089700000| Untracked 
| 152|0x0000000089800000, 0x0000000089800000, 0x0000000089900000|  0%| F|  |TAMS 0x0000000089800000, 0x0000000089800000| Untracked 
| 153|0x0000000089900000, 0x0000000089900000, 0x0000000089a00000|  0%| F|  |TAMS 0x0000000089900000, 0x0000000089900000| Untracked 
| 154|0x0000000089a00000, 0x0000000089a00000, 0x0000000089b00000|  0%| F|  |TAMS 0x0000000089a00000, 0x0000000089a00000| Untracked 
| 155|0x0000000089b00000, 0x0000000089b00000, 0x0000000089c00000|  0%| F|  |TAMS 0x0000000089b00000, 0x0000000089b00000| Untracked 
| 156|0x0000000089c00000, 0x0000000089c00000, 0x0000000089d00000|  0%| F|  |TAMS 0x0000000089c00000, 0x0000000089c00000| Untracked 
| 157|0x0000000089d00000, 0x0000000089d00000, 0x0000000089e00000|  0%| F|  |TAMS 0x0000000089d00000, 0x0000000089d00000| Untracked 
| 158|0x0000000089e00000, 0x0000000089e00000, 0x0000000089f00000|  0%| F|  |TAMS 0x0000000089e00000, 0x0000000089e00000| Untracked 
| 159|0x0000000089f00000, 0x0000000089f33630, 0x000000008a000000| 20%| E|  |TAMS 0x0000000089f00000, 0x0000000089f00000| Complete 
| 160|0x000000008a000000, 0x000000008a100000, 0x000000008a100000|100%| E|CS|TAMS 0x000000008a000000, 0x000000008a000000| Complete 
| 161|0x000000008a100000, 0x000000008a200000, 0x000000008a200000|100%| E|CS|TAMS 0x000000008a100000, 0x000000008a100000| Complete 
| 162|0x000000008a200000, 0x000000008a300000, 0x000000008a300000|100%| E|CS|TAMS 0x000000008a200000, 0x000000008a200000| Complete 
| 163|0x000000008a300000, 0x000000008a400000, 0x000000008a400000|100%| E|CS|TAMS 0x000000008a300000, 0x000000008a300000| Complete 
| 164|0x000000008a400000, 0x000000008a500000, 0x000000008a500000|100%| E|CS|TAMS 0x000000008a400000, 0x000000008a400000| Complete 
| 165|0x000000008a500000, 0x000000008a600000, 0x000000008a600000|100%| E|CS|TAMS 0x000000008a500000, 0x000000008a500000| Complete 
| 166|0x000000008a600000, 0x000000008a700000, 0x000000008a700000|100%| E|CS|TAMS 0x000000008a600000, 0x000000008a600000| Complete 
| 167|0x000000008a700000, 0x000000008a800000, 0x000000008a800000|100%| E|CS|TAMS 0x000000008a700000, 0x000000008a700000| Complete 
| 168|0x000000008a800000, 0x000000008a900000, 0x000000008a900000|100%| E|CS|TAMS 0x000000008a800000, 0x000000008a800000| Complete 
| 169|0x000000008a900000, 0x000000008aa00000, 0x000000008aa00000|100%| E|CS|TAMS 0x000000008a900000, 0x000000008a900000| Complete 
| 170|0x000000008aa00000, 0x000000008ab00000, 0x000000008ab00000|100%| E|CS|TAMS 0x000000008aa00000, 0x000000008aa00000| Complete 
| 171|0x000000008ab00000, 0x000000008ac00000, 0x000000008ac00000|100%| E|CS|TAMS 0x000000008ab00000, 0x000000008ab00000| Complete 

Card table byte_map: [0x0000022d95990000,0x0000022d95d90000] _byte_map_base: 0x0000022d95590000

Marking Bits (Prev, Next): (CMBitMap*) 0x0000022d8088e268, (CMBitMap*) 0x0000022d8088e2a0
 Prev Bits: [0x0000022d96190000, 0x0000022d98190000)
 Next Bits: [0x0000022d98190000, 0x0000022d9a190000)

Polling page: 0x0000022d80930000

Metaspace:

Usage:
  Non-class:     75.94 MB capacity,    74.70 MB ( 98%) used,     1.04 MB (  1%) free+waste,   205.25 KB ( <1%) overhead. 
      Class:     11.56 MB capacity,    10.89 MB ( 94%) used,   590.96 KB (  5%) free+waste,    92.75 KB ( <1%) overhead. 
       Both:     87.49 MB capacity,    85.59 MB ( 98%) used,     1.61 MB (  2%) free+waste,   298.00 KB ( <1%) overhead. 

Virtual space:
  Non-class space:       78.00 MB reserved,      76.12 MB ( 98%) committed 
      Class space:        1.00 GB reserved,      11.63 MB (  1%) committed 
             Both:        1.08 GB reserved,      87.75 MB (  8%) committed 

Chunk freelists:
   Non-Class:  125.00 KB
       Class:  71.00 KB
        Both:  196.00 KB

MaxMetaspaceSize: 17179869184.00 GB
CompressedClassSpaceSize: 1.00 GB

CodeHeap 'non-profiled nmethods': size=120000Kb used=3554Kb max_used=3554Kb free=116446Kb
 bounds [0x0000022d8d5e0000, 0x0000022d8d960000, 0x0000022d94b10000]
CodeHeap 'profiled nmethods': size=120000Kb used=18466Kb max_used=18466Kb free=101533Kb
 bounds [0x0000022d860b0000, 0x0000022d872c0000, 0x0000022d8d5e0000]
CodeHeap 'non-nmethods': size=5760Kb used=2265Kb max_used=2300Kb free=3494Kb
 bounds [0x0000022d85b10000, 0x0000022d85d80000, 0x0000022d860b0000]
 total_blobs=10376 nmethods=9517 adapters=770
 compilation: enabled
              stopped_count=0, restarted_count=0
 full_count=0

Compilation events (20 events):
Event: 10.572 Thread 0x0000022d9cc7b000 nmethod 9533 0x0000022d8725af10 code [0x0000022d8725b260, 0x0000022d8725bdc8]
Event: 10.580 Thread 0x0000022d9cc7b000 9534       2       com.android.aapt.Resources$CompoundValue::<init> (6 bytes)
Event: 10.580 Thread 0x0000022d9cc7b000 nmethod 9534 0x0000022d8725c590 code [0x0000022d8725c740, 0x0000022d8725c8b8]
Event: 10.580 Thread 0x0000022d9cc7b000 9536       2       com.android.aapt.Resources$CompoundValue::access$23302 (7 bytes)
Event: 10.580 Thread 0x0000022d9cc7b000 nmethod 9536 0x0000022d8725c990 code [0x0000022d8725cb40, 0x0000022d8725cc78]
Event: 10.580 Thread 0x0000022d9cc7b000 9537       2       com.android.aapt.Resources$CompoundValue::access$23402 (7 bytes)
Event: 10.580 Thread 0x0000022d9cc7b000 nmethod 9537 0x0000022d8725cd90 code [0x0000022d8725cf40, 0x0000022d8725d018]
Event: 10.580 Thread 0x0000022d9cc7b000 9540       2       com.android.aapt.Resources$Reference$Builder::setId (11 bytes)
Event: 10.580 Thread 0x0000022d9cc7b000 nmethod 9540 0x0000022d8725d110 code [0x0000022d8725d2c0, 0x0000022d8725d408]
Event: 10.580 Thread 0x0000022d9cc7b000 9543       1       com.android.aaptcompiler.Style$Entry::getKey (5 bytes)
Event: 10.580 Thread 0x0000022d9cc7b000 nmethod 9543 0x0000022d8d956d10 code [0x0000022d8d956ec0, 0x0000022d8d956f78]
Event: 10.580 Thread 0x0000022d9cc7b000 9541       2       com.android.aapt.Resources$Reference$Builder::setPrivate (11 bytes)
Event: 10.581 Thread 0x0000022d9cc7b000 nmethod 9541 0x0000022d8725d510 code [0x0000022d8725d6c0, 0x0000022d8725d808]
Event: 10.581 Thread 0x0000022d9cc7b000 9542       2       com.android.aaptcompiler.proto.ProtoSerializeKt::serializeReferenceTypeToPb (61 bytes)
Event: 10.581 Thread 0x0000022d9cc7b000 nmethod 9542 0x0000022d8725d910 code [0x0000022d8725dae0, 0x0000022d8725dd18]
Event: 10.581 Thread 0x0000022d9cc7b000 9538       2       com.android.aapt.Resources$Reference::newBuilder (7 bytes)
Event: 10.581 Thread 0x0000022d9cc7b000 nmethod 9538 0x0000022d8725de90 code [0x0000022d8725e040, 0x0000022d8725e278]
Event: 10.581 Thread 0x0000022d9cc7b000 9539       2       com.android.aapt.Resources$Reference::toBuilder (31 bytes)
Event: 10.581 Thread 0x0000022d9cc7b000 nmethod 9539 0x0000022d8725e310 code [0x0000022d8725e500, 0x0000022d8725e908]
Event: 10.581 Thread 0x0000022d9cc7b000 9544       2       com.android.aaptcompiler.proto.ProtoSerializeKt::serializeReferenceToPb (95 bytes)

GC Heap History (20 events):
Event: 6.787 GC heap before
{Heap before GC invocations=15 (full 0):
 garbage-first heap   total 118784K, used 90947K [0x0000000080000000, 0x0000000100000000)
  region size 1024K, 46 young (47104K), 5 survivors (5120K)
 Metaspace       used 61837K, capacity 63256K, committed 63612K, reserved 1103872K
  class space    used 7853K, capacity 8333K, committed 8448K, reserved 1048576K
}
Event: 6.794 GC heap after
{Heap after GC invocations=16 (full 0):
 garbage-first heap   total 118784K, used 51648K [0x0000000080000000, 0x0000000100000000)
  region size 1024K, 6 young (6144K), 6 survivors (6144K)
 Metaspace       used 61837K, capacity 63256K, committed 63612K, reserved 1103872K
  class space    used 7853K, capacity 8333K, committed 8448K, reserved 1048576K
}
Event: 7.119 GC heap before
{Heap before GC invocations=17 (full 0):
 garbage-first heap   total 118784K, used 91584K [0x0000000080000000, 0x0000000100000000)
  region size 1024K, 45 young (46080K), 6 survivors (6144K)
 Metaspace       used 64866K, capacity 66380K, committed 66556K, reserved 1107968K
  class space    used 8300K, capacity 8822K, committed 8832K, reserved 1048576K
}
Event: 7.125 GC heap after
{Heap after GC invocations=18 (full 0):
 garbage-first heap   total 118784K, used 54726K [0x0000000080000000, 0x0000000100000000)
  region size 1024K, 6 young (6144K), 6 survivors (6144K)
 Metaspace       used 64866K, capacity 66380K, committed 66556K, reserved 1107968K
  class space    used 8300K, capacity 8822K, committed 8832K, reserved 1048576K
}
Event: 7.678 GC heap before
{Heap before GC invocations=18 (full 0):
 garbage-first heap   total 118784K, used 94662K [0x0000000080000000, 0x0000000100000000)
  region size 1024K, 45 young (46080K), 6 survivors (6144K)
 Metaspace       used 69001K, capacity 70638K, committed 70908K, reserved 1110016K
  class space    used 8972K, capacity 9570K, committed 9600K, reserved 1048576K
}
Event: 7.685 GC heap after
{Heap after GC invocations=19 (full 0):
 garbage-first heap   total 118784K, used 57664K [0x0000000080000000, 0x0000000100000000)
  region size 1024K, 6 young (6144K), 6 survivors (6144K)
 Metaspace       used 69001K, capacity 70638K, committed 70908K, reserved 1110016K
  class space    used 8972K, capacity 9570K, committed 9600K, reserved 1048576K
}
Event: 8.082 GC heap before
{Heap before GC invocations=19 (full 0):
 garbage-first heap   total 118784K, used 95552K [0x0000000080000000, 0x0000000100000000)
  region size 1024K, 43 young (44032K), 6 survivors (6144K)
 Metaspace       used 73467K, capacity 75200K, committed 75388K, reserved 1114112K
  class space    used 9605K, capacity 10183K, committed 10240K, reserved 1048576K
}
Event: 8.087 GC heap after
{Heap after GC invocations=20 (full 0):
 garbage-first heap   total 143360K, used 59620K [0x0000000080000000, 0x0000000100000000)
  region size 1024K, 5 young (5120K), 5 survivors (5120K)
 Metaspace       used 73467K, capacity 75200K, committed 75388K, reserved 1114112K
  class space    used 9605K, capacity 10183K, committed 10240K, reserved 1048576K
}
Event: 8.793 GC heap before
{Heap before GC invocations=20 (full 0):
 garbage-first heap   total 143360K, used 107748K [0x0000000080000000, 0x0000000100000000)
  region size 1024K, 52 young (53248K), 5 survivors (5120K)
 Metaspace       used 78104K, capacity 79933K, committed 80124K, reserved 1118208K
  class space    used 10184K, capacity 10838K, committed 10880K, reserved 1048576K
}
Event: 8.804 GC heap after
{Heap after GC invocations=21 (full 0):
 garbage-first heap   total 143360K, used 63693K [0x0000000080000000, 0x0000000100000000)
  region size 1024K, 6 young (6144K), 6 survivors (6144K)
 Metaspace       used 78104K, capacity 79933K, committed 80124K, reserved 1118208K
  class space    used 10184K, capacity 10838K, committed 10880K, reserved 1048576K
}
Event: 9.096 GC heap before
{Heap before GC invocations=21 (full 0):
 garbage-first heap   total 143360K, used 109773K [0x0000000080000000, 0x0000000100000000)
  region size 1024K, 52 young (53248K), 6 survivors (6144K)
 Metaspace       used 78890K, capacity 80892K, committed 81020K, reserved 1120256K
  class space    used 10291K, capacity 11001K, committed 11008K, reserved 1048576K
}
Event: 9.102 GC heap after
{Heap after GC invocations=22 (full 0):
 garbage-first heap   total 143360K, used 66527K [0x0000000080000000, 0x0000000100000000)
  region size 1024K, 4 young (4096K), 4 survivors (4096K)
 Metaspace       used 78890K, capacity 80892K, committed 81020K, reserved 1120256K
  class space    used 10291K, capacity 11001K, committed 11008K, reserved 1048576K
}
Event: 9.150 GC heap before
{Heap before GC invocations=22 (full 0):
 garbage-first heap   total 143360K, used 71647K [0x0000000080000000, 0x0000000100000000)
  region size 1024K, 10 young (10240K), 4 survivors (4096K)
 Metaspace       used 79230K, capacity 81212K, committed 81404K, reserved 1120256K
  class space    used 10345K, capacity 11024K, committed 11136K, reserved 1048576K
}
Event: 9.153 GC heap after
{Heap after GC invocations=23 (full 0):
 garbage-first heap   total 143360K, used 66648K [0x0000000080000000, 0x0000000100000000)
  region size 1024K, 4 young (4096K), 4 survivors (4096K)
 Metaspace       used 79230K, capacity 81212K, committed 81404K, reserved 1120256K
  class space    used 10345K, capacity 11024K, committed 11136K, reserved 1048576K
}
Event: 9.474 GC heap before
{Heap before GC invocations=24 (full 0):
 garbage-first heap   total 143360K, used 101464K [0x0000000080000000, 0x0000000100000000)
  region size 1024K, 38 young (38912K), 4 survivors (4096K)
 Metaspace       used 80348K, capacity 82260K, committed 82428K, reserved 1120256K
  class space    used 10454K, capacity 11117K, committed 11136K, reserved 1048576K
}
Event: 9.501 GC heap after
{Heap after GC invocations=25 (full 0):
 garbage-first heap   total 143360K, used 80071K [0x0000000080000000, 0x0000000100000000)
  region size 1024K, 7 young (7168K), 7 survivors (7168K)
 Metaspace       used 80348K, capacity 82260K, committed 82428K, reserved 1120256K
  class space    used 10454K, capacity 11117K, committed 11136K, reserved 1048576K
}
Event: 9.886 GC heap before
{Heap before GC invocations=26 (full 0):
 garbage-first heap   total 143360K, used 104647K [0x0000000080000000, 0x0000000100000000)
  region size 1024K, 30 young (30720K), 7 survivors (7168K)
 Metaspace       used 80478K, capacity 82395K, committed 82556K, reserved 1120256K
  class space    used 10462K, capacity 11183K, committed 11264K, reserved 1048576K
}
Event: 9.898 GC heap after
{Heap after GC invocations=27 (full 0):
 garbage-first heap   total 176128K, used 84992K [0x0000000080000000, 0x0000000100000000)
  region size 1024K, 5 young (5120K), 5 survivors (5120K)
 Metaspace       used 80478K, capacity 82395K, committed 82556K, reserved 1120256K
  class space    used 10462K, capacity 11183K, committed 11264K, reserved 1048576K
}
Event: 10.368 GC heap before
{Heap before GC invocations=28 (full 0):
 garbage-first heap   total 176128K, used 140288K [0x0000000080000000, 0x0000000100000000)
  region size 1024K, 45 young (46080K), 5 survivors (5120K)
 Metaspace       used 82451K, capacity 84305K, committed 84732K, reserved 1122304K
  class space    used 10585K, capacity 11270K, committed 11392K, reserved 1048576K
}
Event: 10.374 GC heap after
{Heap after GC invocations=29 (full 0):
 garbage-first heap   total 176128K, used 88746K [0x0000000080000000, 0x0000000100000000)
  region size 1024K, 4 young (4096K), 4 survivors (4096K)
 Metaspace       used 82451K, capacity 84305K, committed 84732K, reserved 1122304K
  class space    used 10585K, capacity 11270K, committed 11392K, reserved 1048576K
}

Deoptimization events (20 events):
Event: 10.308 Thread 0x0000022da56b0000 DEOPT PACKING pc=0x0000022d8719115f sp=0x0000004da6efd030
Event: 10.308 Thread 0x0000022da56b0000 DEOPT UNPACKING pc=0x0000022d85b376ce sp=0x0000004da6efc578 mode 0
Event: 10.315 Thread 0x0000022da56b0000 DEOPT PACKING pc=0x0000022d87122aef sp=0x0000004da6efd500
Event: 10.315 Thread 0x0000022da56b0000 DEOPT UNPACKING pc=0x0000022d85b376ce sp=0x0000004da6efc9a8 mode 0
Event: 10.332 Thread 0x0000022da56ad000 DEOPT PACKING pc=0x0000022d86b96faf sp=0x0000004da67f7430
Event: 10.332 Thread 0x0000022da56ad000 DEOPT UNPACKING pc=0x0000022d85b376ce sp=0x0000004da67f68b8 mode 0
Event: 10.349 Thread 0x0000022da56b0000 DEOPT PACKING pc=0x0000022d8719dce8 sp=0x0000004da6efd240
Event: 10.349 Thread 0x0000022da56b0000 DEOPT UNPACKING pc=0x0000022d85b376ce sp=0x0000004da6efc760 mode 0
Event: 10.356 Thread 0x0000022da56ad000 DEOPT PACKING pc=0x0000022d86d7871c sp=0x0000004da67f84d0
Event: 10.356 Thread 0x0000022da56ad000 DEOPT UNPACKING pc=0x0000022d85b376ce sp=0x0000004da67f7a70 mode 0
Event: 10.385 Thread 0x0000022da56ad000 Uncommon trap: trap_request=0xffffff4d fr.pc=0x0000022d8d8f8200 relative=0x0000000000000620
Event: 10.385 Thread 0x0000022da56ad000 Uncommon trap: reason=unstable_if action=reinterpret pc=0x0000022d8d8f8200 method=java.lang.AbstractStringBuilder.append(Ljava/lang/String;)Ljava/lang/AbstractStringBuilder; @ 1 c2
Event: 10.385 Thread 0x0000022da56ad000 DEOPT PACKING pc=0x0000022d8d8f8200 sp=0x0000004da67fa980
Event: 10.385 Thread 0x0000022da56ad000 DEOPT UNPACKING pc=0x0000022d85b378af sp=0x0000004da67fa958 mode 2
Event: 10.395 Thread 0x0000022da56b0000 DEOPT PACKING pc=0x0000022d8710f51d sp=0x0000004da6efd130
Event: 10.395 Thread 0x0000022da56b0000 DEOPT UNPACKING pc=0x0000022d85b376ce sp=0x0000004da6efc590 mode 0
Event: 10.472 Thread 0x0000022da56aa800 Uncommon trap: trap_request=0xffffff4d fr.pc=0x0000022d8d78afac relative=0x000000000000022c
Event: 10.472 Thread 0x0000022da56aa800 Uncommon trap: reason=unstable_if action=reinterpret pc=0x0000022d8d78afac method=com.esotericsoftware.kryo.io.Output.writeString(Ljava/lang/CharSequence;)V @ 50 c2
Event: 10.472 Thread 0x0000022da56aa800 DEOPT PACKING pc=0x0000022d8d78afac sp=0x0000004da6dfe040
Event: 10.472 Thread 0x0000022da56aa800 DEOPT UNPACKING pc=0x0000022d85b378af sp=0x0000004da6dfdfc0 mode 2

Classes redefined (0 events):
No events

Internal exceptions (20 events):
Event: 8.811 Thread 0x0000022da56a9000 Exception <a 'java/lang/NoSuchMethodError'{0x0000000088b8bf50}: 'java.lang.Object java.lang.invoke.Invokers$Holder.linkToTargetMethod(java.lang.Object, java.lang.Object, java.lang.Object, java.lang.Object, java.lang.Object, java.lang.Object, java.lang.Object)'> (0x0000000088b8bf50) thrown at [./src/hotspot/share/interpreter/linkResolver.cpp, line 773]
Event: 8.832 Thread 0x0000022da1c3c000 Exception <a 'java/lang/NoSuchMethodError'{0x00000000888a1100}: 'java.lang.Object java.lang.invoke.DirectMethodHandle$Holder.invokeSpecialIFC(java.lang.Object, java.lang.Object, java.lang.Object)'> (0x00000000888a1100) thrown at [./src/hotspot/share/interpreter/linkResolver.cpp, line 773]
Event: 8.832 Thread 0x0000022da1c40800 Exception <a 'java/lang/NoSuchMethodError'{0x00000000888634f0}: 'java.lang.Object java.lang.invoke.DirectMethodHandle$Holder.invokeSpecialIFC(java.lang.Object, java.lang.Object, java.lang.Object)'> (0x00000000888634f0) thrown at [./src/hotspot/share/interpreter/linkResolver.cpp, line 773]
Event: 8.832 Thread 0x0000022da1c3c800 Exception <a 'java/lang/NoSuchMethodError'{0x00000000888330d0}: 'java.lang.Object java.lang.invoke.DirectMethodHandle$Holder.invokeSpecialIFC(java.lang.Object, java.lang.Object, java.lang.Object)'> (0x00000000888330d0) thrown at [./src/hotspot/share/interpreter/linkResolver.cpp, line 773]
Event: 8.832 Thread 0x0000022da1c3d800 Exception <a 'java/lang/NoSuchMethodError'{0x000000008886a980}: 'java.lang.Object java.lang.invoke.DirectMethodHandle$Holder.invokeSpecialIFC(java.lang.Object, java.lang.Object, java.lang.Object)'> (0x000000008886a980) thrown at [./src/hotspot/share/interpreter/linkResolver.cpp, line 773]
Event: 8.832 Thread 0x0000022da1c35800 Exception <a 'java/lang/NoSuchMethodError'{0x000000008888f838}: 'java.lang.Object java.lang.invoke.DirectMethodHandle$Holder.invokeSpecialIFC(java.lang.Object, java.lang.Object, java.lang.Object)'> (0x000000008888f838) thrown at [./src/hotspot/share/interpreter/linkResolver.cpp, line 773]
Event: 8.832 Thread 0x0000022da1c36000 Exception <a 'java/lang/NoSuchMethodError'{0x0000000088884b68}: 'java.lang.Object java.lang.invoke.DirectMethodHandle$Holder.invokeSpecialIFC(java.lang.Object, java.lang.Object, java.lang.Object)'> (0x0000000088884b68) thrown at [./src/hotspot/share/interpreter/linkResolver.cpp, line 773]
Event: 8.832 Thread 0x0000022da1c3b000 Exception <a 'java/lang/NoSuchMethodError'{0x0000000088845848}: 'java.lang.Object java.lang.invoke.DirectMethodHandle$Holder.invokeSpecialIFC(java.lang.Object, java.lang.Object, java.lang.Object)'> (0x0000000088845848) thrown at [./src/hotspot/share/interpreter/linkResolver.cpp, line 773]
Event: 9.128 Thread 0x0000022da56a9000 Exception <a 'java/lang/NoSuchMethodError'{0x0000000088730b80}: 'java.lang.Object java.lang.invoke.DirectMethodHandle$Holder.invokeSpecial(java.lang.Object, java.lang.Object, int, java.lang.Object, java.lang.Object)'> (0x0000000088730b80) thrown at [./src/hotspot/share/interpreter/linkResolver.cpp, line 773]
Event: 9.128 Thread 0x0000022da56a9000 Exception <a 'java/lang/NoSuchMethodError'{0x0000000088739110}: 'java.lang.Object java.lang.invoke.DirectMethodHandle$Holder.invokeStatic(java.lang.Object, java.lang.Object, int, java.lang.Object)'> (0x0000000088739110) thrown at [./src/hotspot/share/interpreter/linkResolver.cpp, line 773]
Event: 9.128 Thread 0x0000022da56a9000 Exception <a 'java/lang/NoSuchMethodError'{0x000000008873ce08}: 'java.lang.Object java.lang.invoke.Invokers$Holder.linkToTargetMethod(java.lang.Object, int, java.lang.Object, java.lang.Object)'> (0x000000008873ce08) thrown at [./src/hotspot/share/interpreter/linkResolver.cpp, line 773]
Event: 9.130 Thread 0x0000022da56a9000 Exception <a 'java/lang/NoSuchMethodError'{0x0000000088754b90}: 'void java.lang.invoke.DirectMethodHandle$Holder.invokeVirtual(java.lang.Object, java.lang.Object)'> (0x0000000088754b90) thrown at [./src/hotspot/share/interpreter/linkResolver.cpp, line 773]
Event: 9.967 Thread 0x0000022da56a9000 Exception <a 'java/lang/NoSuchMethodError'{0x000000008a92a398}: <clinit>> (0x000000008a92a398) thrown at [./src/hotspot/share/prims/jni.cpp, line 1362]
Event: 10.002 Thread 0x0000022da56ad000 Exception <a 'java/lang/NoSuchMethodError'{0x000000008a7c4a80}: <clinit>> (0x000000008a7c4a80) thrown at [./src/hotspot/share/prims/jni.cpp, line 1362]
Event: 10.137 Thread 0x0000022da56b0000 Implicit null exception at 0x0000022d8d877173 to 0x0000022d8d877934
Event: 10.138 Thread 0x0000022da56b0000 Implicit null exception at 0x0000022d8d877173 to 0x0000022d8d877934
Event: 10.138 Thread 0x0000022da56b0000 Implicit null exception at 0x0000022d8d877173 to 0x0000022d8d877934
Event: 10.138 Thread 0x0000022da56b0000 Implicit null exception at 0x0000022d8d877173 to 0x0000022d8d877934
Event: 10.385 Thread 0x0000022da56ad000 Implicit null exception at 0x0000022d8d8f7c14 to 0x0000022d8d8f81e8
Event: 10.475 Thread 0x0000022d9ef2d000 Exception <a 'java/lang/NoSuchMethodError'{0x000000008a0b09c0}: <clinit>> (0x000000008a0b09c0) thrown at [./src/hotspot/share/prims/jni.cpp, line 1362]

Events (20 events):
Event: 10.578 loading class kotlin/reflect/jvm/internal/impl/storage/LockBasedStorageManager$CacheWithNullableValuesBasedOnMemoizedFunction
Event: 10.578 loading class kotlin/reflect/jvm/internal/impl/storage/LockBasedStorageManager$CacheWithNullableValuesBasedOnMemoizedFunction done
Event: 10.578 loading class kotlin/reflect/jvm/internal/impl/storage/LockBasedStorageManager$CacheWithNullableValuesBasedOnMemoizedFunction$1
Event: 10.578 loading class kotlin/reflect/jvm/internal/impl/storage/LockBasedStorageManager$CacheWithNullableValuesBasedOnMemoizedFunction$1 done
Event: 10.578 loading class kotlin/reflect/jvm/internal/impl/load/kotlin/JavaClassDataFinder
Event: 10.578 loading class kotlin/reflect/jvm/internal/impl/load/kotlin/JavaClassDataFinder done
Event: 10.579 loading class com/android/aapt/Resources$RawString$1
Event: 10.579 loading class com/android/aapt/Resources$RawString$1 done
Event: 10.579 loading class kotlin/reflect/jvm/internal/impl/serialization/deserialization/ClassDataFinder
Event: 10.579 loading class kotlin/reflect/jvm/internal/impl/serialization/deserialization/ClassDataFinder done
Event: 10.579 loading class com/android/aapt/Resources$RawString$Builder
Event: 10.579 loading class com/android/aapt/Resources$RawString$Builder done
Event: 10.579 loading class kotlin/reflect/jvm/internal/impl/load/kotlin/BinaryClassAnnotationAndConstantLoaderImpl
Event: 10.579 loading class kotlin/reflect/jvm/internal/impl/load/kotlin/BinaryClassAnnotationAndConstantLoaderImpl done
Event: 10.580 loading class kotlin/reflect/jvm/internal/impl/load/kotlin/AbstractBinaryClassAnnotationAndConstantLoader
Event: 10.580 loading class kotlin/reflect/jvm/internal/impl/load/kotlin/AbstractBinaryClassAnnotationAndConstantLoader done
Event: 10.581 loading class kotlin/reflect/jvm/internal/impl/serialization/deserialization/AnnotationAndConstantLoader
Event: 10.581 loading class kotlin/reflect/jvm/internal/impl/serialization/deserialization/AnnotationAndConstantLoader done
Event: 10.583 loading class kotlin/reflect/jvm/internal/impl/load/kotlin/AbstractBinaryClassAnnotationAndConstantLoader$Companion
Event: 10.583 loading class kotlin/reflect/jvm/internal/impl/load/kotlin/AbstractBinaryClassAnnotationAndConstantLoader$Companion done


Dynamic libraries:
0x00007ff6fdbe0000 - 0x00007ff6fdbea000 	C:\Program Files\Android\Android Studio1\jre\bin\java.exe
0x00007ffb91190000 - 0x00007ffb91385000 	C:\WINDOWS\SYSTEM32\ntdll.dll
0x00007ffb908c0000 - 0x00007ffb9097d000 	C:\WINDOWS\System32\KERNEL32.DLL
0x00007ffb8e8c0000 - 0x00007ffb8eb89000 	C:\WINDOWS\System32\KERNELBASE.dll
0x00007ffb8eec0000 - 0x00007ffb8efc0000 	C:\WINDOWS\System32\ucrtbase.dll
0x00007ffb87860000 - 0x00007ffb87879000 	C:\Program Files\Android\Android Studio1\jre\bin\jli.dll
0x00007ffb87880000 - 0x00007ffb87897000 	C:\Program Files\Android\Android Studio1\jre\bin\VCRUNTIME140.dll
0x00007ffb8f820000 - 0x00007ffb8f9c0000 	C:\WINDOWS\System32\USER32.dll
0x00007ffb8f1c0000 - 0x00007ffb8f1e2000 	C:\WINDOWS\System32\win32u.dll
0x00007ffb8f6c0000 - 0x00007ffb8f6ea000 	C:\WINDOWS\System32\GDI32.dll
0x00007ffb690a0000 - 0x00007ffb6933a000 	C:\WINDOWS\WinSxS\amd64_microsoft.windows.common-controls_6595b64144ccf1df_6.0.19041.1110_none_60b5254171f9507e\COMCTL32.dll
0x00007ffb8efc0000 - 0x00007ffb8f0cb000 	C:\WINDOWS\System32\gdi32full.dll
0x00007ffb901b0000 - 0x00007ffb9024e000 	C:\WINDOWS\System32\msvcrt.dll
0x00007ffb8f0d0000 - 0x00007ffb8f16d000 	C:\WINDOWS\System32\msvcp_win.dll
0x00007ffb90250000 - 0x00007ffb90280000 	C:\WINDOWS\System32\IMM32.DLL
0x00007ffb6ac00000 - 0x00007ffb6ac9d000 	C:\Program Files\Android\Android Studio1\jre\bin\msvcp140.dll
0x00007ffb44100000 - 0x00007ffb44bcf000 	C:\Program Files\Android\Android Studio1\jre\bin\server\jvm.dll
0x00007ffb90100000 - 0x00007ffb901ac000 	C:\WINDOWS\System32\ADVAPI32.dll
0x00007ffb90280000 - 0x00007ffb9031b000 	C:\WINDOWS\System32\sechost.dll
0x00007ffb8f6f0000 - 0x00007ffb8f81a000 	C:\WINDOWS\System32\RPCRT4.dll
0x00007ffb8f4e0000 - 0x00007ffb8f4e8000 	C:\WINDOWS\System32\PSAPI.DLL
0x00007ffb89340000 - 0x00007ffb89349000 	C:\WINDOWS\SYSTEM32\WSOCK32.dll
0x00007ffb88220000 - 0x00007ffb88247000 	C:\WINDOWS\SYSTEM32\WINMM.dll
0x00007ffb89c50000 - 0x00007ffb89c5a000 	C:\WINDOWS\SYSTEM32\VERSION.dll
0x00007ffb8f650000 - 0x00007ffb8f6bb000 	C:\WINDOWS\System32\WS2_32.dll
0x00007ffb8d310000 - 0x00007ffb8d322000 	C:\WINDOWS\SYSTEM32\kernel.appcore.dll
0x00007ffb83ff0000 - 0x00007ffb84001000 	C:\Program Files\Android\Android Studio1\jre\bin\verify.dll
0x00007ffb8cea0000 - 0x00007ffb8d084000 	C:\WINDOWS\SYSTEM32\DBGHELP.DLL
0x00007ffb89c20000 - 0x00007ffb89c4c000 	C:\WINDOWS\SYSTEM32\dbgcore.DLL
0x00007ffb8eb90000 - 0x00007ffb8ec13000 	C:\WINDOWS\System32\bcryptPrimitives.dll
0x00007ffb791f0000 - 0x00007ffb79219000 	C:\Program Files\Android\Android Studio1\jre\bin\java.dll
0x00007ffb8c560000 - 0x00007ffb8c56b000 	C:\Program Files\Android\Android Studio1\jre\bin\jimage.dll
0x00007ffb7a6e0000 - 0x00007ffb7a6f8000 	C:\Program Files\Android\Android Studio1\jre\bin\zip.dll
0x00007ffb8f9c0000 - 0x00007ffb900ff000 	C:\WINDOWS\System32\SHELL32.dll
0x00007ffb8c600000 - 0x00007ffb8cd90000 	C:\WINDOWS\SYSTEM32\windows.storage.dll
0x00007ffb90380000 - 0x00007ffb906d5000 	C:\WINDOWS\System32\combase.dll
0x00007ffb8e250000 - 0x00007ffb8e27c000 	C:\WINDOWS\SYSTEM32\Wldp.dll
0x00007ffb906e0000 - 0x00007ffb9078e000 	C:\WINDOWS\System32\SHCORE.dll
0x00007ffb90a30000 - 0x00007ffb90a85000 	C:\WINDOWS\System32\shlwapi.dll
0x00007ffb8e800000 - 0x00007ffb8e81f000 	C:\WINDOWS\SYSTEM32\profapi.dll
0x00007ffb79e40000 - 0x00007ffb79e5a000 	C:\Program Files\Android\Android Studio1\jre\bin\net.dll
0x00007ffb87050000 - 0x00007ffb87158000 	C:\WINDOWS\SYSTEM32\WINHTTP.dll
0x00007ffb8dfb0000 - 0x00007ffb8e01a000 	C:\WINDOWS\system32\mswsock.dll
0x00007ffb79c50000 - 0x00007ffb79c64000 	C:\Program Files\Android\Android Studio1\jre\bin\nio.dll
0x00007ffb878d0000 - 0x00007ffb878f7000 	C:\Users\EMILIO\.gradle\native\fdc75f09e3144964f2cf3f50f0aa648679c211496f362492102eb8c894070792\windows-amd64\native-platform.dll
0x00007ffb6aca0000 - 0x00007ffb6ae36000 	C:\Users\EMILIO\.gradle\native\12488b8bf47d2d4c9fbf2f6322a914ad602e24e48041cd04a747c6da556b65c4\windows-amd64\native-platform-file-events.dll
0x00007ffb7cd80000 - 0x00007ffb7cd8a000 	C:\Program Files\Android\Android Studio1\jre\bin\management.dll
0x00007ffb7c590000 - 0x00007ffb7c59c000 	C:\Program Files\Android\Android Studio1\jre\bin\management_ext.dll
0x00007ffb8e1a0000 - 0x00007ffb8e1b8000 	C:\WINDOWS\SYSTEM32\CRYPTSP.dll
0x00007ffb8d930000 - 0x00007ffb8d964000 	C:\WINDOWS\system32\rsaenh.dll
0x00007ffb8ed30000 - 0x00007ffb8ed57000 	C:\WINDOWS\System32\bcrypt.dll
0x00007ffb8e780000 - 0x00007ffb8e7ae000 	C:\WINDOWS\SYSTEM32\USERENV.dll
0x00007ffb8e1c0000 - 0x00007ffb8e1cc000 	C:\WINDOWS\SYSTEM32\CRYPTBASE.dll
0x00007ffb8dca0000 - 0x00007ffb8dcdb000 	C:\WINDOWS\SYSTEM32\IPHLPAPI.DLL
0x00007ffb8f250000 - 0x00007ffb8f258000 	C:\WINDOWS\System32\NSI.dll
0x00007ffb85350000 - 0x00007ffb85367000 	C:\WINDOWS\SYSTEM32\dhcpcsvc6.DLL
0x00007ffb84700000 - 0x00007ffb8471d000 	C:\WINDOWS\SYSTEM32\dhcpcsvc.DLL
0x00007ffb8dd40000 - 0x00007ffb8de0c000 	C:\WINDOWS\SYSTEM32\DNSAPI.dll
0x00007ffb866c0000 - 0x00007ffb866cb000 	C:\WINDOWS\SYSTEM32\WINNSI.DLL

dbghelp: loaded successfully - version: 4.0.5 - missing functions: none
symbol engine: initialized successfully - sym options: 0x614 - pdb path: .;C:\Program Files\Android\Android Studio1\jre\bin;C:\WINDOWS\SYSTEM32;C:\WINDOWS\WinSxS\amd64_microsoft.windows.common-controls_6595b64144ccf1df_6.0.19041.1110_none_60b5254171f9507e;C:\Program Files\Android\Android Studio1\jre\bin\server;C:\Users\EMILIO\.gradle\native\fdc75f09e3144964f2cf3f50f0aa648679c211496f362492102eb8c894070792\windows-amd64;C:\Users\EMILIO\.gradle\native\12488b8bf47d2d4c9fbf2f6322a914ad602e24e48041cd04a747c6da556b65c4\windows-amd64

VM Arguments:
jvm_args: --add-opens=java.base/java.util=ALL-UNNAMED --add-opens=java.base/java.lang=ALL-UNNAMED --add-opens=java.base/java.lang.invoke=ALL-UNNAMED --add-opens=java.prefs/java.util.prefs=ALL-UNNAMED -Xmx2048m -Dfile.encoding=UTF-8 -Duser.country=PE -Duser.language=es -Duser.variant 
java_command: org.gradle.launcher.daemon.bootstrap.GradleDaemon 6.7.1
java_class_path (initial): C:\Users\EMILIO\.gradle\wrapper\dists\gradle-6.7.1-bin\bwlcbys1h7rz3272sye1xwiv6\gradle-6.7.1\lib\gradle-launcher-6.7.1.jar
Launcher Type: SUN_STANDARD

[Global flags]
     intx CICompilerCount                          = 4                                         {product} {ergonomic}
     uint ConcGCThreads                            = 2                                         {product} {ergonomic}
     uint G1ConcRefinementThreads                  = 8                                         {product} {ergonomic}
   size_t G1HeapRegionSize                         = 1048576                                   {product} {ergonomic}
    uintx GCDrainStackTargetSize                   = 64                                        {product} {ergonomic}
   size_t InitialHeapSize                          = 100663296                                 {product} {ergonomic}
   size_t MarkStackSize                            = 4194304                                   {product} {ergonomic}
   size_t MaxHeapSize                              = 2147483648                                {product} {command line}
   size_t MaxNewSize                               = 1287651328                                {product} {ergonomic}
   size_t MinHeapDeltaBytes                        = 1048576                                   {product} {ergonomic}
    uintx NonNMethodCodeHeapSize                   = 5836300                                {pd product} {ergonomic}
    uintx NonProfiledCodeHeapSize                  = 122910970                              {pd product} {ergonomic}
    uintx ProfiledCodeHeapSize                     = 122910970                              {pd product} {ergonomic}
    uintx ReservedCodeCacheSize                    = 251658240                              {pd product} {ergonomic}
     bool SegmentedCodeCache                       = true                                      {product} {ergonomic}
     bool UseCompressedClassPointers               = true                                 {lp64_product} {ergonomic}
     bool UseCompressedOops                        = true                                 {lp64_product} {ergonomic}
     bool UseG1GC                                  = true                                      {product} {ergonomic}
     bool UseLargePagesIndividualAllocation        = false                                  {pd product} {ergonomic}

Logging:
Log output configuration:
 #0: stdout all=warning uptime,level,tags
 #1: stderr all=off uptime,level,tags

Environment Variables:
JAVA_HOME=C:\Program Files\Java\jdk1.8.0_181
PATH=C:\app\EMILIO\product\19.0.0\client_1;C:\app\client\EMILIO\product\19.0.0\client_1\bin;C:\oraclexe\app\oracle\product\11.2.0\server\bin;C:\Program Files\Rockwell Software\RSCommon;C:\Program Files (x86)\Common Files\Oracle\Java\javapath;C:\Program Files (x86)\Intel\iCLS Client\;C:\Program Files\Intel\iCLS Client\;C:\Windows\system32;C:\Windows;C:\Windows\System32\Wbem;C:\Windows\System32\WindowsPowerShell\v1.0\;C:\Program Files (x86)\Intel\Intel(R) Management Engine Components\DAL;C:\Program Files\Intel\Intel(R) Management Engine Components\DAL;C:\Program Files (x86)\Intel\Intel(R) Management Engine Components\IPT;C:\Program Files\Intel\Intel(R) Management Engine Components\IPT;C:\Program Files (x86)\NVIDIA Corporation\PhysX\Common;C:\Program Files\Intel\WiFi\bin\;C:\Program Files\Common Files\Intel\WirelessCommon\;C:\WINDOWS\system32;C:\WINDOWS;C:\WINDOWS\System32\Wbem;C:\WINDOWS\System32\WindowsPowerShell\v1.0\;C:\WINDOWS\System32\OpenSSH\;C:\Program Files\Microsoft SQL Server\Client SDK\ODBC\110\Tools\Binn\;C:\Program Files (x86)\Microsoft SQL Server\120\Tools\Binn\;C:\Program Files\Microsoft SQL Server\120\Tools\Binn\;C:\Program Files\Microsoft SQL Server\120\DTS\Binn\;C:\Program Files (x86)\Microsoft SQL Server\120\Tools\Binn\ManagementStudio\;C:\Program Files (x86)\Microsoft SQL Server\120\DTS\Binn\;C:\Program Files\dotnet\;C:\Program Files\Microsoft SQL Server\130\Tools\Binn\;C:\Program Files\Microsoft SQL Server\Client SDK\ODBC\170\Tools\Binn\;C:\Program Files (x86)\Microsoft SQL Server\110\DTS\Binn\;C:\Program Files (x86)\Microsoft SQL Server\130\DTS\Binn\;C:\Program Files (x86)\Microsoft SQL Server\140\DTS\Binn\;C:\Program Files (x86)\Microsoft SQL Server\150\DTS\Binn\;C:\Program Files (x86)\CaseWare IDEA\IDEA\Lib\site-packages\pypiwin32_system32;C:\Go\bin;C:\Program Files\Java\jdk1.8.0_181\bin;C:\Program Files\nodejs\;C:\Program Files\Git\cmd;C:\Users\EMILIO\anaconda3;C:\Users\EMILIO\anaconda3\Library\mingw-w64\bin;C:\Users\EMILIO\anaconda3\Library\usr\
USERNAME=EMILIO
OS=Windows_NT
PROCESSOR_IDENTIFIER=Intel64 Family 6 Model 142 Stepping 10, GenuineIntel



---------------  S Y S T E M  ---------------

OS: Windows 10 , 64 bit Build 19041 (10.0.19041.1151)
OS uptime: 12 days 22:17 hours

CPU:total 8 (initial active 8) (4 cores per cpu, 2 threads per core) family 6 model 142 stepping 10 microcode 0xb4, cmov, cx8, fxsr, mmx, sse, sse2, sse3, ssse3, sse4.1, sse4.2, popcnt, avx, avx2, aes, clmul, erms, 3dnowpref, lzcnt, ht, tsc, tscinvbit, bmi1, bmi2, adx, fma

Memory: 4k page, system-wide physical 6026M (285M free)
TotalPageFile size 24458M (AvailPageFile size 5M)
current process WorkingSet (physical memory assigned to process): 370M, peak: 370M
current process commit charge ("private bytes"): 448M, peak: 448M

vm_info: OpenJDK 64-Bit Server VM (11.0.10+0-b96-7249189) for windows-amd64 JRE (11.0.10+0-b96-7249189), built on Mar 31 2021 21:44:00 by "builder" with MS VC++ 14.0 (VS2015)

END.
